[2022-02-24 21:55:22,044] {taskinstance.py:1032} INFO - Dependencies all met for <TaskInstance: meu_dag.mudar_nome_do_arquivo manual__2022-02-24T21:55:19.813674+00:00 [queued]>
[2022-02-24 21:55:22,056] {taskinstance.py:1032} INFO - Dependencies all met for <TaskInstance: meu_dag.mudar_nome_do_arquivo manual__2022-02-24T21:55:19.813674+00:00 [queued]>
[2022-02-24 21:55:22,057] {taskinstance.py:1238} INFO - 
--------------------------------------------------------------------------------
[2022-02-24 21:55:22,057] {taskinstance.py:1239} INFO - Starting attempt 1 of 2
[2022-02-24 21:55:22,058] {taskinstance.py:1240} INFO - 
--------------------------------------------------------------------------------
[2022-02-24 21:55:22,070] {taskinstance.py:1259} INFO - Executing <Task(BashOperator): mudar_nome_do_arquivo> on 2022-02-24 21:55:19.813674+00:00
[2022-02-24 21:55:22,076] {standard_task_runner.py:52} INFO - Started process 793 to run task
[2022-02-24 21:55:22,080] {standard_task_runner.py:76} INFO - Running: ['***', 'tasks', 'run', 'meu_dag', 'mudar_nome_do_arquivo', 'manual__2022-02-24T21:55:19.813674+00:00', '--job-id', '6', '--raw', '--subdir', 'DAGS_FOLDER/dag_xcom_test.py', '--cfg-path', '/tmp/tmpa7ri99e7', '--error-file', '/tmp/tmppaxkt002']
[2022-02-24 21:55:22,081] {standard_task_runner.py:77} INFO - Job 6: Subtask mudar_nome_do_arquivo
[2022-02-24 21:55:22,144] {logging_mixin.py:109} INFO - Running <TaskInstance: meu_dag.mudar_nome_do_arquivo manual__2022-02-24T21:55:19.813674+00:00 [running]> on host d86b6291a432
[2022-02-24 21:55:22,197] {taskinstance.py:1426} INFO - Exporting the following env vars:
AIRFLOW_CTX_DAG_EMAIL=***@example.com
AIRFLOW_CTX_DAG_OWNER=***
AIRFLOW_CTX_DAG_ID=meu_dag
AIRFLOW_CTX_TASK_ID=mudar_nome_do_arquivo
AIRFLOW_CTX_EXECUTION_DATE=2022-02-24T21:55:19.813674+00:00
AIRFLOW_CTX_DAG_RUN_ID=manual__2022-02-24T21:55:19.813674+00:00
[2022-02-24 21:55:22,198] {subprocess.py:62} INFO - Tmp dir root location: 
 /tmp
[2022-02-24 21:55:22,199] {subprocess.py:74} INFO - Running command: ['bash', '-c', 'mv ~/meu_arquivo_01.txt ~/meu_arquivo_01_MUDOU.txt']
[2022-02-24 21:55:22,209] {subprocess.py:85} INFO - Output:
[2022-02-24 21:55:22,213] {subprocess.py:93} INFO - Command exited with return code 0
[2022-02-24 21:55:22,236] {taskinstance.py:1277} INFO - Marking task as SUCCESS. dag_id=meu_dag, task_id=mudar_nome_do_arquivo, execution_date=20220224T215519, start_date=20220224T215522, end_date=20220224T215522
[2022-02-24 21:55:22,254] {local_task_job.py:154} INFO - Task exited with return code 0
[2022-02-24 21:55:22,281] {local_task_job.py:264} INFO - 0 downstream tasks scheduled from follow-on schedule check
