[2022-01-13 17:06:47,777] {taskinstance.py:1032} INFO - Dependencies all met for <TaskInstance: example_dag_doug.t1 manual__2022-01-13T17:06:43+00:00 [queued]>
[2022-01-13 17:06:47,796] {taskinstance.py:1032} INFO - Dependencies all met for <TaskInstance: example_dag_doug.t1 manual__2022-01-13T17:06:43+00:00 [queued]>
[2022-01-13 17:06:47,797] {taskinstance.py:1238} INFO - 
--------------------------------------------------------------------------------
[2022-01-13 17:06:47,798] {taskinstance.py:1239} INFO - Starting attempt 1 of 1
[2022-01-13 17:06:47,800] {taskinstance.py:1240} INFO - 
--------------------------------------------------------------------------------
[2022-01-13 17:06:47,817] {taskinstance.py:1259} INFO - Executing <Task(PythonOperator): t1> on 2022-01-13 17:06:43+00:00
[2022-01-13 17:06:47,823] {standard_task_runner.py:52} INFO - Started process 2766 to run task
[2022-01-13 17:06:47,828] {standard_task_runner.py:76} INFO - Running: ['***', 'tasks', 'run', 'example_dag_doug', 't1', 'manual__2022-01-13T17:06:43+00:00', '--job-id', '23', '--raw', '--subdir', 'DAGS_FOLDER/dag_xcom_test.py', '--cfg-path', '/tmp/tmp89feql4_', '--error-file', '/tmp/tmpao3aglvj']
[2022-01-13 17:06:47,829] {standard_task_runner.py:77} INFO - Job 23: Subtask t1
[2022-01-13 17:06:47,908] {logging_mixin.py:109} INFO - Running <TaskInstance: example_dag_doug.t1 manual__2022-01-13T17:06:43+00:00 [running]> on host 9b2878ec4585
[2022-01-13 17:06:48,018] {taskinstance.py:1426} INFO - Exporting the following env vars:
AIRFLOW_CTX_DAG_OWNER=***
AIRFLOW_CTX_DAG_ID=example_dag_doug
AIRFLOW_CTX_TASK_ID=t1
AIRFLOW_CTX_EXECUTION_DATE=2022-01-13T17:06:43+00:00
AIRFLOW_CTX_DAG_RUN_ID=manual__2022-01-13T17:06:43+00:00
[2022-01-13 17:06:48,022] {warnings.py:110} WARNING - /home/***/.local/lib/python3.7/site-packages/***/utils/context.py:152: AirflowContextDeprecationWarning: Accessing 'execution_date' from the template is deprecated and will be removed in a future version. Please use 'data_interval_start' or 'logical_date' instead.
  warnings.warn(_create_deprecation_warning(key, self._deprecation_replacements[key]))

[2022-01-13 17:06:48,024] {warnings.py:110} WARNING - /home/***/.local/lib/python3.7/site-packages/***/utils/context.py:152: AirflowContextDeprecationWarning: Accessing 'next_ds' from the template is deprecated and will be removed in a future version. Please use '{{ data_interval_end | ds }}' instead.
  warnings.warn(_create_deprecation_warning(key, self._deprecation_replacements[key]))

[2022-01-13 17:06:48,026] {warnings.py:110} WARNING - /home/***/.local/lib/python3.7/site-packages/***/utils/context.py:152: AirflowContextDeprecationWarning: Accessing 'next_ds_nodash' from the template is deprecated and will be removed in a future version. Please use '{{ data_interval_end | ds_nodash }}' instead.
  warnings.warn(_create_deprecation_warning(key, self._deprecation_replacements[key]))

[2022-01-13 17:06:48,028] {warnings.py:110} WARNING - /home/***/.local/lib/python3.7/site-packages/***/utils/context.py:152: AirflowContextDeprecationWarning: Accessing 'next_execution_date' from the template is deprecated and will be removed in a future version. Please use 'data_interval_end' instead.
  warnings.warn(_create_deprecation_warning(key, self._deprecation_replacements[key]))

[2022-01-13 17:06:48,029] {warnings.py:110} WARNING - /home/***/.local/lib/python3.7/site-packages/***/utils/context.py:152: AirflowContextDeprecationWarning: Accessing 'prev_ds' from the template is deprecated and will be removed in a future version.
  warnings.warn(_create_deprecation_warning(key, self._deprecation_replacements[key]))

[2022-01-13 17:06:48,030] {warnings.py:110} WARNING - /home/***/.local/lib/python3.7/site-packages/***/utils/context.py:152: AirflowContextDeprecationWarning: Accessing 'prev_ds_nodash' from the template is deprecated and will be removed in a future version.
  warnings.warn(_create_deprecation_warning(key, self._deprecation_replacements[key]))

[2022-01-13 17:06:48,032] {warnings.py:110} WARNING - /home/***/.local/lib/python3.7/site-packages/***/utils/context.py:152: AirflowContextDeprecationWarning: Accessing 'prev_execution_date' from the template is deprecated and will be removed in a future version.
  warnings.warn(_create_deprecation_warning(key, self._deprecation_replacements[key]))

[2022-01-13 17:06:48,034] {warnings.py:110} WARNING - /home/***/.local/lib/python3.7/site-packages/***/utils/context.py:152: AirflowContextDeprecationWarning: Accessing 'prev_execution_date_success' from the template is deprecated and will be removed in a future version. Please use 'prev_data_interval_start_success' instead.
  warnings.warn(_create_deprecation_warning(key, self._deprecation_replacements[key]))

[2022-01-13 17:06:48,035] {warnings.py:110} WARNING - /home/***/.local/lib/python3.7/site-packages/***/utils/context.py:152: AirflowContextDeprecationWarning: Accessing 'tomorrow_ds' from the template is deprecated and will be removed in a future version.
  warnings.warn(_create_deprecation_warning(key, self._deprecation_replacements[key]))

[2022-01-13 17:06:48,037] {warnings.py:110} WARNING - /home/***/.local/lib/python3.7/site-packages/***/utils/context.py:152: AirflowContextDeprecationWarning: Accessing 'tomorrow_ds_nodash' from the template is deprecated and will be removed in a future version.
  warnings.warn(_create_deprecation_warning(key, self._deprecation_replacements[key]))

[2022-01-13 17:06:48,039] {warnings.py:110} WARNING - /home/***/.local/lib/python3.7/site-packages/***/utils/context.py:152: AirflowContextDeprecationWarning: Accessing 'yesterday_ds' from the template is deprecated and will be removed in a future version.
  warnings.warn(_create_deprecation_warning(key, self._deprecation_replacements[key]))

[2022-01-13 17:06:48,040] {warnings.py:110} WARNING - /home/***/.local/lib/python3.7/site-packages/***/utils/context.py:152: AirflowContextDeprecationWarning: Accessing 'yesterday_ds_nodash' from the template is deprecated and will be removed in a future version.
  warnings.warn(_create_deprecation_warning(key, self._deprecation_replacements[key]))

[2022-01-13 17:06:48,074] {python.py:175} INFO - Done. Returned value was: None
[2022-01-13 17:06:48,097] {taskinstance.py:1277} INFO - Marking task as SUCCESS. dag_id=example_dag_doug, task_id=t1, execution_date=20220113T170643, start_date=20220113T170647, end_date=20220113T170648
[2022-01-13 17:06:48,164] {local_task_job.py:154} INFO - Task exited with return code 0
[2022-01-13 17:06:48,232] {local_task_job.py:264} INFO - 1 downstream tasks scheduled from follow-on schedule check
