[2022-02-24 21:20:57,813] {taskinstance.py:1032} INFO - Dependencies all met for <TaskInstance: example_bash_operator.also_run_this scheduled__2022-02-23T00:00:00+00:00 [queued]>
[2022-02-24 21:20:57,825] {taskinstance.py:1032} INFO - Dependencies all met for <TaskInstance: example_bash_operator.also_run_this scheduled__2022-02-23T00:00:00+00:00 [queued]>
[2022-02-24 21:20:57,826] {taskinstance.py:1238} INFO - 
--------------------------------------------------------------------------------
[2022-02-24 21:20:57,827] {taskinstance.py:1239} INFO - Starting attempt 1 of 1
[2022-02-24 21:20:57,827] {taskinstance.py:1240} INFO - 
--------------------------------------------------------------------------------
[2022-02-24 21:20:57,841] {taskinstance.py:1259} INFO - Executing <Task(BashOperator): also_run_this> on 2022-02-23 00:00:00+00:00
[2022-02-24 21:20:57,847] {standard_task_runner.py:52} INFO - Started process 519 to run task
[2022-02-24 21:20:57,852] {standard_task_runner.py:76} INFO - Running: ['***', 'tasks', 'run', 'example_bash_operator', 'also_run_this', 'scheduled__2022-02-23T00:00:00+00:00', '--job-id', '7', '--raw', '--subdir', '/home/***/.local/lib/python3.7/site-packages/***/example_dags/example_bash_operator.py', '--cfg-path', '/tmp/tmp_s9k_9fm', '--error-file', '/tmp/tmpcqi425h4']
[2022-02-24 21:20:57,853] {standard_task_runner.py:77} INFO - Job 7: Subtask also_run_this
[2022-02-24 21:20:57,945] {logging_mixin.py:109} INFO - Running <TaskInstance: example_bash_operator.also_run_this scheduled__2022-02-23T00:00:00+00:00 [running]> on host 550eb08c6c00
[2022-02-24 21:20:58,017] {taskinstance.py:1426} INFO - Exporting the following env vars:
AIRFLOW_CTX_DAG_OWNER=***
AIRFLOW_CTX_DAG_ID=example_bash_operator
AIRFLOW_CTX_TASK_ID=also_run_this
AIRFLOW_CTX_EXECUTION_DATE=2022-02-23T00:00:00+00:00
AIRFLOW_CTX_DAG_RUN_ID=scheduled__2022-02-23T00:00:00+00:00
[2022-02-24 21:20:58,019] {subprocess.py:62} INFO - Tmp dir root location: 
 /tmp
[2022-02-24 21:20:58,021] {subprocess.py:74} INFO - Running command: ['bash', '-c', 'echo "run_id=scheduled__2022-02-23T00:00:00+00:00 | dag_run=<DagRun example_bash_operator @ 2022-02-23 00:00:00+00:00: scheduled__2022-02-23T00:00:00+00:00, externally triggered: False>"']
[2022-02-24 21:20:58,036] {subprocess.py:85} INFO - Output:
[2022-02-24 21:20:58,039] {subprocess.py:89} INFO - run_id=scheduled__2022-02-23T00:00:00+00:00 | dag_run=<DagRun example_bash_operator @ 2022-02-23 00:00:00+00:00: scheduled__2022-02-23T00:00:00+00:00, externally triggered: False>
[2022-02-24 21:20:58,040] {subprocess.py:93} INFO - Command exited with return code 0
[2022-02-24 21:20:58,072] {taskinstance.py:1277} INFO - Marking task as SUCCESS. dag_id=example_bash_operator, task_id=also_run_this, execution_date=20220223T000000, start_date=20220224T212057, end_date=20220224T212058
[2022-02-24 21:20:58,108] {local_task_job.py:154} INFO - Task exited with return code 0
[2022-02-24 21:20:58,143] {local_task_job.py:264} INFO - 0 downstream tasks scheduled from follow-on schedule check
