[2022-01-13 16:11:07,619] {taskinstance.py:1032} INFO - Dependencies all met for <TaskInstance: example_dag_doug.pull_task manual__2022-01-13T16:10:59+00:00 [queued]>
[2022-01-13 16:11:07,636] {taskinstance.py:1032} INFO - Dependencies all met for <TaskInstance: example_dag_doug.pull_task manual__2022-01-13T16:10:59+00:00 [queued]>
[2022-01-13 16:11:07,637] {taskinstance.py:1238} INFO - 
--------------------------------------------------------------------------------
[2022-01-13 16:11:07,638] {taskinstance.py:1239} INFO - Starting attempt 1 of 1
[2022-01-13 16:11:07,639] {taskinstance.py:1240} INFO - 
--------------------------------------------------------------------------------
[2022-01-13 16:11:07,657] {taskinstance.py:1259} INFO - Executing <Task(PythonOperator): pull_task> on 2022-01-13 16:10:59+00:00
[2022-01-13 16:11:07,662] {standard_task_runner.py:52} INFO - Started process 109 to run task
[2022-01-13 16:11:07,667] {standard_task_runner.py:76} INFO - Running: ['***', 'tasks', 'run', 'example_dag_doug', 'pull_task', 'manual__2022-01-13T16:10:59+00:00', '--job-id', '17', '--raw', '--subdir', 'DAGS_FOLDER/dag_xcom_test.py', '--cfg-path', '/tmp/tmpnrp9u6xj', '--error-file', '/tmp/tmpzkf7t_oe']
[2022-01-13 16:11:07,668] {standard_task_runner.py:77} INFO - Job 17: Subtask pull_task
[2022-01-13 16:11:07,727] {logging_mixin.py:109} INFO - Running <TaskInstance: example_dag_doug.pull_task manual__2022-01-13T16:10:59+00:00 [running]> on host 9b2878ec4585
[2022-01-13 16:11:07,777] {taskinstance.py:1426} INFO - Exporting the following env vars:
AIRFLOW_CTX_DAG_OWNER=***
AIRFLOW_CTX_DAG_ID=example_dag_doug
AIRFLOW_CTX_TASK_ID=pull_task
AIRFLOW_CTX_EXECUTION_DATE=2022-01-13T16:10:59+00:00
AIRFLOW_CTX_DAG_RUN_ID=manual__2022-01-13T16:10:59+00:00
[2022-01-13 16:11:07,779] {warnings.py:110} WARNING - /home/***/.local/lib/python3.7/site-packages/***/utils/context.py:152: AirflowContextDeprecationWarning: Accessing 'execution_date' from the template is deprecated and will be removed in a future version. Please use 'data_interval_start' or 'logical_date' instead.
  warnings.warn(_create_deprecation_warning(key, self._deprecation_replacements[key]))

[2022-01-13 16:11:07,780] {warnings.py:110} WARNING - /home/***/.local/lib/python3.7/site-packages/***/utils/context.py:152: AirflowContextDeprecationWarning: Accessing 'next_ds' from the template is deprecated and will be removed in a future version. Please use '{{ data_interval_end | ds }}' instead.
  warnings.warn(_create_deprecation_warning(key, self._deprecation_replacements[key]))

[2022-01-13 16:11:07,781] {warnings.py:110} WARNING - /home/***/.local/lib/python3.7/site-packages/***/utils/context.py:152: AirflowContextDeprecationWarning: Accessing 'next_ds_nodash' from the template is deprecated and will be removed in a future version. Please use '{{ data_interval_end | ds_nodash }}' instead.
  warnings.warn(_create_deprecation_warning(key, self._deprecation_replacements[key]))

[2022-01-13 16:11:07,781] {warnings.py:110} WARNING - /home/***/.local/lib/python3.7/site-packages/***/utils/context.py:152: AirflowContextDeprecationWarning: Accessing 'next_execution_date' from the template is deprecated and will be removed in a future version. Please use 'data_interval_end' instead.
  warnings.warn(_create_deprecation_warning(key, self._deprecation_replacements[key]))

[2022-01-13 16:11:07,783] {warnings.py:110} WARNING - /home/***/.local/lib/python3.7/site-packages/***/utils/context.py:152: AirflowContextDeprecationWarning: Accessing 'prev_ds' from the template is deprecated and will be removed in a future version.
  warnings.warn(_create_deprecation_warning(key, self._deprecation_replacements[key]))

[2022-01-13 16:11:07,783] {warnings.py:110} WARNING - /home/***/.local/lib/python3.7/site-packages/***/utils/context.py:152: AirflowContextDeprecationWarning: Accessing 'prev_ds_nodash' from the template is deprecated and will be removed in a future version.
  warnings.warn(_create_deprecation_warning(key, self._deprecation_replacements[key]))

[2022-01-13 16:11:07,784] {warnings.py:110} WARNING - /home/***/.local/lib/python3.7/site-packages/***/utils/context.py:152: AirflowContextDeprecationWarning: Accessing 'prev_execution_date' from the template is deprecated and will be removed in a future version.
  warnings.warn(_create_deprecation_warning(key, self._deprecation_replacements[key]))

[2022-01-13 16:11:07,785] {warnings.py:110} WARNING - /home/***/.local/lib/python3.7/site-packages/***/utils/context.py:152: AirflowContextDeprecationWarning: Accessing 'prev_execution_date_success' from the template is deprecated and will be removed in a future version. Please use 'prev_data_interval_start_success' instead.
  warnings.warn(_create_deprecation_warning(key, self._deprecation_replacements[key]))

[2022-01-13 16:11:07,786] {warnings.py:110} WARNING - /home/***/.local/lib/python3.7/site-packages/***/utils/context.py:152: AirflowContextDeprecationWarning: Accessing 'tomorrow_ds' from the template is deprecated and will be removed in a future version.
  warnings.warn(_create_deprecation_warning(key, self._deprecation_replacements[key]))

[2022-01-13 16:11:07,787] {warnings.py:110} WARNING - /home/***/.local/lib/python3.7/site-packages/***/utils/context.py:152: AirflowContextDeprecationWarning: Accessing 'tomorrow_ds_nodash' from the template is deprecated and will be removed in a future version.
  warnings.warn(_create_deprecation_warning(key, self._deprecation_replacements[key]))

[2022-01-13 16:11:07,788] {warnings.py:110} WARNING - /home/***/.local/lib/python3.7/site-packages/***/utils/context.py:152: AirflowContextDeprecationWarning: Accessing 'yesterday_ds' from the template is deprecated and will be removed in a future version.
  warnings.warn(_create_deprecation_warning(key, self._deprecation_replacements[key]))

[2022-01-13 16:11:07,788] {warnings.py:110} WARNING - /home/***/.local/lib/python3.7/site-packages/***/utils/context.py:152: AirflowContextDeprecationWarning: Accessing 'yesterday_ds_nodash' from the template is deprecated and will be removed in a future version.
  warnings.warn(_create_deprecation_warning(key, self._deprecation_replacements[key]))

[2022-01-13 16:11:07,799] {logging_mixin.py:109} INFO - ['a', 'b', 'c']
[2022-01-13 16:11:07,799] {python.py:175} INFO - Done. Returned value was: None
[2022-01-13 16:11:07,811] {taskinstance.py:1277} INFO - Marking task as SUCCESS. dag_id=example_dag_doug, task_id=pull_task, execution_date=20220113T161059, start_date=20220113T161107, end_date=20220113T161107
[2022-01-13 16:11:07,840] {local_task_job.py:154} INFO - Task exited with return code 0
[2022-01-13 16:11:07,872] {local_task_job.py:264} INFO - 0 downstream tasks scheduled from follow-on schedule check
