[2022-02-25 00:00:19,879] {processor.py:163} INFO - Started process (PID=15937) to work on /home/airflow/.local/lib/python3.7/site-packages/airflow/example_dags/example_xcomargs.py
[2022-02-25 00:00:19,882] {processor.py:642} INFO - Processing file /home/airflow/.local/lib/python3.7/site-packages/airflow/example_dags/example_xcomargs.py for tasks to queue
[2022-02-25 00:00:19,883] {logging_mixin.py:109} INFO - [2022-02-25 00:00:19,883] {dagbag.py:500} INFO - Filling up the DagBag from /home/airflow/.local/lib/python3.7/site-packages/airflow/example_dags/example_xcomargs.py
[2022-02-25 00:00:19,926] {processor.py:654} INFO - DAG(s) dict_keys(['example_xcom_args', 'example_xcom_args_with_operators']) retrieved from /home/airflow/.local/lib/python3.7/site-packages/airflow/example_dags/example_xcomargs.py
[2022-02-25 00:00:20,105] {logging_mixin.py:109} INFO - [2022-02-25 00:00:20,105] {dag.py:2396} INFO - Sync 2 DAGs
[2022-02-25 00:00:20,116] {logging_mixin.py:109} INFO - [2022-02-25 00:00:20,116] {dag.py:2935} INFO - Setting next_dagrun for example_xcom_args to None
[2022-02-25 00:00:20,117] {logging_mixin.py:109} INFO - [2022-02-25 00:00:20,117] {dag.py:2935} INFO - Setting next_dagrun for example_xcom_args_with_operators to None
[2022-02-25 00:00:20,124] {processor.py:171} INFO - Processing /home/airflow/.local/lib/python3.7/site-packages/airflow/example_dags/example_xcomargs.py took 0.251 seconds
[2022-02-25 00:00:50,180] {processor.py:163} INFO - Started process (PID=15997) to work on /home/airflow/.local/lib/python3.7/site-packages/airflow/example_dags/example_xcomargs.py
[2022-02-25 00:00:50,182] {processor.py:642} INFO - Processing file /home/airflow/.local/lib/python3.7/site-packages/airflow/example_dags/example_xcomargs.py for tasks to queue
[2022-02-25 00:00:50,183] {logging_mixin.py:109} INFO - [2022-02-25 00:00:50,183] {dagbag.py:500} INFO - Filling up the DagBag from /home/airflow/.local/lib/python3.7/site-packages/airflow/example_dags/example_xcomargs.py
[2022-02-25 00:00:50,220] {processor.py:654} INFO - DAG(s) dict_keys(['example_xcom_args', 'example_xcom_args_with_operators']) retrieved from /home/airflow/.local/lib/python3.7/site-packages/airflow/example_dags/example_xcomargs.py
[2022-02-25 00:00:50,389] {logging_mixin.py:109} INFO - [2022-02-25 00:00:50,389] {dag.py:2396} INFO - Sync 2 DAGs
[2022-02-25 00:00:50,402] {logging_mixin.py:109} INFO - [2022-02-25 00:00:50,402] {dag.py:2935} INFO - Setting next_dagrun for example_xcom_args to None
[2022-02-25 00:00:50,403] {logging_mixin.py:109} INFO - [2022-02-25 00:00:50,403] {dag.py:2935} INFO - Setting next_dagrun for example_xcom_args_with_operators to None
[2022-02-25 00:00:50,412] {processor.py:171} INFO - Processing /home/airflow/.local/lib/python3.7/site-packages/airflow/example_dags/example_xcomargs.py took 0.237 seconds
[2022-02-25 00:01:20,569] {processor.py:163} INFO - Started process (PID=16049) to work on /home/airflow/.local/lib/python3.7/site-packages/airflow/example_dags/example_xcomargs.py
[2022-02-25 00:01:20,572] {processor.py:642} INFO - Processing file /home/airflow/.local/lib/python3.7/site-packages/airflow/example_dags/example_xcomargs.py for tasks to queue
[2022-02-25 00:01:20,573] {logging_mixin.py:109} INFO - [2022-02-25 00:01:20,573] {dagbag.py:500} INFO - Filling up the DagBag from /home/airflow/.local/lib/python3.7/site-packages/airflow/example_dags/example_xcomargs.py
[2022-02-25 00:01:20,605] {processor.py:654} INFO - DAG(s) dict_keys(['example_xcom_args', 'example_xcom_args_with_operators']) retrieved from /home/airflow/.local/lib/python3.7/site-packages/airflow/example_dags/example_xcomargs.py
[2022-02-25 00:01:20,829] {logging_mixin.py:109} INFO - [2022-02-25 00:01:20,829] {dag.py:2396} INFO - Sync 2 DAGs
[2022-02-25 00:01:20,843] {logging_mixin.py:109} INFO - [2022-02-25 00:01:20,843] {dag.py:2935} INFO - Setting next_dagrun for example_xcom_args to None
[2022-02-25 00:01:20,844] {logging_mixin.py:109} INFO - [2022-02-25 00:01:20,844] {dag.py:2935} INFO - Setting next_dagrun for example_xcom_args_with_operators to None
[2022-02-25 00:01:20,854] {processor.py:171} INFO - Processing /home/airflow/.local/lib/python3.7/site-packages/airflow/example_dags/example_xcomargs.py took 0.288 seconds
[2022-02-25 00:01:51,060] {processor.py:163} INFO - Started process (PID=16109) to work on /home/airflow/.local/lib/python3.7/site-packages/airflow/example_dags/example_xcomargs.py
[2022-02-25 00:01:51,063] {processor.py:642} INFO - Processing file /home/airflow/.local/lib/python3.7/site-packages/airflow/example_dags/example_xcomargs.py for tasks to queue
[2022-02-25 00:01:51,065] {logging_mixin.py:109} INFO - [2022-02-25 00:01:51,065] {dagbag.py:500} INFO - Filling up the DagBag from /home/airflow/.local/lib/python3.7/site-packages/airflow/example_dags/example_xcomargs.py
[2022-02-25 00:01:51,104] {processor.py:654} INFO - DAG(s) dict_keys(['example_xcom_args', 'example_xcom_args_with_operators']) retrieved from /home/airflow/.local/lib/python3.7/site-packages/airflow/example_dags/example_xcomargs.py
[2022-02-25 00:01:51,284] {logging_mixin.py:109} INFO - [2022-02-25 00:01:51,284] {dag.py:2396} INFO - Sync 2 DAGs
[2022-02-25 00:01:51,305] {logging_mixin.py:109} INFO - [2022-02-25 00:01:51,305] {dag.py:2935} INFO - Setting next_dagrun for example_xcom_args to None
[2022-02-25 00:01:51,306] {logging_mixin.py:109} INFO - [2022-02-25 00:01:51,306] {dag.py:2935} INFO - Setting next_dagrun for example_xcom_args_with_operators to None
[2022-02-25 00:01:51,319] {processor.py:171} INFO - Processing /home/airflow/.local/lib/python3.7/site-packages/airflow/example_dags/example_xcomargs.py took 0.265 seconds
[2022-02-25 00:02:21,394] {processor.py:163} INFO - Started process (PID=16160) to work on /home/airflow/.local/lib/python3.7/site-packages/airflow/example_dags/example_xcomargs.py
[2022-02-25 00:02:21,397] {processor.py:642} INFO - Processing file /home/airflow/.local/lib/python3.7/site-packages/airflow/example_dags/example_xcomargs.py for tasks to queue
[2022-02-25 00:02:21,398] {logging_mixin.py:109} INFO - [2022-02-25 00:02:21,398] {dagbag.py:500} INFO - Filling up the DagBag from /home/airflow/.local/lib/python3.7/site-packages/airflow/example_dags/example_xcomargs.py
[2022-02-25 00:02:21,431] {processor.py:654} INFO - DAG(s) dict_keys(['example_xcom_args', 'example_xcom_args_with_operators']) retrieved from /home/airflow/.local/lib/python3.7/site-packages/airflow/example_dags/example_xcomargs.py
[2022-02-25 00:02:21,645] {logging_mixin.py:109} INFO - [2022-02-25 00:02:21,645] {dag.py:2396} INFO - Sync 2 DAGs
[2022-02-25 00:02:21,677] {logging_mixin.py:109} INFO - [2022-02-25 00:02:21,677] {dag.py:2935} INFO - Setting next_dagrun for example_xcom_args to None
[2022-02-25 00:02:21,678] {logging_mixin.py:109} INFO - [2022-02-25 00:02:21,677] {dag.py:2935} INFO - Setting next_dagrun for example_xcom_args_with_operators to None
[2022-02-25 00:02:21,690] {processor.py:171} INFO - Processing /home/airflow/.local/lib/python3.7/site-packages/airflow/example_dags/example_xcomargs.py took 0.301 seconds
[2022-02-25 00:02:51,779] {processor.py:163} INFO - Started process (PID=16222) to work on /home/airflow/.local/lib/python3.7/site-packages/airflow/example_dags/example_xcomargs.py
[2022-02-25 00:02:51,782] {processor.py:642} INFO - Processing file /home/airflow/.local/lib/python3.7/site-packages/airflow/example_dags/example_xcomargs.py for tasks to queue
[2022-02-25 00:02:51,783] {logging_mixin.py:109} INFO - [2022-02-25 00:02:51,783] {dagbag.py:500} INFO - Filling up the DagBag from /home/airflow/.local/lib/python3.7/site-packages/airflow/example_dags/example_xcomargs.py
[2022-02-25 00:02:51,820] {processor.py:654} INFO - DAG(s) dict_keys(['example_xcom_args', 'example_xcom_args_with_operators']) retrieved from /home/airflow/.local/lib/python3.7/site-packages/airflow/example_dags/example_xcomargs.py
[2022-02-25 00:02:51,997] {logging_mixin.py:109} INFO - [2022-02-25 00:02:51,997] {dag.py:2396} INFO - Sync 2 DAGs
[2022-02-25 00:02:52,009] {logging_mixin.py:109} INFO - [2022-02-25 00:02:52,009] {dag.py:2935} INFO - Setting next_dagrun for example_xcom_args to None
[2022-02-25 00:02:52,010] {logging_mixin.py:109} INFO - [2022-02-25 00:02:52,009] {dag.py:2935} INFO - Setting next_dagrun for example_xcom_args_with_operators to None
[2022-02-25 00:02:52,018] {processor.py:171} INFO - Processing /home/airflow/.local/lib/python3.7/site-packages/airflow/example_dags/example_xcomargs.py took 0.243 seconds
[2022-02-25 00:03:22,329] {processor.py:163} INFO - Started process (PID=16273) to work on /home/airflow/.local/lib/python3.7/site-packages/airflow/example_dags/example_xcomargs.py
[2022-02-25 00:03:22,332] {processor.py:642} INFO - Processing file /home/airflow/.local/lib/python3.7/site-packages/airflow/example_dags/example_xcomargs.py for tasks to queue
[2022-02-25 00:03:22,333] {logging_mixin.py:109} INFO - [2022-02-25 00:03:22,333] {dagbag.py:500} INFO - Filling up the DagBag from /home/airflow/.local/lib/python3.7/site-packages/airflow/example_dags/example_xcomargs.py
[2022-02-25 00:03:22,379] {processor.py:654} INFO - DAG(s) dict_keys(['example_xcom_args', 'example_xcom_args_with_operators']) retrieved from /home/airflow/.local/lib/python3.7/site-packages/airflow/example_dags/example_xcomargs.py
[2022-02-25 00:03:22,597] {logging_mixin.py:109} INFO - [2022-02-25 00:03:22,597] {dag.py:2396} INFO - Sync 2 DAGs
[2022-02-25 00:03:22,609] {logging_mixin.py:109} INFO - [2022-02-25 00:03:22,609] {dag.py:2935} INFO - Setting next_dagrun for example_xcom_args to None
[2022-02-25 00:03:22,610] {logging_mixin.py:109} INFO - [2022-02-25 00:03:22,610] {dag.py:2935} INFO - Setting next_dagrun for example_xcom_args_with_operators to None
[2022-02-25 00:03:22,620] {processor.py:171} INFO - Processing /home/airflow/.local/lib/python3.7/site-packages/airflow/example_dags/example_xcomargs.py took 0.295 seconds
[2022-02-25 00:03:53,562] {processor.py:163} INFO - Started process (PID=16334) to work on /home/airflow/.local/lib/python3.7/site-packages/airflow/example_dags/example_xcomargs.py
[2022-02-25 00:03:53,564] {processor.py:642} INFO - Processing file /home/airflow/.local/lib/python3.7/site-packages/airflow/example_dags/example_xcomargs.py for tasks to queue
[2022-02-25 00:03:53,566] {logging_mixin.py:109} INFO - [2022-02-25 00:03:53,566] {dagbag.py:500} INFO - Filling up the DagBag from /home/airflow/.local/lib/python3.7/site-packages/airflow/example_dags/example_xcomargs.py
[2022-02-25 00:03:53,604] {processor.py:654} INFO - DAG(s) dict_keys(['example_xcom_args', 'example_xcom_args_with_operators']) retrieved from /home/airflow/.local/lib/python3.7/site-packages/airflow/example_dags/example_xcomargs.py
[2022-02-25 00:03:53,772] {logging_mixin.py:109} INFO - [2022-02-25 00:03:53,772] {dag.py:2396} INFO - Sync 2 DAGs
[2022-02-25 00:03:53,786] {logging_mixin.py:109} INFO - [2022-02-25 00:03:53,786] {dag.py:2935} INFO - Setting next_dagrun for example_xcom_args to None
[2022-02-25 00:03:53,787] {logging_mixin.py:109} INFO - [2022-02-25 00:03:53,787] {dag.py:2935} INFO - Setting next_dagrun for example_xcom_args_with_operators to None
[2022-02-25 00:03:53,797] {processor.py:171} INFO - Processing /home/airflow/.local/lib/python3.7/site-packages/airflow/example_dags/example_xcomargs.py took 0.239 seconds
[2022-02-25 00:04:24,068] {processor.py:163} INFO - Started process (PID=16385) to work on /home/airflow/.local/lib/python3.7/site-packages/airflow/example_dags/example_xcomargs.py
[2022-02-25 00:04:24,070] {processor.py:642} INFO - Processing file /home/airflow/.local/lib/python3.7/site-packages/airflow/example_dags/example_xcomargs.py for tasks to queue
[2022-02-25 00:04:24,071] {logging_mixin.py:109} INFO - [2022-02-25 00:04:24,071] {dagbag.py:500} INFO - Filling up the DagBag from /home/airflow/.local/lib/python3.7/site-packages/airflow/example_dags/example_xcomargs.py
[2022-02-25 00:04:24,109] {processor.py:654} INFO - DAG(s) dict_keys(['example_xcom_args', 'example_xcom_args_with_operators']) retrieved from /home/airflow/.local/lib/python3.7/site-packages/airflow/example_dags/example_xcomargs.py
[2022-02-25 00:04:24,278] {logging_mixin.py:109} INFO - [2022-02-25 00:04:24,278] {dag.py:2396} INFO - Sync 2 DAGs
[2022-02-25 00:04:24,293] {logging_mixin.py:109} INFO - [2022-02-25 00:04:24,293] {dag.py:2935} INFO - Setting next_dagrun for example_xcom_args to None
[2022-02-25 00:04:24,294] {logging_mixin.py:109} INFO - [2022-02-25 00:04:24,294] {dag.py:2935} INFO - Setting next_dagrun for example_xcom_args_with_operators to None
[2022-02-25 00:04:24,305] {processor.py:171} INFO - Processing /home/airflow/.local/lib/python3.7/site-packages/airflow/example_dags/example_xcomargs.py took 0.241 seconds
[2022-02-25 00:04:54,480] {processor.py:163} INFO - Started process (PID=16445) to work on /home/airflow/.local/lib/python3.7/site-packages/airflow/example_dags/example_xcomargs.py
[2022-02-25 00:04:54,483] {processor.py:642} INFO - Processing file /home/airflow/.local/lib/python3.7/site-packages/airflow/example_dags/example_xcomargs.py for tasks to queue
[2022-02-25 00:04:54,484] {logging_mixin.py:109} INFO - [2022-02-25 00:04:54,484] {dagbag.py:500} INFO - Filling up the DagBag from /home/airflow/.local/lib/python3.7/site-packages/airflow/example_dags/example_xcomargs.py
[2022-02-25 00:04:54,518] {processor.py:654} INFO - DAG(s) dict_keys(['example_xcom_args', 'example_xcom_args_with_operators']) retrieved from /home/airflow/.local/lib/python3.7/site-packages/airflow/example_dags/example_xcomargs.py
[2022-02-25 00:04:54,530] {logging_mixin.py:109} INFO - [2022-02-25 00:04:54,530] {dag.py:2396} INFO - Sync 2 DAGs
[2022-02-25 00:04:54,546] {logging_mixin.py:109} INFO - [2022-02-25 00:04:54,546] {dag.py:2935} INFO - Setting next_dagrun for example_xcom_args to None
[2022-02-25 00:04:54,547] {logging_mixin.py:109} INFO - [2022-02-25 00:04:54,547] {dag.py:2935} INFO - Setting next_dagrun for example_xcom_args_with_operators to None
[2022-02-25 00:04:54,556] {processor.py:171} INFO - Processing /home/airflow/.local/lib/python3.7/site-packages/airflow/example_dags/example_xcomargs.py took 0.079 seconds
[2022-02-25 00:05:25,560] {processor.py:163} INFO - Started process (PID=16498) to work on /home/airflow/.local/lib/python3.7/site-packages/airflow/example_dags/example_xcomargs.py
[2022-02-25 00:05:25,563] {processor.py:642} INFO - Processing file /home/airflow/.local/lib/python3.7/site-packages/airflow/example_dags/example_xcomargs.py for tasks to queue
[2022-02-25 00:05:25,564] {logging_mixin.py:109} INFO - [2022-02-25 00:05:25,564] {dagbag.py:500} INFO - Filling up the DagBag from /home/airflow/.local/lib/python3.7/site-packages/airflow/example_dags/example_xcomargs.py
[2022-02-25 00:05:25,602] {processor.py:654} INFO - DAG(s) dict_keys(['example_xcom_args', 'example_xcom_args_with_operators']) retrieved from /home/airflow/.local/lib/python3.7/site-packages/airflow/example_dags/example_xcomargs.py
[2022-02-25 00:05:25,782] {logging_mixin.py:109} INFO - [2022-02-25 00:05:25,782] {dag.py:2396} INFO - Sync 2 DAGs
[2022-02-25 00:05:25,801] {logging_mixin.py:109} INFO - [2022-02-25 00:05:25,800] {dag.py:2935} INFO - Setting next_dagrun for example_xcom_args to None
[2022-02-25 00:05:25,801] {logging_mixin.py:109} INFO - [2022-02-25 00:05:25,801] {dag.py:2935} INFO - Setting next_dagrun for example_xcom_args_with_operators to None
[2022-02-25 00:05:25,812] {processor.py:171} INFO - Processing /home/airflow/.local/lib/python3.7/site-packages/airflow/example_dags/example_xcomargs.py took 0.256 seconds
[2022-02-25 00:05:55,930] {processor.py:163} INFO - Started process (PID=16559) to work on /home/airflow/.local/lib/python3.7/site-packages/airflow/example_dags/example_xcomargs.py
[2022-02-25 00:05:55,933] {processor.py:642} INFO - Processing file /home/airflow/.local/lib/python3.7/site-packages/airflow/example_dags/example_xcomargs.py for tasks to queue
[2022-02-25 00:05:55,934] {logging_mixin.py:109} INFO - [2022-02-25 00:05:55,934] {dagbag.py:500} INFO - Filling up the DagBag from /home/airflow/.local/lib/python3.7/site-packages/airflow/example_dags/example_xcomargs.py
[2022-02-25 00:05:55,971] {processor.py:654} INFO - DAG(s) dict_keys(['example_xcom_args', 'example_xcom_args_with_operators']) retrieved from /home/airflow/.local/lib/python3.7/site-packages/airflow/example_dags/example_xcomargs.py
[2022-02-25 00:05:55,985] {logging_mixin.py:109} INFO - [2022-02-25 00:05:55,985] {dag.py:2396} INFO - Sync 2 DAGs
[2022-02-25 00:05:56,001] {logging_mixin.py:109} INFO - [2022-02-25 00:05:56,001] {dag.py:2935} INFO - Setting next_dagrun for example_xcom_args to None
[2022-02-25 00:05:56,002] {logging_mixin.py:109} INFO - [2022-02-25 00:05:56,002] {dag.py:2935} INFO - Setting next_dagrun for example_xcom_args_with_operators to None
[2022-02-25 00:05:56,011] {processor.py:171} INFO - Processing /home/airflow/.local/lib/python3.7/site-packages/airflow/example_dags/example_xcomargs.py took 0.084 seconds
[2022-02-25 00:06:26,141] {processor.py:163} INFO - Started process (PID=16610) to work on /home/airflow/.local/lib/python3.7/site-packages/airflow/example_dags/example_xcomargs.py
[2022-02-25 00:06:26,143] {processor.py:642} INFO - Processing file /home/airflow/.local/lib/python3.7/site-packages/airflow/example_dags/example_xcomargs.py for tasks to queue
[2022-02-25 00:06:26,144] {logging_mixin.py:109} INFO - [2022-02-25 00:06:26,144] {dagbag.py:500} INFO - Filling up the DagBag from /home/airflow/.local/lib/python3.7/site-packages/airflow/example_dags/example_xcomargs.py
[2022-02-25 00:06:26,180] {processor.py:654} INFO - DAG(s) dict_keys(['example_xcom_args', 'example_xcom_args_with_operators']) retrieved from /home/airflow/.local/lib/python3.7/site-packages/airflow/example_dags/example_xcomargs.py
[2022-02-25 00:06:26,364] {logging_mixin.py:109} INFO - [2022-02-25 00:06:26,364] {dag.py:2396} INFO - Sync 2 DAGs
[2022-02-25 00:06:26,377] {logging_mixin.py:109} INFO - [2022-02-25 00:06:26,376] {dag.py:2935} INFO - Setting next_dagrun for example_xcom_args to None
[2022-02-25 00:06:26,377] {logging_mixin.py:109} INFO - [2022-02-25 00:06:26,377] {dag.py:2935} INFO - Setting next_dagrun for example_xcom_args_with_operators to None
[2022-02-25 00:06:26,386] {processor.py:171} INFO - Processing /home/airflow/.local/lib/python3.7/site-packages/airflow/example_dags/example_xcomargs.py took 0.249 seconds
[2022-02-25 00:06:56,426] {processor.py:163} INFO - Started process (PID=16674) to work on /home/airflow/.local/lib/python3.7/site-packages/airflow/example_dags/example_xcomargs.py
[2022-02-25 00:06:56,428] {processor.py:642} INFO - Processing file /home/airflow/.local/lib/python3.7/site-packages/airflow/example_dags/example_xcomargs.py for tasks to queue
[2022-02-25 00:06:56,429] {logging_mixin.py:109} INFO - [2022-02-25 00:06:56,429] {dagbag.py:500} INFO - Filling up the DagBag from /home/airflow/.local/lib/python3.7/site-packages/airflow/example_dags/example_xcomargs.py
[2022-02-25 00:06:56,464] {processor.py:654} INFO - DAG(s) dict_keys(['example_xcom_args', 'example_xcom_args_with_operators']) retrieved from /home/airflow/.local/lib/python3.7/site-packages/airflow/example_dags/example_xcomargs.py
[2022-02-25 00:06:56,636] {logging_mixin.py:109} INFO - [2022-02-25 00:06:56,636] {dag.py:2396} INFO - Sync 2 DAGs
[2022-02-25 00:06:56,649] {logging_mixin.py:109} INFO - [2022-02-25 00:06:56,649] {dag.py:2935} INFO - Setting next_dagrun for example_xcom_args to None
[2022-02-25 00:06:56,650] {logging_mixin.py:109} INFO - [2022-02-25 00:06:56,650] {dag.py:2935} INFO - Setting next_dagrun for example_xcom_args_with_operators to None
[2022-02-25 00:06:56,659] {processor.py:171} INFO - Processing /home/airflow/.local/lib/python3.7/site-packages/airflow/example_dags/example_xcomargs.py took 0.237 seconds
[2022-02-25 00:07:26,712] {processor.py:163} INFO - Started process (PID=16725) to work on /home/airflow/.local/lib/python3.7/site-packages/airflow/example_dags/example_xcomargs.py
[2022-02-25 00:07:26,713] {processor.py:642} INFO - Processing file /home/airflow/.local/lib/python3.7/site-packages/airflow/example_dags/example_xcomargs.py for tasks to queue
[2022-02-25 00:07:26,714] {logging_mixin.py:109} INFO - [2022-02-25 00:07:26,714] {dagbag.py:500} INFO - Filling up the DagBag from /home/airflow/.local/lib/python3.7/site-packages/airflow/example_dags/example_xcomargs.py
[2022-02-25 00:07:26,764] {processor.py:654} INFO - DAG(s) dict_keys(['example_xcom_args', 'example_xcom_args_with_operators']) retrieved from /home/airflow/.local/lib/python3.7/site-packages/airflow/example_dags/example_xcomargs.py
[2022-02-25 00:07:26,974] {logging_mixin.py:109} INFO - [2022-02-25 00:07:26,974] {dag.py:2396} INFO - Sync 2 DAGs
[2022-02-25 00:07:26,991] {logging_mixin.py:109} INFO - [2022-02-25 00:07:26,991] {dag.py:2935} INFO - Setting next_dagrun for example_xcom_args to None
[2022-02-25 00:07:26,992] {logging_mixin.py:109} INFO - [2022-02-25 00:07:26,992] {dag.py:2935} INFO - Setting next_dagrun for example_xcom_args_with_operators to None
[2022-02-25 00:07:27,011] {processor.py:171} INFO - Processing /home/airflow/.local/lib/python3.7/site-packages/airflow/example_dags/example_xcomargs.py took 0.302 seconds
[2022-02-25 00:07:57,877] {processor.py:163} INFO - Started process (PID=16786) to work on /home/airflow/.local/lib/python3.7/site-packages/airflow/example_dags/example_xcomargs.py
[2022-02-25 00:07:57,879] {processor.py:642} INFO - Processing file /home/airflow/.local/lib/python3.7/site-packages/airflow/example_dags/example_xcomargs.py for tasks to queue
[2022-02-25 00:07:57,880] {logging_mixin.py:109} INFO - [2022-02-25 00:07:57,880] {dagbag.py:500} INFO - Filling up the DagBag from /home/airflow/.local/lib/python3.7/site-packages/airflow/example_dags/example_xcomargs.py
[2022-02-25 00:07:57,913] {processor.py:654} INFO - DAG(s) dict_keys(['example_xcom_args', 'example_xcom_args_with_operators']) retrieved from /home/airflow/.local/lib/python3.7/site-packages/airflow/example_dags/example_xcomargs.py
[2022-02-25 00:07:58,102] {logging_mixin.py:109} INFO - [2022-02-25 00:07:58,102] {dag.py:2396} INFO - Sync 2 DAGs
[2022-02-25 00:07:58,117] {logging_mixin.py:109} INFO - [2022-02-25 00:07:58,116] {dag.py:2935} INFO - Setting next_dagrun for example_xcom_args to None
[2022-02-25 00:07:58,118] {logging_mixin.py:109} INFO - [2022-02-25 00:07:58,117] {dag.py:2935} INFO - Setting next_dagrun for example_xcom_args_with_operators to None
[2022-02-25 00:07:58,130] {processor.py:171} INFO - Processing /home/airflow/.local/lib/python3.7/site-packages/airflow/example_dags/example_xcomargs.py took 0.256 seconds
[2022-02-25 00:08:29,042] {processor.py:163} INFO - Started process (PID=16837) to work on /home/airflow/.local/lib/python3.7/site-packages/airflow/example_dags/example_xcomargs.py
[2022-02-25 00:08:29,044] {processor.py:642} INFO - Processing file /home/airflow/.local/lib/python3.7/site-packages/airflow/example_dags/example_xcomargs.py for tasks to queue
[2022-02-25 00:08:29,046] {logging_mixin.py:109} INFO - [2022-02-25 00:08:29,045] {dagbag.py:500} INFO - Filling up the DagBag from /home/airflow/.local/lib/python3.7/site-packages/airflow/example_dags/example_xcomargs.py
[2022-02-25 00:08:29,083] {processor.py:654} INFO - DAG(s) dict_keys(['example_xcom_args', 'example_xcom_args_with_operators']) retrieved from /home/airflow/.local/lib/python3.7/site-packages/airflow/example_dags/example_xcomargs.py
[2022-02-25 00:08:29,260] {logging_mixin.py:109} INFO - [2022-02-25 00:08:29,260] {dag.py:2396} INFO - Sync 2 DAGs
[2022-02-25 00:08:29,275] {logging_mixin.py:109} INFO - [2022-02-25 00:08:29,275] {dag.py:2935} INFO - Setting next_dagrun for example_xcom_args to None
[2022-02-25 00:08:29,276] {logging_mixin.py:109} INFO - [2022-02-25 00:08:29,276] {dag.py:2935} INFO - Setting next_dagrun for example_xcom_args_with_operators to None
[2022-02-25 00:08:29,287] {processor.py:171} INFO - Processing /home/airflow/.local/lib/python3.7/site-packages/airflow/example_dags/example_xcomargs.py took 0.250 seconds
[2022-02-25 00:09:00,046] {processor.py:163} INFO - Started process (PID=16898) to work on /home/airflow/.local/lib/python3.7/site-packages/airflow/example_dags/example_xcomargs.py
[2022-02-25 00:09:00,049] {processor.py:642} INFO - Processing file /home/airflow/.local/lib/python3.7/site-packages/airflow/example_dags/example_xcomargs.py for tasks to queue
[2022-02-25 00:09:00,050] {logging_mixin.py:109} INFO - [2022-02-25 00:09:00,050] {dagbag.py:500} INFO - Filling up the DagBag from /home/airflow/.local/lib/python3.7/site-packages/airflow/example_dags/example_xcomargs.py
[2022-02-25 00:09:00,086] {processor.py:654} INFO - DAG(s) dict_keys(['example_xcom_args', 'example_xcom_args_with_operators']) retrieved from /home/airflow/.local/lib/python3.7/site-packages/airflow/example_dags/example_xcomargs.py
[2022-02-25 00:09:00,253] {logging_mixin.py:109} INFO - [2022-02-25 00:09:00,253] {dag.py:2396} INFO - Sync 2 DAGs
[2022-02-25 00:09:00,268] {logging_mixin.py:109} INFO - [2022-02-25 00:09:00,268] {dag.py:2935} INFO - Setting next_dagrun for example_xcom_args to None
[2022-02-25 00:09:00,269] {logging_mixin.py:109} INFO - [2022-02-25 00:09:00,269] {dag.py:2935} INFO - Setting next_dagrun for example_xcom_args_with_operators to None
[2022-02-25 00:09:00,277] {processor.py:171} INFO - Processing /home/airflow/.local/lib/python3.7/site-packages/airflow/example_dags/example_xcomargs.py took 0.235 seconds
[2022-02-25 00:09:30,366] {processor.py:163} INFO - Started process (PID=16960) to work on /home/airflow/.local/lib/python3.7/site-packages/airflow/example_dags/example_xcomargs.py
[2022-02-25 00:09:30,368] {processor.py:642} INFO - Processing file /home/airflow/.local/lib/python3.7/site-packages/airflow/example_dags/example_xcomargs.py for tasks to queue
[2022-02-25 00:09:30,370] {logging_mixin.py:109} INFO - [2022-02-25 00:09:30,370] {dagbag.py:500} INFO - Filling up the DagBag from /home/airflow/.local/lib/python3.7/site-packages/airflow/example_dags/example_xcomargs.py
[2022-02-25 00:09:30,404] {processor.py:654} INFO - DAG(s) dict_keys(['example_xcom_args', 'example_xcom_args_with_operators']) retrieved from /home/airflow/.local/lib/python3.7/site-packages/airflow/example_dags/example_xcomargs.py
[2022-02-25 00:09:30,574] {logging_mixin.py:109} INFO - [2022-02-25 00:09:30,574] {dag.py:2396} INFO - Sync 2 DAGs
[2022-02-25 00:09:30,587] {logging_mixin.py:109} INFO - [2022-02-25 00:09:30,587] {dag.py:2935} INFO - Setting next_dagrun for example_xcom_args to None
[2022-02-25 00:09:30,588] {logging_mixin.py:109} INFO - [2022-02-25 00:09:30,588] {dag.py:2935} INFO - Setting next_dagrun for example_xcom_args_with_operators to None
[2022-02-25 00:09:30,598] {processor.py:171} INFO - Processing /home/airflow/.local/lib/python3.7/site-packages/airflow/example_dags/example_xcomargs.py took 0.236 seconds
[2022-02-25 00:10:00,841] {processor.py:163} INFO - Started process (PID=17015) to work on /home/airflow/.local/lib/python3.7/site-packages/airflow/example_dags/example_xcomargs.py
[2022-02-25 00:10:00,843] {processor.py:642} INFO - Processing file /home/airflow/.local/lib/python3.7/site-packages/airflow/example_dags/example_xcomargs.py for tasks to queue
[2022-02-25 00:10:00,844] {logging_mixin.py:109} INFO - [2022-02-25 00:10:00,844] {dagbag.py:500} INFO - Filling up the DagBag from /home/airflow/.local/lib/python3.7/site-packages/airflow/example_dags/example_xcomargs.py
[2022-02-25 00:10:00,885] {processor.py:654} INFO - DAG(s) dict_keys(['example_xcom_args', 'example_xcom_args_with_operators']) retrieved from /home/airflow/.local/lib/python3.7/site-packages/airflow/example_dags/example_xcomargs.py
[2022-02-25 00:10:00,898] {logging_mixin.py:109} INFO - [2022-02-25 00:10:00,897] {dag.py:2396} INFO - Sync 2 DAGs
[2022-02-25 00:10:00,913] {logging_mixin.py:109} INFO - [2022-02-25 00:10:00,913] {dag.py:2935} INFO - Setting next_dagrun for example_xcom_args to None
[2022-02-25 00:10:00,914] {logging_mixin.py:109} INFO - [2022-02-25 00:10:00,914] {dag.py:2935} INFO - Setting next_dagrun for example_xcom_args_with_operators to None
[2022-02-25 00:10:00,921] {processor.py:171} INFO - Processing /home/airflow/.local/lib/python3.7/site-packages/airflow/example_dags/example_xcomargs.py took 0.085 seconds
[2022-02-25 00:10:31,067] {processor.py:163} INFO - Started process (PID=17074) to work on /home/airflow/.local/lib/python3.7/site-packages/airflow/example_dags/example_xcomargs.py
[2022-02-25 00:10:31,069] {processor.py:642} INFO - Processing file /home/airflow/.local/lib/python3.7/site-packages/airflow/example_dags/example_xcomargs.py for tasks to queue
[2022-02-25 00:10:31,071] {logging_mixin.py:109} INFO - [2022-02-25 00:10:31,071] {dagbag.py:500} INFO - Filling up the DagBag from /home/airflow/.local/lib/python3.7/site-packages/airflow/example_dags/example_xcomargs.py
[2022-02-25 00:10:31,104] {processor.py:654} INFO - DAG(s) dict_keys(['example_xcom_args', 'example_xcom_args_with_operators']) retrieved from /home/airflow/.local/lib/python3.7/site-packages/airflow/example_dags/example_xcomargs.py
[2022-02-25 00:10:31,272] {logging_mixin.py:109} INFO - [2022-02-25 00:10:31,272] {dag.py:2396} INFO - Sync 2 DAGs
[2022-02-25 00:10:31,287] {logging_mixin.py:109} INFO - [2022-02-25 00:10:31,287] {dag.py:2935} INFO - Setting next_dagrun for example_xcom_args to None
[2022-02-25 00:10:31,288] {logging_mixin.py:109} INFO - [2022-02-25 00:10:31,288] {dag.py:2935} INFO - Setting next_dagrun for example_xcom_args_with_operators to None
[2022-02-25 00:10:31,298] {processor.py:171} INFO - Processing /home/airflow/.local/lib/python3.7/site-packages/airflow/example_dags/example_xcomargs.py took 0.236 seconds
[2022-02-25 00:11:01,468] {processor.py:163} INFO - Started process (PID=17129) to work on /home/airflow/.local/lib/python3.7/site-packages/airflow/example_dags/example_xcomargs.py
[2022-02-25 00:11:01,471] {processor.py:642} INFO - Processing file /home/airflow/.local/lib/python3.7/site-packages/airflow/example_dags/example_xcomargs.py for tasks to queue
[2022-02-25 00:11:01,472] {logging_mixin.py:109} INFO - [2022-02-25 00:11:01,472] {dagbag.py:500} INFO - Filling up the DagBag from /home/airflow/.local/lib/python3.7/site-packages/airflow/example_dags/example_xcomargs.py
[2022-02-25 00:11:01,509] {processor.py:654} INFO - DAG(s) dict_keys(['example_xcom_args', 'example_xcom_args_with_operators']) retrieved from /home/airflow/.local/lib/python3.7/site-packages/airflow/example_dags/example_xcomargs.py
[2022-02-25 00:11:01,677] {logging_mixin.py:109} INFO - [2022-02-25 00:11:01,677] {dag.py:2396} INFO - Sync 2 DAGs
[2022-02-25 00:11:01,689] {logging_mixin.py:109} INFO - [2022-02-25 00:11:01,689] {dag.py:2935} INFO - Setting next_dagrun for example_xcom_args to None
[2022-02-25 00:11:01,690] {logging_mixin.py:109} INFO - [2022-02-25 00:11:01,690] {dag.py:2935} INFO - Setting next_dagrun for example_xcom_args_with_operators to None
[2022-02-25 00:11:01,699] {processor.py:171} INFO - Processing /home/airflow/.local/lib/python3.7/site-packages/airflow/example_dags/example_xcomargs.py took 0.235 seconds
[2022-02-25 00:11:31,941] {processor.py:163} INFO - Started process (PID=17180) to work on /home/airflow/.local/lib/python3.7/site-packages/airflow/example_dags/example_xcomargs.py
[2022-02-25 00:11:31,943] {processor.py:642} INFO - Processing file /home/airflow/.local/lib/python3.7/site-packages/airflow/example_dags/example_xcomargs.py for tasks to queue
[2022-02-25 00:11:31,944] {logging_mixin.py:109} INFO - [2022-02-25 00:11:31,944] {dagbag.py:500} INFO - Filling up the DagBag from /home/airflow/.local/lib/python3.7/site-packages/airflow/example_dags/example_xcomargs.py
[2022-02-25 00:11:31,980] {processor.py:654} INFO - DAG(s) dict_keys(['example_xcom_args', 'example_xcom_args_with_operators']) retrieved from /home/airflow/.local/lib/python3.7/site-packages/airflow/example_dags/example_xcomargs.py
[2022-02-25 00:11:31,993] {logging_mixin.py:109} INFO - [2022-02-25 00:11:31,992] {dag.py:2396} INFO - Sync 2 DAGs
[2022-02-25 00:11:32,007] {logging_mixin.py:109} INFO - [2022-02-25 00:11:32,007] {dag.py:2935} INFO - Setting next_dagrun for example_xcom_args to None
[2022-02-25 00:11:32,008] {logging_mixin.py:109} INFO - [2022-02-25 00:11:32,008] {dag.py:2935} INFO - Setting next_dagrun for example_xcom_args_with_operators to None
[2022-02-25 00:11:32,017] {processor.py:171} INFO - Processing /home/airflow/.local/lib/python3.7/site-packages/airflow/example_dags/example_xcomargs.py took 0.080 seconds
[2022-02-25 00:12:02,083] {processor.py:163} INFO - Started process (PID=17241) to work on /home/airflow/.local/lib/python3.7/site-packages/airflow/example_dags/example_xcomargs.py
[2022-02-25 00:12:02,086] {processor.py:642} INFO - Processing file /home/airflow/.local/lib/python3.7/site-packages/airflow/example_dags/example_xcomargs.py for tasks to queue
[2022-02-25 00:12:02,087] {logging_mixin.py:109} INFO - [2022-02-25 00:12:02,087] {dagbag.py:500} INFO - Filling up the DagBag from /home/airflow/.local/lib/python3.7/site-packages/airflow/example_dags/example_xcomargs.py
[2022-02-25 00:12:02,125] {processor.py:654} INFO - DAG(s) dict_keys(['example_xcom_args', 'example_xcom_args_with_operators']) retrieved from /home/airflow/.local/lib/python3.7/site-packages/airflow/example_dags/example_xcomargs.py
[2022-02-25 00:12:02,287] {logging_mixin.py:109} INFO - [2022-02-25 00:12:02,287] {dag.py:2396} INFO - Sync 2 DAGs
[2022-02-25 00:12:02,300] {logging_mixin.py:109} INFO - [2022-02-25 00:12:02,300] {dag.py:2935} INFO - Setting next_dagrun for example_xcom_args to None
[2022-02-25 00:12:02,301] {logging_mixin.py:109} INFO - [2022-02-25 00:12:02,301] {dag.py:2935} INFO - Setting next_dagrun for example_xcom_args_with_operators to None
[2022-02-25 00:12:02,310] {processor.py:171} INFO - Processing /home/airflow/.local/lib/python3.7/site-packages/airflow/example_dags/example_xcomargs.py took 0.231 seconds
[2022-02-25 00:12:32,489] {processor.py:163} INFO - Started process (PID=17294) to work on /home/airflow/.local/lib/python3.7/site-packages/airflow/example_dags/example_xcomargs.py
[2022-02-25 00:12:32,491] {processor.py:642} INFO - Processing file /home/airflow/.local/lib/python3.7/site-packages/airflow/example_dags/example_xcomargs.py for tasks to queue
[2022-02-25 00:12:32,492] {logging_mixin.py:109} INFO - [2022-02-25 00:12:32,492] {dagbag.py:500} INFO - Filling up the DagBag from /home/airflow/.local/lib/python3.7/site-packages/airflow/example_dags/example_xcomargs.py
[2022-02-25 00:12:32,523] {processor.py:654} INFO - DAG(s) dict_keys(['example_xcom_args', 'example_xcom_args_with_operators']) retrieved from /home/airflow/.local/lib/python3.7/site-packages/airflow/example_dags/example_xcomargs.py
[2022-02-25 00:12:32,703] {logging_mixin.py:109} INFO - [2022-02-25 00:12:32,703] {dag.py:2396} INFO - Sync 2 DAGs
[2022-02-25 00:12:32,717] {logging_mixin.py:109} INFO - [2022-02-25 00:12:32,717] {dag.py:2935} INFO - Setting next_dagrun for example_xcom_args to None
[2022-02-25 00:12:32,718] {logging_mixin.py:109} INFO - [2022-02-25 00:12:32,718] {dag.py:2935} INFO - Setting next_dagrun for example_xcom_args_with_operators to None
[2022-02-25 00:12:32,727] {processor.py:171} INFO - Processing /home/airflow/.local/lib/python3.7/site-packages/airflow/example_dags/example_xcomargs.py took 0.241 seconds
[2022-02-25 00:13:02,952] {processor.py:163} INFO - Started process (PID=17356) to work on /home/airflow/.local/lib/python3.7/site-packages/airflow/example_dags/example_xcomargs.py
[2022-02-25 00:13:02,954] {processor.py:642} INFO - Processing file /home/airflow/.local/lib/python3.7/site-packages/airflow/example_dags/example_xcomargs.py for tasks to queue
[2022-02-25 00:13:02,955] {logging_mixin.py:109} INFO - [2022-02-25 00:13:02,955] {dagbag.py:500} INFO - Filling up the DagBag from /home/airflow/.local/lib/python3.7/site-packages/airflow/example_dags/example_xcomargs.py
[2022-02-25 00:13:03,004] {processor.py:654} INFO - DAG(s) dict_keys(['example_xcom_args', 'example_xcom_args_with_operators']) retrieved from /home/airflow/.local/lib/python3.7/site-packages/airflow/example_dags/example_xcomargs.py
[2022-02-25 00:13:03,166] {logging_mixin.py:109} INFO - [2022-02-25 00:13:03,166] {dag.py:2396} INFO - Sync 2 DAGs
[2022-02-25 00:13:03,179] {logging_mixin.py:109} INFO - [2022-02-25 00:13:03,179] {dag.py:2935} INFO - Setting next_dagrun for example_xcom_args to None
[2022-02-25 00:13:03,180] {logging_mixin.py:109} INFO - [2022-02-25 00:13:03,180] {dag.py:2935} INFO - Setting next_dagrun for example_xcom_args_with_operators to None
[2022-02-25 00:13:03,189] {processor.py:171} INFO - Processing /home/airflow/.local/lib/python3.7/site-packages/airflow/example_dags/example_xcomargs.py took 0.243 seconds
[2022-02-25 00:13:33,261] {processor.py:163} INFO - Started process (PID=17407) to work on /home/airflow/.local/lib/python3.7/site-packages/airflow/example_dags/example_xcomargs.py
[2022-02-25 00:13:33,262] {processor.py:642} INFO - Processing file /home/airflow/.local/lib/python3.7/site-packages/airflow/example_dags/example_xcomargs.py for tasks to queue
[2022-02-25 00:13:33,263] {logging_mixin.py:109} INFO - [2022-02-25 00:13:33,263] {dagbag.py:500} INFO - Filling up the DagBag from /home/airflow/.local/lib/python3.7/site-packages/airflow/example_dags/example_xcomargs.py
[2022-02-25 00:13:33,297] {processor.py:654} INFO - DAG(s) dict_keys(['example_xcom_args', 'example_xcom_args_with_operators']) retrieved from /home/airflow/.local/lib/python3.7/site-packages/airflow/example_dags/example_xcomargs.py
[2022-02-25 00:13:33,479] {logging_mixin.py:109} INFO - [2022-02-25 00:13:33,479] {dag.py:2396} INFO - Sync 2 DAGs
[2022-02-25 00:13:33,497] {logging_mixin.py:109} INFO - [2022-02-25 00:13:33,497] {dag.py:2935} INFO - Setting next_dagrun for example_xcom_args to None
[2022-02-25 00:13:33,498] {logging_mixin.py:109} INFO - [2022-02-25 00:13:33,498] {dag.py:2935} INFO - Setting next_dagrun for example_xcom_args_with_operators to None
[2022-02-25 00:13:33,508] {processor.py:171} INFO - Processing /home/airflow/.local/lib/python3.7/site-packages/airflow/example_dags/example_xcomargs.py took 0.250 seconds
[2022-02-25 00:14:03,539] {processor.py:163} INFO - Started process (PID=17467) to work on /home/airflow/.local/lib/python3.7/site-packages/airflow/example_dags/example_xcomargs.py
[2022-02-25 00:14:03,541] {processor.py:642} INFO - Processing file /home/airflow/.local/lib/python3.7/site-packages/airflow/example_dags/example_xcomargs.py for tasks to queue
[2022-02-25 00:14:03,542] {logging_mixin.py:109} INFO - [2022-02-25 00:14:03,542] {dagbag.py:500} INFO - Filling up the DagBag from /home/airflow/.local/lib/python3.7/site-packages/airflow/example_dags/example_xcomargs.py
[2022-02-25 00:14:03,577] {processor.py:654} INFO - DAG(s) dict_keys(['example_xcom_args', 'example_xcom_args_with_operators']) retrieved from /home/airflow/.local/lib/python3.7/site-packages/airflow/example_dags/example_xcomargs.py
[2022-02-25 00:14:03,744] {logging_mixin.py:109} INFO - [2022-02-25 00:14:03,744] {dag.py:2396} INFO - Sync 2 DAGs
[2022-02-25 00:14:03,760] {logging_mixin.py:109} INFO - [2022-02-25 00:14:03,760] {dag.py:2935} INFO - Setting next_dagrun for example_xcom_args to None
[2022-02-25 00:14:03,761] {logging_mixin.py:109} INFO - [2022-02-25 00:14:03,761] {dag.py:2935} INFO - Setting next_dagrun for example_xcom_args_with_operators to None
[2022-02-25 00:14:03,771] {processor.py:171} INFO - Processing /home/airflow/.local/lib/python3.7/site-packages/airflow/example_dags/example_xcomargs.py took 0.235 seconds
[2022-02-25 00:14:33,984] {processor.py:163} INFO - Started process (PID=17518) to work on /home/airflow/.local/lib/python3.7/site-packages/airflow/example_dags/example_xcomargs.py
[2022-02-25 00:14:33,986] {processor.py:642} INFO - Processing file /home/airflow/.local/lib/python3.7/site-packages/airflow/example_dags/example_xcomargs.py for tasks to queue
[2022-02-25 00:14:33,987] {logging_mixin.py:109} INFO - [2022-02-25 00:14:33,987] {dagbag.py:500} INFO - Filling up the DagBag from /home/airflow/.local/lib/python3.7/site-packages/airflow/example_dags/example_xcomargs.py
[2022-02-25 00:14:34,017] {processor.py:654} INFO - DAG(s) dict_keys(['example_xcom_args', 'example_xcom_args_with_operators']) retrieved from /home/airflow/.local/lib/python3.7/site-packages/airflow/example_dags/example_xcomargs.py
[2022-02-25 00:14:34,181] {logging_mixin.py:109} INFO - [2022-02-25 00:14:34,180] {dag.py:2396} INFO - Sync 2 DAGs
[2022-02-25 00:14:34,193] {logging_mixin.py:109} INFO - [2022-02-25 00:14:34,193] {dag.py:2935} INFO - Setting next_dagrun for example_xcom_args to None
[2022-02-25 00:14:34,194] {logging_mixin.py:109} INFO - [2022-02-25 00:14:34,194] {dag.py:2935} INFO - Setting next_dagrun for example_xcom_args_with_operators to None
[2022-02-25 00:14:34,204] {processor.py:171} INFO - Processing /home/airflow/.local/lib/python3.7/site-packages/airflow/example_dags/example_xcomargs.py took 0.223 seconds
[2022-02-25 00:15:04,233] {processor.py:163} INFO - Started process (PID=17579) to work on /home/airflow/.local/lib/python3.7/site-packages/airflow/example_dags/example_xcomargs.py
[2022-02-25 00:15:04,235] {processor.py:642} INFO - Processing file /home/airflow/.local/lib/python3.7/site-packages/airflow/example_dags/example_xcomargs.py for tasks to queue
[2022-02-25 00:15:04,236] {logging_mixin.py:109} INFO - [2022-02-25 00:15:04,236] {dagbag.py:500} INFO - Filling up the DagBag from /home/airflow/.local/lib/python3.7/site-packages/airflow/example_dags/example_xcomargs.py
[2022-02-25 00:15:04,273] {processor.py:654} INFO - DAG(s) dict_keys(['example_xcom_args', 'example_xcom_args_with_operators']) retrieved from /home/airflow/.local/lib/python3.7/site-packages/airflow/example_dags/example_xcomargs.py
[2022-02-25 00:15:04,439] {logging_mixin.py:109} INFO - [2022-02-25 00:15:04,439] {dag.py:2396} INFO - Sync 2 DAGs
[2022-02-25 00:15:04,451] {logging_mixin.py:109} INFO - [2022-02-25 00:15:04,451] {dag.py:2935} INFO - Setting next_dagrun for example_xcom_args to None
[2022-02-25 00:15:04,452] {logging_mixin.py:109} INFO - [2022-02-25 00:15:04,452] {dag.py:2935} INFO - Setting next_dagrun for example_xcom_args_with_operators to None
[2022-02-25 00:15:04,461] {processor.py:171} INFO - Processing /home/airflow/.local/lib/python3.7/site-packages/airflow/example_dags/example_xcomargs.py took 0.231 seconds
[2022-02-25 00:15:34,655] {processor.py:163} INFO - Started process (PID=17630) to work on /home/airflow/.local/lib/python3.7/site-packages/airflow/example_dags/example_xcomargs.py
[2022-02-25 00:15:34,658] {processor.py:642} INFO - Processing file /home/airflow/.local/lib/python3.7/site-packages/airflow/example_dags/example_xcomargs.py for tasks to queue
[2022-02-25 00:15:34,659] {logging_mixin.py:109} INFO - [2022-02-25 00:15:34,659] {dagbag.py:500} INFO - Filling up the DagBag from /home/airflow/.local/lib/python3.7/site-packages/airflow/example_dags/example_xcomargs.py
[2022-02-25 00:15:34,697] {processor.py:654} INFO - DAG(s) dict_keys(['example_xcom_args', 'example_xcom_args_with_operators']) retrieved from /home/airflow/.local/lib/python3.7/site-packages/airflow/example_dags/example_xcomargs.py
[2022-02-25 00:15:34,875] {logging_mixin.py:109} INFO - [2022-02-25 00:15:34,875] {dag.py:2396} INFO - Sync 2 DAGs
[2022-02-25 00:15:34,888] {logging_mixin.py:109} INFO - [2022-02-25 00:15:34,888] {dag.py:2935} INFO - Setting next_dagrun for example_xcom_args to None
[2022-02-25 00:15:34,888] {logging_mixin.py:109} INFO - [2022-02-25 00:15:34,888] {dag.py:2935} INFO - Setting next_dagrun for example_xcom_args_with_operators to None
[2022-02-25 00:15:34,897] {processor.py:171} INFO - Processing /home/airflow/.local/lib/python3.7/site-packages/airflow/example_dags/example_xcomargs.py took 0.246 seconds
[2022-02-25 00:16:05,073] {processor.py:163} INFO - Started process (PID=17693) to work on /home/airflow/.local/lib/python3.7/site-packages/airflow/example_dags/example_xcomargs.py
[2022-02-25 00:16:05,074] {processor.py:642} INFO - Processing file /home/airflow/.local/lib/python3.7/site-packages/airflow/example_dags/example_xcomargs.py for tasks to queue
[2022-02-25 00:16:05,076] {logging_mixin.py:109} INFO - [2022-02-25 00:16:05,075] {dagbag.py:500} INFO - Filling up the DagBag from /home/airflow/.local/lib/python3.7/site-packages/airflow/example_dags/example_xcomargs.py
[2022-02-25 00:16:05,112] {processor.py:654} INFO - DAG(s) dict_keys(['example_xcom_args', 'example_xcom_args_with_operators']) retrieved from /home/airflow/.local/lib/python3.7/site-packages/airflow/example_dags/example_xcomargs.py
[2022-02-25 00:16:05,125] {logging_mixin.py:109} INFO - [2022-02-25 00:16:05,125] {dag.py:2396} INFO - Sync 2 DAGs
[2022-02-25 00:16:05,141] {logging_mixin.py:109} INFO - [2022-02-25 00:16:05,141] {dag.py:2935} INFO - Setting next_dagrun for example_xcom_args to None
[2022-02-25 00:16:05,142] {logging_mixin.py:109} INFO - [2022-02-25 00:16:05,142] {dag.py:2935} INFO - Setting next_dagrun for example_xcom_args_with_operators to None
[2022-02-25 00:16:05,151] {processor.py:171} INFO - Processing /home/airflow/.local/lib/python3.7/site-packages/airflow/example_dags/example_xcomargs.py took 0.082 seconds
[2022-02-25 00:16:36,055] {processor.py:163} INFO - Started process (PID=17744) to work on /home/airflow/.local/lib/python3.7/site-packages/airflow/example_dags/example_xcomargs.py
[2022-02-25 00:16:36,059] {processor.py:642} INFO - Processing file /home/airflow/.local/lib/python3.7/site-packages/airflow/example_dags/example_xcomargs.py for tasks to queue
[2022-02-25 00:16:36,061] {logging_mixin.py:109} INFO - [2022-02-25 00:16:36,061] {dagbag.py:500} INFO - Filling up the DagBag from /home/airflow/.local/lib/python3.7/site-packages/airflow/example_dags/example_xcomargs.py
[2022-02-25 00:16:36,098] {processor.py:654} INFO - DAG(s) dict_keys(['example_xcom_args', 'example_xcom_args_with_operators']) retrieved from /home/airflow/.local/lib/python3.7/site-packages/airflow/example_dags/example_xcomargs.py
[2022-02-25 00:16:36,282] {logging_mixin.py:109} INFO - [2022-02-25 00:16:36,281] {dag.py:2396} INFO - Sync 2 DAGs
[2022-02-25 00:16:36,275] {logging_mixin.py:109} INFO - [2022-02-25 00:16:36,275] {dag.py:2935} INFO - Setting next_dagrun for example_xcom_args to None
[2022-02-25 00:16:36,276] {logging_mixin.py:109} INFO - [2022-02-25 00:16:36,276] {dag.py:2935} INFO - Setting next_dagrun for example_xcom_args_with_operators to None
[2022-02-25 00:16:36,288] {processor.py:171} INFO - Processing /home/airflow/.local/lib/python3.7/site-packages/airflow/example_dags/example_xcomargs.py took 0.259 seconds
[2022-02-25 00:17:06,493] {processor.py:163} INFO - Started process (PID=17806) to work on /home/airflow/.local/lib/python3.7/site-packages/airflow/example_dags/example_xcomargs.py
[2022-02-25 00:17:06,496] {processor.py:642} INFO - Processing file /home/airflow/.local/lib/python3.7/site-packages/airflow/example_dags/example_xcomargs.py for tasks to queue
[2022-02-25 00:17:06,497] {logging_mixin.py:109} INFO - [2022-02-25 00:17:06,497] {dagbag.py:500} INFO - Filling up the DagBag from /home/airflow/.local/lib/python3.7/site-packages/airflow/example_dags/example_xcomargs.py
[2022-02-25 00:17:06,535] {processor.py:654} INFO - DAG(s) dict_keys(['example_xcom_args', 'example_xcom_args_with_operators']) retrieved from /home/airflow/.local/lib/python3.7/site-packages/airflow/example_dags/example_xcomargs.py
[2022-02-25 00:17:06,706] {logging_mixin.py:109} INFO - [2022-02-25 00:17:06,706] {dag.py:2396} INFO - Sync 2 DAGs
[2022-02-25 00:17:06,718] {logging_mixin.py:109} INFO - [2022-02-25 00:17:06,718] {dag.py:2935} INFO - Setting next_dagrun for example_xcom_args to None
[2022-02-25 00:17:06,719] {logging_mixin.py:109} INFO - [2022-02-25 00:17:06,719] {dag.py:2935} INFO - Setting next_dagrun for example_xcom_args_with_operators to None
[2022-02-25 00:17:06,729] {processor.py:171} INFO - Processing /home/airflow/.local/lib/python3.7/site-packages/airflow/example_dags/example_xcomargs.py took 0.240 seconds
[2022-02-25 00:17:36,760] {processor.py:163} INFO - Started process (PID=17858) to work on /home/airflow/.local/lib/python3.7/site-packages/airflow/example_dags/example_xcomargs.py
[2022-02-25 00:17:36,762] {processor.py:642} INFO - Processing file /home/airflow/.local/lib/python3.7/site-packages/airflow/example_dags/example_xcomargs.py for tasks to queue
[2022-02-25 00:17:36,763] {logging_mixin.py:109} INFO - [2022-02-25 00:17:36,763] {dagbag.py:500} INFO - Filling up the DagBag from /home/airflow/.local/lib/python3.7/site-packages/airflow/example_dags/example_xcomargs.py
[2022-02-25 00:17:36,802] {processor.py:654} INFO - DAG(s) dict_keys(['example_xcom_args', 'example_xcom_args_with_operators']) retrieved from /home/airflow/.local/lib/python3.7/site-packages/airflow/example_dags/example_xcomargs.py
[2022-02-25 00:17:36,970] {logging_mixin.py:109} INFO - [2022-02-25 00:17:36,970] {dag.py:2396} INFO - Sync 2 DAGs
[2022-02-25 00:17:36,983] {logging_mixin.py:109} INFO - [2022-02-25 00:17:36,983] {dag.py:2935} INFO - Setting next_dagrun for example_xcom_args to None
[2022-02-25 00:17:36,984] {logging_mixin.py:109} INFO - [2022-02-25 00:17:36,984] {dag.py:2935} INFO - Setting next_dagrun for example_xcom_args_with_operators to None
[2022-02-25 00:17:36,993] {processor.py:171} INFO - Processing /home/airflow/.local/lib/python3.7/site-packages/airflow/example_dags/example_xcomargs.py took 0.237 seconds
[2022-02-25 00:18:07,227] {processor.py:163} INFO - Started process (PID=17922) to work on /home/airflow/.local/lib/python3.7/site-packages/airflow/example_dags/example_xcomargs.py
[2022-02-25 00:18:07,229] {processor.py:642} INFO - Processing file /home/airflow/.local/lib/python3.7/site-packages/airflow/example_dags/example_xcomargs.py for tasks to queue
[2022-02-25 00:18:07,231] {logging_mixin.py:109} INFO - [2022-02-25 00:18:07,231] {dagbag.py:500} INFO - Filling up the DagBag from /home/airflow/.local/lib/python3.7/site-packages/airflow/example_dags/example_xcomargs.py
[2022-02-25 00:18:07,268] {processor.py:654} INFO - DAG(s) dict_keys(['example_xcom_args', 'example_xcom_args_with_operators']) retrieved from /home/airflow/.local/lib/python3.7/site-packages/airflow/example_dags/example_xcomargs.py
[2022-02-25 00:18:07,432] {logging_mixin.py:109} INFO - [2022-02-25 00:18:07,432] {dag.py:2396} INFO - Sync 2 DAGs
[2022-02-25 00:18:07,445] {logging_mixin.py:109} INFO - [2022-02-25 00:18:07,445] {dag.py:2935} INFO - Setting next_dagrun for example_xcom_args to None
[2022-02-25 00:18:07,446] {logging_mixin.py:109} INFO - [2022-02-25 00:18:07,446] {dag.py:2935} INFO - Setting next_dagrun for example_xcom_args_with_operators to None
[2022-02-25 00:18:07,457] {processor.py:171} INFO - Processing /home/airflow/.local/lib/python3.7/site-packages/airflow/example_dags/example_xcomargs.py took 0.234 seconds
[2022-02-25 00:18:37,507] {processor.py:163} INFO - Started process (PID=17973) to work on /home/airflow/.local/lib/python3.7/site-packages/airflow/example_dags/example_xcomargs.py
[2022-02-25 00:18:37,510] {processor.py:642} INFO - Processing file /home/airflow/.local/lib/python3.7/site-packages/airflow/example_dags/example_xcomargs.py for tasks to queue
[2022-02-25 00:18:37,511] {logging_mixin.py:109} INFO - [2022-02-25 00:18:37,511] {dagbag.py:500} INFO - Filling up the DagBag from /home/airflow/.local/lib/python3.7/site-packages/airflow/example_dags/example_xcomargs.py
[2022-02-25 00:18:37,550] {processor.py:654} INFO - DAG(s) dict_keys(['example_xcom_args', 'example_xcom_args_with_operators']) retrieved from /home/airflow/.local/lib/python3.7/site-packages/airflow/example_dags/example_xcomargs.py
[2022-02-25 00:18:37,721] {logging_mixin.py:109} INFO - [2022-02-25 00:18:37,721] {dag.py:2396} INFO - Sync 2 DAGs
[2022-02-25 00:18:37,737] {logging_mixin.py:109} INFO - [2022-02-25 00:18:37,737] {dag.py:2935} INFO - Setting next_dagrun for example_xcom_args to None
[2022-02-25 00:18:37,738] {logging_mixin.py:109} INFO - [2022-02-25 00:18:37,738] {dag.py:2935} INFO - Setting next_dagrun for example_xcom_args_with_operators to None
[2022-02-25 00:18:37,751] {processor.py:171} INFO - Processing /home/airflow/.local/lib/python3.7/site-packages/airflow/example_dags/example_xcomargs.py took 0.248 seconds
[2022-02-25 00:19:08,555] {processor.py:163} INFO - Started process (PID=18033) to work on /home/airflow/.local/lib/python3.7/site-packages/airflow/example_dags/example_xcomargs.py
[2022-02-25 00:19:08,557] {processor.py:642} INFO - Processing file /home/airflow/.local/lib/python3.7/site-packages/airflow/example_dags/example_xcomargs.py for tasks to queue
[2022-02-25 00:19:08,558] {logging_mixin.py:109} INFO - [2022-02-25 00:19:08,558] {dagbag.py:500} INFO - Filling up the DagBag from /home/airflow/.local/lib/python3.7/site-packages/airflow/example_dags/example_xcomargs.py
[2022-02-25 00:19:08,595] {processor.py:654} INFO - DAG(s) dict_keys(['example_xcom_args', 'example_xcom_args_with_operators']) retrieved from /home/airflow/.local/lib/python3.7/site-packages/airflow/example_dags/example_xcomargs.py
[2022-02-25 00:19:08,768] {logging_mixin.py:109} INFO - [2022-02-25 00:19:08,768] {dag.py:2396} INFO - Sync 2 DAGs
[2022-02-25 00:19:08,786] {logging_mixin.py:109} INFO - [2022-02-25 00:19:08,786] {dag.py:2935} INFO - Setting next_dagrun for example_xcom_args to None
[2022-02-25 00:19:08,786] {logging_mixin.py:109} INFO - [2022-02-25 00:19:08,786] {dag.py:2935} INFO - Setting next_dagrun for example_xcom_args_with_operators to None
[2022-02-25 00:19:08,798] {processor.py:171} INFO - Processing /home/airflow/.local/lib/python3.7/site-packages/airflow/example_dags/example_xcomargs.py took 0.248 seconds
[2022-02-25 00:19:38,925] {processor.py:163} INFO - Started process (PID=18084) to work on /home/airflow/.local/lib/python3.7/site-packages/airflow/example_dags/example_xcomargs.py
[2022-02-25 00:19:38,927] {processor.py:642} INFO - Processing file /home/airflow/.local/lib/python3.7/site-packages/airflow/example_dags/example_xcomargs.py for tasks to queue
[2022-02-25 00:19:38,928] {logging_mixin.py:109} INFO - [2022-02-25 00:19:38,928] {dagbag.py:500} INFO - Filling up the DagBag from /home/airflow/.local/lib/python3.7/site-packages/airflow/example_dags/example_xcomargs.py
[2022-02-25 00:19:38,967] {processor.py:654} INFO - DAG(s) dict_keys(['example_xcom_args', 'example_xcom_args_with_operators']) retrieved from /home/airflow/.local/lib/python3.7/site-packages/airflow/example_dags/example_xcomargs.py
[2022-02-25 00:19:39,147] {logging_mixin.py:109} INFO - [2022-02-25 00:19:39,147] {dag.py:2396} INFO - Sync 2 DAGs
[2022-02-25 00:19:39,161] {logging_mixin.py:109} INFO - [2022-02-25 00:19:39,161] {dag.py:2935} INFO - Setting next_dagrun for example_xcom_args to None
[2022-02-25 00:19:39,162] {logging_mixin.py:109} INFO - [2022-02-25 00:19:39,162] {dag.py:2935} INFO - Setting next_dagrun for example_xcom_args_with_operators to None
[2022-02-25 00:19:39,173] {processor.py:171} INFO - Processing /home/airflow/.local/lib/python3.7/site-packages/airflow/example_dags/example_xcomargs.py took 0.252 seconds
[2022-02-25 00:20:09,916] {processor.py:163} INFO - Started process (PID=18146) to work on /home/airflow/.local/lib/python3.7/site-packages/airflow/example_dags/example_xcomargs.py
[2022-02-25 00:20:09,918] {processor.py:642} INFO - Processing file /home/airflow/.local/lib/python3.7/site-packages/airflow/example_dags/example_xcomargs.py for tasks to queue
[2022-02-25 00:20:09,919] {logging_mixin.py:109} INFO - [2022-02-25 00:20:09,919] {dagbag.py:500} INFO - Filling up the DagBag from /home/airflow/.local/lib/python3.7/site-packages/airflow/example_dags/example_xcomargs.py
[2022-02-25 00:20:09,958] {processor.py:654} INFO - DAG(s) dict_keys(['example_xcom_args', 'example_xcom_args_with_operators']) retrieved from /home/airflow/.local/lib/python3.7/site-packages/airflow/example_dags/example_xcomargs.py
[2022-02-25 00:20:10,126] {logging_mixin.py:109} INFO - [2022-02-25 00:20:10,126] {dag.py:2396} INFO - Sync 2 DAGs
[2022-02-25 00:20:10,140] {logging_mixin.py:109} INFO - [2022-02-25 00:20:10,140] {dag.py:2935} INFO - Setting next_dagrun for example_xcom_args to None
[2022-02-25 00:20:10,141] {logging_mixin.py:109} INFO - [2022-02-25 00:20:10,141] {dag.py:2935} INFO - Setting next_dagrun for example_xcom_args_with_operators to None
[2022-02-25 00:20:10,151] {processor.py:171} INFO - Processing /home/airflow/.local/lib/python3.7/site-packages/airflow/example_dags/example_xcomargs.py took 0.240 seconds
[2022-02-25 00:20:40,238] {processor.py:163} INFO - Started process (PID=18197) to work on /home/airflow/.local/lib/python3.7/site-packages/airflow/example_dags/example_xcomargs.py
[2022-02-25 00:20:40,240] {processor.py:642} INFO - Processing file /home/airflow/.local/lib/python3.7/site-packages/airflow/example_dags/example_xcomargs.py for tasks to queue
[2022-02-25 00:20:40,241] {logging_mixin.py:109} INFO - [2022-02-25 00:20:40,241] {dagbag.py:500} INFO - Filling up the DagBag from /home/airflow/.local/lib/python3.7/site-packages/airflow/example_dags/example_xcomargs.py
[2022-02-25 00:20:40,273] {processor.py:654} INFO - DAG(s) dict_keys(['example_xcom_args', 'example_xcom_args_with_operators']) retrieved from /home/airflow/.local/lib/python3.7/site-packages/airflow/example_dags/example_xcomargs.py
[2022-02-25 00:20:40,448] {logging_mixin.py:109} INFO - [2022-02-25 00:20:40,448] {dag.py:2396} INFO - Sync 2 DAGs
[2022-02-25 00:20:40,462] {logging_mixin.py:109} INFO - [2022-02-25 00:20:40,461] {dag.py:2935} INFO - Setting next_dagrun for example_xcom_args to None
[2022-02-25 00:20:40,462] {logging_mixin.py:109} INFO - [2022-02-25 00:20:40,462] {dag.py:2935} INFO - Setting next_dagrun for example_xcom_args_with_operators to None
[2022-02-25 00:20:40,476] {processor.py:171} INFO - Processing /home/airflow/.local/lib/python3.7/site-packages/airflow/example_dags/example_xcomargs.py took 0.242 seconds
[2022-02-25 00:21:10,702] {processor.py:163} INFO - Started process (PID=18260) to work on /home/airflow/.local/lib/python3.7/site-packages/airflow/example_dags/example_xcomargs.py
[2022-02-25 00:21:10,704] {processor.py:642} INFO - Processing file /home/airflow/.local/lib/python3.7/site-packages/airflow/example_dags/example_xcomargs.py for tasks to queue
[2022-02-25 00:21:10,705] {logging_mixin.py:109} INFO - [2022-02-25 00:21:10,705] {dagbag.py:500} INFO - Filling up the DagBag from /home/airflow/.local/lib/python3.7/site-packages/airflow/example_dags/example_xcomargs.py
[2022-02-25 00:21:10,744] {processor.py:654} INFO - DAG(s) dict_keys(['example_xcom_args', 'example_xcom_args_with_operators']) retrieved from /home/airflow/.local/lib/python3.7/site-packages/airflow/example_dags/example_xcomargs.py
[2022-02-25 00:21:10,911] {logging_mixin.py:109} INFO - [2022-02-25 00:21:10,911] {dag.py:2396} INFO - Sync 2 DAGs
[2022-02-25 00:21:10,924] {logging_mixin.py:109} INFO - [2022-02-25 00:21:10,924] {dag.py:2935} INFO - Setting next_dagrun for example_xcom_args to None
[2022-02-25 00:21:10,925] {logging_mixin.py:109} INFO - [2022-02-25 00:21:10,925] {dag.py:2935} INFO - Setting next_dagrun for example_xcom_args_with_operators to None
[2022-02-25 00:21:10,935] {processor.py:171} INFO - Processing /home/airflow/.local/lib/python3.7/site-packages/airflow/example_dags/example_xcomargs.py took 0.237 seconds
[2022-02-25 00:21:41,117] {processor.py:163} INFO - Started process (PID=18311) to work on /home/airflow/.local/lib/python3.7/site-packages/airflow/example_dags/example_xcomargs.py
[2022-02-25 00:21:41,119] {processor.py:642} INFO - Processing file /home/airflow/.local/lib/python3.7/site-packages/airflow/example_dags/example_xcomargs.py for tasks to queue
[2022-02-25 00:21:41,120] {logging_mixin.py:109} INFO - [2022-02-25 00:21:41,120] {dagbag.py:500} INFO - Filling up the DagBag from /home/airflow/.local/lib/python3.7/site-packages/airflow/example_dags/example_xcomargs.py
[2022-02-25 00:21:41,156] {processor.py:654} INFO - DAG(s) dict_keys(['example_xcom_args', 'example_xcom_args_with_operators']) retrieved from /home/airflow/.local/lib/python3.7/site-packages/airflow/example_dags/example_xcomargs.py
[2022-02-25 00:21:41,340] {logging_mixin.py:109} INFO - [2022-02-25 00:21:41,340] {dag.py:2396} INFO - Sync 2 DAGs
[2022-02-25 00:21:41,366] {logging_mixin.py:109} INFO - [2022-02-25 00:21:41,366] {dag.py:2935} INFO - Setting next_dagrun for example_xcom_args to None
[2022-02-25 00:21:41,367] {logging_mixin.py:109} INFO - [2022-02-25 00:21:41,367] {dag.py:2935} INFO - Setting next_dagrun for example_xcom_args_with_operators to None
[2022-02-25 00:21:41,385] {processor.py:171} INFO - Processing /home/airflow/.local/lib/python3.7/site-packages/airflow/example_dags/example_xcomargs.py took 0.274 seconds
[2022-02-25 00:22:11,443] {processor.py:163} INFO - Started process (PID=18373) to work on /home/airflow/.local/lib/python3.7/site-packages/airflow/example_dags/example_xcomargs.py
[2022-02-25 00:22:11,445] {processor.py:642} INFO - Processing file /home/airflow/.local/lib/python3.7/site-packages/airflow/example_dags/example_xcomargs.py for tasks to queue
[2022-02-25 00:22:11,447] {logging_mixin.py:109} INFO - [2022-02-25 00:22:11,447] {dagbag.py:500} INFO - Filling up the DagBag from /home/airflow/.local/lib/python3.7/site-packages/airflow/example_dags/example_xcomargs.py
[2022-02-25 00:22:11,484] {processor.py:654} INFO - DAG(s) dict_keys(['example_xcom_args', 'example_xcom_args_with_operators']) retrieved from /home/airflow/.local/lib/python3.7/site-packages/airflow/example_dags/example_xcomargs.py
[2022-02-25 00:22:11,651] {logging_mixin.py:109} INFO - [2022-02-25 00:22:11,651] {dag.py:2396} INFO - Sync 2 DAGs
[2022-02-25 00:22:11,665] {logging_mixin.py:109} INFO - [2022-02-25 00:22:11,665] {dag.py:2935} INFO - Setting next_dagrun for example_xcom_args to None
[2022-02-25 00:22:11,665] {logging_mixin.py:109} INFO - [2022-02-25 00:22:11,665] {dag.py:2935} INFO - Setting next_dagrun for example_xcom_args_with_operators to None
[2022-02-25 00:22:11,676] {processor.py:171} INFO - Processing /home/airflow/.local/lib/python3.7/site-packages/airflow/example_dags/example_xcomargs.py took 0.237 seconds
[2022-02-25 00:22:41,703] {processor.py:163} INFO - Started process (PID=18424) to work on /home/airflow/.local/lib/python3.7/site-packages/airflow/example_dags/example_xcomargs.py
[2022-02-25 00:22:41,706] {processor.py:642} INFO - Processing file /home/airflow/.local/lib/python3.7/site-packages/airflow/example_dags/example_xcomargs.py for tasks to queue
[2022-02-25 00:22:41,707] {logging_mixin.py:109} INFO - [2022-02-25 00:22:41,707] {dagbag.py:500} INFO - Filling up the DagBag from /home/airflow/.local/lib/python3.7/site-packages/airflow/example_dags/example_xcomargs.py
[2022-02-25 00:22:41,744] {processor.py:654} INFO - DAG(s) dict_keys(['example_xcom_args', 'example_xcom_args_with_operators']) retrieved from /home/airflow/.local/lib/python3.7/site-packages/airflow/example_dags/example_xcomargs.py
[2022-02-25 00:22:41,926] {logging_mixin.py:109} INFO - [2022-02-25 00:22:41,926] {dag.py:2396} INFO - Sync 2 DAGs
[2022-02-25 00:22:41,941] {logging_mixin.py:109} INFO - [2022-02-25 00:22:41,941] {dag.py:2935} INFO - Setting next_dagrun for example_xcom_args to None
[2022-02-25 00:22:41,942] {logging_mixin.py:109} INFO - [2022-02-25 00:22:41,942] {dag.py:2935} INFO - Setting next_dagrun for example_xcom_args_with_operators to None
[2022-02-25 00:22:41,952] {processor.py:171} INFO - Processing /home/airflow/.local/lib/python3.7/site-packages/airflow/example_dags/example_xcomargs.py took 0.253 seconds
[2022-02-25 00:23:12,345] {processor.py:163} INFO - Started process (PID=18488) to work on /home/airflow/.local/lib/python3.7/site-packages/airflow/example_dags/example_xcomargs.py
[2022-02-25 00:23:12,347] {processor.py:642} INFO - Processing file /home/airflow/.local/lib/python3.7/site-packages/airflow/example_dags/example_xcomargs.py for tasks to queue
[2022-02-25 00:23:12,348] {logging_mixin.py:109} INFO - [2022-02-25 00:23:12,348] {dagbag.py:500} INFO - Filling up the DagBag from /home/airflow/.local/lib/python3.7/site-packages/airflow/example_dags/example_xcomargs.py
[2022-02-25 00:23:12,379] {processor.py:654} INFO - DAG(s) dict_keys(['example_xcom_args', 'example_xcom_args_with_operators']) retrieved from /home/airflow/.local/lib/python3.7/site-packages/airflow/example_dags/example_xcomargs.py
[2022-02-25 00:23:12,546] {logging_mixin.py:109} INFO - [2022-02-25 00:23:12,546] {dag.py:2396} INFO - Sync 2 DAGs
[2022-02-25 00:23:12,559] {logging_mixin.py:109} INFO - [2022-02-25 00:23:12,559] {dag.py:2935} INFO - Setting next_dagrun for example_xcom_args to None
[2022-02-25 00:23:12,560] {logging_mixin.py:109} INFO - [2022-02-25 00:23:12,560] {dag.py:2935} INFO - Setting next_dagrun for example_xcom_args_with_operators to None
[2022-02-25 00:23:12,569] {processor.py:171} INFO - Processing /home/airflow/.local/lib/python3.7/site-packages/airflow/example_dags/example_xcomargs.py took 0.228 seconds
[2022-02-25 00:23:42,605] {processor.py:163} INFO - Started process (PID=18541) to work on /home/airflow/.local/lib/python3.7/site-packages/airflow/example_dags/example_xcomargs.py
[2022-02-25 00:23:42,607] {processor.py:642} INFO - Processing file /home/airflow/.local/lib/python3.7/site-packages/airflow/example_dags/example_xcomargs.py for tasks to queue
[2022-02-25 00:23:42,608] {logging_mixin.py:109} INFO - [2022-02-25 00:23:42,608] {dagbag.py:500} INFO - Filling up the DagBag from /home/airflow/.local/lib/python3.7/site-packages/airflow/example_dags/example_xcomargs.py
[2022-02-25 00:23:42,647] {processor.py:654} INFO - DAG(s) dict_keys(['example_xcom_args', 'example_xcom_args_with_operators']) retrieved from /home/airflow/.local/lib/python3.7/site-packages/airflow/example_dags/example_xcomargs.py
[2022-02-25 00:23:42,661] {logging_mixin.py:109} INFO - [2022-02-25 00:23:42,661] {dag.py:2396} INFO - Sync 2 DAGs
[2022-02-25 00:23:42,678] {logging_mixin.py:109} INFO - [2022-02-25 00:23:42,678] {dag.py:2935} INFO - Setting next_dagrun for example_xcom_args to None
[2022-02-25 00:23:42,679] {logging_mixin.py:109} INFO - [2022-02-25 00:23:42,679] {dag.py:2935} INFO - Setting next_dagrun for example_xcom_args_with_operators to None
[2022-02-25 00:23:42,688] {processor.py:171} INFO - Processing /home/airflow/.local/lib/python3.7/site-packages/airflow/example_dags/example_xcomargs.py took 0.087 seconds
[2022-02-25 00:24:12,825] {processor.py:163} INFO - Started process (PID=18602) to work on /home/airflow/.local/lib/python3.7/site-packages/airflow/example_dags/example_xcomargs.py
[2022-02-25 00:24:12,827] {processor.py:642} INFO - Processing file /home/airflow/.local/lib/python3.7/site-packages/airflow/example_dags/example_xcomargs.py for tasks to queue
[2022-02-25 00:24:12,828] {logging_mixin.py:109} INFO - [2022-02-25 00:24:12,828] {dagbag.py:500} INFO - Filling up the DagBag from /home/airflow/.local/lib/python3.7/site-packages/airflow/example_dags/example_xcomargs.py
[2022-02-25 00:24:12,859] {processor.py:654} INFO - DAG(s) dict_keys(['example_xcom_args', 'example_xcom_args_with_operators']) retrieved from /home/airflow/.local/lib/python3.7/site-packages/airflow/example_dags/example_xcomargs.py
[2022-02-25 00:24:13,062] {logging_mixin.py:109} INFO - [2022-02-25 00:24:13,062] {dag.py:2396} INFO - Sync 2 DAGs
[2022-02-25 00:24:13,078] {logging_mixin.py:109} INFO - [2022-02-25 00:24:13,078] {dag.py:2935} INFO - Setting next_dagrun for example_xcom_args to None
[2022-02-25 00:24:13,079] {logging_mixin.py:109} INFO - [2022-02-25 00:24:13,079] {dag.py:2935} INFO - Setting next_dagrun for example_xcom_args_with_operators to None
[2022-02-25 00:24:13,091] {processor.py:171} INFO - Processing /home/airflow/.local/lib/python3.7/site-packages/airflow/example_dags/example_xcomargs.py took 0.269 seconds
[2022-02-25 00:24:43,361] {processor.py:163} INFO - Started process (PID=18654) to work on /home/airflow/.local/lib/python3.7/site-packages/airflow/example_dags/example_xcomargs.py
[2022-02-25 00:24:43,364] {processor.py:642} INFO - Processing file /home/airflow/.local/lib/python3.7/site-packages/airflow/example_dags/example_xcomargs.py for tasks to queue
[2022-02-25 00:24:43,365] {logging_mixin.py:109} INFO - [2022-02-25 00:24:43,365] {dagbag.py:500} INFO - Filling up the DagBag from /home/airflow/.local/lib/python3.7/site-packages/airflow/example_dags/example_xcomargs.py
[2022-02-25 00:24:43,403] {processor.py:654} INFO - DAG(s) dict_keys(['example_xcom_args', 'example_xcom_args_with_operators']) retrieved from /home/airflow/.local/lib/python3.7/site-packages/airflow/example_dags/example_xcomargs.py
[2022-02-25 00:24:43,588] {logging_mixin.py:109} INFO - [2022-02-25 00:24:43,588] {dag.py:2396} INFO - Sync 2 DAGs
[2022-02-25 00:24:43,600] {logging_mixin.py:109} INFO - [2022-02-25 00:24:43,600] {dag.py:2935} INFO - Setting next_dagrun for example_xcom_args to None
[2022-02-25 00:24:43,602] {logging_mixin.py:109} INFO - [2022-02-25 00:24:43,601] {dag.py:2935} INFO - Setting next_dagrun for example_xcom_args_with_operators to None
[2022-02-25 00:24:43,611] {processor.py:171} INFO - Processing /home/airflow/.local/lib/python3.7/site-packages/airflow/example_dags/example_xcomargs.py took 0.254 seconds
[2022-02-25 00:25:13,775] {processor.py:163} INFO - Started process (PID=18706) to work on /home/airflow/.local/lib/python3.7/site-packages/airflow/example_dags/example_xcomargs.py
[2022-02-25 00:25:13,777] {processor.py:642} INFO - Processing file /home/airflow/.local/lib/python3.7/site-packages/airflow/example_dags/example_xcomargs.py for tasks to queue
[2022-02-25 00:25:13,778] {logging_mixin.py:109} INFO - [2022-02-25 00:25:13,778] {dagbag.py:500} INFO - Filling up the DagBag from /home/airflow/.local/lib/python3.7/site-packages/airflow/example_dags/example_xcomargs.py
[2022-02-25 00:25:13,816] {processor.py:654} INFO - DAG(s) dict_keys(['example_xcom_args', 'example_xcom_args_with_operators']) retrieved from /home/airflow/.local/lib/python3.7/site-packages/airflow/example_dags/example_xcomargs.py
[2022-02-25 00:25:13,985] {logging_mixin.py:109} INFO - [2022-02-25 00:25:13,985] {dag.py:2396} INFO - Sync 2 DAGs
[2022-02-25 00:25:13,999] {logging_mixin.py:109} INFO - [2022-02-25 00:25:13,999] {dag.py:2935} INFO - Setting next_dagrun for example_xcom_args to None
[2022-02-25 00:25:14,000] {logging_mixin.py:109} INFO - [2022-02-25 00:25:14,000] {dag.py:2935} INFO - Setting next_dagrun for example_xcom_args_with_operators to None
[2022-02-25 00:25:14,009] {processor.py:171} INFO - Processing /home/airflow/.local/lib/python3.7/site-packages/airflow/example_dags/example_xcomargs.py took 0.239 seconds
[2022-02-25 00:25:44,151] {processor.py:163} INFO - Started process (PID=18770) to work on /home/airflow/.local/lib/python3.7/site-packages/airflow/example_dags/example_xcomargs.py
[2022-02-25 00:25:44,153] {processor.py:642} INFO - Processing file /home/airflow/.local/lib/python3.7/site-packages/airflow/example_dags/example_xcomargs.py for tasks to queue
[2022-02-25 00:25:44,155] {logging_mixin.py:109} INFO - [2022-02-25 00:25:44,154] {dagbag.py:500} INFO - Filling up the DagBag from /home/airflow/.local/lib/python3.7/site-packages/airflow/example_dags/example_xcomargs.py
[2022-02-25 00:25:44,194] {processor.py:654} INFO - DAG(s) dict_keys(['example_xcom_args', 'example_xcom_args_with_operators']) retrieved from /home/airflow/.local/lib/python3.7/site-packages/airflow/example_dags/example_xcomargs.py
[2022-02-25 00:25:44,376] {logging_mixin.py:109} INFO - [2022-02-25 00:25:44,376] {dag.py:2396} INFO - Sync 2 DAGs
[2022-02-25 00:25:44,391] {logging_mixin.py:109} INFO - [2022-02-25 00:25:44,391] {dag.py:2935} INFO - Setting next_dagrun for example_xcom_args to None
[2022-02-25 00:25:44,392] {logging_mixin.py:109} INFO - [2022-02-25 00:25:44,392] {dag.py:2935} INFO - Setting next_dagrun for example_xcom_args_with_operators to None
[2022-02-25 00:25:44,406] {processor.py:171} INFO - Processing /home/airflow/.local/lib/python3.7/site-packages/airflow/example_dags/example_xcomargs.py took 0.258 seconds
[2022-02-25 00:26:14,494] {processor.py:163} INFO - Started process (PID=18822) to work on /home/airflow/.local/lib/python3.7/site-packages/airflow/example_dags/example_xcomargs.py
[2022-02-25 00:26:14,497] {processor.py:642} INFO - Processing file /home/airflow/.local/lib/python3.7/site-packages/airflow/example_dags/example_xcomargs.py for tasks to queue
[2022-02-25 00:26:14,498] {logging_mixin.py:109} INFO - [2022-02-25 00:26:14,498] {dagbag.py:500} INFO - Filling up the DagBag from /home/airflow/.local/lib/python3.7/site-packages/airflow/example_dags/example_xcomargs.py
[2022-02-25 00:26:14,537] {processor.py:654} INFO - DAG(s) dict_keys(['example_xcom_args', 'example_xcom_args_with_operators']) retrieved from /home/airflow/.local/lib/python3.7/site-packages/airflow/example_dags/example_xcomargs.py
[2022-02-25 00:26:14,551] {logging_mixin.py:109} INFO - [2022-02-25 00:26:14,551] {dag.py:2396} INFO - Sync 2 DAGs
[2022-02-25 00:26:14,571] {logging_mixin.py:109} INFO - [2022-02-25 00:26:14,571] {dag.py:2935} INFO - Setting next_dagrun for example_xcom_args to None
[2022-02-25 00:26:14,572] {logging_mixin.py:109} INFO - [2022-02-25 00:26:14,572] {dag.py:2935} INFO - Setting next_dagrun for example_xcom_args_with_operators to None
[2022-02-25 00:26:14,582] {processor.py:171} INFO - Processing /home/airflow/.local/lib/python3.7/site-packages/airflow/example_dags/example_xcomargs.py took 0.092 seconds
[2022-02-25 00:26:45,038] {processor.py:163} INFO - Started process (PID=18882) to work on /home/airflow/.local/lib/python3.7/site-packages/airflow/example_dags/example_xcomargs.py
[2022-02-25 00:26:45,040] {processor.py:642} INFO - Processing file /home/airflow/.local/lib/python3.7/site-packages/airflow/example_dags/example_xcomargs.py for tasks to queue
[2022-02-25 00:26:45,041] {logging_mixin.py:109} INFO - [2022-02-25 00:26:45,041] {dagbag.py:500} INFO - Filling up the DagBag from /home/airflow/.local/lib/python3.7/site-packages/airflow/example_dags/example_xcomargs.py
[2022-02-25 00:26:45,074] {processor.py:654} INFO - DAG(s) dict_keys(['example_xcom_args', 'example_xcom_args_with_operators']) retrieved from /home/airflow/.local/lib/python3.7/site-packages/airflow/example_dags/example_xcomargs.py
[2022-02-25 00:26:45,245] {logging_mixin.py:109} INFO - [2022-02-25 00:26:45,245] {dag.py:2396} INFO - Sync 2 DAGs
[2022-02-25 00:26:45,258] {logging_mixin.py:109} INFO - [2022-02-25 00:26:45,258] {dag.py:2935} INFO - Setting next_dagrun for example_xcom_args to None
[2022-02-25 00:26:45,259] {logging_mixin.py:109} INFO - [2022-02-25 00:26:45,259] {dag.py:2935} INFO - Setting next_dagrun for example_xcom_args_with_operators to None
[2022-02-25 00:26:45,267] {processor.py:171} INFO - Processing /home/airflow/.local/lib/python3.7/site-packages/airflow/example_dags/example_xcomargs.py took 0.234 seconds
[2022-02-25 00:27:15,360] {processor.py:163} INFO - Started process (PID=18933) to work on /home/airflow/.local/lib/python3.7/site-packages/airflow/example_dags/example_xcomargs.py
[2022-02-25 00:27:15,363] {processor.py:642} INFO - Processing file /home/airflow/.local/lib/python3.7/site-packages/airflow/example_dags/example_xcomargs.py for tasks to queue
[2022-02-25 00:27:15,364] {logging_mixin.py:109} INFO - [2022-02-25 00:27:15,364] {dagbag.py:500} INFO - Filling up the DagBag from /home/airflow/.local/lib/python3.7/site-packages/airflow/example_dags/example_xcomargs.py
[2022-02-25 00:27:15,395] {processor.py:654} INFO - DAG(s) dict_keys(['example_xcom_args', 'example_xcom_args_with_operators']) retrieved from /home/airflow/.local/lib/python3.7/site-packages/airflow/example_dags/example_xcomargs.py
[2022-02-25 00:27:15,575] {logging_mixin.py:109} INFO - [2022-02-25 00:27:15,575] {dag.py:2396} INFO - Sync 2 DAGs
[2022-02-25 00:27:15,590] {logging_mixin.py:109} INFO - [2022-02-25 00:27:15,590] {dag.py:2935} INFO - Setting next_dagrun for example_xcom_args to None
[2022-02-25 00:27:15,591] {logging_mixin.py:109} INFO - [2022-02-25 00:27:15,590] {dag.py:2935} INFO - Setting next_dagrun for example_xcom_args_with_operators to None
[2022-02-25 00:27:15,601] {processor.py:171} INFO - Processing /home/airflow/.local/lib/python3.7/site-packages/airflow/example_dags/example_xcomargs.py took 0.244 seconds
[2022-02-25 00:27:45,799] {processor.py:163} INFO - Started process (PID=18995) to work on /home/airflow/.local/lib/python3.7/site-packages/airflow/example_dags/example_xcomargs.py
[2022-02-25 00:27:45,802] {processor.py:642} INFO - Processing file /home/airflow/.local/lib/python3.7/site-packages/airflow/example_dags/example_xcomargs.py for tasks to queue
[2022-02-25 00:27:45,803] {logging_mixin.py:109} INFO - [2022-02-25 00:27:45,803] {dagbag.py:500} INFO - Filling up the DagBag from /home/airflow/.local/lib/python3.7/site-packages/airflow/example_dags/example_xcomargs.py
[2022-02-25 00:27:45,843] {processor.py:654} INFO - DAG(s) dict_keys(['example_xcom_args', 'example_xcom_args_with_operators']) retrieved from /home/airflow/.local/lib/python3.7/site-packages/airflow/example_dags/example_xcomargs.py
[2022-02-25 00:27:46,041] {logging_mixin.py:109} INFO - [2022-02-25 00:27:46,041] {dag.py:2396} INFO - Sync 2 DAGs
[2022-02-25 00:27:46,058] {logging_mixin.py:109} INFO - [2022-02-25 00:27:46,058] {dag.py:2935} INFO - Setting next_dagrun for example_xcom_args to None
[2022-02-25 00:27:46,059] {logging_mixin.py:109} INFO - [2022-02-25 00:27:46,059] {dag.py:2935} INFO - Setting next_dagrun for example_xcom_args_with_operators to None
[2022-02-25 00:27:46,072] {processor.py:171} INFO - Processing /home/airflow/.local/lib/python3.7/site-packages/airflow/example_dags/example_xcomargs.py took 0.278 seconds
[2022-02-25 00:28:16,280] {processor.py:163} INFO - Started process (PID=19046) to work on /home/airflow/.local/lib/python3.7/site-packages/airflow/example_dags/example_xcomargs.py
[2022-02-25 00:28:16,282] {processor.py:642} INFO - Processing file /home/airflow/.local/lib/python3.7/site-packages/airflow/example_dags/example_xcomargs.py for tasks to queue
[2022-02-25 00:28:16,283] {logging_mixin.py:109} INFO - [2022-02-25 00:28:16,283] {dagbag.py:500} INFO - Filling up the DagBag from /home/airflow/.local/lib/python3.7/site-packages/airflow/example_dags/example_xcomargs.py
[2022-02-25 00:28:16,329] {processor.py:654} INFO - DAG(s) dict_keys(['example_xcom_args', 'example_xcom_args_with_operators']) retrieved from /home/airflow/.local/lib/python3.7/site-packages/airflow/example_dags/example_xcomargs.py
[2022-02-25 00:28:16,533] {logging_mixin.py:109} INFO - [2022-02-25 00:28:16,533] {dag.py:2396} INFO - Sync 2 DAGs
[2022-02-25 00:28:16,548] {logging_mixin.py:109} INFO - [2022-02-25 00:28:16,548] {dag.py:2935} INFO - Setting next_dagrun for example_xcom_args to None
[2022-02-25 00:28:16,549] {logging_mixin.py:109} INFO - [2022-02-25 00:28:16,549] {dag.py:2935} INFO - Setting next_dagrun for example_xcom_args_with_operators to None
[2022-02-25 00:28:16,561] {processor.py:171} INFO - Processing /home/airflow/.local/lib/python3.7/site-packages/airflow/example_dags/example_xcomargs.py took 0.284 seconds
