[2022-02-25 00:00:04,769] {processor.py:163} INFO - Started process (PID=15911) to work on /home/airflow/.local/lib/python3.7/site-packages/airflow/example_dags/example_branch_python_dop_operator_3.py
[2022-02-25 00:00:04,770] {processor.py:642} INFO - Processing file /home/airflow/.local/lib/python3.7/site-packages/airflow/example_dags/example_branch_python_dop_operator_3.py for tasks to queue
[2022-02-25 00:00:04,772] {logging_mixin.py:109} INFO - [2022-02-25 00:00:04,772] {dagbag.py:500} INFO - Filling up the DagBag from /home/airflow/.local/lib/python3.7/site-packages/airflow/example_dags/example_branch_python_dop_operator_3.py
[2022-02-25 00:00:04,800] {processor.py:654} INFO - DAG(s) dict_keys(['example_branch_dop_operator_v3']) retrieved from /home/airflow/.local/lib/python3.7/site-packages/airflow/example_dags/example_branch_python_dop_operator_3.py
[2022-02-25 00:00:04,811] {logging_mixin.py:109} INFO - [2022-02-25 00:00:04,810] {dag.py:2396} INFO - Sync 1 DAGs
[2022-02-25 00:00:04,831] {logging_mixin.py:109} INFO - [2022-02-25 00:00:04,831] {dag.py:2935} INFO - Setting next_dagrun for example_branch_dop_operator_v3 to 2022-02-24T23:59:00+00:00
[2022-02-25 00:00:04,840] {processor.py:171} INFO - Processing /home/airflow/.local/lib/python3.7/site-packages/airflow/example_dags/example_branch_python_dop_operator_3.py took 0.075 seconds
[2022-02-25 00:00:35,225] {processor.py:163} INFO - Started process (PID=15972) to work on /home/airflow/.local/lib/python3.7/site-packages/airflow/example_dags/example_branch_python_dop_operator_3.py
[2022-02-25 00:00:35,227] {processor.py:642} INFO - Processing file /home/airflow/.local/lib/python3.7/site-packages/airflow/example_dags/example_branch_python_dop_operator_3.py for tasks to queue
[2022-02-25 00:00:35,228] {logging_mixin.py:109} INFO - [2022-02-25 00:00:35,228] {dagbag.py:500} INFO - Filling up the DagBag from /home/airflow/.local/lib/python3.7/site-packages/airflow/example_dags/example_branch_python_dop_operator_3.py
[2022-02-25 00:00:35,260] {processor.py:654} INFO - DAG(s) dict_keys(['example_branch_dop_operator_v3']) retrieved from /home/airflow/.local/lib/python3.7/site-packages/airflow/example_dags/example_branch_python_dop_operator_3.py
[2022-02-25 00:00:35,273] {logging_mixin.py:109} INFO - [2022-02-25 00:00:35,272] {dag.py:2396} INFO - Sync 1 DAGs
[2022-02-25 00:00:35,303] {logging_mixin.py:109} INFO - [2022-02-25 00:00:35,303] {dag.py:2935} INFO - Setting next_dagrun for example_branch_dop_operator_v3 to 2022-02-24T23:59:00+00:00
[2022-02-25 00:00:35,317] {processor.py:171} INFO - Processing /home/airflow/.local/lib/python3.7/site-packages/airflow/example_dags/example_branch_python_dop_operator_3.py took 0.096 seconds
[2022-02-25 00:01:05,674] {processor.py:163} INFO - Started process (PID=16023) to work on /home/airflow/.local/lib/python3.7/site-packages/airflow/example_dags/example_branch_python_dop_operator_3.py
[2022-02-25 00:01:05,676] {processor.py:642} INFO - Processing file /home/airflow/.local/lib/python3.7/site-packages/airflow/example_dags/example_branch_python_dop_operator_3.py for tasks to queue
[2022-02-25 00:01:05,677] {logging_mixin.py:109} INFO - [2022-02-25 00:01:05,677] {dagbag.py:500} INFO - Filling up the DagBag from /home/airflow/.local/lib/python3.7/site-packages/airflow/example_dags/example_branch_python_dop_operator_3.py
[2022-02-25 00:01:05,710] {processor.py:654} INFO - DAG(s) dict_keys(['example_branch_dop_operator_v3']) retrieved from /home/airflow/.local/lib/python3.7/site-packages/airflow/example_dags/example_branch_python_dop_operator_3.py
[2022-02-25 00:01:05,722] {logging_mixin.py:109} INFO - [2022-02-25 00:01:05,722] {dag.py:2396} INFO - Sync 1 DAGs
[2022-02-25 00:01:05,747] {logging_mixin.py:109} INFO - [2022-02-25 00:01:05,747] {dag.py:2935} INFO - Setting next_dagrun for example_branch_dop_operator_v3 to 2022-02-25T00:00:00+00:00
[2022-02-25 00:01:05,758] {processor.py:171} INFO - Processing /home/airflow/.local/lib/python3.7/site-packages/airflow/example_dags/example_branch_python_dop_operator_3.py took 0.087 seconds
[2022-02-25 00:01:36,117] {processor.py:163} INFO - Started process (PID=16084) to work on /home/airflow/.local/lib/python3.7/site-packages/airflow/example_dags/example_branch_python_dop_operator_3.py
[2022-02-25 00:01:36,119] {processor.py:642} INFO - Processing file /home/airflow/.local/lib/python3.7/site-packages/airflow/example_dags/example_branch_python_dop_operator_3.py for tasks to queue
[2022-02-25 00:01:36,120] {logging_mixin.py:109} INFO - [2022-02-25 00:01:36,120] {dagbag.py:500} INFO - Filling up the DagBag from /home/airflow/.local/lib/python3.7/site-packages/airflow/example_dags/example_branch_python_dop_operator_3.py
[2022-02-25 00:01:36,149] {processor.py:654} INFO - DAG(s) dict_keys(['example_branch_dop_operator_v3']) retrieved from /home/airflow/.local/lib/python3.7/site-packages/airflow/example_dags/example_branch_python_dop_operator_3.py
[2022-02-25 00:01:36,159] {logging_mixin.py:109} INFO - [2022-02-25 00:01:36,159] {dag.py:2396} INFO - Sync 1 DAGs
[2022-02-25 00:01:36,180] {logging_mixin.py:109} INFO - [2022-02-25 00:01:36,180] {dag.py:2935} INFO - Setting next_dagrun for example_branch_dop_operator_v3 to 2022-02-25T00:00:00+00:00
[2022-02-25 00:01:36,189] {processor.py:171} INFO - Processing /home/airflow/.local/lib/python3.7/site-packages/airflow/example_dags/example_branch_python_dop_operator_3.py took 0.076 seconds
[2022-02-25 00:02:06,508] {processor.py:163} INFO - Started process (PID=16135) to work on /home/airflow/.local/lib/python3.7/site-packages/airflow/example_dags/example_branch_python_dop_operator_3.py
[2022-02-25 00:02:06,510] {processor.py:642} INFO - Processing file /home/airflow/.local/lib/python3.7/site-packages/airflow/example_dags/example_branch_python_dop_operator_3.py for tasks to queue
[2022-02-25 00:02:06,511] {logging_mixin.py:109} INFO - [2022-02-25 00:02:06,511] {dagbag.py:500} INFO - Filling up the DagBag from /home/airflow/.local/lib/python3.7/site-packages/airflow/example_dags/example_branch_python_dop_operator_3.py
[2022-02-25 00:02:06,541] {processor.py:654} INFO - DAG(s) dict_keys(['example_branch_dop_operator_v3']) retrieved from /home/airflow/.local/lib/python3.7/site-packages/airflow/example_dags/example_branch_python_dop_operator_3.py
[2022-02-25 00:02:06,554] {logging_mixin.py:109} INFO - [2022-02-25 00:02:06,554] {dag.py:2396} INFO - Sync 1 DAGs
[2022-02-25 00:02:06,580] {logging_mixin.py:109} INFO - [2022-02-25 00:02:06,580] {dag.py:2935} INFO - Setting next_dagrun for example_branch_dop_operator_v3 to 2022-02-25T00:01:00+00:00
[2022-02-25 00:02:06,589] {processor.py:171} INFO - Processing /home/airflow/.local/lib/python3.7/site-packages/airflow/example_dags/example_branch_python_dop_operator_3.py took 0.085 seconds
[2022-02-25 00:02:36,772] {processor.py:163} INFO - Started process (PID=16197) to work on /home/airflow/.local/lib/python3.7/site-packages/airflow/example_dags/example_branch_python_dop_operator_3.py
[2022-02-25 00:02:36,774] {processor.py:642} INFO - Processing file /home/airflow/.local/lib/python3.7/site-packages/airflow/example_dags/example_branch_python_dop_operator_3.py for tasks to queue
[2022-02-25 00:02:36,776] {logging_mixin.py:109} INFO - [2022-02-25 00:02:36,775] {dagbag.py:500} INFO - Filling up the DagBag from /home/airflow/.local/lib/python3.7/site-packages/airflow/example_dags/example_branch_python_dop_operator_3.py
[2022-02-25 00:02:36,811] {processor.py:654} INFO - DAG(s) dict_keys(['example_branch_dop_operator_v3']) retrieved from /home/airflow/.local/lib/python3.7/site-packages/airflow/example_dags/example_branch_python_dop_operator_3.py
[2022-02-25 00:02:36,824] {logging_mixin.py:109} INFO - [2022-02-25 00:02:36,824] {dag.py:2396} INFO - Sync 1 DAGs
[2022-02-25 00:02:36,849] {logging_mixin.py:109} INFO - [2022-02-25 00:02:36,848] {dag.py:2935} INFO - Setting next_dagrun for example_branch_dop_operator_v3 to 2022-02-25T00:01:00+00:00
[2022-02-25 00:02:36,865] {processor.py:171} INFO - Processing /home/airflow/.local/lib/python3.7/site-packages/airflow/example_dags/example_branch_python_dop_operator_3.py took 0.097 seconds
[2022-02-25 00:03:07,313] {processor.py:163} INFO - Started process (PID=16248) to work on /home/airflow/.local/lib/python3.7/site-packages/airflow/example_dags/example_branch_python_dop_operator_3.py
[2022-02-25 00:03:07,316] {processor.py:642} INFO - Processing file /home/airflow/.local/lib/python3.7/site-packages/airflow/example_dags/example_branch_python_dop_operator_3.py for tasks to queue
[2022-02-25 00:03:07,317] {logging_mixin.py:109} INFO - [2022-02-25 00:03:07,316] {dagbag.py:500} INFO - Filling up the DagBag from /home/airflow/.local/lib/python3.7/site-packages/airflow/example_dags/example_branch_python_dop_operator_3.py
[2022-02-25 00:03:07,350] {processor.py:654} INFO - DAG(s) dict_keys(['example_branch_dop_operator_v3']) retrieved from /home/airflow/.local/lib/python3.7/site-packages/airflow/example_dags/example_branch_python_dop_operator_3.py
[2022-02-25 00:03:07,363] {logging_mixin.py:109} INFO - [2022-02-25 00:03:07,362] {dag.py:2396} INFO - Sync 1 DAGs
[2022-02-25 00:03:07,387] {logging_mixin.py:109} INFO - [2022-02-25 00:03:07,386] {dag.py:2935} INFO - Setting next_dagrun for example_branch_dop_operator_v3 to 2022-02-25T00:02:00+00:00
[2022-02-25 00:03:07,399] {processor.py:171} INFO - Processing /home/airflow/.local/lib/python3.7/site-packages/airflow/example_dags/example_branch_python_dop_operator_3.py took 0.089 seconds
[2022-02-25 00:03:37,533] {processor.py:163} INFO - Started process (PID=16308) to work on /home/airflow/.local/lib/python3.7/site-packages/airflow/example_dags/example_branch_python_dop_operator_3.py
[2022-02-25 00:03:37,535] {processor.py:642} INFO - Processing file /home/airflow/.local/lib/python3.7/site-packages/airflow/example_dags/example_branch_python_dop_operator_3.py for tasks to queue
[2022-02-25 00:03:37,536] {logging_mixin.py:109} INFO - [2022-02-25 00:03:37,536] {dagbag.py:500} INFO - Filling up the DagBag from /home/airflow/.local/lib/python3.7/site-packages/airflow/example_dags/example_branch_python_dop_operator_3.py
[2022-02-25 00:03:37,569] {processor.py:654} INFO - DAG(s) dict_keys(['example_branch_dop_operator_v3']) retrieved from /home/airflow/.local/lib/python3.7/site-packages/airflow/example_dags/example_branch_python_dop_operator_3.py
[2022-02-25 00:03:37,580] {logging_mixin.py:109} INFO - [2022-02-25 00:03:37,580] {dag.py:2396} INFO - Sync 1 DAGs
[2022-02-25 00:03:37,607] {logging_mixin.py:109} INFO - [2022-02-25 00:03:37,607] {dag.py:2935} INFO - Setting next_dagrun for example_branch_dop_operator_v3 to 2022-02-25T00:02:00+00:00
[2022-02-25 00:03:37,617] {processor.py:171} INFO - Processing /home/airflow/.local/lib/python3.7/site-packages/airflow/example_dags/example_branch_python_dop_operator_3.py took 0.088 seconds
[2022-02-25 00:04:08,028] {processor.py:163} INFO - Started process (PID=16360) to work on /home/airflow/.local/lib/python3.7/site-packages/airflow/example_dags/example_branch_python_dop_operator_3.py
[2022-02-25 00:04:08,030] {processor.py:642} INFO - Processing file /home/airflow/.local/lib/python3.7/site-packages/airflow/example_dags/example_branch_python_dop_operator_3.py for tasks to queue
[2022-02-25 00:04:08,031] {logging_mixin.py:109} INFO - [2022-02-25 00:04:08,031] {dagbag.py:500} INFO - Filling up the DagBag from /home/airflow/.local/lib/python3.7/site-packages/airflow/example_dags/example_branch_python_dop_operator_3.py
[2022-02-25 00:04:08,062] {processor.py:654} INFO - DAG(s) dict_keys(['example_branch_dop_operator_v3']) retrieved from /home/airflow/.local/lib/python3.7/site-packages/airflow/example_dags/example_branch_python_dop_operator_3.py
[2022-02-25 00:04:08,072] {logging_mixin.py:109} INFO - [2022-02-25 00:04:08,071] {dag.py:2396} INFO - Sync 1 DAGs
[2022-02-25 00:04:08,095] {logging_mixin.py:109} INFO - [2022-02-25 00:04:08,095] {dag.py:2935} INFO - Setting next_dagrun for example_branch_dop_operator_v3 to 2022-02-25T00:03:00+00:00
[2022-02-25 00:04:08,106] {processor.py:171} INFO - Processing /home/airflow/.local/lib/python3.7/site-packages/airflow/example_dags/example_branch_python_dop_operator_3.py took 0.082 seconds
[2022-02-25 00:04:38,451] {processor.py:163} INFO - Started process (PID=16420) to work on /home/airflow/.local/lib/python3.7/site-packages/airflow/example_dags/example_branch_python_dop_operator_3.py
[2022-02-25 00:04:38,454] {processor.py:642} INFO - Processing file /home/airflow/.local/lib/python3.7/site-packages/airflow/example_dags/example_branch_python_dop_operator_3.py for tasks to queue
[2022-02-25 00:04:38,455] {logging_mixin.py:109} INFO - [2022-02-25 00:04:38,455] {dagbag.py:500} INFO - Filling up the DagBag from /home/airflow/.local/lib/python3.7/site-packages/airflow/example_dags/example_branch_python_dop_operator_3.py
[2022-02-25 00:04:38,486] {processor.py:654} INFO - DAG(s) dict_keys(['example_branch_dop_operator_v3']) retrieved from /home/airflow/.local/lib/python3.7/site-packages/airflow/example_dags/example_branch_python_dop_operator_3.py
[2022-02-25 00:04:38,496] {logging_mixin.py:109} INFO - [2022-02-25 00:04:38,496] {dag.py:2396} INFO - Sync 1 DAGs
[2022-02-25 00:04:38,519] {logging_mixin.py:109} INFO - [2022-02-25 00:04:38,519] {dag.py:2935} INFO - Setting next_dagrun for example_branch_dop_operator_v3 to 2022-02-25T00:03:00+00:00
[2022-02-25 00:04:38,529] {processor.py:171} INFO - Processing /home/airflow/.local/lib/python3.7/site-packages/airflow/example_dags/example_branch_python_dop_operator_3.py took 0.082 seconds
[2022-02-25 00:05:09,507] {processor.py:163} INFO - Started process (PID=16472) to work on /home/airflow/.local/lib/python3.7/site-packages/airflow/example_dags/example_branch_python_dop_operator_3.py
[2022-02-25 00:05:09,509] {processor.py:642} INFO - Processing file /home/airflow/.local/lib/python3.7/site-packages/airflow/example_dags/example_branch_python_dop_operator_3.py for tasks to queue
[2022-02-25 00:05:09,510] {logging_mixin.py:109} INFO - [2022-02-25 00:05:09,510] {dagbag.py:500} INFO - Filling up the DagBag from /home/airflow/.local/lib/python3.7/site-packages/airflow/example_dags/example_branch_python_dop_operator_3.py
[2022-02-25 00:05:09,540] {processor.py:654} INFO - DAG(s) dict_keys(['example_branch_dop_operator_v3']) retrieved from /home/airflow/.local/lib/python3.7/site-packages/airflow/example_dags/example_branch_python_dop_operator_3.py
[2022-02-25 00:05:09,550] {logging_mixin.py:109} INFO - [2022-02-25 00:05:09,550] {dag.py:2396} INFO - Sync 1 DAGs
[2022-02-25 00:05:09,570] {logging_mixin.py:109} INFO - [2022-02-25 00:05:09,570] {dag.py:2935} INFO - Setting next_dagrun for example_branch_dop_operator_v3 to 2022-02-25T00:04:00+00:00
[2022-02-25 00:05:09,580] {processor.py:171} INFO - Processing /home/airflow/.local/lib/python3.7/site-packages/airflow/example_dags/example_branch_python_dop_operator_3.py took 0.076 seconds
[2022-02-25 00:05:39,860] {processor.py:163} INFO - Started process (PID=16534) to work on /home/airflow/.local/lib/python3.7/site-packages/airflow/example_dags/example_branch_python_dop_operator_3.py
[2022-02-25 00:05:39,862] {processor.py:642} INFO - Processing file /home/airflow/.local/lib/python3.7/site-packages/airflow/example_dags/example_branch_python_dop_operator_3.py for tasks to queue
[2022-02-25 00:05:39,864] {logging_mixin.py:109} INFO - [2022-02-25 00:05:39,864] {dagbag.py:500} INFO - Filling up the DagBag from /home/airflow/.local/lib/python3.7/site-packages/airflow/example_dags/example_branch_python_dop_operator_3.py
[2022-02-25 00:05:39,894] {processor.py:654} INFO - DAG(s) dict_keys(['example_branch_dop_operator_v3']) retrieved from /home/airflow/.local/lib/python3.7/site-packages/airflow/example_dags/example_branch_python_dop_operator_3.py
[2022-02-25 00:05:39,905] {logging_mixin.py:109} INFO - [2022-02-25 00:05:39,905] {dag.py:2396} INFO - Sync 1 DAGs
[2022-02-25 00:05:39,926] {logging_mixin.py:109} INFO - [2022-02-25 00:05:39,926] {dag.py:2935} INFO - Setting next_dagrun for example_branch_dop_operator_v3 to 2022-02-25T00:04:00+00:00
[2022-02-25 00:05:39,936] {processor.py:171} INFO - Processing /home/airflow/.local/lib/python3.7/site-packages/airflow/example_dags/example_branch_python_dop_operator_3.py took 0.079 seconds
[2022-02-25 00:06:10,032] {processor.py:163} INFO - Started process (PID=16584) to work on /home/airflow/.local/lib/python3.7/site-packages/airflow/example_dags/example_branch_python_dop_operator_3.py
[2022-02-25 00:06:10,035] {processor.py:642} INFO - Processing file /home/airflow/.local/lib/python3.7/site-packages/airflow/example_dags/example_branch_python_dop_operator_3.py for tasks to queue
[2022-02-25 00:06:10,036] {logging_mixin.py:109} INFO - [2022-02-25 00:06:10,036] {dagbag.py:500} INFO - Filling up the DagBag from /home/airflow/.local/lib/python3.7/site-packages/airflow/example_dags/example_branch_python_dop_operator_3.py
[2022-02-25 00:06:10,092] {processor.py:654} INFO - DAG(s) dict_keys(['example_branch_dop_operator_v3']) retrieved from /home/airflow/.local/lib/python3.7/site-packages/airflow/example_dags/example_branch_python_dop_operator_3.py
[2022-02-25 00:06:10,110] {logging_mixin.py:109} INFO - [2022-02-25 00:06:10,110] {dag.py:2396} INFO - Sync 1 DAGs
[2022-02-25 00:06:10,136] {logging_mixin.py:109} INFO - [2022-02-25 00:06:10,136] {dag.py:2935} INFO - Setting next_dagrun for example_branch_dop_operator_v3 to 2022-02-25T00:05:00+00:00
[2022-02-25 00:06:10,146] {processor.py:171} INFO - Processing /home/airflow/.local/lib/python3.7/site-packages/airflow/example_dags/example_branch_python_dop_operator_3.py took 0.117 seconds
[2022-02-25 00:06:41,378] {processor.py:163} INFO - Started process (PID=16648) to work on /home/airflow/.local/lib/python3.7/site-packages/airflow/example_dags/example_branch_python_dop_operator_3.py
[2022-02-25 00:06:41,380] {processor.py:642} INFO - Processing file /home/airflow/.local/lib/python3.7/site-packages/airflow/example_dags/example_branch_python_dop_operator_3.py for tasks to queue
[2022-02-25 00:06:41,382] {logging_mixin.py:109} INFO - [2022-02-25 00:06:41,382] {dagbag.py:500} INFO - Filling up the DagBag from /home/airflow/.local/lib/python3.7/site-packages/airflow/example_dags/example_branch_python_dop_operator_3.py
[2022-02-25 00:06:41,419] {processor.py:654} INFO - DAG(s) dict_keys(['example_branch_dop_operator_v3']) retrieved from /home/airflow/.local/lib/python3.7/site-packages/airflow/example_dags/example_branch_python_dop_operator_3.py
[2022-02-25 00:06:41,431] {logging_mixin.py:109} INFO - [2022-02-25 00:06:41,431] {dag.py:2396} INFO - Sync 1 DAGs
[2022-02-25 00:06:41,456] {logging_mixin.py:109} INFO - [2022-02-25 00:06:41,456] {dag.py:2935} INFO - Setting next_dagrun for example_branch_dop_operator_v3 to 2022-02-25T00:05:00+00:00
[2022-02-25 00:06:41,470] {processor.py:171} INFO - Processing /home/airflow/.local/lib/python3.7/site-packages/airflow/example_dags/example_branch_python_dop_operator_3.py took 0.096 seconds
[2022-02-25 00:07:12,767] {processor.py:163} INFO - Started process (PID=16700) to work on /home/airflow/.local/lib/python3.7/site-packages/airflow/example_dags/example_branch_python_dop_operator_3.py
[2022-02-25 00:07:12,769] {processor.py:642} INFO - Processing file /home/airflow/.local/lib/python3.7/site-packages/airflow/example_dags/example_branch_python_dop_operator_3.py for tasks to queue
[2022-02-25 00:07:12,770] {logging_mixin.py:109} INFO - [2022-02-25 00:07:12,770] {dagbag.py:500} INFO - Filling up the DagBag from /home/airflow/.local/lib/python3.7/site-packages/airflow/example_dags/example_branch_python_dop_operator_3.py
[2022-02-25 00:07:12,801] {processor.py:654} INFO - DAG(s) dict_keys(['example_branch_dop_operator_v3']) retrieved from /home/airflow/.local/lib/python3.7/site-packages/airflow/example_dags/example_branch_python_dop_operator_3.py
[2022-02-25 00:07:12,812] {logging_mixin.py:109} INFO - [2022-02-25 00:07:12,812] {dag.py:2396} INFO - Sync 1 DAGs
[2022-02-25 00:07:12,835] {logging_mixin.py:109} INFO - [2022-02-25 00:07:12,835] {dag.py:2935} INFO - Setting next_dagrun for example_branch_dop_operator_v3 to 2022-02-25T00:06:00+00:00
[2022-02-25 00:07:12,846] {processor.py:171} INFO - Processing /home/airflow/.local/lib/python3.7/site-packages/airflow/example_dags/example_branch_python_dop_operator_3.py took 0.082 seconds
[2022-02-25 00:07:42,991] {processor.py:163} INFO - Started process (PID=16761) to work on /home/airflow/.local/lib/python3.7/site-packages/airflow/example_dags/example_branch_python_dop_operator_3.py
[2022-02-25 00:07:42,993] {processor.py:642} INFO - Processing file /home/airflow/.local/lib/python3.7/site-packages/airflow/example_dags/example_branch_python_dop_operator_3.py for tasks to queue
[2022-02-25 00:07:42,994] {logging_mixin.py:109} INFO - [2022-02-25 00:07:42,994] {dagbag.py:500} INFO - Filling up the DagBag from /home/airflow/.local/lib/python3.7/site-packages/airflow/example_dags/example_branch_python_dop_operator_3.py
[2022-02-25 00:07:43,023] {processor.py:654} INFO - DAG(s) dict_keys(['example_branch_dop_operator_v3']) retrieved from /home/airflow/.local/lib/python3.7/site-packages/airflow/example_dags/example_branch_python_dop_operator_3.py
[2022-02-25 00:07:43,033] {logging_mixin.py:109} INFO - [2022-02-25 00:07:43,033] {dag.py:2396} INFO - Sync 1 DAGs
[2022-02-25 00:07:43,053] {logging_mixin.py:109} INFO - [2022-02-25 00:07:43,053] {dag.py:2935} INFO - Setting next_dagrun for example_branch_dop_operator_v3 to 2022-02-25T00:06:00+00:00
[2022-02-25 00:07:43,064] {processor.py:171} INFO - Processing /home/airflow/.local/lib/python3.7/site-packages/airflow/example_dags/example_branch_python_dop_operator_3.py took 0.076 seconds
[2022-02-25 00:08:14,085] {processor.py:163} INFO - Started process (PID=16812) to work on /home/airflow/.local/lib/python3.7/site-packages/airflow/example_dags/example_branch_python_dop_operator_3.py
[2022-02-25 00:08:14,087] {processor.py:642} INFO - Processing file /home/airflow/.local/lib/python3.7/site-packages/airflow/example_dags/example_branch_python_dop_operator_3.py for tasks to queue
[2022-02-25 00:08:14,088] {logging_mixin.py:109} INFO - [2022-02-25 00:08:14,088] {dagbag.py:500} INFO - Filling up the DagBag from /home/airflow/.local/lib/python3.7/site-packages/airflow/example_dags/example_branch_python_dop_operator_3.py
[2022-02-25 00:08:14,120] {processor.py:654} INFO - DAG(s) dict_keys(['example_branch_dop_operator_v3']) retrieved from /home/airflow/.local/lib/python3.7/site-packages/airflow/example_dags/example_branch_python_dop_operator_3.py
[2022-02-25 00:08:14,130] {logging_mixin.py:109} INFO - [2022-02-25 00:08:14,130] {dag.py:2396} INFO - Sync 1 DAGs
[2022-02-25 00:08:14,161] {logging_mixin.py:109} INFO - [2022-02-25 00:08:14,161] {dag.py:2935} INFO - Setting next_dagrun for example_branch_dop_operator_v3 to 2022-02-25T00:07:00+00:00
[2022-02-25 00:08:14,171] {processor.py:171} INFO - Processing /home/airflow/.local/lib/python3.7/site-packages/airflow/example_dags/example_branch_python_dop_operator_3.py took 0.090 seconds
[2022-02-25 00:08:45,223] {processor.py:163} INFO - Started process (PID=16873) to work on /home/airflow/.local/lib/python3.7/site-packages/airflow/example_dags/example_branch_python_dop_operator_3.py
[2022-02-25 00:08:45,225] {processor.py:642} INFO - Processing file /home/airflow/.local/lib/python3.7/site-packages/airflow/example_dags/example_branch_python_dop_operator_3.py for tasks to queue
[2022-02-25 00:08:45,226] {logging_mixin.py:109} INFO - [2022-02-25 00:08:45,226] {dagbag.py:500} INFO - Filling up the DagBag from /home/airflow/.local/lib/python3.7/site-packages/airflow/example_dags/example_branch_python_dop_operator_3.py
[2022-02-25 00:08:45,256] {processor.py:654} INFO - DAG(s) dict_keys(['example_branch_dop_operator_v3']) retrieved from /home/airflow/.local/lib/python3.7/site-packages/airflow/example_dags/example_branch_python_dop_operator_3.py
[2022-02-25 00:08:45,266] {logging_mixin.py:109} INFO - [2022-02-25 00:08:45,266] {dag.py:2396} INFO - Sync 1 DAGs
[2022-02-25 00:08:45,287] {logging_mixin.py:109} INFO - [2022-02-25 00:08:45,287] {dag.py:2935} INFO - Setting next_dagrun for example_branch_dop_operator_v3 to 2022-02-25T00:07:00+00:00
[2022-02-25 00:08:45,296] {processor.py:171} INFO - Processing /home/airflow/.local/lib/python3.7/site-packages/airflow/example_dags/example_branch_python_dop_operator_3.py took 0.076 seconds
[2022-02-25 00:09:16,389] {processor.py:163} INFO - Started process (PID=16925) to work on /home/airflow/.local/lib/python3.7/site-packages/airflow/example_dags/example_branch_python_dop_operator_3.py
[2022-02-25 00:09:16,392] {processor.py:642} INFO - Processing file /home/airflow/.local/lib/python3.7/site-packages/airflow/example_dags/example_branch_python_dop_operator_3.py for tasks to queue
[2022-02-25 00:09:16,393] {logging_mixin.py:109} INFO - [2022-02-25 00:09:16,393] {dagbag.py:500} INFO - Filling up the DagBag from /home/airflow/.local/lib/python3.7/site-packages/airflow/example_dags/example_branch_python_dop_operator_3.py
[2022-02-25 00:09:16,423] {processor.py:654} INFO - DAG(s) dict_keys(['example_branch_dop_operator_v3']) retrieved from /home/airflow/.local/lib/python3.7/site-packages/airflow/example_dags/example_branch_python_dop_operator_3.py
[2022-02-25 00:09:16,433] {logging_mixin.py:109} INFO - [2022-02-25 00:09:16,432] {dag.py:2396} INFO - Sync 1 DAGs
[2022-02-25 00:09:16,453] {logging_mixin.py:109} INFO - [2022-02-25 00:09:16,453] {dag.py:2935} INFO - Setting next_dagrun for example_branch_dop_operator_v3 to 2022-02-25T00:08:00+00:00
[2022-02-25 00:09:16,463] {processor.py:171} INFO - Processing /home/airflow/.local/lib/python3.7/site-packages/airflow/example_dags/example_branch_python_dop_operator_3.py took 0.077 seconds
[2022-02-25 00:09:46,577] {processor.py:163} INFO - Started process (PID=16987) to work on /home/airflow/.local/lib/python3.7/site-packages/airflow/example_dags/example_branch_python_dop_operator_3.py
[2022-02-25 00:09:46,578] {processor.py:642} INFO - Processing file /home/airflow/.local/lib/python3.7/site-packages/airflow/example_dags/example_branch_python_dop_operator_3.py for tasks to queue
[2022-02-25 00:09:46,579] {logging_mixin.py:109} INFO - [2022-02-25 00:09:46,579] {dagbag.py:500} INFO - Filling up the DagBag from /home/airflow/.local/lib/python3.7/site-packages/airflow/example_dags/example_branch_python_dop_operator_3.py
[2022-02-25 00:09:46,610] {processor.py:654} INFO - DAG(s) dict_keys(['example_branch_dop_operator_v3']) retrieved from /home/airflow/.local/lib/python3.7/site-packages/airflow/example_dags/example_branch_python_dop_operator_3.py
[2022-02-25 00:09:46,619] {logging_mixin.py:109} INFO - [2022-02-25 00:09:46,619] {dag.py:2396} INFO - Sync 1 DAGs
[2022-02-25 00:09:46,640] {logging_mixin.py:109} INFO - [2022-02-25 00:09:46,639] {dag.py:2935} INFO - Setting next_dagrun for example_branch_dop_operator_v3 to 2022-02-25T00:08:00+00:00
[2022-02-25 00:09:46,649] {processor.py:171} INFO - Processing /home/airflow/.local/lib/python3.7/site-packages/airflow/example_dags/example_branch_python_dop_operator_3.py took 0.076 seconds
[2022-02-25 00:10:18,066] {processor.py:163} INFO - Started process (PID=17041) to work on /home/airflow/.local/lib/python3.7/site-packages/airflow/example_dags/example_branch_python_dop_operator_3.py
[2022-02-25 00:10:18,068] {processor.py:642} INFO - Processing file /home/airflow/.local/lib/python3.7/site-packages/airflow/example_dags/example_branch_python_dop_operator_3.py for tasks to queue
[2022-02-25 00:10:18,069] {logging_mixin.py:109} INFO - [2022-02-25 00:10:18,069] {dagbag.py:500} INFO - Filling up the DagBag from /home/airflow/.local/lib/python3.7/site-packages/airflow/example_dags/example_branch_python_dop_operator_3.py
[2022-02-25 00:10:18,099] {processor.py:654} INFO - DAG(s) dict_keys(['example_branch_dop_operator_v3']) retrieved from /home/airflow/.local/lib/python3.7/site-packages/airflow/example_dags/example_branch_python_dop_operator_3.py
[2022-02-25 00:10:18,110] {logging_mixin.py:109} INFO - [2022-02-25 00:10:18,110] {dag.py:2396} INFO - Sync 1 DAGs
[2022-02-25 00:10:18,136] {logging_mixin.py:109} INFO - [2022-02-25 00:10:18,136] {dag.py:2935} INFO - Setting next_dagrun for example_branch_dop_operator_v3 to 2022-02-25T00:09:00+00:00
[2022-02-25 00:10:18,157] {processor.py:171} INFO - Processing /home/airflow/.local/lib/python3.7/site-packages/airflow/example_dags/example_branch_python_dop_operator_3.py took 0.096 seconds
[2022-02-25 00:10:48,381] {processor.py:163} INFO - Started process (PID=17103) to work on /home/airflow/.local/lib/python3.7/site-packages/airflow/example_dags/example_branch_python_dop_operator_3.py
[2022-02-25 00:10:48,384] {processor.py:642} INFO - Processing file /home/airflow/.local/lib/python3.7/site-packages/airflow/example_dags/example_branch_python_dop_operator_3.py for tasks to queue
[2022-02-25 00:10:48,386] {logging_mixin.py:109} INFO - [2022-02-25 00:10:48,386] {dagbag.py:500} INFO - Filling up the DagBag from /home/airflow/.local/lib/python3.7/site-packages/airflow/example_dags/example_branch_python_dop_operator_3.py
[2022-02-25 00:10:48,418] {processor.py:654} INFO - DAG(s) dict_keys(['example_branch_dop_operator_v3']) retrieved from /home/airflow/.local/lib/python3.7/site-packages/airflow/example_dags/example_branch_python_dop_operator_3.py
[2022-02-25 00:10:48,429] {logging_mixin.py:109} INFO - [2022-02-25 00:10:48,429] {dag.py:2396} INFO - Sync 1 DAGs
[2022-02-25 00:10:48,449] {logging_mixin.py:109} INFO - [2022-02-25 00:10:48,449] {dag.py:2935} INFO - Setting next_dagrun for example_branch_dop_operator_v3 to 2022-02-25T00:09:00+00:00
[2022-02-25 00:10:48,458] {processor.py:171} INFO - Processing /home/airflow/.local/lib/python3.7/site-packages/airflow/example_dags/example_branch_python_dop_operator_3.py took 0.081 seconds
[2022-02-25 00:11:18,746] {processor.py:163} INFO - Started process (PID=17155) to work on /home/airflow/.local/lib/python3.7/site-packages/airflow/example_dags/example_branch_python_dop_operator_3.py
[2022-02-25 00:11:18,748] {processor.py:642} INFO - Processing file /home/airflow/.local/lib/python3.7/site-packages/airflow/example_dags/example_branch_python_dop_operator_3.py for tasks to queue
[2022-02-25 00:11:18,749] {logging_mixin.py:109} INFO - [2022-02-25 00:11:18,749] {dagbag.py:500} INFO - Filling up the DagBag from /home/airflow/.local/lib/python3.7/site-packages/airflow/example_dags/example_branch_python_dop_operator_3.py
[2022-02-25 00:11:18,780] {processor.py:654} INFO - DAG(s) dict_keys(['example_branch_dop_operator_v3']) retrieved from /home/airflow/.local/lib/python3.7/site-packages/airflow/example_dags/example_branch_python_dop_operator_3.py
[2022-02-25 00:11:18,791] {logging_mixin.py:109} INFO - [2022-02-25 00:11:18,791] {dag.py:2396} INFO - Sync 1 DAGs
[2022-02-25 00:11:18,812] {logging_mixin.py:109} INFO - [2022-02-25 00:11:18,812] {dag.py:2935} INFO - Setting next_dagrun for example_branch_dop_operator_v3 to 2022-02-25T00:10:00+00:00
[2022-02-25 00:11:18,821] {processor.py:171} INFO - Processing /home/airflow/.local/lib/python3.7/site-packages/airflow/example_dags/example_branch_python_dop_operator_3.py took 0.079 seconds
[2022-02-25 00:11:48,957] {processor.py:163} INFO - Started process (PID=17215) to work on /home/airflow/.local/lib/python3.7/site-packages/airflow/example_dags/example_branch_python_dop_operator_3.py
[2022-02-25 00:11:48,959] {processor.py:642} INFO - Processing file /home/airflow/.local/lib/python3.7/site-packages/airflow/example_dags/example_branch_python_dop_operator_3.py for tasks to queue
[2022-02-25 00:11:48,960] {logging_mixin.py:109} INFO - [2022-02-25 00:11:48,960] {dagbag.py:500} INFO - Filling up the DagBag from /home/airflow/.local/lib/python3.7/site-packages/airflow/example_dags/example_branch_python_dop_operator_3.py
[2022-02-25 00:11:48,989] {processor.py:654} INFO - DAG(s) dict_keys(['example_branch_dop_operator_v3']) retrieved from /home/airflow/.local/lib/python3.7/site-packages/airflow/example_dags/example_branch_python_dop_operator_3.py
[2022-02-25 00:11:48,999] {logging_mixin.py:109} INFO - [2022-02-25 00:11:48,999] {dag.py:2396} INFO - Sync 1 DAGs
[2022-02-25 00:11:49,020] {logging_mixin.py:109} INFO - [2022-02-25 00:11:49,020] {dag.py:2935} INFO - Setting next_dagrun for example_branch_dop_operator_v3 to 2022-02-25T00:10:00+00:00
[2022-02-25 00:11:49,030] {processor.py:171} INFO - Processing /home/airflow/.local/lib/python3.7/site-packages/airflow/example_dags/example_branch_python_dop_operator_3.py took 0.077 seconds
[2022-02-25 00:12:19,306] {processor.py:163} INFO - Started process (PID=17267) to work on /home/airflow/.local/lib/python3.7/site-packages/airflow/example_dags/example_branch_python_dop_operator_3.py
[2022-02-25 00:12:19,309] {processor.py:642} INFO - Processing file /home/airflow/.local/lib/python3.7/site-packages/airflow/example_dags/example_branch_python_dop_operator_3.py for tasks to queue
[2022-02-25 00:12:19,310] {logging_mixin.py:109} INFO - [2022-02-25 00:12:19,310] {dagbag.py:500} INFO - Filling up the DagBag from /home/airflow/.local/lib/python3.7/site-packages/airflow/example_dags/example_branch_python_dop_operator_3.py
[2022-02-25 00:12:19,340] {processor.py:654} INFO - DAG(s) dict_keys(['example_branch_dop_operator_v3']) retrieved from /home/airflow/.local/lib/python3.7/site-packages/airflow/example_dags/example_branch_python_dop_operator_3.py
[2022-02-25 00:12:19,351] {logging_mixin.py:109} INFO - [2022-02-25 00:12:19,351] {dag.py:2396} INFO - Sync 1 DAGs
[2022-02-25 00:12:19,371] {logging_mixin.py:109} INFO - [2022-02-25 00:12:19,371] {dag.py:2935} INFO - Setting next_dagrun for example_branch_dop_operator_v3 to 2022-02-25T00:11:00+00:00
[2022-02-25 00:12:19,381] {processor.py:171} INFO - Processing /home/airflow/.local/lib/python3.7/site-packages/airflow/example_dags/example_branch_python_dop_operator_3.py took 0.078 seconds
[2022-02-25 00:12:49,513] {processor.py:163} INFO - Started process (PID=17329) to work on /home/airflow/.local/lib/python3.7/site-packages/airflow/example_dags/example_branch_python_dop_operator_3.py
[2022-02-25 00:12:49,515] {processor.py:642} INFO - Processing file /home/airflow/.local/lib/python3.7/site-packages/airflow/example_dags/example_branch_python_dop_operator_3.py for tasks to queue
[2022-02-25 00:12:49,516] {logging_mixin.py:109} INFO - [2022-02-25 00:12:49,516] {dagbag.py:500} INFO - Filling up the DagBag from /home/airflow/.local/lib/python3.7/site-packages/airflow/example_dags/example_branch_python_dop_operator_3.py
[2022-02-25 00:12:49,550] {processor.py:654} INFO - DAG(s) dict_keys(['example_branch_dop_operator_v3']) retrieved from /home/airflow/.local/lib/python3.7/site-packages/airflow/example_dags/example_branch_python_dop_operator_3.py
[2022-02-25 00:12:49,562] {logging_mixin.py:109} INFO - [2022-02-25 00:12:49,562] {dag.py:2396} INFO - Sync 1 DAGs
[2022-02-25 00:12:49,584] {logging_mixin.py:109} INFO - [2022-02-25 00:12:49,584] {dag.py:2935} INFO - Setting next_dagrun for example_branch_dop_operator_v3 to 2022-02-25T00:11:00+00:00
[2022-02-25 00:12:49,593] {processor.py:171} INFO - Processing /home/airflow/.local/lib/python3.7/site-packages/airflow/example_dags/example_branch_python_dop_operator_3.py took 0.085 seconds
[2022-02-25 00:13:19,966] {processor.py:163} INFO - Started process (PID=17380) to work on /home/airflow/.local/lib/python3.7/site-packages/airflow/example_dags/example_branch_python_dop_operator_3.py
[2022-02-25 00:13:19,968] {processor.py:642} INFO - Processing file /home/airflow/.local/lib/python3.7/site-packages/airflow/example_dags/example_branch_python_dop_operator_3.py for tasks to queue
[2022-02-25 00:13:19,969] {logging_mixin.py:109} INFO - [2022-02-25 00:13:19,969] {dagbag.py:500} INFO - Filling up the DagBag from /home/airflow/.local/lib/python3.7/site-packages/airflow/example_dags/example_branch_python_dop_operator_3.py
[2022-02-25 00:13:20,005] {processor.py:654} INFO - DAG(s) dict_keys(['example_branch_dop_operator_v3']) retrieved from /home/airflow/.local/lib/python3.7/site-packages/airflow/example_dags/example_branch_python_dop_operator_3.py
[2022-02-25 00:13:20,016] {logging_mixin.py:109} INFO - [2022-02-25 00:13:20,015] {dag.py:2396} INFO - Sync 1 DAGs
[2022-02-25 00:13:20,036] {logging_mixin.py:109} INFO - [2022-02-25 00:13:20,036] {dag.py:2935} INFO - Setting next_dagrun for example_branch_dop_operator_v3 to 2022-02-25T00:12:00+00:00
[2022-02-25 00:13:20,045] {processor.py:171} INFO - Processing /home/airflow/.local/lib/python3.7/site-packages/airflow/example_dags/example_branch_python_dop_operator_3.py took 0.083 seconds
[2022-02-25 00:13:50,120] {processor.py:163} INFO - Started process (PID=17439) to work on /home/airflow/.local/lib/python3.7/site-packages/airflow/example_dags/example_branch_python_dop_operator_3.py
[2022-02-25 00:13:50,122] {processor.py:642} INFO - Processing file /home/airflow/.local/lib/python3.7/site-packages/airflow/example_dags/example_branch_python_dop_operator_3.py for tasks to queue
[2022-02-25 00:13:50,124] {logging_mixin.py:109} INFO - [2022-02-25 00:13:50,124] {dagbag.py:500} INFO - Filling up the DagBag from /home/airflow/.local/lib/python3.7/site-packages/airflow/example_dags/example_branch_python_dop_operator_3.py
[2022-02-25 00:13:50,157] {processor.py:654} INFO - DAG(s) dict_keys(['example_branch_dop_operator_v3']) retrieved from /home/airflow/.local/lib/python3.7/site-packages/airflow/example_dags/example_branch_python_dop_operator_3.py
[2022-02-25 00:13:50,168] {logging_mixin.py:109} INFO - [2022-02-25 00:13:50,168] {dag.py:2396} INFO - Sync 1 DAGs
[2022-02-25 00:13:50,189] {logging_mixin.py:109} INFO - [2022-02-25 00:13:50,189] {dag.py:2935} INFO - Setting next_dagrun for example_branch_dop_operator_v3 to 2022-02-25T00:12:00+00:00
[2022-02-25 00:13:50,198] {processor.py:171} INFO - Processing /home/airflow/.local/lib/python3.7/site-packages/airflow/example_dags/example_branch_python_dop_operator_3.py took 0.083 seconds
[2022-02-25 00:14:20,449] {processor.py:163} INFO - Started process (PID=17490) to work on /home/airflow/.local/lib/python3.7/site-packages/airflow/example_dags/example_branch_python_dop_operator_3.py
[2022-02-25 00:14:20,451] {processor.py:642} INFO - Processing file /home/airflow/.local/lib/python3.7/site-packages/airflow/example_dags/example_branch_python_dop_operator_3.py for tasks to queue
[2022-02-25 00:14:20,452] {logging_mixin.py:109} INFO - [2022-02-25 00:14:20,452] {dagbag.py:500} INFO - Filling up the DagBag from /home/airflow/.local/lib/python3.7/site-packages/airflow/example_dags/example_branch_python_dop_operator_3.py
[2022-02-25 00:14:20,484] {processor.py:654} INFO - DAG(s) dict_keys(['example_branch_dop_operator_v3']) retrieved from /home/airflow/.local/lib/python3.7/site-packages/airflow/example_dags/example_branch_python_dop_operator_3.py
[2022-02-25 00:14:20,494] {logging_mixin.py:109} INFO - [2022-02-25 00:14:20,494] {dag.py:2396} INFO - Sync 1 DAGs
[2022-02-25 00:14:20,515] {logging_mixin.py:109} INFO - [2022-02-25 00:14:20,515] {dag.py:2935} INFO - Setting next_dagrun for example_branch_dop_operator_v3 to 2022-02-25T00:13:00+00:00
[2022-02-25 00:14:20,525] {processor.py:171} INFO - Processing /home/airflow/.local/lib/python3.7/site-packages/airflow/example_dags/example_branch_python_dop_operator_3.py took 0.081 seconds
[2022-02-25 00:14:50,959] {processor.py:163} INFO - Started process (PID=17551) to work on /home/airflow/.local/lib/python3.7/site-packages/airflow/example_dags/example_branch_python_dop_operator_3.py
[2022-02-25 00:14:50,960] {processor.py:642} INFO - Processing file /home/airflow/.local/lib/python3.7/site-packages/airflow/example_dags/example_branch_python_dop_operator_3.py for tasks to queue
[2022-02-25 00:14:50,962] {logging_mixin.py:109} INFO - [2022-02-25 00:14:50,961] {dagbag.py:500} INFO - Filling up the DagBag from /home/airflow/.local/lib/python3.7/site-packages/airflow/example_dags/example_branch_python_dop_operator_3.py
[2022-02-25 00:14:50,997] {processor.py:654} INFO - DAG(s) dict_keys(['example_branch_dop_operator_v3']) retrieved from /home/airflow/.local/lib/python3.7/site-packages/airflow/example_dags/example_branch_python_dop_operator_3.py
[2022-02-25 00:14:51,008] {logging_mixin.py:109} INFO - [2022-02-25 00:14:51,008] {dag.py:2396} INFO - Sync 1 DAGs
[2022-02-25 00:14:51,028] {logging_mixin.py:109} INFO - [2022-02-25 00:14:51,028] {dag.py:2935} INFO - Setting next_dagrun for example_branch_dop_operator_v3 to 2022-02-25T00:13:00+00:00
[2022-02-25 00:14:51,037] {processor.py:171} INFO - Processing /home/airflow/.local/lib/python3.7/site-packages/airflow/example_dags/example_branch_python_dop_operator_3.py took 0.082 seconds
[2022-02-25 00:15:21,255] {processor.py:163} INFO - Started process (PID=17603) to work on /home/airflow/.local/lib/python3.7/site-packages/airflow/example_dags/example_branch_python_dop_operator_3.py
[2022-02-25 00:15:21,257] {processor.py:642} INFO - Processing file /home/airflow/.local/lib/python3.7/site-packages/airflow/example_dags/example_branch_python_dop_operator_3.py for tasks to queue
[2022-02-25 00:15:21,258] {logging_mixin.py:109} INFO - [2022-02-25 00:15:21,258] {dagbag.py:500} INFO - Filling up the DagBag from /home/airflow/.local/lib/python3.7/site-packages/airflow/example_dags/example_branch_python_dop_operator_3.py
[2022-02-25 00:15:21,293] {processor.py:654} INFO - DAG(s) dict_keys(['example_branch_dop_operator_v3']) retrieved from /home/airflow/.local/lib/python3.7/site-packages/airflow/example_dags/example_branch_python_dop_operator_3.py
[2022-02-25 00:15:21,303] {logging_mixin.py:109} INFO - [2022-02-25 00:15:21,303] {dag.py:2396} INFO - Sync 1 DAGs
[2022-02-25 00:15:21,324] {logging_mixin.py:109} INFO - [2022-02-25 00:15:21,324] {dag.py:2935} INFO - Setting next_dagrun for example_branch_dop_operator_v3 to 2022-02-25T00:14:00+00:00
[2022-02-25 00:15:21,334] {processor.py:171} INFO - Processing /home/airflow/.local/lib/python3.7/site-packages/airflow/example_dags/example_branch_python_dop_operator_3.py took 0.083 seconds
[2022-02-25 00:15:51,701] {processor.py:163} INFO - Started process (PID=17665) to work on /home/airflow/.local/lib/python3.7/site-packages/airflow/example_dags/example_branch_python_dop_operator_3.py
[2022-02-25 00:15:51,702] {processor.py:642} INFO - Processing file /home/airflow/.local/lib/python3.7/site-packages/airflow/example_dags/example_branch_python_dop_operator_3.py for tasks to queue
[2022-02-25 00:15:51,703] {logging_mixin.py:109} INFO - [2022-02-25 00:15:51,703] {dagbag.py:500} INFO - Filling up the DagBag from /home/airflow/.local/lib/python3.7/site-packages/airflow/example_dags/example_branch_python_dop_operator_3.py
[2022-02-25 00:15:51,732] {processor.py:654} INFO - DAG(s) dict_keys(['example_branch_dop_operator_v3']) retrieved from /home/airflow/.local/lib/python3.7/site-packages/airflow/example_dags/example_branch_python_dop_operator_3.py
[2022-02-25 00:15:51,742] {logging_mixin.py:109} INFO - [2022-02-25 00:15:51,742] {dag.py:2396} INFO - Sync 1 DAGs
[2022-02-25 00:15:51,762] {logging_mixin.py:109} INFO - [2022-02-25 00:15:51,762] {dag.py:2935} INFO - Setting next_dagrun for example_branch_dop_operator_v3 to 2022-02-25T00:14:00+00:00
[2022-02-25 00:15:51,770] {processor.py:171} INFO - Processing /home/airflow/.local/lib/python3.7/site-packages/airflow/example_dags/example_branch_python_dop_operator_3.py took 0.073 seconds
[2022-02-25 00:16:21,817] {processor.py:163} INFO - Started process (PID=17716) to work on /home/airflow/.local/lib/python3.7/site-packages/airflow/example_dags/example_branch_python_dop_operator_3.py
[2022-02-25 00:16:21,818] {processor.py:642} INFO - Processing file /home/airflow/.local/lib/python3.7/site-packages/airflow/example_dags/example_branch_python_dop_operator_3.py for tasks to queue
[2022-02-25 00:16:21,819] {logging_mixin.py:109} INFO - [2022-02-25 00:16:21,819] {dagbag.py:500} INFO - Filling up the DagBag from /home/airflow/.local/lib/python3.7/site-packages/airflow/example_dags/example_branch_python_dop_operator_3.py
[2022-02-25 00:16:21,852] {processor.py:654} INFO - DAG(s) dict_keys(['example_branch_dop_operator_v3']) retrieved from /home/airflow/.local/lib/python3.7/site-packages/airflow/example_dags/example_branch_python_dop_operator_3.py
[2022-02-25 00:16:21,863] {logging_mixin.py:109} INFO - [2022-02-25 00:16:21,863] {dag.py:2396} INFO - Sync 1 DAGs
[2022-02-25 00:16:21,884] {logging_mixin.py:109} INFO - [2022-02-25 00:16:21,884] {dag.py:2935} INFO - Setting next_dagrun for example_branch_dop_operator_v3 to 2022-02-25T00:15:00+00:00
[2022-02-25 00:16:21,893] {processor.py:171} INFO - Processing /home/airflow/.local/lib/python3.7/site-packages/airflow/example_dags/example_branch_python_dop_operator_3.py took 0.081 seconds
[2022-02-25 00:16:51,976] {processor.py:163} INFO - Started process (PID=17778) to work on /home/airflow/.local/lib/python3.7/site-packages/airflow/example_dags/example_branch_python_dop_operator_3.py
[2022-02-25 00:16:51,978] {processor.py:642} INFO - Processing file /home/airflow/.local/lib/python3.7/site-packages/airflow/example_dags/example_branch_python_dop_operator_3.py for tasks to queue
[2022-02-25 00:16:51,979] {logging_mixin.py:109} INFO - [2022-02-25 00:16:51,979] {dagbag.py:500} INFO - Filling up the DagBag from /home/airflow/.local/lib/python3.7/site-packages/airflow/example_dags/example_branch_python_dop_operator_3.py
[2022-02-25 00:16:52,007] {processor.py:654} INFO - DAG(s) dict_keys(['example_branch_dop_operator_v3']) retrieved from /home/airflow/.local/lib/python3.7/site-packages/airflow/example_dags/example_branch_python_dop_operator_3.py
[2022-02-25 00:16:52,017] {logging_mixin.py:109} INFO - [2022-02-25 00:16:52,017] {dag.py:2396} INFO - Sync 1 DAGs
[2022-02-25 00:16:52,038] {logging_mixin.py:109} INFO - [2022-02-25 00:16:52,038] {dag.py:2935} INFO - Setting next_dagrun for example_branch_dop_operator_v3 to 2022-02-25T00:15:00+00:00
[2022-02-25 00:16:52,048] {processor.py:171} INFO - Processing /home/airflow/.local/lib/python3.7/site-packages/airflow/example_dags/example_branch_python_dop_operator_3.py took 0.075 seconds
[2022-02-25 00:17:22,446] {processor.py:163} INFO - Started process (PID=17830) to work on /home/airflow/.local/lib/python3.7/site-packages/airflow/example_dags/example_branch_python_dop_operator_3.py
[2022-02-25 00:17:22,448] {processor.py:642} INFO - Processing file /home/airflow/.local/lib/python3.7/site-packages/airflow/example_dags/example_branch_python_dop_operator_3.py for tasks to queue
[2022-02-25 00:17:22,449] {logging_mixin.py:109} INFO - [2022-02-25 00:17:22,449] {dagbag.py:500} INFO - Filling up the DagBag from /home/airflow/.local/lib/python3.7/site-packages/airflow/example_dags/example_branch_python_dop_operator_3.py
[2022-02-25 00:17:22,479] {processor.py:654} INFO - DAG(s) dict_keys(['example_branch_dop_operator_v3']) retrieved from /home/airflow/.local/lib/python3.7/site-packages/airflow/example_dags/example_branch_python_dop_operator_3.py
[2022-02-25 00:17:22,489] {logging_mixin.py:109} INFO - [2022-02-25 00:17:22,489] {dag.py:2396} INFO - Sync 1 DAGs
[2022-02-25 00:17:22,510] {logging_mixin.py:109} INFO - [2022-02-25 00:17:22,509] {dag.py:2935} INFO - Setting next_dagrun for example_branch_dop_operator_v3 to 2022-02-25T00:16:00+00:00
[2022-02-25 00:17:22,519] {processor.py:171} INFO - Processing /home/airflow/.local/lib/python3.7/site-packages/airflow/example_dags/example_branch_python_dop_operator_3.py took 0.077 seconds
[2022-02-25 00:17:52,623] {processor.py:163} INFO - Started process (PID=17893) to work on /home/airflow/.local/lib/python3.7/site-packages/airflow/example_dags/example_branch_python_dop_operator_3.py
[2022-02-25 00:17:52,625] {processor.py:642} INFO - Processing file /home/airflow/.local/lib/python3.7/site-packages/airflow/example_dags/example_branch_python_dop_operator_3.py for tasks to queue
[2022-02-25 00:17:52,626] {logging_mixin.py:109} INFO - [2022-02-25 00:17:52,626] {dagbag.py:500} INFO - Filling up the DagBag from /home/airflow/.local/lib/python3.7/site-packages/airflow/example_dags/example_branch_python_dop_operator_3.py
[2022-02-25 00:17:52,654] {processor.py:654} INFO - DAG(s) dict_keys(['example_branch_dop_operator_v3']) retrieved from /home/airflow/.local/lib/python3.7/site-packages/airflow/example_dags/example_branch_python_dop_operator_3.py
[2022-02-25 00:17:52,664] {logging_mixin.py:109} INFO - [2022-02-25 00:17:52,663] {dag.py:2396} INFO - Sync 1 DAGs
[2022-02-25 00:17:52,681] {logging_mixin.py:109} INFO - [2022-02-25 00:17:52,681] {dag.py:2935} INFO - Setting next_dagrun for example_branch_dop_operator_v3 to 2022-02-25T00:16:00+00:00
[2022-02-25 00:17:52,689] {processor.py:171} INFO - Processing /home/airflow/.local/lib/python3.7/site-packages/airflow/example_dags/example_branch_python_dop_operator_3.py took 0.071 seconds
[2022-02-25 00:18:23,181] {processor.py:163} INFO - Started process (PID=17945) to work on /home/airflow/.local/lib/python3.7/site-packages/airflow/example_dags/example_branch_python_dop_operator_3.py
[2022-02-25 00:18:23,184] {processor.py:642} INFO - Processing file /home/airflow/.local/lib/python3.7/site-packages/airflow/example_dags/example_branch_python_dop_operator_3.py for tasks to queue
[2022-02-25 00:18:23,186] {logging_mixin.py:109} INFO - [2022-02-25 00:18:23,186] {dagbag.py:500} INFO - Filling up the DagBag from /home/airflow/.local/lib/python3.7/site-packages/airflow/example_dags/example_branch_python_dop_operator_3.py
[2022-02-25 00:18:23,218] {processor.py:654} INFO - DAG(s) dict_keys(['example_branch_dop_operator_v3']) retrieved from /home/airflow/.local/lib/python3.7/site-packages/airflow/example_dags/example_branch_python_dop_operator_3.py
[2022-02-25 00:18:23,229] {logging_mixin.py:109} INFO - [2022-02-25 00:18:23,228] {dag.py:2396} INFO - Sync 1 DAGs
[2022-02-25 00:18:23,251] {logging_mixin.py:109} INFO - [2022-02-25 00:18:23,251] {dag.py:2935} INFO - Setting next_dagrun for example_branch_dop_operator_v3 to 2022-02-25T00:17:00+00:00
[2022-02-25 00:18:23,261] {processor.py:171} INFO - Processing /home/airflow/.local/lib/python3.7/site-packages/airflow/example_dags/example_branch_python_dop_operator_3.py took 0.085 seconds
[2022-02-25 00:18:53,461] {processor.py:163} INFO - Started process (PID=18003) to work on /home/airflow/.local/lib/python3.7/site-packages/airflow/example_dags/example_branch_python_dop_operator_3.py
[2022-02-25 00:18:53,463] {processor.py:642} INFO - Processing file /home/airflow/.local/lib/python3.7/site-packages/airflow/example_dags/example_branch_python_dop_operator_3.py for tasks to queue
[2022-02-25 00:18:53,464] {logging_mixin.py:109} INFO - [2022-02-25 00:18:53,464] {dagbag.py:500} INFO - Filling up the DagBag from /home/airflow/.local/lib/python3.7/site-packages/airflow/example_dags/example_branch_python_dop_operator_3.py
[2022-02-25 00:18:53,490] {processor.py:654} INFO - DAG(s) dict_keys(['example_branch_dop_operator_v3']) retrieved from /home/airflow/.local/lib/python3.7/site-packages/airflow/example_dags/example_branch_python_dop_operator_3.py
[2022-02-25 00:18:53,498] {logging_mixin.py:109} INFO - [2022-02-25 00:18:53,498] {dag.py:2396} INFO - Sync 1 DAGs
[2022-02-25 00:18:53,519] {logging_mixin.py:109} INFO - [2022-02-25 00:18:53,519] {dag.py:2935} INFO - Setting next_dagrun for example_branch_dop_operator_v3 to 2022-02-25T00:17:00+00:00
[2022-02-25 00:18:53,529] {processor.py:171} INFO - Processing /home/airflow/.local/lib/python3.7/site-packages/airflow/example_dags/example_branch_python_dop_operator_3.py took 0.071 seconds
[2022-02-25 00:19:24,497] {processor.py:163} INFO - Started process (PID=18057) to work on /home/airflow/.local/lib/python3.7/site-packages/airflow/example_dags/example_branch_python_dop_operator_3.py
[2022-02-25 00:19:24,499] {processor.py:642} INFO - Processing file /home/airflow/.local/lib/python3.7/site-packages/airflow/example_dags/example_branch_python_dop_operator_3.py for tasks to queue
[2022-02-25 00:19:24,500] {logging_mixin.py:109} INFO - [2022-02-25 00:19:24,500] {dagbag.py:500} INFO - Filling up the DagBag from /home/airflow/.local/lib/python3.7/site-packages/airflow/example_dags/example_branch_python_dop_operator_3.py
[2022-02-25 00:19:24,529] {processor.py:654} INFO - DAG(s) dict_keys(['example_branch_dop_operator_v3']) retrieved from /home/airflow/.local/lib/python3.7/site-packages/airflow/example_dags/example_branch_python_dop_operator_3.py
[2022-02-25 00:19:24,538] {logging_mixin.py:109} INFO - [2022-02-25 00:19:24,538] {dag.py:2396} INFO - Sync 1 DAGs
[2022-02-25 00:19:24,559] {logging_mixin.py:109} INFO - [2022-02-25 00:19:24,558] {dag.py:2935} INFO - Setting next_dagrun for example_branch_dop_operator_v3 to 2022-02-25T00:18:00+00:00
[2022-02-25 00:19:24,568] {processor.py:171} INFO - Processing /home/airflow/.local/lib/python3.7/site-packages/airflow/example_dags/example_branch_python_dop_operator_3.py took 0.074 seconds
[2022-02-25 00:19:54,639] {processor.py:163} INFO - Started process (PID=18116) to work on /home/airflow/.local/lib/python3.7/site-packages/airflow/example_dags/example_branch_python_dop_operator_3.py
[2022-02-25 00:19:54,642] {processor.py:642} INFO - Processing file /home/airflow/.local/lib/python3.7/site-packages/airflow/example_dags/example_branch_python_dop_operator_3.py for tasks to queue
[2022-02-25 00:19:54,643] {logging_mixin.py:109} INFO - [2022-02-25 00:19:54,643] {dagbag.py:500} INFO - Filling up the DagBag from /home/airflow/.local/lib/python3.7/site-packages/airflow/example_dags/example_branch_python_dop_operator_3.py
[2022-02-25 00:19:54,672] {processor.py:654} INFO - DAG(s) dict_keys(['example_branch_dop_operator_v3']) retrieved from /home/airflow/.local/lib/python3.7/site-packages/airflow/example_dags/example_branch_python_dop_operator_3.py
[2022-02-25 00:19:54,681] {logging_mixin.py:109} INFO - [2022-02-25 00:19:54,681] {dag.py:2396} INFO - Sync 1 DAGs
[2022-02-25 00:19:54,699] {logging_mixin.py:109} INFO - [2022-02-25 00:19:54,699] {dag.py:2935} INFO - Setting next_dagrun for example_branch_dop_operator_v3 to 2022-02-25T00:18:00+00:00
[2022-02-25 00:19:54,707] {processor.py:171} INFO - Processing /home/airflow/.local/lib/python3.7/site-packages/airflow/example_dags/example_branch_python_dop_operator_3.py took 0.071 seconds
[2022-02-25 00:20:24,879] {processor.py:163} INFO - Started process (PID=18169) to work on /home/airflow/.local/lib/python3.7/site-packages/airflow/example_dags/example_branch_python_dop_operator_3.py
[2022-02-25 00:20:24,881] {processor.py:642} INFO - Processing file /home/airflow/.local/lib/python3.7/site-packages/airflow/example_dags/example_branch_python_dop_operator_3.py for tasks to queue
[2022-02-25 00:20:24,882] {logging_mixin.py:109} INFO - [2022-02-25 00:20:24,882] {dagbag.py:500} INFO - Filling up the DagBag from /home/airflow/.local/lib/python3.7/site-packages/airflow/example_dags/example_branch_python_dop_operator_3.py
[2022-02-25 00:20:24,912] {processor.py:654} INFO - DAG(s) dict_keys(['example_branch_dop_operator_v3']) retrieved from /home/airflow/.local/lib/python3.7/site-packages/airflow/example_dags/example_branch_python_dop_operator_3.py
[2022-02-25 00:20:24,922] {logging_mixin.py:109} INFO - [2022-02-25 00:20:24,922] {dag.py:2396} INFO - Sync 1 DAGs
[2022-02-25 00:20:24,943] {logging_mixin.py:109} INFO - [2022-02-25 00:20:24,942] {dag.py:2935} INFO - Setting next_dagrun for example_branch_dop_operator_v3 to 2022-02-25T00:19:00+00:00
[2022-02-25 00:20:24,957] {processor.py:171} INFO - Processing /home/airflow/.local/lib/python3.7/site-packages/airflow/example_dags/example_branch_python_dop_operator_3.py took 0.082 seconds
[2022-02-25 00:20:55,161] {processor.py:163} INFO - Started process (PID=18220) to work on /home/airflow/.local/lib/python3.7/site-packages/airflow/example_dags/example_branch_python_dop_operator_3.py
[2022-02-25 00:20:55,164] {processor.py:642} INFO - Processing file /home/airflow/.local/lib/python3.7/site-packages/airflow/example_dags/example_branch_python_dop_operator_3.py for tasks to queue
[2022-02-25 00:20:55,165] {logging_mixin.py:109} INFO - [2022-02-25 00:20:55,165] {dagbag.py:500} INFO - Filling up the DagBag from /home/airflow/.local/lib/python3.7/site-packages/airflow/example_dags/example_branch_python_dop_operator_3.py
[2022-02-25 00:20:55,198] {processor.py:654} INFO - DAG(s) dict_keys(['example_branch_dop_operator_v3']) retrieved from /home/airflow/.local/lib/python3.7/site-packages/airflow/example_dags/example_branch_python_dop_operator_3.py
[2022-02-25 00:20:55,208] {logging_mixin.py:109} INFO - [2022-02-25 00:20:55,208] {dag.py:2396} INFO - Sync 1 DAGs
[2022-02-25 00:20:55,229] {logging_mixin.py:109} INFO - [2022-02-25 00:20:55,229] {dag.py:2935} INFO - Setting next_dagrun for example_branch_dop_operator_v3 to 2022-02-25T00:19:00+00:00
[2022-02-25 00:20:55,238] {processor.py:171} INFO - Processing /home/airflow/.local/lib/python3.7/site-packages/airflow/example_dags/example_branch_python_dop_operator_3.py took 0.081 seconds
[2022-02-25 00:21:25,639] {processor.py:163} INFO - Started process (PID=18283) to work on /home/airflow/.local/lib/python3.7/site-packages/airflow/example_dags/example_branch_python_dop_operator_3.py
[2022-02-25 00:21:25,641] {processor.py:642} INFO - Processing file /home/airflow/.local/lib/python3.7/site-packages/airflow/example_dags/example_branch_python_dop_operator_3.py for tasks to queue
[2022-02-25 00:21:25,643] {logging_mixin.py:109} INFO - [2022-02-25 00:21:25,642] {dagbag.py:500} INFO - Filling up the DagBag from /home/airflow/.local/lib/python3.7/site-packages/airflow/example_dags/example_branch_python_dop_operator_3.py
[2022-02-25 00:21:25,676] {processor.py:654} INFO - DAG(s) dict_keys(['example_branch_dop_operator_v3']) retrieved from /home/airflow/.local/lib/python3.7/site-packages/airflow/example_dags/example_branch_python_dop_operator_3.py
[2022-02-25 00:21:25,687] {logging_mixin.py:109} INFO - [2022-02-25 00:21:25,687] {dag.py:2396} INFO - Sync 1 DAGs
[2022-02-25 00:21:25,708] {logging_mixin.py:109} INFO - [2022-02-25 00:21:25,708] {dag.py:2935} INFO - Setting next_dagrun for example_branch_dop_operator_v3 to 2022-02-25T00:20:00+00:00
[2022-02-25 00:21:25,718] {processor.py:171} INFO - Processing /home/airflow/.local/lib/python3.7/site-packages/airflow/example_dags/example_branch_python_dop_operator_3.py took 0.084 seconds
[2022-02-25 00:21:55,973] {processor.py:163} INFO - Started process (PID=18334) to work on /home/airflow/.local/lib/python3.7/site-packages/airflow/example_dags/example_branch_python_dop_operator_3.py
[2022-02-25 00:21:55,974] {processor.py:642} INFO - Processing file /home/airflow/.local/lib/python3.7/site-packages/airflow/example_dags/example_branch_python_dop_operator_3.py for tasks to queue
[2022-02-25 00:21:55,976] {logging_mixin.py:109} INFO - [2022-02-25 00:21:55,976] {dagbag.py:500} INFO - Filling up the DagBag from /home/airflow/.local/lib/python3.7/site-packages/airflow/example_dags/example_branch_python_dop_operator_3.py
[2022-02-25 00:21:56,008] {processor.py:654} INFO - DAG(s) dict_keys(['example_branch_dop_operator_v3']) retrieved from /home/airflow/.local/lib/python3.7/site-packages/airflow/example_dags/example_branch_python_dop_operator_3.py
[2022-02-25 00:21:56,018] {logging_mixin.py:109} INFO - [2022-02-25 00:21:56,018] {dag.py:2396} INFO - Sync 1 DAGs
[2022-02-25 00:21:56,038] {logging_mixin.py:109} INFO - [2022-02-25 00:21:56,038] {dag.py:2935} INFO - Setting next_dagrun for example_branch_dop_operator_v3 to 2022-02-25T00:20:00+00:00
[2022-02-25 00:21:56,047] {processor.py:171} INFO - Processing /home/airflow/.local/lib/python3.7/site-packages/airflow/example_dags/example_branch_python_dop_operator_3.py took 0.078 seconds
[2022-02-25 00:22:26,380] {processor.py:163} INFO - Started process (PID=18396) to work on /home/airflow/.local/lib/python3.7/site-packages/airflow/example_dags/example_branch_python_dop_operator_3.py
[2022-02-25 00:22:26,382] {processor.py:642} INFO - Processing file /home/airflow/.local/lib/python3.7/site-packages/airflow/example_dags/example_branch_python_dop_operator_3.py for tasks to queue
[2022-02-25 00:22:26,384] {logging_mixin.py:109} INFO - [2022-02-25 00:22:26,384] {dagbag.py:500} INFO - Filling up the DagBag from /home/airflow/.local/lib/python3.7/site-packages/airflow/example_dags/example_branch_python_dop_operator_3.py
[2022-02-25 00:22:26,418] {processor.py:654} INFO - DAG(s) dict_keys(['example_branch_dop_operator_v3']) retrieved from /home/airflow/.local/lib/python3.7/site-packages/airflow/example_dags/example_branch_python_dop_operator_3.py
[2022-02-25 00:22:26,428] {logging_mixin.py:109} INFO - [2022-02-25 00:22:26,428] {dag.py:2396} INFO - Sync 1 DAGs
[2022-02-25 00:22:26,449] {logging_mixin.py:109} INFO - [2022-02-25 00:22:26,449] {dag.py:2935} INFO - Setting next_dagrun for example_branch_dop_operator_v3 to 2022-02-25T00:21:00+00:00
[2022-02-25 00:22:26,459] {processor.py:171} INFO - Processing /home/airflow/.local/lib/python3.7/site-packages/airflow/example_dags/example_branch_python_dop_operator_3.py took 0.086 seconds
[2022-02-25 00:22:56,903] {processor.py:163} INFO - Started process (PID=18448) to work on /home/airflow/.local/lib/python3.7/site-packages/airflow/example_dags/example_branch_python_dop_operator_3.py
[2022-02-25 00:22:56,905] {processor.py:642} INFO - Processing file /home/airflow/.local/lib/python3.7/site-packages/airflow/example_dags/example_branch_python_dop_operator_3.py for tasks to queue
[2022-02-25 00:22:56,906] {logging_mixin.py:109} INFO - [2022-02-25 00:22:56,906] {dagbag.py:500} INFO - Filling up the DagBag from /home/airflow/.local/lib/python3.7/site-packages/airflow/example_dags/example_branch_python_dop_operator_3.py
[2022-02-25 00:22:56,937] {processor.py:654} INFO - DAG(s) dict_keys(['example_branch_dop_operator_v3']) retrieved from /home/airflow/.local/lib/python3.7/site-packages/airflow/example_dags/example_branch_python_dop_operator_3.py
[2022-02-25 00:22:56,950] {logging_mixin.py:109} INFO - [2022-02-25 00:22:56,950] {dag.py:2396} INFO - Sync 1 DAGs
[2022-02-25 00:22:56,976] {logging_mixin.py:109} INFO - [2022-02-25 00:22:56,976] {dag.py:2935} INFO - Setting next_dagrun for example_branch_dop_operator_v3 to 2022-02-25T00:21:00+00:00
[2022-02-25 00:22:56,990] {processor.py:171} INFO - Processing /home/airflow/.local/lib/python3.7/site-packages/airflow/example_dags/example_branch_python_dop_operator_3.py took 0.091 seconds
[2022-02-25 00:23:27,206] {processor.py:163} INFO - Started process (PID=18512) to work on /home/airflow/.local/lib/python3.7/site-packages/airflow/example_dags/example_branch_python_dop_operator_3.py
[2022-02-25 00:23:27,208] {processor.py:642} INFO - Processing file /home/airflow/.local/lib/python3.7/site-packages/airflow/example_dags/example_branch_python_dop_operator_3.py for tasks to queue
[2022-02-25 00:23:27,209] {logging_mixin.py:109} INFO - [2022-02-25 00:23:27,209] {dagbag.py:500} INFO - Filling up the DagBag from /home/airflow/.local/lib/python3.7/site-packages/airflow/example_dags/example_branch_python_dop_operator_3.py
[2022-02-25 00:23:27,242] {processor.py:654} INFO - DAG(s) dict_keys(['example_branch_dop_operator_v3']) retrieved from /home/airflow/.local/lib/python3.7/site-packages/airflow/example_dags/example_branch_python_dop_operator_3.py
[2022-02-25 00:23:27,252] {logging_mixin.py:109} INFO - [2022-02-25 00:23:27,252] {dag.py:2396} INFO - Sync 1 DAGs
[2022-02-25 00:23:27,274] {logging_mixin.py:109} INFO - [2022-02-25 00:23:27,273] {dag.py:2935} INFO - Setting next_dagrun for example_branch_dop_operator_v3 to 2022-02-25T00:22:00+00:00
[2022-02-25 00:23:27,283] {processor.py:171} INFO - Processing /home/airflow/.local/lib/python3.7/site-packages/airflow/example_dags/example_branch_python_dop_operator_3.py took 0.081 seconds
[2022-02-25 00:23:57,349] {processor.py:163} INFO - Started process (PID=18564) to work on /home/airflow/.local/lib/python3.7/site-packages/airflow/example_dags/example_branch_python_dop_operator_3.py
[2022-02-25 00:23:57,351] {processor.py:642} INFO - Processing file /home/airflow/.local/lib/python3.7/site-packages/airflow/example_dags/example_branch_python_dop_operator_3.py for tasks to queue
[2022-02-25 00:23:57,352] {logging_mixin.py:109} INFO - [2022-02-25 00:23:57,352] {dagbag.py:500} INFO - Filling up the DagBag from /home/airflow/.local/lib/python3.7/site-packages/airflow/example_dags/example_branch_python_dop_operator_3.py
[2022-02-25 00:23:57,387] {processor.py:654} INFO - DAG(s) dict_keys(['example_branch_dop_operator_v3']) retrieved from /home/airflow/.local/lib/python3.7/site-packages/airflow/example_dags/example_branch_python_dop_operator_3.py
[2022-02-25 00:23:57,397] {logging_mixin.py:109} INFO - [2022-02-25 00:23:57,397] {dag.py:2396} INFO - Sync 1 DAGs
[2022-02-25 00:23:57,419] {logging_mixin.py:109} INFO - [2022-02-25 00:23:57,419] {dag.py:2935} INFO - Setting next_dagrun for example_branch_dop_operator_v3 to 2022-02-25T00:22:00+00:00
[2022-02-25 00:23:57,429] {processor.py:171} INFO - Processing /home/airflow/.local/lib/python3.7/site-packages/airflow/example_dags/example_branch_python_dop_operator_3.py took 0.084 seconds
[2022-02-25 00:24:27,834] {processor.py:163} INFO - Started process (PID=18625) to work on /home/airflow/.local/lib/python3.7/site-packages/airflow/example_dags/example_branch_python_dop_operator_3.py
[2022-02-25 00:24:27,836] {processor.py:642} INFO - Processing file /home/airflow/.local/lib/python3.7/site-packages/airflow/example_dags/example_branch_python_dop_operator_3.py for tasks to queue
[2022-02-25 00:24:27,837] {logging_mixin.py:109} INFO - [2022-02-25 00:24:27,837] {dagbag.py:500} INFO - Filling up the DagBag from /home/airflow/.local/lib/python3.7/site-packages/airflow/example_dags/example_branch_python_dop_operator_3.py
[2022-02-25 00:24:27,870] {processor.py:654} INFO - DAG(s) dict_keys(['example_branch_dop_operator_v3']) retrieved from /home/airflow/.local/lib/python3.7/site-packages/airflow/example_dags/example_branch_python_dop_operator_3.py
[2022-02-25 00:24:27,887] {logging_mixin.py:109} INFO - [2022-02-25 00:24:27,887] {dag.py:2396} INFO - Sync 1 DAGs
[2022-02-25 00:24:27,908] {logging_mixin.py:109} INFO - [2022-02-25 00:24:27,908] {dag.py:2935} INFO - Setting next_dagrun for example_branch_dop_operator_v3 to 2022-02-25T00:23:00+00:00
[2022-02-25 00:24:27,918] {processor.py:171} INFO - Processing /home/airflow/.local/lib/python3.7/site-packages/airflow/example_dags/example_branch_python_dop_operator_3.py took 0.088 seconds
[2022-02-25 00:24:58,305] {processor.py:163} INFO - Started process (PID=18678) to work on /home/airflow/.local/lib/python3.7/site-packages/airflow/example_dags/example_branch_python_dop_operator_3.py
[2022-02-25 00:24:58,307] {processor.py:642} INFO - Processing file /home/airflow/.local/lib/python3.7/site-packages/airflow/example_dags/example_branch_python_dop_operator_3.py for tasks to queue
[2022-02-25 00:24:58,308] {logging_mixin.py:109} INFO - [2022-02-25 00:24:58,308] {dagbag.py:500} INFO - Filling up the DagBag from /home/airflow/.local/lib/python3.7/site-packages/airflow/example_dags/example_branch_python_dop_operator_3.py
[2022-02-25 00:24:58,335] {processor.py:654} INFO - DAG(s) dict_keys(['example_branch_dop_operator_v3']) retrieved from /home/airflow/.local/lib/python3.7/site-packages/airflow/example_dags/example_branch_python_dop_operator_3.py
[2022-02-25 00:24:58,345] {logging_mixin.py:109} INFO - [2022-02-25 00:24:58,345] {dag.py:2396} INFO - Sync 1 DAGs
[2022-02-25 00:24:58,366] {logging_mixin.py:109} INFO - [2022-02-25 00:24:58,366] {dag.py:2935} INFO - Setting next_dagrun for example_branch_dop_operator_v3 to 2022-02-25T00:23:00+00:00
[2022-02-25 00:24:58,375] {processor.py:171} INFO - Processing /home/airflow/.local/lib/python3.7/site-packages/airflow/example_dags/example_branch_python_dop_operator_3.py took 0.073 seconds
[2022-02-25 00:25:28,725] {processor.py:163} INFO - Started process (PID=18739) to work on /home/airflow/.local/lib/python3.7/site-packages/airflow/example_dags/example_branch_python_dop_operator_3.py
[2022-02-25 00:25:28,727] {processor.py:642} INFO - Processing file /home/airflow/.local/lib/python3.7/site-packages/airflow/example_dags/example_branch_python_dop_operator_3.py for tasks to queue
[2022-02-25 00:25:28,728] {logging_mixin.py:109} INFO - [2022-02-25 00:25:28,728] {dagbag.py:500} INFO - Filling up the DagBag from /home/airflow/.local/lib/python3.7/site-packages/airflow/example_dags/example_branch_python_dop_operator_3.py
[2022-02-25 00:25:28,775] {processor.py:654} INFO - DAG(s) dict_keys(['example_branch_dop_operator_v3']) retrieved from /home/airflow/.local/lib/python3.7/site-packages/airflow/example_dags/example_branch_python_dop_operator_3.py
[2022-02-25 00:25:28,790] {logging_mixin.py:109} INFO - [2022-02-25 00:25:28,790] {dag.py:2396} INFO - Sync 1 DAGs
[2022-02-25 00:25:28,824] {logging_mixin.py:109} INFO - [2022-02-25 00:25:28,824] {dag.py:2935} INFO - Setting next_dagrun for example_branch_dop_operator_v3 to 2022-02-25T00:24:00+00:00
[2022-02-25 00:25:28,835] {processor.py:171} INFO - Processing /home/airflow/.local/lib/python3.7/site-packages/airflow/example_dags/example_branch_python_dop_operator_3.py took 0.115 seconds
[2022-02-25 00:25:59,174] {processor.py:163} INFO - Started process (PID=18794) to work on /home/airflow/.local/lib/python3.7/site-packages/airflow/example_dags/example_branch_python_dop_operator_3.py
[2022-02-25 00:25:59,176] {processor.py:642} INFO - Processing file /home/airflow/.local/lib/python3.7/site-packages/airflow/example_dags/example_branch_python_dop_operator_3.py for tasks to queue
[2022-02-25 00:25:59,178] {logging_mixin.py:109} INFO - [2022-02-25 00:25:59,178] {dagbag.py:500} INFO - Filling up the DagBag from /home/airflow/.local/lib/python3.7/site-packages/airflow/example_dags/example_branch_python_dop_operator_3.py
[2022-02-25 00:25:59,215] {processor.py:654} INFO - DAG(s) dict_keys(['example_branch_dop_operator_v3']) retrieved from /home/airflow/.local/lib/python3.7/site-packages/airflow/example_dags/example_branch_python_dop_operator_3.py
[2022-02-25 00:25:59,227] {logging_mixin.py:109} INFO - [2022-02-25 00:25:59,227] {dag.py:2396} INFO - Sync 1 DAGs
[2022-02-25 00:25:59,258] {logging_mixin.py:109} INFO - [2022-02-25 00:25:59,258] {dag.py:2935} INFO - Setting next_dagrun for example_branch_dop_operator_v3 to 2022-02-25T00:24:00+00:00
[2022-02-25 00:25:59,268] {processor.py:171} INFO - Processing /home/airflow/.local/lib/python3.7/site-packages/airflow/example_dags/example_branch_python_dop_operator_3.py took 0.099 seconds
[2022-02-25 00:26:29,433] {processor.py:163} INFO - Started process (PID=18854) to work on /home/airflow/.local/lib/python3.7/site-packages/airflow/example_dags/example_branch_python_dop_operator_3.py
[2022-02-25 00:26:29,435] {processor.py:642} INFO - Processing file /home/airflow/.local/lib/python3.7/site-packages/airflow/example_dags/example_branch_python_dop_operator_3.py for tasks to queue
[2022-02-25 00:26:29,436] {logging_mixin.py:109} INFO - [2022-02-25 00:26:29,436] {dagbag.py:500} INFO - Filling up the DagBag from /home/airflow/.local/lib/python3.7/site-packages/airflow/example_dags/example_branch_python_dop_operator_3.py
[2022-02-25 00:26:29,473] {processor.py:654} INFO - DAG(s) dict_keys(['example_branch_dop_operator_v3']) retrieved from /home/airflow/.local/lib/python3.7/site-packages/airflow/example_dags/example_branch_python_dop_operator_3.py
[2022-02-25 00:26:29,496] {logging_mixin.py:109} INFO - [2022-02-25 00:26:29,496] {dag.py:2396} INFO - Sync 1 DAGs
[2022-02-25 00:26:29,527] {logging_mixin.py:109} INFO - [2022-02-25 00:26:29,527] {dag.py:2935} INFO - Setting next_dagrun for example_branch_dop_operator_v3 to 2022-02-25T00:25:00+00:00
[2022-02-25 00:26:29,541] {processor.py:171} INFO - Processing /home/airflow/.local/lib/python3.7/site-packages/airflow/example_dags/example_branch_python_dop_operator_3.py took 0.114 seconds
[2022-02-25 00:26:59,949] {processor.py:163} INFO - Started process (PID=18905) to work on /home/airflow/.local/lib/python3.7/site-packages/airflow/example_dags/example_branch_python_dop_operator_3.py
[2022-02-25 00:26:59,951] {processor.py:642} INFO - Processing file /home/airflow/.local/lib/python3.7/site-packages/airflow/example_dags/example_branch_python_dop_operator_3.py for tasks to queue
[2022-02-25 00:26:59,953] {logging_mixin.py:109} INFO - [2022-02-25 00:26:59,953] {dagbag.py:500} INFO - Filling up the DagBag from /home/airflow/.local/lib/python3.7/site-packages/airflow/example_dags/example_branch_python_dop_operator_3.py
[2022-02-25 00:26:59,988] {processor.py:654} INFO - DAG(s) dict_keys(['example_branch_dop_operator_v3']) retrieved from /home/airflow/.local/lib/python3.7/site-packages/airflow/example_dags/example_branch_python_dop_operator_3.py
[2022-02-25 00:27:00,001] {logging_mixin.py:109} INFO - [2022-02-25 00:27:00,001] {dag.py:2396} INFO - Sync 1 DAGs
[2022-02-25 00:27:00,026] {logging_mixin.py:109} INFO - [2022-02-25 00:27:00,026] {dag.py:2935} INFO - Setting next_dagrun for example_branch_dop_operator_v3 to 2022-02-25T00:26:00+00:00
[2022-02-25 00:27:00,039] {processor.py:171} INFO - Processing /home/airflow/.local/lib/python3.7/site-packages/airflow/example_dags/example_branch_python_dop_operator_3.py took 0.094 seconds
[2022-02-25 00:27:30,221] {processor.py:163} INFO - Started process (PID=18957) to work on /home/airflow/.local/lib/python3.7/site-packages/airflow/example_dags/example_branch_python_dop_operator_3.py
[2022-02-25 00:27:30,225] {processor.py:642} INFO - Processing file /home/airflow/.local/lib/python3.7/site-packages/airflow/example_dags/example_branch_python_dop_operator_3.py for tasks to queue
[2022-02-25 00:27:30,227] {logging_mixin.py:109} INFO - [2022-02-25 00:27:30,226] {dagbag.py:500} INFO - Filling up the DagBag from /home/airflow/.local/lib/python3.7/site-packages/airflow/example_dags/example_branch_python_dop_operator_3.py
[2022-02-25 00:27:30,268] {processor.py:654} INFO - DAG(s) dict_keys(['example_branch_dop_operator_v3']) retrieved from /home/airflow/.local/lib/python3.7/site-packages/airflow/example_dags/example_branch_python_dop_operator_3.py
[2022-02-25 00:27:30,282] {logging_mixin.py:109} INFO - [2022-02-25 00:27:30,282] {dag.py:2396} INFO - Sync 1 DAGs
[2022-02-25 00:27:30,310] {logging_mixin.py:109} INFO - [2022-02-25 00:27:30,310] {dag.py:2935} INFO - Setting next_dagrun for example_branch_dop_operator_v3 to 2022-02-25T00:26:00+00:00
[2022-02-25 00:27:30,323] {processor.py:171} INFO - Processing /home/airflow/.local/lib/python3.7/site-packages/airflow/example_dags/example_branch_python_dop_operator_3.py took 0.106 seconds
[2022-02-25 00:28:00,788] {processor.py:163} INFO - Started process (PID=19018) to work on /home/airflow/.local/lib/python3.7/site-packages/airflow/example_dags/example_branch_python_dop_operator_3.py
[2022-02-25 00:28:00,790] {processor.py:642} INFO - Processing file /home/airflow/.local/lib/python3.7/site-packages/airflow/example_dags/example_branch_python_dop_operator_3.py for tasks to queue
[2022-02-25 00:28:00,791] {logging_mixin.py:109} INFO - [2022-02-25 00:28:00,791] {dagbag.py:500} INFO - Filling up the DagBag from /home/airflow/.local/lib/python3.7/site-packages/airflow/example_dags/example_branch_python_dop_operator_3.py
[2022-02-25 00:28:00,826] {processor.py:654} INFO - DAG(s) dict_keys(['example_branch_dop_operator_v3']) retrieved from /home/airflow/.local/lib/python3.7/site-packages/airflow/example_dags/example_branch_python_dop_operator_3.py
[2022-02-25 00:28:00,836] {logging_mixin.py:109} INFO - [2022-02-25 00:28:00,836] {dag.py:2396} INFO - Sync 1 DAGs
[2022-02-25 00:28:00,857] {logging_mixin.py:109} INFO - [2022-02-25 00:28:00,856] {dag.py:2935} INFO - Setting next_dagrun for example_branch_dop_operator_v3 to 2022-02-25T00:27:00+00:00
[2022-02-25 00:28:00,865] {processor.py:171} INFO - Processing /home/airflow/.local/lib/python3.7/site-packages/airflow/example_dags/example_branch_python_dop_operator_3.py took 0.081 seconds
[2022-02-25 00:28:31,111] {processor.py:163} INFO - Started process (PID=19069) to work on /home/airflow/.local/lib/python3.7/site-packages/airflow/example_dags/example_branch_python_dop_operator_3.py
[2022-02-25 00:28:31,113] {processor.py:642} INFO - Processing file /home/airflow/.local/lib/python3.7/site-packages/airflow/example_dags/example_branch_python_dop_operator_3.py for tasks to queue
[2022-02-25 00:28:31,115] {logging_mixin.py:109} INFO - [2022-02-25 00:28:31,114] {dagbag.py:500} INFO - Filling up the DagBag from /home/airflow/.local/lib/python3.7/site-packages/airflow/example_dags/example_branch_python_dop_operator_3.py
[2022-02-25 00:28:31,148] {processor.py:654} INFO - DAG(s) dict_keys(['example_branch_dop_operator_v3']) retrieved from /home/airflow/.local/lib/python3.7/site-packages/airflow/example_dags/example_branch_python_dop_operator_3.py
[2022-02-25 00:28:31,158] {logging_mixin.py:109} INFO - [2022-02-25 00:28:31,158] {dag.py:2396} INFO - Sync 1 DAGs
[2022-02-25 00:28:31,179] {logging_mixin.py:109} INFO - [2022-02-25 00:28:31,179] {dag.py:2935} INFO - Setting next_dagrun for example_branch_dop_operator_v3 to 2022-02-25T00:27:00+00:00
[2022-02-25 00:28:31,188] {processor.py:171} INFO - Processing /home/airflow/.local/lib/python3.7/site-packages/airflow/example_dags/example_branch_python_dop_operator_3.py took 0.081 seconds
[2022-02-25 00:29:02,064] {processor.py:163} INFO - Started process (PID=19131) to work on /home/airflow/.local/lib/python3.7/site-packages/airflow/example_dags/example_branch_python_dop_operator_3.py
[2022-02-25 00:29:02,066] {processor.py:642} INFO - Processing file /home/airflow/.local/lib/python3.7/site-packages/airflow/example_dags/example_branch_python_dop_operator_3.py for tasks to queue
[2022-02-25 00:29:02,067] {logging_mixin.py:109} INFO - [2022-02-25 00:29:02,067] {dagbag.py:500} INFO - Filling up the DagBag from /home/airflow/.local/lib/python3.7/site-packages/airflow/example_dags/example_branch_python_dop_operator_3.py
[2022-02-25 00:29:02,101] {processor.py:654} INFO - DAG(s) dict_keys(['example_branch_dop_operator_v3']) retrieved from /home/airflow/.local/lib/python3.7/site-packages/airflow/example_dags/example_branch_python_dop_operator_3.py
[2022-02-25 00:29:02,111] {logging_mixin.py:109} INFO - [2022-02-25 00:29:02,111] {dag.py:2396} INFO - Sync 1 DAGs
[2022-02-25 00:29:02,132] {logging_mixin.py:109} INFO - [2022-02-25 00:29:02,131] {dag.py:2935} INFO - Setting next_dagrun for example_branch_dop_operator_v3 to 2022-02-25T00:28:00+00:00
[2022-02-25 00:29:02,142] {processor.py:171} INFO - Processing /home/airflow/.local/lib/python3.7/site-packages/airflow/example_dags/example_branch_python_dop_operator_3.py took 0.083 seconds
[2022-02-25 00:29:32,447] {processor.py:163} INFO - Started process (PID=19182) to work on /home/airflow/.local/lib/python3.7/site-packages/airflow/example_dags/example_branch_python_dop_operator_3.py
[2022-02-25 00:29:32,448] {processor.py:642} INFO - Processing file /home/airflow/.local/lib/python3.7/site-packages/airflow/example_dags/example_branch_python_dop_operator_3.py for tasks to queue
[2022-02-25 00:29:32,450] {logging_mixin.py:109} INFO - [2022-02-25 00:29:32,450] {dagbag.py:500} INFO - Filling up the DagBag from /home/airflow/.local/lib/python3.7/site-packages/airflow/example_dags/example_branch_python_dop_operator_3.py
[2022-02-25 00:29:32,479] {processor.py:654} INFO - DAG(s) dict_keys(['example_branch_dop_operator_v3']) retrieved from /home/airflow/.local/lib/python3.7/site-packages/airflow/example_dags/example_branch_python_dop_operator_3.py
[2022-02-25 00:29:32,491] {logging_mixin.py:109} INFO - [2022-02-25 00:29:32,491] {dag.py:2396} INFO - Sync 1 DAGs
[2022-02-25 00:29:32,518] {logging_mixin.py:109} INFO - [2022-02-25 00:29:32,518] {dag.py:2935} INFO - Setting next_dagrun for example_branch_dop_operator_v3 to 2022-02-25T00:28:00+00:00
[2022-02-25 00:29:32,529] {processor.py:171} INFO - Processing /home/airflow/.local/lib/python3.7/site-packages/airflow/example_dags/example_branch_python_dop_operator_3.py took 0.085 seconds
[2022-02-25 00:30:03,499] {processor.py:163} INFO - Started process (PID=19242) to work on /home/airflow/.local/lib/python3.7/site-packages/airflow/example_dags/example_branch_python_dop_operator_3.py
[2022-02-25 00:30:03,501] {processor.py:642} INFO - Processing file /home/airflow/.local/lib/python3.7/site-packages/airflow/example_dags/example_branch_python_dop_operator_3.py for tasks to queue
[2022-02-25 00:30:03,502] {logging_mixin.py:109} INFO - [2022-02-25 00:30:03,502] {dagbag.py:500} INFO - Filling up the DagBag from /home/airflow/.local/lib/python3.7/site-packages/airflow/example_dags/example_branch_python_dop_operator_3.py
[2022-02-25 00:30:03,534] {processor.py:654} INFO - DAG(s) dict_keys(['example_branch_dop_operator_v3']) retrieved from /home/airflow/.local/lib/python3.7/site-packages/airflow/example_dags/example_branch_python_dop_operator_3.py
[2022-02-25 00:30:03,544] {logging_mixin.py:109} INFO - [2022-02-25 00:30:03,544] {dag.py:2396} INFO - Sync 1 DAGs
[2022-02-25 00:30:03,564] {logging_mixin.py:109} INFO - [2022-02-25 00:30:03,564] {dag.py:2935} INFO - Setting next_dagrun for example_branch_dop_operator_v3 to 2022-02-25T00:29:00+00:00
[2022-02-25 00:30:03,574] {processor.py:171} INFO - Processing /home/airflow/.local/lib/python3.7/site-packages/airflow/example_dags/example_branch_python_dop_operator_3.py took 0.079 seconds
[2022-02-25 00:30:34,007] {processor.py:163} INFO - Started process (PID=19293) to work on /home/airflow/.local/lib/python3.7/site-packages/airflow/example_dags/example_branch_python_dop_operator_3.py
[2022-02-25 00:30:34,009] {processor.py:642} INFO - Processing file /home/airflow/.local/lib/python3.7/site-packages/airflow/example_dags/example_branch_python_dop_operator_3.py for tasks to queue
[2022-02-25 00:30:34,011] {logging_mixin.py:109} INFO - [2022-02-25 00:30:34,011] {dagbag.py:500} INFO - Filling up the DagBag from /home/airflow/.local/lib/python3.7/site-packages/airflow/example_dags/example_branch_python_dop_operator_3.py
[2022-02-25 00:30:34,061] {processor.py:654} INFO - DAG(s) dict_keys(['example_branch_dop_operator_v3']) retrieved from /home/airflow/.local/lib/python3.7/site-packages/airflow/example_dags/example_branch_python_dop_operator_3.py
[2022-02-25 00:30:34,073] {logging_mixin.py:109} INFO - [2022-02-25 00:30:34,073] {dag.py:2396} INFO - Sync 1 DAGs
[2022-02-25 00:30:34,097] {logging_mixin.py:109} INFO - [2022-02-25 00:30:34,097] {dag.py:2935} INFO - Setting next_dagrun for example_branch_dop_operator_v3 to 2022-02-25T00:29:00+00:00
[2022-02-25 00:30:34,107] {processor.py:171} INFO - Processing /home/airflow/.local/lib/python3.7/site-packages/airflow/example_dags/example_branch_python_dop_operator_3.py took 0.105 seconds
[2022-02-25 00:31:04,454] {processor.py:163} INFO - Started process (PID=19354) to work on /home/airflow/.local/lib/python3.7/site-packages/airflow/example_dags/example_branch_python_dop_operator_3.py
[2022-02-25 00:31:04,456] {processor.py:642} INFO - Processing file /home/airflow/.local/lib/python3.7/site-packages/airflow/example_dags/example_branch_python_dop_operator_3.py for tasks to queue
[2022-02-25 00:31:04,459] {logging_mixin.py:109} INFO - [2022-02-25 00:31:04,459] {dagbag.py:500} INFO - Filling up the DagBag from /home/airflow/.local/lib/python3.7/site-packages/airflow/example_dags/example_branch_python_dop_operator_3.py
[2022-02-25 00:31:04,494] {processor.py:654} INFO - DAG(s) dict_keys(['example_branch_dop_operator_v3']) retrieved from /home/airflow/.local/lib/python3.7/site-packages/airflow/example_dags/example_branch_python_dop_operator_3.py
[2022-02-25 00:31:04,509] {logging_mixin.py:109} INFO - [2022-02-25 00:31:04,508] {dag.py:2396} INFO - Sync 1 DAGs
[2022-02-25 00:31:04,536] {logging_mixin.py:109} INFO - [2022-02-25 00:31:04,536] {dag.py:2935} INFO - Setting next_dagrun for example_branch_dop_operator_v3 to 2022-02-25T00:30:00+00:00
[2022-02-25 00:31:04,547] {processor.py:171} INFO - Processing /home/airflow/.local/lib/python3.7/site-packages/airflow/example_dags/example_branch_python_dop_operator_3.py took 0.096 seconds
[2022-02-25 00:31:35,514] {processor.py:163} INFO - Started process (PID=19407) to work on /home/airflow/.local/lib/python3.7/site-packages/airflow/example_dags/example_branch_python_dop_operator_3.py
[2022-02-25 00:31:35,515] {processor.py:642} INFO - Processing file /home/airflow/.local/lib/python3.7/site-packages/airflow/example_dags/example_branch_python_dop_operator_3.py for tasks to queue
[2022-02-25 00:31:35,517] {logging_mixin.py:109} INFO - [2022-02-25 00:31:35,517] {dagbag.py:500} INFO - Filling up the DagBag from /home/airflow/.local/lib/python3.7/site-packages/airflow/example_dags/example_branch_python_dop_operator_3.py
[2022-02-25 00:31:35,549] {processor.py:654} INFO - DAG(s) dict_keys(['example_branch_dop_operator_v3']) retrieved from /home/airflow/.local/lib/python3.7/site-packages/airflow/example_dags/example_branch_python_dop_operator_3.py
[2022-02-25 00:31:35,560] {logging_mixin.py:109} INFO - [2022-02-25 00:31:35,559] {dag.py:2396} INFO - Sync 1 DAGs
[2022-02-25 00:31:35,580] {logging_mixin.py:109} INFO - [2022-02-25 00:31:35,580] {dag.py:2935} INFO - Setting next_dagrun for example_branch_dop_operator_v3 to 2022-02-25T00:30:00+00:00
[2022-02-25 00:31:35,589] {processor.py:171} INFO - Processing /home/airflow/.local/lib/python3.7/site-packages/airflow/example_dags/example_branch_python_dop_operator_3.py took 0.079 seconds
[2022-02-25 00:32:05,937] {processor.py:163} INFO - Started process (PID=19467) to work on /home/airflow/.local/lib/python3.7/site-packages/airflow/example_dags/example_branch_python_dop_operator_3.py
[2022-02-25 00:32:05,939] {processor.py:642} INFO - Processing file /home/airflow/.local/lib/python3.7/site-packages/airflow/example_dags/example_branch_python_dop_operator_3.py for tasks to queue
[2022-02-25 00:32:05,940] {logging_mixin.py:109} INFO - [2022-02-25 00:32:05,940] {dagbag.py:500} INFO - Filling up the DagBag from /home/airflow/.local/lib/python3.7/site-packages/airflow/example_dags/example_branch_python_dop_operator_3.py
[2022-02-25 00:32:05,967] {processor.py:654} INFO - DAG(s) dict_keys(['example_branch_dop_operator_v3']) retrieved from /home/airflow/.local/lib/python3.7/site-packages/airflow/example_dags/example_branch_python_dop_operator_3.py
[2022-02-25 00:32:05,977] {logging_mixin.py:109} INFO - [2022-02-25 00:32:05,977] {dag.py:2396} INFO - Sync 1 DAGs
[2022-02-25 00:32:05,998] {logging_mixin.py:109} INFO - [2022-02-25 00:32:05,998] {dag.py:2935} INFO - Setting next_dagrun for example_branch_dop_operator_v3 to 2022-02-25T00:31:00+00:00
[2022-02-25 00:32:06,008] {processor.py:171} INFO - Processing /home/airflow/.local/lib/python3.7/site-packages/airflow/example_dags/example_branch_python_dop_operator_3.py took 0.075 seconds
[2022-02-25 00:32:36,253] {processor.py:163} INFO - Started process (PID=19519) to work on /home/airflow/.local/lib/python3.7/site-packages/airflow/example_dags/example_branch_python_dop_operator_3.py
[2022-02-25 00:32:36,255] {processor.py:642} INFO - Processing file /home/airflow/.local/lib/python3.7/site-packages/airflow/example_dags/example_branch_python_dop_operator_3.py for tasks to queue
[2022-02-25 00:32:36,256] {logging_mixin.py:109} INFO - [2022-02-25 00:32:36,256] {dagbag.py:500} INFO - Filling up the DagBag from /home/airflow/.local/lib/python3.7/site-packages/airflow/example_dags/example_branch_python_dop_operator_3.py
[2022-02-25 00:32:36,293] {processor.py:654} INFO - DAG(s) dict_keys(['example_branch_dop_operator_v3']) retrieved from /home/airflow/.local/lib/python3.7/site-packages/airflow/example_dags/example_branch_python_dop_operator_3.py
[2022-02-25 00:32:36,304] {logging_mixin.py:109} INFO - [2022-02-25 00:32:36,304] {dag.py:2396} INFO - Sync 1 DAGs
[2022-02-25 00:32:36,328] {logging_mixin.py:109} INFO - [2022-02-25 00:32:36,328] {dag.py:2935} INFO - Setting next_dagrun for example_branch_dop_operator_v3 to 2022-02-25T00:31:00+00:00
[2022-02-25 00:32:36,339] {processor.py:171} INFO - Processing /home/airflow/.local/lib/python3.7/site-packages/airflow/example_dags/example_branch_python_dop_operator_3.py took 0.091 seconds
