[2022-02-25 00:00:04,425] {processor.py:163} INFO - Started process (PID=15908) to work on /home/airflow/.local/lib/python3.7/site-packages/airflow/example_dags/example_xcom.py
[2022-02-25 00:00:04,426] {processor.py:642} INFO - Processing file /home/airflow/.local/lib/python3.7/site-packages/airflow/example_dags/example_xcom.py for tasks to queue
[2022-02-25 00:00:04,428] {logging_mixin.py:109} INFO - [2022-02-25 00:00:04,428] {dagbag.py:500} INFO - Filling up the DagBag from /home/airflow/.local/lib/python3.7/site-packages/airflow/example_dags/example_xcom.py
[2022-02-25 00:00:04,463] {processor.py:654} INFO - DAG(s) dict_keys(['example_xcom']) retrieved from /home/airflow/.local/lib/python3.7/site-packages/airflow/example_dags/example_xcom.py
[2022-02-25 00:00:04,632] {logging_mixin.py:109} INFO - [2022-02-25 00:00:04,632] {dag.py:2396} INFO - Sync 1 DAGs
[2022-02-25 00:00:04,644] {logging_mixin.py:109} INFO - [2022-02-25 00:00:04,643] {dag.py:2935} INFO - Setting next_dagrun for example_xcom to 2021-01-01T00:00:00+00:00
[2022-02-25 00:00:04,652] {processor.py:171} INFO - Processing /home/airflow/.local/lib/python3.7/site-packages/airflow/example_dags/example_xcom.py took 0.232 seconds
[2022-02-25 00:00:34,825] {processor.py:163} INFO - Started process (PID=15969) to work on /home/airflow/.local/lib/python3.7/site-packages/airflow/example_dags/example_xcom.py
[2022-02-25 00:00:34,827] {processor.py:642} INFO - Processing file /home/airflow/.local/lib/python3.7/site-packages/airflow/example_dags/example_xcom.py for tasks to queue
[2022-02-25 00:00:34,829] {logging_mixin.py:109} INFO - [2022-02-25 00:00:34,829] {dagbag.py:500} INFO - Filling up the DagBag from /home/airflow/.local/lib/python3.7/site-packages/airflow/example_dags/example_xcom.py
[2022-02-25 00:00:34,872] {processor.py:654} INFO - DAG(s) dict_keys(['example_xcom']) retrieved from /home/airflow/.local/lib/python3.7/site-packages/airflow/example_dags/example_xcom.py
[2022-02-25 00:00:35,086] {logging_mixin.py:109} INFO - [2022-02-25 00:00:35,086] {dag.py:2396} INFO - Sync 1 DAGs
[2022-02-25 00:00:35,099] {logging_mixin.py:109} INFO - [2022-02-25 00:00:35,099] {dag.py:2935} INFO - Setting next_dagrun for example_xcom to 2021-01-01T00:00:00+00:00
[2022-02-25 00:00:35,109] {processor.py:171} INFO - Processing /home/airflow/.local/lib/python3.7/site-packages/airflow/example_dags/example_xcom.py took 0.289 seconds
[2022-02-25 00:01:05,376] {processor.py:163} INFO - Started process (PID=16020) to work on /home/airflow/.local/lib/python3.7/site-packages/airflow/example_dags/example_xcom.py
[2022-02-25 00:01:05,377] {processor.py:642} INFO - Processing file /home/airflow/.local/lib/python3.7/site-packages/airflow/example_dags/example_xcom.py for tasks to queue
[2022-02-25 00:01:05,379] {logging_mixin.py:109} INFO - [2022-02-25 00:01:05,379] {dagbag.py:500} INFO - Filling up the DagBag from /home/airflow/.local/lib/python3.7/site-packages/airflow/example_dags/example_xcom.py
[2022-02-25 00:01:05,417] {processor.py:654} INFO - DAG(s) dict_keys(['example_xcom']) retrieved from /home/airflow/.local/lib/python3.7/site-packages/airflow/example_dags/example_xcom.py
[2022-02-25 00:01:05,609] {logging_mixin.py:109} INFO - [2022-02-25 00:01:05,609] {dag.py:2396} INFO - Sync 1 DAGs
[2022-02-25 00:01:05,629] {logging_mixin.py:109} INFO - [2022-02-25 00:01:05,629] {dag.py:2935} INFO - Setting next_dagrun for example_xcom to 2021-01-01T00:00:00+00:00
[2022-02-25 00:01:05,639] {processor.py:171} INFO - Processing /home/airflow/.local/lib/python3.7/site-packages/airflow/example_dags/example_xcom.py took 0.267 seconds
[2022-02-25 00:01:35,679] {processor.py:163} INFO - Started process (PID=16081) to work on /home/airflow/.local/lib/python3.7/site-packages/airflow/example_dags/example_xcom.py
[2022-02-25 00:01:35,682] {processor.py:642} INFO - Processing file /home/airflow/.local/lib/python3.7/site-packages/airflow/example_dags/example_xcom.py for tasks to queue
[2022-02-25 00:01:35,684] {logging_mixin.py:109} INFO - [2022-02-25 00:01:35,684] {dagbag.py:500} INFO - Filling up the DagBag from /home/airflow/.local/lib/python3.7/site-packages/airflow/example_dags/example_xcom.py
[2022-02-25 00:01:35,718] {processor.py:654} INFO - DAG(s) dict_keys(['example_xcom']) retrieved from /home/airflow/.local/lib/python3.7/site-packages/airflow/example_dags/example_xcom.py
[2022-02-25 00:01:35,964] {logging_mixin.py:109} INFO - [2022-02-25 00:01:35,964] {dag.py:2396} INFO - Sync 1 DAGs
[2022-02-25 00:01:35,981] {logging_mixin.py:109} INFO - [2022-02-25 00:01:35,981] {dag.py:2935} INFO - Setting next_dagrun for example_xcom to 2021-01-01T00:00:00+00:00
[2022-02-25 00:01:35,993] {processor.py:171} INFO - Processing /home/airflow/.local/lib/python3.7/site-packages/airflow/example_dags/example_xcom.py took 0.318 seconds
[2022-02-25 00:02:06,161] {processor.py:163} INFO - Started process (PID=16132) to work on /home/airflow/.local/lib/python3.7/site-packages/airflow/example_dags/example_xcom.py
[2022-02-25 00:02:06,163] {processor.py:642} INFO - Processing file /home/airflow/.local/lib/python3.7/site-packages/airflow/example_dags/example_xcom.py for tasks to queue
[2022-02-25 00:02:06,164] {logging_mixin.py:109} INFO - [2022-02-25 00:02:06,164] {dagbag.py:500} INFO - Filling up the DagBag from /home/airflow/.local/lib/python3.7/site-packages/airflow/example_dags/example_xcom.py
[2022-02-25 00:02:06,192] {processor.py:654} INFO - DAG(s) dict_keys(['example_xcom']) retrieved from /home/airflow/.local/lib/python3.7/site-packages/airflow/example_dags/example_xcom.py
[2022-02-25 00:02:06,358] {logging_mixin.py:109} INFO - [2022-02-25 00:02:06,358] {dag.py:2396} INFO - Sync 1 DAGs
[2022-02-25 00:02:06,372] {logging_mixin.py:109} INFO - [2022-02-25 00:02:06,372] {dag.py:2935} INFO - Setting next_dagrun for example_xcom to 2021-01-01T00:00:00+00:00
[2022-02-25 00:02:06,381] {processor.py:171} INFO - Processing /home/airflow/.local/lib/python3.7/site-packages/airflow/example_dags/example_xcom.py took 0.224 seconds
[2022-02-25 00:02:36,508] {processor.py:163} INFO - Started process (PID=16194) to work on /home/airflow/.local/lib/python3.7/site-packages/airflow/example_dags/example_xcom.py
[2022-02-25 00:02:36,511] {processor.py:642} INFO - Processing file /home/airflow/.local/lib/python3.7/site-packages/airflow/example_dags/example_xcom.py for tasks to queue
[2022-02-25 00:02:36,512] {logging_mixin.py:109} INFO - [2022-02-25 00:02:36,512] {dagbag.py:500} INFO - Filling up the DagBag from /home/airflow/.local/lib/python3.7/site-packages/airflow/example_dags/example_xcom.py
[2022-02-25 00:02:36,550] {processor.py:654} INFO - DAG(s) dict_keys(['example_xcom']) retrieved from /home/airflow/.local/lib/python3.7/site-packages/airflow/example_dags/example_xcom.py
[2022-02-25 00:02:36,725] {logging_mixin.py:109} INFO - [2022-02-25 00:02:36,725] {dag.py:2396} INFO - Sync 1 DAGs
[2022-02-25 00:02:36,741] {logging_mixin.py:109} INFO - [2022-02-25 00:02:36,741] {dag.py:2935} INFO - Setting next_dagrun for example_xcom to 2021-01-01T00:00:00+00:00
[2022-02-25 00:02:36,753] {processor.py:171} INFO - Processing /home/airflow/.local/lib/python3.7/site-packages/airflow/example_dags/example_xcom.py took 0.249 seconds
[2022-02-25 00:03:06,924] {processor.py:163} INFO - Started process (PID=16245) to work on /home/airflow/.local/lib/python3.7/site-packages/airflow/example_dags/example_xcom.py
[2022-02-25 00:03:06,927] {processor.py:642} INFO - Processing file /home/airflow/.local/lib/python3.7/site-packages/airflow/example_dags/example_xcom.py for tasks to queue
[2022-02-25 00:03:06,928] {logging_mixin.py:109} INFO - [2022-02-25 00:03:06,928] {dagbag.py:500} INFO - Filling up the DagBag from /home/airflow/.local/lib/python3.7/site-packages/airflow/example_dags/example_xcom.py
[2022-02-25 00:03:06,959] {processor.py:654} INFO - DAG(s) dict_keys(['example_xcom']) retrieved from /home/airflow/.local/lib/python3.7/site-packages/airflow/example_dags/example_xcom.py
[2022-02-25 00:03:07,176] {logging_mixin.py:109} INFO - [2022-02-25 00:03:07,176] {dag.py:2396} INFO - Sync 1 DAGs
[2022-02-25 00:03:07,190] {logging_mixin.py:109} INFO - [2022-02-25 00:03:07,190] {dag.py:2935} INFO - Setting next_dagrun for example_xcom to 2021-01-01T00:00:00+00:00
[2022-02-25 00:03:07,203] {processor.py:171} INFO - Processing /home/airflow/.local/lib/python3.7/site-packages/airflow/example_dags/example_xcom.py took 0.282 seconds
[2022-02-25 00:03:37,255] {processor.py:163} INFO - Started process (PID=16305) to work on /home/airflow/.local/lib/python3.7/site-packages/airflow/example_dags/example_xcom.py
[2022-02-25 00:03:37,258] {processor.py:642} INFO - Processing file /home/airflow/.local/lib/python3.7/site-packages/airflow/example_dags/example_xcom.py for tasks to queue
[2022-02-25 00:03:37,258] {logging_mixin.py:109} INFO - [2022-02-25 00:03:37,258] {dagbag.py:500} INFO - Filling up the DagBag from /home/airflow/.local/lib/python3.7/site-packages/airflow/example_dags/example_xcom.py
[2022-02-25 00:03:37,290] {processor.py:654} INFO - DAG(s) dict_keys(['example_xcom']) retrieved from /home/airflow/.local/lib/python3.7/site-packages/airflow/example_dags/example_xcom.py
[2022-02-25 00:03:37,475] {logging_mixin.py:109} INFO - [2022-02-25 00:03:37,475] {dag.py:2396} INFO - Sync 1 DAGs
[2022-02-25 00:03:37,493] {logging_mixin.py:109} INFO - [2022-02-25 00:03:37,493] {dag.py:2935} INFO - Setting next_dagrun for example_xcom to 2021-01-01T00:00:00+00:00
[2022-02-25 00:03:37,506] {processor.py:171} INFO - Processing /home/airflow/.local/lib/python3.7/site-packages/airflow/example_dags/example_xcom.py took 0.255 seconds
[2022-02-25 00:04:07,683] {processor.py:163} INFO - Started process (PID=16357) to work on /home/airflow/.local/lib/python3.7/site-packages/airflow/example_dags/example_xcom.py
[2022-02-25 00:04:07,685] {processor.py:642} INFO - Processing file /home/airflow/.local/lib/python3.7/site-packages/airflow/example_dags/example_xcom.py for tasks to queue
[2022-02-25 00:04:07,686] {logging_mixin.py:109} INFO - [2022-02-25 00:04:07,686] {dagbag.py:500} INFO - Filling up the DagBag from /home/airflow/.local/lib/python3.7/site-packages/airflow/example_dags/example_xcom.py
[2022-02-25 00:04:07,720] {processor.py:654} INFO - DAG(s) dict_keys(['example_xcom']) retrieved from /home/airflow/.local/lib/python3.7/site-packages/airflow/example_dags/example_xcom.py
[2022-02-25 00:04:07,886] {logging_mixin.py:109} INFO - [2022-02-25 00:04:07,886] {dag.py:2396} INFO - Sync 1 DAGs
[2022-02-25 00:04:07,900] {logging_mixin.py:109} INFO - [2022-02-25 00:04:07,900] {dag.py:2935} INFO - Setting next_dagrun for example_xcom to 2021-01-01T00:00:00+00:00
[2022-02-25 00:04:07,910] {processor.py:171} INFO - Processing /home/airflow/.local/lib/python3.7/site-packages/airflow/example_dags/example_xcom.py took 0.231 seconds
[2022-02-25 00:04:38,157] {processor.py:163} INFO - Started process (PID=16417) to work on /home/airflow/.local/lib/python3.7/site-packages/airflow/example_dags/example_xcom.py
[2022-02-25 00:04:38,159] {processor.py:642} INFO - Processing file /home/airflow/.local/lib/python3.7/site-packages/airflow/example_dags/example_xcom.py for tasks to queue
[2022-02-25 00:04:38,160] {logging_mixin.py:109} INFO - [2022-02-25 00:04:38,160] {dagbag.py:500} INFO - Filling up the DagBag from /home/airflow/.local/lib/python3.7/site-packages/airflow/example_dags/example_xcom.py
[2022-02-25 00:04:38,195] {processor.py:654} INFO - DAG(s) dict_keys(['example_xcom']) retrieved from /home/airflow/.local/lib/python3.7/site-packages/airflow/example_dags/example_xcom.py
[2022-02-25 00:04:38,388] {logging_mixin.py:109} INFO - [2022-02-25 00:04:38,387] {dag.py:2396} INFO - Sync 1 DAGs
[2022-02-25 00:04:38,408] {logging_mixin.py:109} INFO - [2022-02-25 00:04:38,408] {dag.py:2935} INFO - Setting next_dagrun for example_xcom to 2021-01-01T00:00:00+00:00
[2022-02-25 00:04:38,418] {processor.py:171} INFO - Processing /home/airflow/.local/lib/python3.7/site-packages/airflow/example_dags/example_xcom.py took 0.265 seconds
[2022-02-25 00:05:09,153] {processor.py:163} INFO - Started process (PID=16469) to work on /home/airflow/.local/lib/python3.7/site-packages/airflow/example_dags/example_xcom.py
[2022-02-25 00:05:09,154] {processor.py:642} INFO - Processing file /home/airflow/.local/lib/python3.7/site-packages/airflow/example_dags/example_xcom.py for tasks to queue
[2022-02-25 00:05:09,156] {logging_mixin.py:109} INFO - [2022-02-25 00:05:09,156] {dagbag.py:500} INFO - Filling up the DagBag from /home/airflow/.local/lib/python3.7/site-packages/airflow/example_dags/example_xcom.py
[2022-02-25 00:05:09,193] {processor.py:654} INFO - DAG(s) dict_keys(['example_xcom']) retrieved from /home/airflow/.local/lib/python3.7/site-packages/airflow/example_dags/example_xcom.py
[2022-02-25 00:05:09,361] {logging_mixin.py:109} INFO - [2022-02-25 00:05:09,360] {dag.py:2396} INFO - Sync 1 DAGs
[2022-02-25 00:05:09,377] {logging_mixin.py:109} INFO - [2022-02-25 00:05:09,377] {dag.py:2935} INFO - Setting next_dagrun for example_xcom to 2021-01-01T00:00:00+00:00
[2022-02-25 00:05:09,386] {processor.py:171} INFO - Processing /home/airflow/.local/lib/python3.7/site-packages/airflow/example_dags/example_xcom.py took 0.237 seconds
[2022-02-25 00:05:39,467] {processor.py:163} INFO - Started process (PID=16531) to work on /home/airflow/.local/lib/python3.7/site-packages/airflow/example_dags/example_xcom.py
[2022-02-25 00:05:39,469] {processor.py:642} INFO - Processing file /home/airflow/.local/lib/python3.7/site-packages/airflow/example_dags/example_xcom.py for tasks to queue
[2022-02-25 00:05:39,470] {logging_mixin.py:109} INFO - [2022-02-25 00:05:39,470] {dagbag.py:500} INFO - Filling up the DagBag from /home/airflow/.local/lib/python3.7/site-packages/airflow/example_dags/example_xcom.py
[2022-02-25 00:05:39,518] {processor.py:654} INFO - DAG(s) dict_keys(['example_xcom']) retrieved from /home/airflow/.local/lib/python3.7/site-packages/airflow/example_dags/example_xcom.py
[2022-02-25 00:05:39,692] {logging_mixin.py:109} INFO - [2022-02-25 00:05:39,692] {dag.py:2396} INFO - Sync 1 DAGs
[2022-02-25 00:05:39,706] {logging_mixin.py:109} INFO - [2022-02-25 00:05:39,706] {dag.py:2935} INFO - Setting next_dagrun for example_xcom to 2021-01-01T00:00:00+00:00
[2022-02-25 00:05:39,718] {processor.py:171} INFO - Processing /home/airflow/.local/lib/python3.7/site-packages/airflow/example_dags/example_xcom.py took 0.256 seconds
[2022-02-25 00:06:09,763] {processor.py:163} INFO - Started process (PID=16582) to work on /home/airflow/.local/lib/python3.7/site-packages/airflow/example_dags/example_xcom.py
[2022-02-25 00:06:09,765] {processor.py:642} INFO - Processing file /home/airflow/.local/lib/python3.7/site-packages/airflow/example_dags/example_xcom.py for tasks to queue
[2022-02-25 00:06:09,766] {logging_mixin.py:109} INFO - [2022-02-25 00:06:09,766] {dagbag.py:500} INFO - Filling up the DagBag from /home/airflow/.local/lib/python3.7/site-packages/airflow/example_dags/example_xcom.py
[2022-02-25 00:06:09,801] {processor.py:654} INFO - DAG(s) dict_keys(['example_xcom']) retrieved from /home/airflow/.local/lib/python3.7/site-packages/airflow/example_dags/example_xcom.py
[2022-02-25 00:06:09,968] {logging_mixin.py:109} INFO - [2022-02-25 00:06:09,968] {dag.py:2396} INFO - Sync 1 DAGs
[2022-02-25 00:06:09,982] {logging_mixin.py:109} INFO - [2022-02-25 00:06:09,982] {dag.py:2935} INFO - Setting next_dagrun for example_xcom to 2021-01-01T00:00:00+00:00
[2022-02-25 00:06:09,992] {processor.py:171} INFO - Processing /home/airflow/.local/lib/python3.7/site-packages/airflow/example_dags/example_xcom.py took 0.233 seconds
[2022-02-25 00:06:40,997] {processor.py:163} INFO - Started process (PID=16645) to work on /home/airflow/.local/lib/python3.7/site-packages/airflow/example_dags/example_xcom.py
[2022-02-25 00:06:40,999] {processor.py:642} INFO - Processing file /home/airflow/.local/lib/python3.7/site-packages/airflow/example_dags/example_xcom.py for tasks to queue
[2022-02-25 00:06:41,000] {logging_mixin.py:109} INFO - [2022-02-25 00:06:41,000] {dagbag.py:500} INFO - Filling up the DagBag from /home/airflow/.local/lib/python3.7/site-packages/airflow/example_dags/example_xcom.py
[2022-02-25 00:06:41,036] {processor.py:654} INFO - DAG(s) dict_keys(['example_xcom']) retrieved from /home/airflow/.local/lib/python3.7/site-packages/airflow/example_dags/example_xcom.py
[2022-02-25 00:06:41,217] {logging_mixin.py:109} INFO - [2022-02-25 00:06:41,216] {dag.py:2396} INFO - Sync 1 DAGs
[2022-02-25 00:06:41,229] {logging_mixin.py:109} INFO - [2022-02-25 00:06:41,229] {dag.py:2935} INFO - Setting next_dagrun for example_xcom to 2021-01-01T00:00:00+00:00
[2022-02-25 00:06:41,240] {processor.py:171} INFO - Processing /home/airflow/.local/lib/python3.7/site-packages/airflow/example_dags/example_xcom.py took 0.246 seconds
[2022-02-25 00:07:12,238] {processor.py:163} INFO - Started process (PID=16697) to work on /home/airflow/.local/lib/python3.7/site-packages/airflow/example_dags/example_xcom.py
[2022-02-25 00:07:12,240] {processor.py:642} INFO - Processing file /home/airflow/.local/lib/python3.7/site-packages/airflow/example_dags/example_xcom.py for tasks to queue
[2022-02-25 00:07:12,241] {logging_mixin.py:109} INFO - [2022-02-25 00:07:12,241] {dagbag.py:500} INFO - Filling up the DagBag from /home/airflow/.local/lib/python3.7/site-packages/airflow/example_dags/example_xcom.py
[2022-02-25 00:07:12,278] {processor.py:654} INFO - DAG(s) dict_keys(['example_xcom']) retrieved from /home/airflow/.local/lib/python3.7/site-packages/airflow/example_dags/example_xcom.py
[2022-02-25 00:07:12,455] {logging_mixin.py:109} INFO - [2022-02-25 00:07:12,455] {dag.py:2396} INFO - Sync 1 DAGs
[2022-02-25 00:07:12,470] {logging_mixin.py:109} INFO - [2022-02-25 00:07:12,469] {dag.py:2935} INFO - Setting next_dagrun for example_xcom to 2021-01-01T00:00:00+00:00
[2022-02-25 00:07:12,481] {processor.py:171} INFO - Processing /home/airflow/.local/lib/python3.7/site-packages/airflow/example_dags/example_xcom.py took 0.247 seconds
[2022-02-25 00:07:42,609] {processor.py:163} INFO - Started process (PID=16758) to work on /home/airflow/.local/lib/python3.7/site-packages/airflow/example_dags/example_xcom.py
[2022-02-25 00:07:42,611] {processor.py:642} INFO - Processing file /home/airflow/.local/lib/python3.7/site-packages/airflow/example_dags/example_xcom.py for tasks to queue
[2022-02-25 00:07:42,612] {logging_mixin.py:109} INFO - [2022-02-25 00:07:42,612] {dagbag.py:500} INFO - Filling up the DagBag from /home/airflow/.local/lib/python3.7/site-packages/airflow/example_dags/example_xcom.py
[2022-02-25 00:07:42,648] {processor.py:654} INFO - DAG(s) dict_keys(['example_xcom']) retrieved from /home/airflow/.local/lib/python3.7/site-packages/airflow/example_dags/example_xcom.py
[2022-02-25 00:07:42,821] {logging_mixin.py:109} INFO - [2022-02-25 00:07:42,821] {dag.py:2396} INFO - Sync 1 DAGs
[2022-02-25 00:07:42,836] {logging_mixin.py:109} INFO - [2022-02-25 00:07:42,836] {dag.py:2935} INFO - Setting next_dagrun for example_xcom to 2021-01-01T00:00:00+00:00
[2022-02-25 00:07:42,845] {processor.py:171} INFO - Processing /home/airflow/.local/lib/python3.7/site-packages/airflow/example_dags/example_xcom.py took 0.240 seconds
[2022-02-25 00:08:13,719] {processor.py:163} INFO - Started process (PID=16809) to work on /home/airflow/.local/lib/python3.7/site-packages/airflow/example_dags/example_xcom.py
[2022-02-25 00:08:13,721] {processor.py:642} INFO - Processing file /home/airflow/.local/lib/python3.7/site-packages/airflow/example_dags/example_xcom.py for tasks to queue
[2022-02-25 00:08:13,722] {logging_mixin.py:109} INFO - [2022-02-25 00:08:13,721] {dagbag.py:500} INFO - Filling up the DagBag from /home/airflow/.local/lib/python3.7/site-packages/airflow/example_dags/example_xcom.py
[2022-02-25 00:08:13,752] {processor.py:654} INFO - DAG(s) dict_keys(['example_xcom']) retrieved from /home/airflow/.local/lib/python3.7/site-packages/airflow/example_dags/example_xcom.py
[2022-02-25 00:08:13,922] {logging_mixin.py:109} INFO - [2022-02-25 00:08:13,922] {dag.py:2396} INFO - Sync 1 DAGs
[2022-02-25 00:08:13,936] {logging_mixin.py:109} INFO - [2022-02-25 00:08:13,936] {dag.py:2935} INFO - Setting next_dagrun for example_xcom to 2021-01-01T00:00:00+00:00
[2022-02-25 00:08:13,946] {processor.py:171} INFO - Processing /home/airflow/.local/lib/python3.7/site-packages/airflow/example_dags/example_xcom.py took 0.230 seconds
[2022-02-25 00:08:44,870] {processor.py:163} INFO - Started process (PID=16870) to work on /home/airflow/.local/lib/python3.7/site-packages/airflow/example_dags/example_xcom.py
[2022-02-25 00:08:44,872] {processor.py:642} INFO - Processing file /home/airflow/.local/lib/python3.7/site-packages/airflow/example_dags/example_xcom.py for tasks to queue
[2022-02-25 00:08:44,873] {logging_mixin.py:109} INFO - [2022-02-25 00:08:44,873] {dagbag.py:500} INFO - Filling up the DagBag from /home/airflow/.local/lib/python3.7/site-packages/airflow/example_dags/example_xcom.py
[2022-02-25 00:08:44,910] {processor.py:654} INFO - DAG(s) dict_keys(['example_xcom']) retrieved from /home/airflow/.local/lib/python3.7/site-packages/airflow/example_dags/example_xcom.py
[2022-02-25 00:08:45,077] {logging_mixin.py:109} INFO - [2022-02-25 00:08:45,077] {dag.py:2396} INFO - Sync 1 DAGs
[2022-02-25 00:08:45,090] {logging_mixin.py:109} INFO - [2022-02-25 00:08:45,090] {dag.py:2935} INFO - Setting next_dagrun for example_xcom to 2021-01-01T00:00:00+00:00
[2022-02-25 00:08:45,099] {processor.py:171} INFO - Processing /home/airflow/.local/lib/python3.7/site-packages/airflow/example_dags/example_xcom.py took 0.233 seconds
[2022-02-25 00:09:16,031] {processor.py:163} INFO - Started process (PID=16922) to work on /home/airflow/.local/lib/python3.7/site-packages/airflow/example_dags/example_xcom.py
[2022-02-25 00:09:16,033] {processor.py:642} INFO - Processing file /home/airflow/.local/lib/python3.7/site-packages/airflow/example_dags/example_xcom.py for tasks to queue
[2022-02-25 00:09:16,034] {logging_mixin.py:109} INFO - [2022-02-25 00:09:16,034] {dagbag.py:500} INFO - Filling up the DagBag from /home/airflow/.local/lib/python3.7/site-packages/airflow/example_dags/example_xcom.py
[2022-02-25 00:09:16,067] {processor.py:654} INFO - DAG(s) dict_keys(['example_xcom']) retrieved from /home/airflow/.local/lib/python3.7/site-packages/airflow/example_dags/example_xcom.py
[2022-02-25 00:09:16,244] {logging_mixin.py:109} INFO - [2022-02-25 00:09:16,244] {dag.py:2396} INFO - Sync 1 DAGs
[2022-02-25 00:09:16,261] {logging_mixin.py:109} INFO - [2022-02-25 00:09:16,261] {dag.py:2935} INFO - Setting next_dagrun for example_xcom to 2021-01-01T00:00:00+00:00
[2022-02-25 00:09:16,271] {processor.py:171} INFO - Processing /home/airflow/.local/lib/python3.7/site-packages/airflow/example_dags/example_xcom.py took 0.244 seconds
[2022-02-25 00:09:46,313] {processor.py:163} INFO - Started process (PID=16985) to work on /home/airflow/.local/lib/python3.7/site-packages/airflow/example_dags/example_xcom.py
[2022-02-25 00:09:46,315] {processor.py:642} INFO - Processing file /home/airflow/.local/lib/python3.7/site-packages/airflow/example_dags/example_xcom.py for tasks to queue
[2022-02-25 00:09:46,316] {logging_mixin.py:109} INFO - [2022-02-25 00:09:46,316] {dagbag.py:500} INFO - Filling up the DagBag from /home/airflow/.local/lib/python3.7/site-packages/airflow/example_dags/example_xcom.py
[2022-02-25 00:09:46,354] {processor.py:654} INFO - DAG(s) dict_keys(['example_xcom']) retrieved from /home/airflow/.local/lib/python3.7/site-packages/airflow/example_dags/example_xcom.py
[2022-02-25 00:09:46,518] {logging_mixin.py:109} INFO - [2022-02-25 00:09:46,518] {dag.py:2396} INFO - Sync 1 DAGs
[2022-02-25 00:09:46,531] {logging_mixin.py:109} INFO - [2022-02-25 00:09:46,531] {dag.py:2935} INFO - Setting next_dagrun for example_xcom to 2021-01-01T00:00:00+00:00
[2022-02-25 00:09:46,540] {processor.py:171} INFO - Processing /home/airflow/.local/lib/python3.7/site-packages/airflow/example_dags/example_xcom.py took 0.231 seconds
[2022-02-25 00:10:17,537] {processor.py:163} INFO - Started process (PID=17038) to work on /home/airflow/.local/lib/python3.7/site-packages/airflow/example_dags/example_xcom.py
[2022-02-25 00:10:17,539] {processor.py:642} INFO - Processing file /home/airflow/.local/lib/python3.7/site-packages/airflow/example_dags/example_xcom.py for tasks to queue
[2022-02-25 00:10:17,540] {logging_mixin.py:109} INFO - [2022-02-25 00:10:17,540] {dagbag.py:500} INFO - Filling up the DagBag from /home/airflow/.local/lib/python3.7/site-packages/airflow/example_dags/example_xcom.py
[2022-02-25 00:10:17,571] {processor.py:654} INFO - DAG(s) dict_keys(['example_xcom']) retrieved from /home/airflow/.local/lib/python3.7/site-packages/airflow/example_dags/example_xcom.py
[2022-02-25 00:10:17,751] {logging_mixin.py:109} INFO - [2022-02-25 00:10:17,751] {dag.py:2396} INFO - Sync 1 DAGs
[2022-02-25 00:10:17,765] {logging_mixin.py:109} INFO - [2022-02-25 00:10:17,765] {dag.py:2935} INFO - Setting next_dagrun for example_xcom to 2021-01-01T00:00:00+00:00
[2022-02-25 00:10:17,776] {processor.py:171} INFO - Processing /home/airflow/.local/lib/python3.7/site-packages/airflow/example_dags/example_xcom.py took 0.242 seconds
[2022-02-25 00:10:48,018] {processor.py:163} INFO - Started process (PID=17100) to work on /home/airflow/.local/lib/python3.7/site-packages/airflow/example_dags/example_xcom.py
[2022-02-25 00:10:48,020] {processor.py:642} INFO - Processing file /home/airflow/.local/lib/python3.7/site-packages/airflow/example_dags/example_xcom.py for tasks to queue
[2022-02-25 00:10:48,021] {logging_mixin.py:109} INFO - [2022-02-25 00:10:48,021] {dagbag.py:500} INFO - Filling up the DagBag from /home/airflow/.local/lib/python3.7/site-packages/airflow/example_dags/example_xcom.py
[2022-02-25 00:10:48,057] {processor.py:654} INFO - DAG(s) dict_keys(['example_xcom']) retrieved from /home/airflow/.local/lib/python3.7/site-packages/airflow/example_dags/example_xcom.py
[2022-02-25 00:10:48,224] {logging_mixin.py:109} INFO - [2022-02-25 00:10:48,224] {dag.py:2396} INFO - Sync 1 DAGs
[2022-02-25 00:10:48,237] {logging_mixin.py:109} INFO - [2022-02-25 00:10:48,236] {dag.py:2935} INFO - Setting next_dagrun for example_xcom to 2021-01-01T00:00:00+00:00
[2022-02-25 00:10:48,245] {processor.py:171} INFO - Processing /home/airflow/.local/lib/python3.7/site-packages/airflow/example_dags/example_xcom.py took 0.232 seconds
[2022-02-25 00:11:18,397] {processor.py:163} INFO - Started process (PID=17152) to work on /home/airflow/.local/lib/python3.7/site-packages/airflow/example_dags/example_xcom.py
[2022-02-25 00:11:18,399] {processor.py:642} INFO - Processing file /home/airflow/.local/lib/python3.7/site-packages/airflow/example_dags/example_xcom.py for tasks to queue
[2022-02-25 00:11:18,400] {logging_mixin.py:109} INFO - [2022-02-25 00:11:18,400] {dagbag.py:500} INFO - Filling up the DagBag from /home/airflow/.local/lib/python3.7/site-packages/airflow/example_dags/example_xcom.py
[2022-02-25 00:11:18,433] {processor.py:654} INFO - DAG(s) dict_keys(['example_xcom']) retrieved from /home/airflow/.local/lib/python3.7/site-packages/airflow/example_dags/example_xcom.py
[2022-02-25 00:11:18,602] {logging_mixin.py:109} INFO - [2022-02-25 00:11:18,602] {dag.py:2396} INFO - Sync 1 DAGs
[2022-02-25 00:11:18,616] {logging_mixin.py:109} INFO - [2022-02-25 00:11:18,615] {dag.py:2935} INFO - Setting next_dagrun for example_xcom to 2021-01-01T00:00:00+00:00
[2022-02-25 00:11:18,625] {processor.py:171} INFO - Processing /home/airflow/.local/lib/python3.7/site-packages/airflow/example_dags/example_xcom.py took 0.232 seconds
[2022-02-25 00:11:48,694] {processor.py:163} INFO - Started process (PID=17213) to work on /home/airflow/.local/lib/python3.7/site-packages/airflow/example_dags/example_xcom.py
[2022-02-25 00:11:48,696] {processor.py:642} INFO - Processing file /home/airflow/.local/lib/python3.7/site-packages/airflow/example_dags/example_xcom.py for tasks to queue
[2022-02-25 00:11:48,697] {logging_mixin.py:109} INFO - [2022-02-25 00:11:48,697] {dagbag.py:500} INFO - Filling up the DagBag from /home/airflow/.local/lib/python3.7/site-packages/airflow/example_dags/example_xcom.py
[2022-02-25 00:11:48,732] {processor.py:654} INFO - DAG(s) dict_keys(['example_xcom']) retrieved from /home/airflow/.local/lib/python3.7/site-packages/airflow/example_dags/example_xcom.py
[2022-02-25 00:11:48,898] {logging_mixin.py:109} INFO - [2022-02-25 00:11:48,898] {dag.py:2396} INFO - Sync 1 DAGs
[2022-02-25 00:11:48,912] {logging_mixin.py:109} INFO - [2022-02-25 00:11:48,912] {dag.py:2935} INFO - Setting next_dagrun for example_xcom to 2021-01-01T00:00:00+00:00
[2022-02-25 00:11:48,922] {processor.py:171} INFO - Processing /home/airflow/.local/lib/python3.7/site-packages/airflow/example_dags/example_xcom.py took 0.232 seconds
[2022-02-25 00:12:18,955] {processor.py:163} INFO - Started process (PID=17264) to work on /home/airflow/.local/lib/python3.7/site-packages/airflow/example_dags/example_xcom.py
[2022-02-25 00:12:18,957] {processor.py:642} INFO - Processing file /home/airflow/.local/lib/python3.7/site-packages/airflow/example_dags/example_xcom.py for tasks to queue
[2022-02-25 00:12:18,958] {logging_mixin.py:109} INFO - [2022-02-25 00:12:18,958] {dagbag.py:500} INFO - Filling up the DagBag from /home/airflow/.local/lib/python3.7/site-packages/airflow/example_dags/example_xcom.py
[2022-02-25 00:12:18,992] {processor.py:654} INFO - DAG(s) dict_keys(['example_xcom']) retrieved from /home/airflow/.local/lib/python3.7/site-packages/airflow/example_dags/example_xcom.py
[2022-02-25 00:12:19,161] {logging_mixin.py:109} INFO - [2022-02-25 00:12:19,161] {dag.py:2396} INFO - Sync 1 DAGs
[2022-02-25 00:12:19,175] {logging_mixin.py:109} INFO - [2022-02-25 00:12:19,175] {dag.py:2935} INFO - Setting next_dagrun for example_xcom to 2021-01-01T00:00:00+00:00
[2022-02-25 00:12:19,184] {processor.py:171} INFO - Processing /home/airflow/.local/lib/python3.7/site-packages/airflow/example_dags/example_xcom.py took 0.232 seconds
[2022-02-25 00:12:49,426] {processor.py:163} INFO - Started process (PID=17327) to work on /home/airflow/.local/lib/python3.7/site-packages/airflow/example_dags/example_xcom.py
[2022-02-25 00:12:49,428] {processor.py:642} INFO - Processing file /home/airflow/.local/lib/python3.7/site-packages/airflow/example_dags/example_xcom.py for tasks to queue
[2022-02-25 00:12:49,429] {logging_mixin.py:109} INFO - [2022-02-25 00:12:49,429] {dagbag.py:500} INFO - Filling up the DagBag from /home/airflow/.local/lib/python3.7/site-packages/airflow/example_dags/example_xcom.py
[2022-02-25 00:12:49,460] {processor.py:654} INFO - DAG(s) dict_keys(['example_xcom']) retrieved from /home/airflow/.local/lib/python3.7/site-packages/airflow/example_dags/example_xcom.py
[2022-02-25 00:12:49,655] {logging_mixin.py:109} INFO - [2022-02-25 00:12:49,655] {dag.py:2396} INFO - Sync 1 DAGs
[2022-02-25 00:12:49,669] {logging_mixin.py:109} INFO - [2022-02-25 00:12:49,669] {dag.py:2935} INFO - Setting next_dagrun for example_xcom to 2021-01-01T00:00:00+00:00
[2022-02-25 00:12:49,680] {processor.py:171} INFO - Processing /home/airflow/.local/lib/python3.7/site-packages/airflow/example_dags/example_xcom.py took 0.257 seconds
[2022-02-25 00:13:19,863] {processor.py:163} INFO - Started process (PID=17378) to work on /home/airflow/.local/lib/python3.7/site-packages/airflow/example_dags/example_xcom.py
[2022-02-25 00:13:19,865] {processor.py:642} INFO - Processing file /home/airflow/.local/lib/python3.7/site-packages/airflow/example_dags/example_xcom.py for tasks to queue
[2022-02-25 00:13:19,866] {logging_mixin.py:109} INFO - [2022-02-25 00:13:19,866] {dagbag.py:500} INFO - Filling up the DagBag from /home/airflow/.local/lib/python3.7/site-packages/airflow/example_dags/example_xcom.py
[2022-02-25 00:13:19,909] {processor.py:654} INFO - DAG(s) dict_keys(['example_xcom']) retrieved from /home/airflow/.local/lib/python3.7/site-packages/airflow/example_dags/example_xcom.py
[2022-02-25 00:13:20,106] {logging_mixin.py:109} INFO - [2022-02-25 00:13:20,106] {dag.py:2396} INFO - Sync 1 DAGs
[2022-02-25 00:13:20,120] {logging_mixin.py:109} INFO - [2022-02-25 00:13:20,120] {dag.py:2935} INFO - Setting next_dagrun for example_xcom to 2021-01-01T00:00:00+00:00
[2022-02-25 00:13:20,130] {processor.py:171} INFO - Processing /home/airflow/.local/lib/python3.7/site-packages/airflow/example_dags/example_xcom.py took 0.272 seconds
[2022-02-25 00:13:50,217] {processor.py:163} INFO - Started process (PID=17440) to work on /home/airflow/.local/lib/python3.7/site-packages/airflow/example_dags/example_xcom.py
[2022-02-25 00:13:50,219] {processor.py:642} INFO - Processing file /home/airflow/.local/lib/python3.7/site-packages/airflow/example_dags/example_xcom.py for tasks to queue
[2022-02-25 00:13:50,220] {logging_mixin.py:109} INFO - [2022-02-25 00:13:50,220] {dagbag.py:500} INFO - Filling up the DagBag from /home/airflow/.local/lib/python3.7/site-packages/airflow/example_dags/example_xcom.py
[2022-02-25 00:13:50,253] {processor.py:654} INFO - DAG(s) dict_keys(['example_xcom']) retrieved from /home/airflow/.local/lib/python3.7/site-packages/airflow/example_dags/example_xcom.py
[2022-02-25 00:13:50,414] {logging_mixin.py:109} INFO - [2022-02-25 00:13:50,414] {dag.py:2396} INFO - Sync 1 DAGs
[2022-02-25 00:13:50,426] {logging_mixin.py:109} INFO - [2022-02-25 00:13:50,426] {dag.py:2935} INFO - Setting next_dagrun for example_xcom to 2021-01-01T00:00:00+00:00
[2022-02-25 00:13:50,435] {processor.py:171} INFO - Processing /home/airflow/.local/lib/python3.7/site-packages/airflow/example_dags/example_xcom.py took 0.222 seconds
[2022-02-25 00:14:20,540] {processor.py:163} INFO - Started process (PID=17491) to work on /home/airflow/.local/lib/python3.7/site-packages/airflow/example_dags/example_xcom.py
[2022-02-25 00:14:20,541] {processor.py:642} INFO - Processing file /home/airflow/.local/lib/python3.7/site-packages/airflow/example_dags/example_xcom.py for tasks to queue
[2022-02-25 00:14:20,542] {logging_mixin.py:109} INFO - [2022-02-25 00:14:20,542] {dagbag.py:500} INFO - Filling up the DagBag from /home/airflow/.local/lib/python3.7/site-packages/airflow/example_dags/example_xcom.py
[2022-02-25 00:14:20,576] {processor.py:654} INFO - DAG(s) dict_keys(['example_xcom']) retrieved from /home/airflow/.local/lib/python3.7/site-packages/airflow/example_dags/example_xcom.py
[2022-02-25 00:14:20,737] {logging_mixin.py:109} INFO - [2022-02-25 00:14:20,737] {dag.py:2396} INFO - Sync 1 DAGs
[2022-02-25 00:14:20,750] {logging_mixin.py:109} INFO - [2022-02-25 00:14:20,750] {dag.py:2935} INFO - Setting next_dagrun for example_xcom to 2021-01-01T00:00:00+00:00
[2022-02-25 00:14:20,759] {processor.py:171} INFO - Processing /home/airflow/.local/lib/python3.7/site-packages/airflow/example_dags/example_xcom.py took 0.222 seconds
[2022-02-25 00:14:50,865] {processor.py:163} INFO - Started process (PID=17549) to work on /home/airflow/.local/lib/python3.7/site-packages/airflow/example_dags/example_xcom.py
[2022-02-25 00:14:50,867] {processor.py:642} INFO - Processing file /home/airflow/.local/lib/python3.7/site-packages/airflow/example_dags/example_xcom.py for tasks to queue
[2022-02-25 00:14:50,868] {logging_mixin.py:109} INFO - [2022-02-25 00:14:50,868] {dagbag.py:500} INFO - Filling up the DagBag from /home/airflow/.local/lib/python3.7/site-packages/airflow/example_dags/example_xcom.py
[2022-02-25 00:14:50,905] {processor.py:654} INFO - DAG(s) dict_keys(['example_xcom']) retrieved from /home/airflow/.local/lib/python3.7/site-packages/airflow/example_dags/example_xcom.py
[2022-02-25 00:14:51,094] {logging_mixin.py:109} INFO - [2022-02-25 00:14:51,094] {dag.py:2396} INFO - Sync 1 DAGs
[2022-02-25 00:14:51,108] {logging_mixin.py:109} INFO - [2022-02-25 00:14:51,108] {dag.py:2935} INFO - Setting next_dagrun for example_xcom to 2021-01-01T00:00:00+00:00
[2022-02-25 00:14:51,118] {processor.py:171} INFO - Processing /home/airflow/.local/lib/python3.7/site-packages/airflow/example_dags/example_xcom.py took 0.258 seconds
[2022-02-25 00:15:21,154] {processor.py:163} INFO - Started process (PID=17601) to work on /home/airflow/.local/lib/python3.7/site-packages/airflow/example_dags/example_xcom.py
[2022-02-25 00:15:21,156] {processor.py:642} INFO - Processing file /home/airflow/.local/lib/python3.7/site-packages/airflow/example_dags/example_xcom.py for tasks to queue
[2022-02-25 00:15:21,157] {logging_mixin.py:109} INFO - [2022-02-25 00:15:21,157] {dagbag.py:500} INFO - Filling up the DagBag from /home/airflow/.local/lib/python3.7/site-packages/airflow/example_dags/example_xcom.py
[2022-02-25 00:15:21,196] {processor.py:654} INFO - DAG(s) dict_keys(['example_xcom']) retrieved from /home/airflow/.local/lib/python3.7/site-packages/airflow/example_dags/example_xcom.py
[2022-02-25 00:15:21,419] {logging_mixin.py:109} INFO - [2022-02-25 00:15:21,419] {dag.py:2396} INFO - Sync 1 DAGs
[2022-02-25 00:15:21,434] {logging_mixin.py:109} INFO - [2022-02-25 00:15:21,434] {dag.py:2935} INFO - Setting next_dagrun for example_xcom to 2021-01-01T00:00:00+00:00
[2022-02-25 00:15:21,446] {processor.py:171} INFO - Processing /home/airflow/.local/lib/python3.7/site-packages/airflow/example_dags/example_xcom.py took 0.299 seconds
[2022-02-25 00:15:51,610] {processor.py:163} INFO - Started process (PID=17663) to work on /home/airflow/.local/lib/python3.7/site-packages/airflow/example_dags/example_xcom.py
[2022-02-25 00:15:51,612] {processor.py:642} INFO - Processing file /home/airflow/.local/lib/python3.7/site-packages/airflow/example_dags/example_xcom.py for tasks to queue
[2022-02-25 00:15:51,613] {logging_mixin.py:109} INFO - [2022-02-25 00:15:51,613] {dagbag.py:500} INFO - Filling up the DagBag from /home/airflow/.local/lib/python3.7/site-packages/airflow/example_dags/example_xcom.py
[2022-02-25 00:15:51,650] {processor.py:654} INFO - DAG(s) dict_keys(['example_xcom']) retrieved from /home/airflow/.local/lib/python3.7/site-packages/airflow/example_dags/example_xcom.py
[2022-02-25 00:15:51,855] {logging_mixin.py:109} INFO - [2022-02-25 00:15:51,855] {dag.py:2396} INFO - Sync 1 DAGs
[2022-02-25 00:15:51,870] {logging_mixin.py:109} INFO - [2022-02-25 00:15:51,870] {dag.py:2935} INFO - Setting next_dagrun for example_xcom to 2021-01-01T00:00:00+00:00
[2022-02-25 00:15:51,882] {processor.py:171} INFO - Processing /home/airflow/.local/lib/python3.7/site-packages/airflow/example_dags/example_xcom.py took 0.281 seconds
[2022-02-25 00:16:21,919] {processor.py:163} INFO - Started process (PID=17718) to work on /home/airflow/.local/lib/python3.7/site-packages/airflow/example_dags/example_xcom.py
[2022-02-25 00:16:21,921] {processor.py:642} INFO - Processing file /home/airflow/.local/lib/python3.7/site-packages/airflow/example_dags/example_xcom.py for tasks to queue
[2022-02-25 00:16:21,922] {logging_mixin.py:109} INFO - [2022-02-25 00:16:21,922] {dagbag.py:500} INFO - Filling up the DagBag from /home/airflow/.local/lib/python3.7/site-packages/airflow/example_dags/example_xcom.py
[2022-02-25 00:16:21,957] {processor.py:654} INFO - DAG(s) dict_keys(['example_xcom']) retrieved from /home/airflow/.local/lib/python3.7/site-packages/airflow/example_dags/example_xcom.py
[2022-02-25 00:16:22,149] {logging_mixin.py:109} INFO - [2022-02-25 00:16:22,149] {dag.py:2396} INFO - Sync 1 DAGs
[2022-02-25 00:16:22,166] {logging_mixin.py:109} INFO - [2022-02-25 00:16:22,165] {dag.py:2935} INFO - Setting next_dagrun for example_xcom to 2021-01-01T00:00:00+00:00
[2022-02-25 00:16:22,179] {processor.py:171} INFO - Processing /home/airflow/.local/lib/python3.7/site-packages/airflow/example_dags/example_xcom.py took 0.264 seconds
[2022-02-25 00:16:52,245] {processor.py:163} INFO - Started process (PID=17781) to work on /home/airflow/.local/lib/python3.7/site-packages/airflow/example_dags/example_xcom.py
[2022-02-25 00:16:52,247] {processor.py:642} INFO - Processing file /home/airflow/.local/lib/python3.7/site-packages/airflow/example_dags/example_xcom.py for tasks to queue
[2022-02-25 00:16:52,249] {logging_mixin.py:109} INFO - [2022-02-25 00:16:52,249] {dagbag.py:500} INFO - Filling up the DagBag from /home/airflow/.local/lib/python3.7/site-packages/airflow/example_dags/example_xcom.py
[2022-02-25 00:16:52,288] {processor.py:654} INFO - DAG(s) dict_keys(['example_xcom']) retrieved from /home/airflow/.local/lib/python3.7/site-packages/airflow/example_dags/example_xcom.py
[2022-02-25 00:16:52,509] {logging_mixin.py:109} INFO - [2022-02-25 00:16:52,509] {dag.py:2396} INFO - Sync 1 DAGs
[2022-02-25 00:16:52,523] {logging_mixin.py:109} INFO - [2022-02-25 00:16:52,523] {dag.py:2935} INFO - Setting next_dagrun for example_xcom to 2021-01-01T00:00:00+00:00
[2022-02-25 00:16:52,533] {processor.py:171} INFO - Processing /home/airflow/.local/lib/python3.7/site-packages/airflow/example_dags/example_xcom.py took 0.293 seconds
[2022-02-25 00:17:22,715] {processor.py:163} INFO - Started process (PID=17834) to work on /home/airflow/.local/lib/python3.7/site-packages/airflow/example_dags/example_xcom.py
[2022-02-25 00:17:22,717] {processor.py:642} INFO - Processing file /home/airflow/.local/lib/python3.7/site-packages/airflow/example_dags/example_xcom.py for tasks to queue
[2022-02-25 00:17:22,718] {logging_mixin.py:109} INFO - [2022-02-25 00:17:22,718] {dagbag.py:500} INFO - Filling up the DagBag from /home/airflow/.local/lib/python3.7/site-packages/airflow/example_dags/example_xcom.py
[2022-02-25 00:17:22,751] {processor.py:654} INFO - DAG(s) dict_keys(['example_xcom']) retrieved from /home/airflow/.local/lib/python3.7/site-packages/airflow/example_dags/example_xcom.py
[2022-02-25 00:17:22,938] {logging_mixin.py:109} INFO - [2022-02-25 00:17:22,938] {dag.py:2396} INFO - Sync 1 DAGs
[2022-02-25 00:17:22,952] {logging_mixin.py:109} INFO - [2022-02-25 00:17:22,951] {dag.py:2935} INFO - Setting next_dagrun for example_xcom to 2021-01-01T00:00:00+00:00
[2022-02-25 00:17:22,962] {processor.py:171} INFO - Processing /home/airflow/.local/lib/python3.7/site-packages/airflow/example_dags/example_xcom.py took 0.251 seconds
[2022-02-25 00:17:53,052] {processor.py:163} INFO - Started process (PID=17899) to work on /home/airflow/.local/lib/python3.7/site-packages/airflow/example_dags/example_xcom.py
[2022-02-25 00:17:53,055] {processor.py:642} INFO - Processing file /home/airflow/.local/lib/python3.7/site-packages/airflow/example_dags/example_xcom.py for tasks to queue
[2022-02-25 00:17:53,056] {logging_mixin.py:109} INFO - [2022-02-25 00:17:53,056] {dagbag.py:500} INFO - Filling up the DagBag from /home/airflow/.local/lib/python3.7/site-packages/airflow/example_dags/example_xcom.py
[2022-02-25 00:17:53,089] {processor.py:654} INFO - DAG(s) dict_keys(['example_xcom']) retrieved from /home/airflow/.local/lib/python3.7/site-packages/airflow/example_dags/example_xcom.py
[2022-02-25 00:17:53,283] {logging_mixin.py:109} INFO - [2022-02-25 00:17:53,283] {dag.py:2396} INFO - Sync 1 DAGs
[2022-02-25 00:17:53,299] {logging_mixin.py:109} INFO - [2022-02-25 00:17:53,299] {dag.py:2935} INFO - Setting next_dagrun for example_xcom to 2021-01-01T00:00:00+00:00
[2022-02-25 00:17:53,324] {processor.py:171} INFO - Processing /home/airflow/.local/lib/python3.7/site-packages/airflow/example_dags/example_xcom.py took 0.275 seconds
[2022-02-25 00:18:23,554] {processor.py:163} INFO - Started process (PID=17952) to work on /home/airflow/.local/lib/python3.7/site-packages/airflow/example_dags/example_xcom.py
[2022-02-25 00:18:23,557] {processor.py:642} INFO - Processing file /home/airflow/.local/lib/python3.7/site-packages/airflow/example_dags/example_xcom.py for tasks to queue
[2022-02-25 00:18:23,559] {logging_mixin.py:109} INFO - [2022-02-25 00:18:23,558] {dagbag.py:500} INFO - Filling up the DagBag from /home/airflow/.local/lib/python3.7/site-packages/airflow/example_dags/example_xcom.py
[2022-02-25 00:18:23,598] {processor.py:654} INFO - DAG(s) dict_keys(['example_xcom']) retrieved from /home/airflow/.local/lib/python3.7/site-packages/airflow/example_dags/example_xcom.py
[2022-02-25 00:18:23,792] {logging_mixin.py:109} INFO - [2022-02-25 00:18:23,791] {dag.py:2396} INFO - Sync 1 DAGs
[2022-02-25 00:18:23,806] {logging_mixin.py:109} INFO - [2022-02-25 00:18:23,806] {dag.py:2935} INFO - Setting next_dagrun for example_xcom to 2021-01-01T00:00:00+00:00
[2022-02-25 00:18:23,818] {processor.py:171} INFO - Processing /home/airflow/.local/lib/python3.7/site-packages/airflow/example_dags/example_xcom.py took 0.267 seconds
[2022-02-25 00:18:53,923] {processor.py:163} INFO - Started process (PID=18014) to work on /home/airflow/.local/lib/python3.7/site-packages/airflow/example_dags/example_xcom.py
[2022-02-25 00:18:53,926] {processor.py:642} INFO - Processing file /home/airflow/.local/lib/python3.7/site-packages/airflow/example_dags/example_xcom.py for tasks to queue
[2022-02-25 00:18:53,927] {logging_mixin.py:109} INFO - [2022-02-25 00:18:53,927] {dagbag.py:500} INFO - Filling up the DagBag from /home/airflow/.local/lib/python3.7/site-packages/airflow/example_dags/example_xcom.py
[2022-02-25 00:18:53,967] {processor.py:654} INFO - DAG(s) dict_keys(['example_xcom']) retrieved from /home/airflow/.local/lib/python3.7/site-packages/airflow/example_dags/example_xcom.py
[2022-02-25 00:18:54,166] {logging_mixin.py:109} INFO - [2022-02-25 00:18:54,165] {dag.py:2396} INFO - Sync 1 DAGs
[2022-02-25 00:18:54,182] {logging_mixin.py:109} INFO - [2022-02-25 00:18:54,182] {dag.py:2935} INFO - Setting next_dagrun for example_xcom to 2021-01-01T00:00:00+00:00
[2022-02-25 00:18:54,192] {processor.py:171} INFO - Processing /home/airflow/.local/lib/python3.7/site-packages/airflow/example_dags/example_xcom.py took 0.273 seconds
[2022-02-25 00:19:24,392] {processor.py:163} INFO - Started process (PID=18055) to work on /home/airflow/.local/lib/python3.7/site-packages/airflow/example_dags/example_xcom.py
[2022-02-25 00:19:24,394] {processor.py:642} INFO - Processing file /home/airflow/.local/lib/python3.7/site-packages/airflow/example_dags/example_xcom.py for tasks to queue
[2022-02-25 00:19:24,396] {logging_mixin.py:109} INFO - [2022-02-25 00:19:24,395] {dagbag.py:500} INFO - Filling up the DagBag from /home/airflow/.local/lib/python3.7/site-packages/airflow/example_dags/example_xcom.py
[2022-02-25 00:19:24,434] {processor.py:654} INFO - DAG(s) dict_keys(['example_xcom']) retrieved from /home/airflow/.local/lib/python3.7/site-packages/airflow/example_dags/example_xcom.py
[2022-02-25 00:19:24,632] {logging_mixin.py:109} INFO - [2022-02-25 00:19:24,631] {dag.py:2396} INFO - Sync 1 DAGs
[2022-02-25 00:19:24,647] {logging_mixin.py:109} INFO - [2022-02-25 00:19:24,647] {dag.py:2935} INFO - Setting next_dagrun for example_xcom to 2021-01-01T00:00:00+00:00
[2022-02-25 00:19:24,658] {processor.py:171} INFO - Processing /home/airflow/.local/lib/python3.7/site-packages/airflow/example_dags/example_xcom.py took 0.270 seconds
[2022-02-25 00:19:54,727] {processor.py:163} INFO - Started process (PID=18117) to work on /home/airflow/.local/lib/python3.7/site-packages/airflow/example_dags/example_xcom.py
[2022-02-25 00:19:54,730] {processor.py:642} INFO - Processing file /home/airflow/.local/lib/python3.7/site-packages/airflow/example_dags/example_xcom.py for tasks to queue
[2022-02-25 00:19:54,731] {logging_mixin.py:109} INFO - [2022-02-25 00:19:54,731] {dagbag.py:500} INFO - Filling up the DagBag from /home/airflow/.local/lib/python3.7/site-packages/airflow/example_dags/example_xcom.py
[2022-02-25 00:19:54,773] {processor.py:654} INFO - DAG(s) dict_keys(['example_xcom']) retrieved from /home/airflow/.local/lib/python3.7/site-packages/airflow/example_dags/example_xcom.py
[2022-02-25 00:19:54,968] {logging_mixin.py:109} INFO - [2022-02-25 00:19:54,968] {dag.py:2396} INFO - Sync 1 DAGs
[2022-02-25 00:19:54,984] {logging_mixin.py:109} INFO - [2022-02-25 00:19:54,984] {dag.py:2935} INFO - Setting next_dagrun for example_xcom to 2021-01-01T00:00:00+00:00
[2022-02-25 00:19:54,997] {processor.py:171} INFO - Processing /home/airflow/.local/lib/python3.7/site-packages/airflow/example_dags/example_xcom.py took 0.273 seconds
[2022-02-25 00:20:25,065] {processor.py:163} INFO - Started process (PID=18172) to work on /home/airflow/.local/lib/python3.7/site-packages/airflow/example_dags/example_xcom.py
[2022-02-25 00:20:25,067] {processor.py:642} INFO - Processing file /home/airflow/.local/lib/python3.7/site-packages/airflow/example_dags/example_xcom.py for tasks to queue
[2022-02-25 00:20:25,068] {logging_mixin.py:109} INFO - [2022-02-25 00:20:25,068] {dagbag.py:500} INFO - Filling up the DagBag from /home/airflow/.local/lib/python3.7/site-packages/airflow/example_dags/example_xcom.py
[2022-02-25 00:20:25,104] {processor.py:654} INFO - DAG(s) dict_keys(['example_xcom']) retrieved from /home/airflow/.local/lib/python3.7/site-packages/airflow/example_dags/example_xcom.py
[2022-02-25 00:20:25,305] {logging_mixin.py:109} INFO - [2022-02-25 00:20:25,305] {dag.py:2396} INFO - Sync 1 DAGs
[2022-02-25 00:20:25,321] {logging_mixin.py:109} INFO - [2022-02-25 00:20:25,321] {dag.py:2935} INFO - Setting next_dagrun for example_xcom to 2021-01-01T00:00:00+00:00
[2022-02-25 00:20:25,332] {processor.py:171} INFO - Processing /home/airflow/.local/lib/python3.7/site-packages/airflow/example_dags/example_xcom.py took 0.270 seconds
[2022-02-25 00:20:55,430] {processor.py:163} INFO - Started process (PID=18223) to work on /home/airflow/.local/lib/python3.7/site-packages/airflow/example_dags/example_xcom.py
[2022-02-25 00:20:55,432] {processor.py:642} INFO - Processing file /home/airflow/.local/lib/python3.7/site-packages/airflow/example_dags/example_xcom.py for tasks to queue
[2022-02-25 00:20:55,434] {logging_mixin.py:109} INFO - [2022-02-25 00:20:55,433] {dagbag.py:500} INFO - Filling up the DagBag from /home/airflow/.local/lib/python3.7/site-packages/airflow/example_dags/example_xcom.py
[2022-02-25 00:20:55,468] {processor.py:654} INFO - DAG(s) dict_keys(['example_xcom']) retrieved from /home/airflow/.local/lib/python3.7/site-packages/airflow/example_dags/example_xcom.py
[2022-02-25 00:20:55,666] {logging_mixin.py:109} INFO - [2022-02-25 00:20:55,666] {dag.py:2396} INFO - Sync 1 DAGs
[2022-02-25 00:20:55,684] {logging_mixin.py:109} INFO - [2022-02-25 00:20:55,684] {dag.py:2935} INFO - Setting next_dagrun for example_xcom to 2021-01-01T00:00:00+00:00
[2022-02-25 00:20:55,695] {processor.py:171} INFO - Processing /home/airflow/.local/lib/python3.7/site-packages/airflow/example_dags/example_xcom.py took 0.270 seconds
[2022-02-25 00:21:25,997] {processor.py:163} INFO - Started process (PID=18288) to work on /home/airflow/.local/lib/python3.7/site-packages/airflow/example_dags/example_xcom.py
[2022-02-25 00:21:25,999] {processor.py:642} INFO - Processing file /home/airflow/.local/lib/python3.7/site-packages/airflow/example_dags/example_xcom.py for tasks to queue
[2022-02-25 00:21:26,000] {logging_mixin.py:109} INFO - [2022-02-25 00:21:26,000] {dagbag.py:500} INFO - Filling up the DagBag from /home/airflow/.local/lib/python3.7/site-packages/airflow/example_dags/example_xcom.py
[2022-02-25 00:21:26,036] {processor.py:654} INFO - DAG(s) dict_keys(['example_xcom']) retrieved from /home/airflow/.local/lib/python3.7/site-packages/airflow/example_dags/example_xcom.py
[2022-02-25 00:21:26,236] {logging_mixin.py:109} INFO - [2022-02-25 00:21:26,236] {dag.py:2396} INFO - Sync 1 DAGs
[2022-02-25 00:21:26,256] {logging_mixin.py:109} INFO - [2022-02-25 00:21:26,256] {dag.py:2935} INFO - Setting next_dagrun for example_xcom to 2021-01-01T00:00:00+00:00
[2022-02-25 00:21:26,269] {processor.py:171} INFO - Processing /home/airflow/.local/lib/python3.7/site-packages/airflow/example_dags/example_xcom.py took 0.275 seconds
[2022-02-25 00:21:56,339] {processor.py:163} INFO - Started process (PID=18341) to work on /home/airflow/.local/lib/python3.7/site-packages/airflow/example_dags/example_xcom.py
[2022-02-25 00:21:56,340] {processor.py:642} INFO - Processing file /home/airflow/.local/lib/python3.7/site-packages/airflow/example_dags/example_xcom.py for tasks to queue
[2022-02-25 00:21:56,341] {logging_mixin.py:109} INFO - [2022-02-25 00:21:56,341] {dagbag.py:500} INFO - Filling up the DagBag from /home/airflow/.local/lib/python3.7/site-packages/airflow/example_dags/example_xcom.py
[2022-02-25 00:21:56,377] {processor.py:654} INFO - DAG(s) dict_keys(['example_xcom']) retrieved from /home/airflow/.local/lib/python3.7/site-packages/airflow/example_dags/example_xcom.py
[2022-02-25 00:21:56,573] {logging_mixin.py:109} INFO - [2022-02-25 00:21:56,573] {dag.py:2396} INFO - Sync 1 DAGs
[2022-02-25 00:21:56,588] {logging_mixin.py:109} INFO - [2022-02-25 00:21:56,588] {dag.py:2935} INFO - Setting next_dagrun for example_xcom to 2021-01-01T00:00:00+00:00
[2022-02-25 00:21:56,599] {processor.py:171} INFO - Processing /home/airflow/.local/lib/python3.7/site-packages/airflow/example_dags/example_xcom.py took 0.264 seconds
[2022-02-25 00:22:26,837] {processor.py:163} INFO - Started process (PID=18403) to work on /home/airflow/.local/lib/python3.7/site-packages/airflow/example_dags/example_xcom.py
[2022-02-25 00:22:26,839] {processor.py:642} INFO - Processing file /home/airflow/.local/lib/python3.7/site-packages/airflow/example_dags/example_xcom.py for tasks to queue
[2022-02-25 00:22:26,841] {logging_mixin.py:109} INFO - [2022-02-25 00:22:26,841] {dagbag.py:500} INFO - Filling up the DagBag from /home/airflow/.local/lib/python3.7/site-packages/airflow/example_dags/example_xcom.py
[2022-02-25 00:22:26,875] {processor.py:654} INFO - DAG(s) dict_keys(['example_xcom']) retrieved from /home/airflow/.local/lib/python3.7/site-packages/airflow/example_dags/example_xcom.py
[2022-02-25 00:22:27,093] {logging_mixin.py:109} INFO - [2022-02-25 00:22:27,093] {dag.py:2396} INFO - Sync 1 DAGs
[2022-02-25 00:22:27,107] {logging_mixin.py:109} INFO - [2022-02-25 00:22:27,107] {dag.py:2935} INFO - Setting next_dagrun for example_xcom to 2021-01-01T00:00:00+00:00
[2022-02-25 00:22:27,117] {processor.py:171} INFO - Processing /home/airflow/.local/lib/python3.7/site-packages/airflow/example_dags/example_xcom.py took 0.284 seconds
[2022-02-25 00:22:57,338] {processor.py:163} INFO - Started process (PID=18455) to work on /home/airflow/.local/lib/python3.7/site-packages/airflow/example_dags/example_xcom.py
[2022-02-25 00:22:57,341] {processor.py:642} INFO - Processing file /home/airflow/.local/lib/python3.7/site-packages/airflow/example_dags/example_xcom.py for tasks to queue
[2022-02-25 00:22:57,344] {logging_mixin.py:109} INFO - [2022-02-25 00:22:57,344] {dagbag.py:500} INFO - Filling up the DagBag from /home/airflow/.local/lib/python3.7/site-packages/airflow/example_dags/example_xcom.py
[2022-02-25 00:22:57,398] {processor.py:654} INFO - DAG(s) dict_keys(['example_xcom']) retrieved from /home/airflow/.local/lib/python3.7/site-packages/airflow/example_dags/example_xcom.py
[2022-02-25 00:22:57,654] {logging_mixin.py:109} INFO - [2022-02-25 00:22:57,654] {dag.py:2396} INFO - Sync 1 DAGs
[2022-02-25 00:22:57,668] {logging_mixin.py:109} INFO - [2022-02-25 00:22:57,668] {dag.py:2935} INFO - Setting next_dagrun for example_xcom to 2021-01-01T00:00:00+00:00
[2022-02-25 00:22:57,680] {processor.py:171} INFO - Processing /home/airflow/.local/lib/python3.7/site-packages/airflow/example_dags/example_xcom.py took 0.346 seconds
[2022-02-25 00:23:27,779] {processor.py:163} INFO - Started process (PID=18520) to work on /home/airflow/.local/lib/python3.7/site-packages/airflow/example_dags/example_xcom.py
[2022-02-25 00:23:27,780] {processor.py:642} INFO - Processing file /home/airflow/.local/lib/python3.7/site-packages/airflow/example_dags/example_xcom.py for tasks to queue
[2022-02-25 00:23:27,782] {logging_mixin.py:109} INFO - [2022-02-25 00:23:27,782] {dagbag.py:500} INFO - Filling up the DagBag from /home/airflow/.local/lib/python3.7/site-packages/airflow/example_dags/example_xcom.py
[2022-02-25 00:23:27,820] {processor.py:654} INFO - DAG(s) dict_keys(['example_xcom']) retrieved from /home/airflow/.local/lib/python3.7/site-packages/airflow/example_dags/example_xcom.py
[2022-02-25 00:23:28,041] {logging_mixin.py:109} INFO - [2022-02-25 00:23:28,041] {dag.py:2396} INFO - Sync 1 DAGs
[2022-02-25 00:23:28,056] {logging_mixin.py:109} INFO - [2022-02-25 00:23:28,056] {dag.py:2935} INFO - Setting next_dagrun for example_xcom to 2021-01-01T00:00:00+00:00
[2022-02-25 00:23:28,066] {processor.py:171} INFO - Processing /home/airflow/.local/lib/python3.7/site-packages/airflow/example_dags/example_xcom.py took 0.295 seconds
[2022-02-25 00:23:58,198] {processor.py:163} INFO - Started process (PID=18574) to work on /home/airflow/.local/lib/python3.7/site-packages/airflow/example_dags/example_xcom.py
[2022-02-25 00:23:58,200] {processor.py:642} INFO - Processing file /home/airflow/.local/lib/python3.7/site-packages/airflow/example_dags/example_xcom.py for tasks to queue
[2022-02-25 00:23:58,201] {logging_mixin.py:109} INFO - [2022-02-25 00:23:58,200] {dagbag.py:500} INFO - Filling up the DagBag from /home/airflow/.local/lib/python3.7/site-packages/airflow/example_dags/example_xcom.py
[2022-02-25 00:23:58,238] {processor.py:654} INFO - DAG(s) dict_keys(['example_xcom']) retrieved from /home/airflow/.local/lib/python3.7/site-packages/airflow/example_dags/example_xcom.py
[2022-02-25 00:23:58,435] {logging_mixin.py:109} INFO - [2022-02-25 00:23:58,434] {dag.py:2396} INFO - Sync 1 DAGs
[2022-02-25 00:23:58,449] {logging_mixin.py:109} INFO - [2022-02-25 00:23:58,449] {dag.py:2935} INFO - Setting next_dagrun for example_xcom to 2021-01-01T00:00:00+00:00
[2022-02-25 00:23:58,462] {processor.py:171} INFO - Processing /home/airflow/.local/lib/python3.7/site-packages/airflow/example_dags/example_xcom.py took 0.268 seconds
[2022-02-25 00:24:28,532] {processor.py:163} INFO - Started process (PID=18637) to work on /home/airflow/.local/lib/python3.7/site-packages/airflow/example_dags/example_xcom.py
[2022-02-25 00:24:28,534] {processor.py:642} INFO - Processing file /home/airflow/.local/lib/python3.7/site-packages/airflow/example_dags/example_xcom.py for tasks to queue
[2022-02-25 00:24:28,535] {logging_mixin.py:109} INFO - [2022-02-25 00:24:28,535] {dagbag.py:500} INFO - Filling up the DagBag from /home/airflow/.local/lib/python3.7/site-packages/airflow/example_dags/example_xcom.py
[2022-02-25 00:24:28,570] {processor.py:654} INFO - DAG(s) dict_keys(['example_xcom']) retrieved from /home/airflow/.local/lib/python3.7/site-packages/airflow/example_dags/example_xcom.py
[2022-02-25 00:24:28,756] {logging_mixin.py:109} INFO - [2022-02-25 00:24:28,756] {dag.py:2396} INFO - Sync 1 DAGs
[2022-02-25 00:24:28,768] {logging_mixin.py:109} INFO - [2022-02-25 00:24:28,768] {dag.py:2935} INFO - Setting next_dagrun for example_xcom to 2021-01-01T00:00:00+00:00
[2022-02-25 00:24:28,776] {processor.py:171} INFO - Processing /home/airflow/.local/lib/python3.7/site-packages/airflow/example_dags/example_xcom.py took 0.249 seconds
[2022-02-25 00:24:59,159] {processor.py:163} INFO - Started process (PID=18692) to work on /home/airflow/.local/lib/python3.7/site-packages/airflow/example_dags/example_xcom.py
[2022-02-25 00:24:59,161] {processor.py:642} INFO - Processing file /home/airflow/.local/lib/python3.7/site-packages/airflow/example_dags/example_xcom.py for tasks to queue
[2022-02-25 00:24:59,162] {logging_mixin.py:109} INFO - [2022-02-25 00:24:59,162] {dagbag.py:500} INFO - Filling up the DagBag from /home/airflow/.local/lib/python3.7/site-packages/airflow/example_dags/example_xcom.py
[2022-02-25 00:24:59,198] {processor.py:654} INFO - DAG(s) dict_keys(['example_xcom']) retrieved from /home/airflow/.local/lib/python3.7/site-packages/airflow/example_dags/example_xcom.py
[2022-02-25 00:24:59,368] {logging_mixin.py:109} INFO - [2022-02-25 00:24:59,368] {dag.py:2396} INFO - Sync 1 DAGs
[2022-02-25 00:24:59,380] {logging_mixin.py:109} INFO - [2022-02-25 00:24:59,380] {dag.py:2935} INFO - Setting next_dagrun for example_xcom to 2021-01-01T00:00:00+00:00
[2022-02-25 00:24:59,389] {processor.py:171} INFO - Processing /home/airflow/.local/lib/python3.7/site-packages/airflow/example_dags/example_xcom.py took 0.234 seconds
[2022-02-25 00:25:29,532] {processor.py:163} INFO - Started process (PID=18753) to work on /home/airflow/.local/lib/python3.7/site-packages/airflow/example_dags/example_xcom.py
[2022-02-25 00:25:29,534] {processor.py:642} INFO - Processing file /home/airflow/.local/lib/python3.7/site-packages/airflow/example_dags/example_xcom.py for tasks to queue
[2022-02-25 00:25:29,535] {logging_mixin.py:109} INFO - [2022-02-25 00:25:29,535] {dagbag.py:500} INFO - Filling up the DagBag from /home/airflow/.local/lib/python3.7/site-packages/airflow/example_dags/example_xcom.py
[2022-02-25 00:25:29,575] {processor.py:654} INFO - DAG(s) dict_keys(['example_xcom']) retrieved from /home/airflow/.local/lib/python3.7/site-packages/airflow/example_dags/example_xcom.py
[2022-02-25 00:25:29,752] {logging_mixin.py:109} INFO - [2022-02-25 00:25:29,752] {dag.py:2396} INFO - Sync 1 DAGs
[2022-02-25 00:25:29,764] {logging_mixin.py:109} INFO - [2022-02-25 00:25:29,764] {dag.py:2935} INFO - Setting next_dagrun for example_xcom to 2021-01-01T00:00:00+00:00
[2022-02-25 00:25:29,773] {processor.py:171} INFO - Processing /home/airflow/.local/lib/python3.7/site-packages/airflow/example_dags/example_xcom.py took 0.244 seconds
[2022-02-25 00:26:00,065] {processor.py:163} INFO - Started process (PID=18808) to work on /home/airflow/.local/lib/python3.7/site-packages/airflow/example_dags/example_xcom.py
[2022-02-25 00:26:00,067] {processor.py:642} INFO - Processing file /home/airflow/.local/lib/python3.7/site-packages/airflow/example_dags/example_xcom.py for tasks to queue
[2022-02-25 00:26:00,069] {logging_mixin.py:109} INFO - [2022-02-25 00:26:00,069] {dagbag.py:500} INFO - Filling up the DagBag from /home/airflow/.local/lib/python3.7/site-packages/airflow/example_dags/example_xcom.py
[2022-02-25 00:26:00,110] {processor.py:654} INFO - DAG(s) dict_keys(['example_xcom']) retrieved from /home/airflow/.local/lib/python3.7/site-packages/airflow/example_dags/example_xcom.py
[2022-02-25 00:26:00,308] {logging_mixin.py:109} INFO - [2022-02-25 00:26:00,308] {dag.py:2396} INFO - Sync 1 DAGs
[2022-02-25 00:26:00,324] {logging_mixin.py:109} INFO - [2022-02-25 00:26:00,323] {dag.py:2935} INFO - Setting next_dagrun for example_xcom to 2021-01-01T00:00:00+00:00
[2022-02-25 00:26:00,335] {processor.py:171} INFO - Processing /home/airflow/.local/lib/python3.7/site-packages/airflow/example_dags/example_xcom.py took 0.274 seconds
[2022-02-25 00:26:31,294] {processor.py:163} INFO - Started process (PID=18868) to work on /home/airflow/.local/lib/python3.7/site-packages/airflow/example_dags/example_xcom.py
[2022-02-25 00:26:31,298] {processor.py:642} INFO - Processing file /home/airflow/.local/lib/python3.7/site-packages/airflow/example_dags/example_xcom.py for tasks to queue
[2022-02-25 00:26:31,300] {logging_mixin.py:109} INFO - [2022-02-25 00:26:31,300] {dagbag.py:500} INFO - Filling up the DagBag from /home/airflow/.local/lib/python3.7/site-packages/airflow/example_dags/example_xcom.py
[2022-02-25 00:26:31,348] {processor.py:654} INFO - DAG(s) dict_keys(['example_xcom']) retrieved from /home/airflow/.local/lib/python3.7/site-packages/airflow/example_dags/example_xcom.py
[2022-02-25 00:26:31,603] {logging_mixin.py:109} INFO - [2022-02-25 00:26:31,603] {dag.py:2396} INFO - Sync 1 DAGs
[2022-02-25 00:26:31,630] {logging_mixin.py:109} INFO - [2022-02-25 00:26:31,629] {dag.py:2935} INFO - Setting next_dagrun for example_xcom to 2021-01-01T00:00:00+00:00
[2022-02-25 00:26:31,643] {processor.py:171} INFO - Processing /home/airflow/.local/lib/python3.7/site-packages/airflow/example_dags/example_xcom.py took 0.354 seconds
[2022-02-25 00:27:01,737] {processor.py:163} INFO - Started process (PID=18919) to work on /home/airflow/.local/lib/python3.7/site-packages/airflow/example_dags/example_xcom.py
[2022-02-25 00:27:01,739] {processor.py:642} INFO - Processing file /home/airflow/.local/lib/python3.7/site-packages/airflow/example_dags/example_xcom.py for tasks to queue
[2022-02-25 00:27:01,740] {logging_mixin.py:109} INFO - [2022-02-25 00:27:01,740] {dagbag.py:500} INFO - Filling up the DagBag from /home/airflow/.local/lib/python3.7/site-packages/airflow/example_dags/example_xcom.py
[2022-02-25 00:27:01,780] {processor.py:654} INFO - DAG(s) dict_keys(['example_xcom']) retrieved from /home/airflow/.local/lib/python3.7/site-packages/airflow/example_dags/example_xcom.py
[2022-02-25 00:27:01,973] {logging_mixin.py:109} INFO - [2022-02-25 00:27:01,973] {dag.py:2396} INFO - Sync 1 DAGs
[2022-02-25 00:27:01,985] {logging_mixin.py:109} INFO - [2022-02-25 00:27:01,985] {dag.py:2935} INFO - Setting next_dagrun for example_xcom to 2021-01-01T00:00:00+00:00
[2022-02-25 00:27:01,994] {processor.py:171} INFO - Processing /home/airflow/.local/lib/python3.7/site-packages/airflow/example_dags/example_xcom.py took 0.262 seconds
[2022-02-25 00:27:32,367] {processor.py:163} INFO - Started process (PID=18981) to work on /home/airflow/.local/lib/python3.7/site-packages/airflow/example_dags/example_xcom.py
[2022-02-25 00:27:32,369] {processor.py:642} INFO - Processing file /home/airflow/.local/lib/python3.7/site-packages/airflow/example_dags/example_xcom.py for tasks to queue
[2022-02-25 00:27:32,370] {logging_mixin.py:109} INFO - [2022-02-25 00:27:32,370] {dagbag.py:500} INFO - Filling up the DagBag from /home/airflow/.local/lib/python3.7/site-packages/airflow/example_dags/example_xcom.py
[2022-02-25 00:27:32,406] {processor.py:654} INFO - DAG(s) dict_keys(['example_xcom']) retrieved from /home/airflow/.local/lib/python3.7/site-packages/airflow/example_dags/example_xcom.py
[2022-02-25 00:27:32,593] {logging_mixin.py:109} INFO - [2022-02-25 00:27:32,593] {dag.py:2396} INFO - Sync 1 DAGs
[2022-02-25 00:27:32,607] {logging_mixin.py:109} INFO - [2022-02-25 00:27:32,606] {dag.py:2935} INFO - Setting next_dagrun for example_xcom to 2021-01-01T00:00:00+00:00
[2022-02-25 00:27:32,616] {processor.py:171} INFO - Processing /home/airflow/.local/lib/python3.7/site-packages/airflow/example_dags/example_xcom.py took 0.253 seconds
[2022-02-25 00:28:02,640] {processor.py:163} INFO - Started process (PID=19032) to work on /home/airflow/.local/lib/python3.7/site-packages/airflow/example_dags/example_xcom.py
[2022-02-25 00:28:02,643] {processor.py:642} INFO - Processing file /home/airflow/.local/lib/python3.7/site-packages/airflow/example_dags/example_xcom.py for tasks to queue
[2022-02-25 00:28:02,644] {logging_mixin.py:109} INFO - [2022-02-25 00:28:02,644] {dagbag.py:500} INFO - Filling up the DagBag from /home/airflow/.local/lib/python3.7/site-packages/airflow/example_dags/example_xcom.py
[2022-02-25 00:28:02,680] {processor.py:654} INFO - DAG(s) dict_keys(['example_xcom']) retrieved from /home/airflow/.local/lib/python3.7/site-packages/airflow/example_dags/example_xcom.py
[2022-02-25 00:28:02,846] {logging_mixin.py:109} INFO - [2022-02-25 00:28:02,846] {dag.py:2396} INFO - Sync 1 DAGs
[2022-02-25 00:28:02,859] {logging_mixin.py:109} INFO - [2022-02-25 00:28:02,859] {dag.py:2935} INFO - Setting next_dagrun for example_xcom to 2021-01-01T00:00:00+00:00
[2022-02-25 00:28:02,868] {processor.py:171} INFO - Processing /home/airflow/.local/lib/python3.7/site-packages/airflow/example_dags/example_xcom.py took 0.231 seconds
[2022-02-25 00:28:32,900] {processor.py:163} INFO - Started process (PID=19093) to work on /home/airflow/.local/lib/python3.7/site-packages/airflow/example_dags/example_xcom.py
[2022-02-25 00:28:32,903] {processor.py:642} INFO - Processing file /home/airflow/.local/lib/python3.7/site-packages/airflow/example_dags/example_xcom.py for tasks to queue
[2022-02-25 00:28:32,904] {logging_mixin.py:109} INFO - [2022-02-25 00:28:32,903] {dagbag.py:500} INFO - Filling up the DagBag from /home/airflow/.local/lib/python3.7/site-packages/airflow/example_dags/example_xcom.py
[2022-02-25 00:28:32,933] {processor.py:654} INFO - DAG(s) dict_keys(['example_xcom']) retrieved from /home/airflow/.local/lib/python3.7/site-packages/airflow/example_dags/example_xcom.py
[2022-02-25 00:28:33,129] {logging_mixin.py:109} INFO - [2022-02-25 00:28:33,129] {dag.py:2396} INFO - Sync 1 DAGs
[2022-02-25 00:28:33,143] {logging_mixin.py:109} INFO - [2022-02-25 00:28:33,143] {dag.py:2935} INFO - Setting next_dagrun for example_xcom to 2021-01-01T00:00:00+00:00
[2022-02-25 00:28:33,155] {processor.py:171} INFO - Processing /home/airflow/.local/lib/python3.7/site-packages/airflow/example_dags/example_xcom.py took 0.258 seconds
[2022-02-25 00:29:03,881] {processor.py:163} INFO - Started process (PID=19145) to work on /home/airflow/.local/lib/python3.7/site-packages/airflow/example_dags/example_xcom.py
[2022-02-25 00:29:03,884] {processor.py:642} INFO - Processing file /home/airflow/.local/lib/python3.7/site-packages/airflow/example_dags/example_xcom.py for tasks to queue
[2022-02-25 00:29:03,885] {logging_mixin.py:109} INFO - [2022-02-25 00:29:03,885] {dagbag.py:500} INFO - Filling up the DagBag from /home/airflow/.local/lib/python3.7/site-packages/airflow/example_dags/example_xcom.py
[2022-02-25 00:29:03,925] {processor.py:654} INFO - DAG(s) dict_keys(['example_xcom']) retrieved from /home/airflow/.local/lib/python3.7/site-packages/airflow/example_dags/example_xcom.py
[2022-02-25 00:29:04,118] {logging_mixin.py:109} INFO - [2022-02-25 00:29:04,118] {dag.py:2396} INFO - Sync 1 DAGs
[2022-02-25 00:29:04,135] {logging_mixin.py:109} INFO - [2022-02-25 00:29:04,135] {dag.py:2935} INFO - Setting next_dagrun for example_xcom to 2021-01-01T00:00:00+00:00
[2022-02-25 00:29:04,145] {processor.py:171} INFO - Processing /home/airflow/.local/lib/python3.7/site-packages/airflow/example_dags/example_xcom.py took 0.269 seconds
[2022-02-25 00:29:34,197] {processor.py:163} INFO - Started process (PID=19205) to work on /home/airflow/.local/lib/python3.7/site-packages/airflow/example_dags/example_xcom.py
[2022-02-25 00:29:34,199] {processor.py:642} INFO - Processing file /home/airflow/.local/lib/python3.7/site-packages/airflow/example_dags/example_xcom.py for tasks to queue
[2022-02-25 00:29:34,200] {logging_mixin.py:109} INFO - [2022-02-25 00:29:34,200] {dagbag.py:500} INFO - Filling up the DagBag from /home/airflow/.local/lib/python3.7/site-packages/airflow/example_dags/example_xcom.py
[2022-02-25 00:29:34,230] {processor.py:654} INFO - DAG(s) dict_keys(['example_xcom']) retrieved from /home/airflow/.local/lib/python3.7/site-packages/airflow/example_dags/example_xcom.py
[2022-02-25 00:29:34,428] {logging_mixin.py:109} INFO - [2022-02-25 00:29:34,428] {dag.py:2396} INFO - Sync 1 DAGs
[2022-02-25 00:29:34,443] {logging_mixin.py:109} INFO - [2022-02-25 00:29:34,443] {dag.py:2935} INFO - Setting next_dagrun for example_xcom to 2021-01-01T00:00:00+00:00
[2022-02-25 00:29:34,455] {processor.py:171} INFO - Processing /home/airflow/.local/lib/python3.7/site-packages/airflow/example_dags/example_xcom.py took 0.262 seconds
[2022-02-25 00:30:05,233] {processor.py:163} INFO - Started process (PID=19256) to work on /home/airflow/.local/lib/python3.7/site-packages/airflow/example_dags/example_xcom.py
[2022-02-25 00:30:05,237] {processor.py:642} INFO - Processing file /home/airflow/.local/lib/python3.7/site-packages/airflow/example_dags/example_xcom.py for tasks to queue
[2022-02-25 00:30:05,240] {logging_mixin.py:109} INFO - [2022-02-25 00:30:05,240] {dagbag.py:500} INFO - Filling up the DagBag from /home/airflow/.local/lib/python3.7/site-packages/airflow/example_dags/example_xcom.py
[2022-02-25 00:30:05,283] {processor.py:654} INFO - DAG(s) dict_keys(['example_xcom']) retrieved from /home/airflow/.local/lib/python3.7/site-packages/airflow/example_dags/example_xcom.py
[2022-02-25 00:30:05,472] {logging_mixin.py:109} INFO - [2022-02-25 00:30:05,471] {dag.py:2396} INFO - Sync 1 DAGs
[2022-02-25 00:30:05,484] {logging_mixin.py:109} INFO - [2022-02-25 00:30:05,484] {dag.py:2935} INFO - Setting next_dagrun for example_xcom to 2021-01-01T00:00:00+00:00
[2022-02-25 00:30:05,492] {processor.py:171} INFO - Processing /home/airflow/.local/lib/python3.7/site-packages/airflow/example_dags/example_xcom.py took 0.265 seconds
[2022-02-25 00:30:35,799] {processor.py:163} INFO - Started process (PID=19316) to work on /home/airflow/.local/lib/python3.7/site-packages/airflow/example_dags/example_xcom.py
[2022-02-25 00:30:35,802] {processor.py:642} INFO - Processing file /home/airflow/.local/lib/python3.7/site-packages/airflow/example_dags/example_xcom.py for tasks to queue
[2022-02-25 00:30:35,803] {logging_mixin.py:109} INFO - [2022-02-25 00:30:35,803] {dagbag.py:500} INFO - Filling up the DagBag from /home/airflow/.local/lib/python3.7/site-packages/airflow/example_dags/example_xcom.py
[2022-02-25 00:30:35,840] {processor.py:654} INFO - DAG(s) dict_keys(['example_xcom']) retrieved from /home/airflow/.local/lib/python3.7/site-packages/airflow/example_dags/example_xcom.py
[2022-02-25 00:30:36,046] {logging_mixin.py:109} INFO - [2022-02-25 00:30:36,046] {dag.py:2396} INFO - Sync 1 DAGs
[2022-02-25 00:30:36,063] {logging_mixin.py:109} INFO - [2022-02-25 00:30:36,063] {dag.py:2935} INFO - Setting next_dagrun for example_xcom to 2021-01-01T00:00:00+00:00
[2022-02-25 00:30:36,074] {processor.py:171} INFO - Processing /home/airflow/.local/lib/python3.7/site-packages/airflow/example_dags/example_xcom.py took 0.278 seconds
[2022-02-25 00:31:06,143] {processor.py:163} INFO - Started process (PID=19368) to work on /home/airflow/.local/lib/python3.7/site-packages/airflow/example_dags/example_xcom.py
[2022-02-25 00:31:06,145] {processor.py:642} INFO - Processing file /home/airflow/.local/lib/python3.7/site-packages/airflow/example_dags/example_xcom.py for tasks to queue
[2022-02-25 00:31:06,146] {logging_mixin.py:109} INFO - [2022-02-25 00:31:06,146] {dagbag.py:500} INFO - Filling up the DagBag from /home/airflow/.local/lib/python3.7/site-packages/airflow/example_dags/example_xcom.py
[2022-02-25 00:31:06,180] {processor.py:654} INFO - DAG(s) dict_keys(['example_xcom']) retrieved from /home/airflow/.local/lib/python3.7/site-packages/airflow/example_dags/example_xcom.py
[2022-02-25 00:31:06,375] {logging_mixin.py:109} INFO - [2022-02-25 00:31:06,375] {dag.py:2396} INFO - Sync 1 DAGs
[2022-02-25 00:31:06,389] {logging_mixin.py:109} INFO - [2022-02-25 00:31:06,389] {dag.py:2935} INFO - Setting next_dagrun for example_xcom to 2021-01-01T00:00:00+00:00
[2022-02-25 00:31:06,399] {processor.py:171} INFO - Processing /home/airflow/.local/lib/python3.7/site-packages/airflow/example_dags/example_xcom.py took 0.260 seconds
[2022-02-25 00:31:37,200] {processor.py:163} INFO - Started process (PID=19427) to work on /home/airflow/.local/lib/python3.7/site-packages/airflow/example_dags/example_xcom.py
[2022-02-25 00:31:37,203] {processor.py:642} INFO - Processing file /home/airflow/.local/lib/python3.7/site-packages/airflow/example_dags/example_xcom.py for tasks to queue
[2022-02-25 00:31:37,204] {logging_mixin.py:109} INFO - [2022-02-25 00:31:37,204] {dagbag.py:500} INFO - Filling up the DagBag from /home/airflow/.local/lib/python3.7/site-packages/airflow/example_dags/example_xcom.py
[2022-02-25 00:31:37,235] {processor.py:654} INFO - DAG(s) dict_keys(['example_xcom']) retrieved from /home/airflow/.local/lib/python3.7/site-packages/airflow/example_dags/example_xcom.py
[2022-02-25 00:31:37,398] {logging_mixin.py:109} INFO - [2022-02-25 00:31:37,398] {dag.py:2396} INFO - Sync 1 DAGs
[2022-02-25 00:31:37,411] {logging_mixin.py:109} INFO - [2022-02-25 00:31:37,411] {dag.py:2935} INFO - Setting next_dagrun for example_xcom to 2021-01-01T00:00:00+00:00
[2022-02-25 00:31:37,421] {processor.py:171} INFO - Processing /home/airflow/.local/lib/python3.7/site-packages/airflow/example_dags/example_xcom.py took 0.227 seconds
[2022-02-25 00:32:07,745] {processor.py:163} INFO - Started process (PID=19481) to work on /home/airflow/.local/lib/python3.7/site-packages/airflow/example_dags/example_xcom.py
[2022-02-25 00:32:07,747] {processor.py:642} INFO - Processing file /home/airflow/.local/lib/python3.7/site-packages/airflow/example_dags/example_xcom.py for tasks to queue
[2022-02-25 00:32:07,748] {logging_mixin.py:109} INFO - [2022-02-25 00:32:07,748] {dagbag.py:500} INFO - Filling up the DagBag from /home/airflow/.local/lib/python3.7/site-packages/airflow/example_dags/example_xcom.py
[2022-02-25 00:32:07,784] {processor.py:654} INFO - DAG(s) dict_keys(['example_xcom']) retrieved from /home/airflow/.local/lib/python3.7/site-packages/airflow/example_dags/example_xcom.py
[2022-02-25 00:32:08,023] {logging_mixin.py:109} INFO - [2022-02-25 00:32:08,023] {dag.py:2396} INFO - Sync 1 DAGs
[2022-02-25 00:32:08,048] {logging_mixin.py:109} INFO - [2022-02-25 00:32:08,048] {dag.py:2935} INFO - Setting next_dagrun for example_xcom to 2021-01-01T00:00:00+00:00
[2022-02-25 00:32:08,060] {processor.py:171} INFO - Processing /home/airflow/.local/lib/python3.7/site-packages/airflow/example_dags/example_xcom.py took 0.318 seconds
[2022-02-25 00:32:39,044] {processor.py:163} INFO - Started process (PID=19533) to work on /home/airflow/.local/lib/python3.7/site-packages/airflow/example_dags/example_xcom.py
[2022-02-25 00:32:39,046] {processor.py:642} INFO - Processing file /home/airflow/.local/lib/python3.7/site-packages/airflow/example_dags/example_xcom.py for tasks to queue
[2022-02-25 00:32:39,048] {logging_mixin.py:109} INFO - [2022-02-25 00:32:39,048] {dagbag.py:500} INFO - Filling up the DagBag from /home/airflow/.local/lib/python3.7/site-packages/airflow/example_dags/example_xcom.py
[2022-02-25 00:32:39,083] {processor.py:654} INFO - DAG(s) dict_keys(['example_xcom']) retrieved from /home/airflow/.local/lib/python3.7/site-packages/airflow/example_dags/example_xcom.py
[2022-02-25 00:32:39,274] {logging_mixin.py:109} INFO - [2022-02-25 00:32:39,274] {dag.py:2396} INFO - Sync 1 DAGs
[2022-02-25 00:32:39,289] {logging_mixin.py:109} INFO - [2022-02-25 00:32:39,288] {dag.py:2935} INFO - Setting next_dagrun for example_xcom to 2021-01-01T00:00:00+00:00
[2022-02-25 00:32:39,299] {processor.py:171} INFO - Processing /home/airflow/.local/lib/python3.7/site-packages/airflow/example_dags/example_xcom.py took 0.259 seconds
[2022-02-25 00:33:10,012] {processor.py:163} INFO - Started process (PID=19593) to work on /home/airflow/.local/lib/python3.7/site-packages/airflow/example_dags/example_xcom.py
[2022-02-25 00:33:10,014] {processor.py:642} INFO - Processing file /home/airflow/.local/lib/python3.7/site-packages/airflow/example_dags/example_xcom.py for tasks to queue
[2022-02-25 00:33:10,015] {logging_mixin.py:109} INFO - [2022-02-25 00:33:10,015] {dagbag.py:500} INFO - Filling up the DagBag from /home/airflow/.local/lib/python3.7/site-packages/airflow/example_dags/example_xcom.py
[2022-02-25 00:33:10,045] {processor.py:654} INFO - DAG(s) dict_keys(['example_xcom']) retrieved from /home/airflow/.local/lib/python3.7/site-packages/airflow/example_dags/example_xcom.py
[2022-02-25 00:33:10,204] {logging_mixin.py:109} INFO - [2022-02-25 00:33:10,204] {dag.py:2396} INFO - Sync 1 DAGs
[2022-02-25 00:33:10,223] {logging_mixin.py:109} INFO - [2022-02-25 00:33:10,223] {dag.py:2935} INFO - Setting next_dagrun for example_xcom to 2021-01-01T00:00:00+00:00
[2022-02-25 00:33:10,234] {processor.py:171} INFO - Processing /home/airflow/.local/lib/python3.7/site-packages/airflow/example_dags/example_xcom.py took 0.225 seconds
[2022-02-25 00:33:40,553] {processor.py:163} INFO - Started process (PID=19654) to work on /home/airflow/.local/lib/python3.7/site-packages/airflow/example_dags/example_xcom.py
[2022-02-25 00:33:40,556] {processor.py:642} INFO - Processing file /home/airflow/.local/lib/python3.7/site-packages/airflow/example_dags/example_xcom.py for tasks to queue
[2022-02-25 00:33:40,557] {logging_mixin.py:109} INFO - [2022-02-25 00:33:40,557] {dagbag.py:500} INFO - Filling up the DagBag from /home/airflow/.local/lib/python3.7/site-packages/airflow/example_dags/example_xcom.py
[2022-02-25 00:33:40,593] {processor.py:654} INFO - DAG(s) dict_keys(['example_xcom']) retrieved from /home/airflow/.local/lib/python3.7/site-packages/airflow/example_dags/example_xcom.py
[2022-02-25 00:33:40,789] {logging_mixin.py:109} INFO - [2022-02-25 00:33:40,789] {dag.py:2396} INFO - Sync 1 DAGs
[2022-02-25 00:33:40,806] {logging_mixin.py:109} INFO - [2022-02-25 00:33:40,806] {dag.py:2935} INFO - Setting next_dagrun for example_xcom to 2021-01-01T00:00:00+00:00
[2022-02-25 00:33:40,818] {processor.py:171} INFO - Processing /home/airflow/.local/lib/python3.7/site-packages/airflow/example_dags/example_xcom.py took 0.269 seconds
[2022-02-25 00:34:11,591] {processor.py:163} INFO - Started process (PID=19707) to work on /home/airflow/.local/lib/python3.7/site-packages/airflow/example_dags/example_xcom.py
[2022-02-25 00:34:11,594] {processor.py:642} INFO - Processing file /home/airflow/.local/lib/python3.7/site-packages/airflow/example_dags/example_xcom.py for tasks to queue
[2022-02-25 00:34:11,595] {logging_mixin.py:109} INFO - [2022-02-25 00:34:11,595] {dagbag.py:500} INFO - Filling up the DagBag from /home/airflow/.local/lib/python3.7/site-packages/airflow/example_dags/example_xcom.py
[2022-02-25 00:34:11,634] {processor.py:654} INFO - DAG(s) dict_keys(['example_xcom']) retrieved from /home/airflow/.local/lib/python3.7/site-packages/airflow/example_dags/example_xcom.py
[2022-02-25 00:34:11,798] {logging_mixin.py:109} INFO - [2022-02-25 00:34:11,798] {dag.py:2396} INFO - Sync 1 DAGs
[2022-02-25 00:34:11,811] {logging_mixin.py:109} INFO - [2022-02-25 00:34:11,811] {dag.py:2935} INFO - Setting next_dagrun for example_xcom to 2021-01-01T00:00:00+00:00
[2022-02-25 00:34:11,821] {processor.py:171} INFO - Processing /home/airflow/.local/lib/python3.7/site-packages/airflow/example_dags/example_xcom.py took 0.233 seconds
[2022-02-25 00:34:42,153] {processor.py:163} INFO - Started process (PID=19758) to work on /home/airflow/.local/lib/python3.7/site-packages/airflow/example_dags/example_xcom.py
[2022-02-25 00:34:42,155] {processor.py:642} INFO - Processing file /home/airflow/.local/lib/python3.7/site-packages/airflow/example_dags/example_xcom.py for tasks to queue
[2022-02-25 00:34:42,157] {logging_mixin.py:109} INFO - [2022-02-25 00:34:42,156] {dagbag.py:500} INFO - Filling up the DagBag from /home/airflow/.local/lib/python3.7/site-packages/airflow/example_dags/example_xcom.py
[2022-02-25 00:34:42,194] {processor.py:654} INFO - DAG(s) dict_keys(['example_xcom']) retrieved from /home/airflow/.local/lib/python3.7/site-packages/airflow/example_dags/example_xcom.py
[2022-02-25 00:34:42,396] {logging_mixin.py:109} INFO - [2022-02-25 00:34:42,396] {dag.py:2396} INFO - Sync 1 DAGs
[2022-02-25 00:34:42,409] {logging_mixin.py:109} INFO - [2022-02-25 00:34:42,409] {dag.py:2935} INFO - Setting next_dagrun for example_xcom to 2021-01-01T00:00:00+00:00
[2022-02-25 00:34:42,418] {processor.py:171} INFO - Processing /home/airflow/.local/lib/python3.7/site-packages/airflow/example_dags/example_xcom.py took 0.270 seconds
[2022-02-25 00:35:12,557] {processor.py:163} INFO - Started process (PID=19820) to work on /home/airflow/.local/lib/python3.7/site-packages/airflow/example_dags/example_xcom.py
[2022-02-25 00:35:12,558] {processor.py:642} INFO - Processing file /home/airflow/.local/lib/python3.7/site-packages/airflow/example_dags/example_xcom.py for tasks to queue
[2022-02-25 00:35:12,559] {logging_mixin.py:109} INFO - [2022-02-25 00:35:12,559] {dagbag.py:500} INFO - Filling up the DagBag from /home/airflow/.local/lib/python3.7/site-packages/airflow/example_dags/example_xcom.py
[2022-02-25 00:35:12,597] {processor.py:654} INFO - DAG(s) dict_keys(['example_xcom']) retrieved from /home/airflow/.local/lib/python3.7/site-packages/airflow/example_dags/example_xcom.py
[2022-02-25 00:35:12,763] {logging_mixin.py:109} INFO - [2022-02-25 00:35:12,763] {dag.py:2396} INFO - Sync 1 DAGs
[2022-02-25 00:35:12,779] {logging_mixin.py:109} INFO - [2022-02-25 00:35:12,779] {dag.py:2935} INFO - Setting next_dagrun for example_xcom to 2021-01-01T00:00:00+00:00
[2022-02-25 00:35:12,788] {processor.py:171} INFO - Processing /home/airflow/.local/lib/python3.7/site-packages/airflow/example_dags/example_xcom.py took 0.235 seconds
[2022-02-25 00:35:42,933] {processor.py:163} INFO - Started process (PID=19872) to work on /home/airflow/.local/lib/python3.7/site-packages/airflow/example_dags/example_xcom.py
[2022-02-25 00:35:42,935] {processor.py:642} INFO - Processing file /home/airflow/.local/lib/python3.7/site-packages/airflow/example_dags/example_xcom.py for tasks to queue
[2022-02-25 00:35:42,936] {logging_mixin.py:109} INFO - [2022-02-25 00:35:42,936] {dagbag.py:500} INFO - Filling up the DagBag from /home/airflow/.local/lib/python3.7/site-packages/airflow/example_dags/example_xcom.py
[2022-02-25 00:35:42,974] {processor.py:654} INFO - DAG(s) dict_keys(['example_xcom']) retrieved from /home/airflow/.local/lib/python3.7/site-packages/airflow/example_dags/example_xcom.py
[2022-02-25 00:35:43,140] {logging_mixin.py:109} INFO - [2022-02-25 00:35:43,139] {dag.py:2396} INFO - Sync 1 DAGs
[2022-02-25 00:35:43,152] {logging_mixin.py:109} INFO - [2022-02-25 00:35:43,152] {dag.py:2935} INFO - Setting next_dagrun for example_xcom to 2021-01-01T00:00:00+00:00
[2022-02-25 00:35:43,161] {processor.py:171} INFO - Processing /home/airflow/.local/lib/python3.7/site-packages/airflow/example_dags/example_xcom.py took 0.231 seconds
[2022-02-25 00:36:13,551] {processor.py:163} INFO - Started process (PID=19932) to work on /home/airflow/.local/lib/python3.7/site-packages/airflow/example_dags/example_xcom.py
[2022-02-25 00:36:13,553] {processor.py:642} INFO - Processing file /home/airflow/.local/lib/python3.7/site-packages/airflow/example_dags/example_xcom.py for tasks to queue
[2022-02-25 00:36:13,556] {logging_mixin.py:109} INFO - [2022-02-25 00:36:13,556] {dagbag.py:500} INFO - Filling up the DagBag from /home/airflow/.local/lib/python3.7/site-packages/airflow/example_dags/example_xcom.py
[2022-02-25 00:36:13,593] {processor.py:654} INFO - DAG(s) dict_keys(['example_xcom']) retrieved from /home/airflow/.local/lib/python3.7/site-packages/airflow/example_dags/example_xcom.py
[2022-02-25 00:36:13,783] {logging_mixin.py:109} INFO - [2022-02-25 00:36:13,783] {dag.py:2396} INFO - Sync 1 DAGs
[2022-02-25 00:36:13,802] {logging_mixin.py:109} INFO - [2022-02-25 00:36:13,802] {dag.py:2935} INFO - Setting next_dagrun for example_xcom to 2021-01-01T00:00:00+00:00
[2022-02-25 00:36:13,842] {processor.py:171} INFO - Processing /home/airflow/.local/lib/python3.7/site-packages/airflow/example_dags/example_xcom.py took 0.295 seconds
[2022-02-25 00:36:44,806] {processor.py:163} INFO - Started process (PID=19983) to work on /home/airflow/.local/lib/python3.7/site-packages/airflow/example_dags/example_xcom.py
[2022-02-25 00:36:44,808] {processor.py:642} INFO - Processing file /home/airflow/.local/lib/python3.7/site-packages/airflow/example_dags/example_xcom.py for tasks to queue
[2022-02-25 00:36:44,810] {logging_mixin.py:109} INFO - [2022-02-25 00:36:44,810] {dagbag.py:500} INFO - Filling up the DagBag from /home/airflow/.local/lib/python3.7/site-packages/airflow/example_dags/example_xcom.py
[2022-02-25 00:36:44,847] {processor.py:654} INFO - DAG(s) dict_keys(['example_xcom']) retrieved from /home/airflow/.local/lib/python3.7/site-packages/airflow/example_dags/example_xcom.py
[2022-02-25 00:36:45,024] {logging_mixin.py:109} INFO - [2022-02-25 00:36:45,024] {dag.py:2396} INFO - Sync 1 DAGs
[2022-02-25 00:36:45,036] {logging_mixin.py:109} INFO - [2022-02-25 00:36:45,036] {dag.py:2935} INFO - Setting next_dagrun for example_xcom to 2021-01-01T00:00:00+00:00
[2022-02-25 00:36:45,044] {processor.py:171} INFO - Processing /home/airflow/.local/lib/python3.7/site-packages/airflow/example_dags/example_xcom.py took 0.241 seconds
[2022-02-25 00:37:15,238] {processor.py:163} INFO - Started process (PID=20045) to work on /home/airflow/.local/lib/python3.7/site-packages/airflow/example_dags/example_xcom.py
[2022-02-25 00:37:15,240] {processor.py:642} INFO - Processing file /home/airflow/.local/lib/python3.7/site-packages/airflow/example_dags/example_xcom.py for tasks to queue
[2022-02-25 00:37:15,241] {logging_mixin.py:109} INFO - [2022-02-25 00:37:15,241] {dagbag.py:500} INFO - Filling up the DagBag from /home/airflow/.local/lib/python3.7/site-packages/airflow/example_dags/example_xcom.py
[2022-02-25 00:37:15,275] {processor.py:654} INFO - DAG(s) dict_keys(['example_xcom']) retrieved from /home/airflow/.local/lib/python3.7/site-packages/airflow/example_dags/example_xcom.py
[2022-02-25 00:37:15,455] {logging_mixin.py:109} INFO - [2022-02-25 00:37:15,455] {dag.py:2396} INFO - Sync 1 DAGs
[2022-02-25 00:37:15,469] {logging_mixin.py:109} INFO - [2022-02-25 00:37:15,469] {dag.py:2935} INFO - Setting next_dagrun for example_xcom to 2021-01-01T00:00:00+00:00
[2022-02-25 00:37:15,483] {processor.py:171} INFO - Processing /home/airflow/.local/lib/python3.7/site-packages/airflow/example_dags/example_xcom.py took 0.249 seconds
[2022-02-25 00:37:45,510] {processor.py:163} INFO - Started process (PID=20097) to work on /home/airflow/.local/lib/python3.7/site-packages/airflow/example_dags/example_xcom.py
[2022-02-25 00:37:45,512] {processor.py:642} INFO - Processing file /home/airflow/.local/lib/python3.7/site-packages/airflow/example_dags/example_xcom.py for tasks to queue
[2022-02-25 00:37:45,513] {logging_mixin.py:109} INFO - [2022-02-25 00:37:45,513] {dagbag.py:500} INFO - Filling up the DagBag from /home/airflow/.local/lib/python3.7/site-packages/airflow/example_dags/example_xcom.py
[2022-02-25 00:37:45,543] {processor.py:654} INFO - DAG(s) dict_keys(['example_xcom']) retrieved from /home/airflow/.local/lib/python3.7/site-packages/airflow/example_dags/example_xcom.py
[2022-02-25 00:37:45,725] {logging_mixin.py:109} INFO - [2022-02-25 00:37:45,725] {dag.py:2396} INFO - Sync 1 DAGs
[2022-02-25 00:37:45,737] {logging_mixin.py:109} INFO - [2022-02-25 00:37:45,737] {dag.py:2935} INFO - Setting next_dagrun for example_xcom to 2021-01-01T00:00:00+00:00
[2022-02-25 00:37:45,747] {processor.py:171} INFO - Processing /home/airflow/.local/lib/python3.7/site-packages/airflow/example_dags/example_xcom.py took 0.240 seconds
[2022-02-25 00:57:09,261] {processor.py:163} INFO - Started process (PID=22254) to work on /home/airflow/.local/lib/python3.7/site-packages/airflow/example_dags/example_xcom.py
[2022-02-25 00:57:09,263] {processor.py:642} INFO - Processing file /home/airflow/.local/lib/python3.7/site-packages/airflow/example_dags/example_xcom.py for tasks to queue
[2022-02-25 00:57:09,264] {logging_mixin.py:109} INFO - [2022-02-25 00:57:09,264] {dagbag.py:500} INFO - Filling up the DagBag from /home/airflow/.local/lib/python3.7/site-packages/airflow/example_dags/example_xcom.py
[2022-02-25 00:57:09,302] {processor.py:654} INFO - DAG(s) dict_keys(['example_xcom']) retrieved from /home/airflow/.local/lib/python3.7/site-packages/airflow/example_dags/example_xcom.py
[2022-02-25 00:57:09,552] {logging_mixin.py:109} INFO - [2022-02-25 00:57:09,552] {dag.py:2396} INFO - Sync 1 DAGs
[2022-02-25 00:57:09,568] {logging_mixin.py:109} INFO - [2022-02-25 00:57:09,567] {dag.py:2935} INFO - Setting next_dagrun for example_xcom to 2021-01-01T00:00:00+00:00
[2022-02-25 00:57:09,584] {processor.py:171} INFO - Processing /home/airflow/.local/lib/python3.7/site-packages/airflow/example_dags/example_xcom.py took 0.327 seconds
[2022-02-25 00:57:39,864] {processor.py:163} INFO - Started process (PID=22306) to work on /home/airflow/.local/lib/python3.7/site-packages/airflow/example_dags/example_xcom.py
[2022-02-25 00:57:39,866] {processor.py:642} INFO - Processing file /home/airflow/.local/lib/python3.7/site-packages/airflow/example_dags/example_xcom.py for tasks to queue
[2022-02-25 00:57:39,867] {logging_mixin.py:109} INFO - [2022-02-25 00:57:39,867] {dagbag.py:500} INFO - Filling up the DagBag from /home/airflow/.local/lib/python3.7/site-packages/airflow/example_dags/example_xcom.py
[2022-02-25 00:57:39,898] {processor.py:654} INFO - DAG(s) dict_keys(['example_xcom']) retrieved from /home/airflow/.local/lib/python3.7/site-packages/airflow/example_dags/example_xcom.py
[2022-02-25 00:57:40,104] {logging_mixin.py:109} INFO - [2022-02-25 00:57:40,104] {dag.py:2396} INFO - Sync 1 DAGs
[2022-02-25 00:57:40,120] {logging_mixin.py:109} INFO - [2022-02-25 00:57:40,120] {dag.py:2935} INFO - Setting next_dagrun for example_xcom to 2021-01-01T00:00:00+00:00
[2022-02-25 00:57:40,132] {processor.py:171} INFO - Processing /home/airflow/.local/lib/python3.7/site-packages/airflow/example_dags/example_xcom.py took 0.272 seconds
[2022-02-25 00:58:10,322] {processor.py:163} INFO - Started process (PID=22369) to work on /home/airflow/.local/lib/python3.7/site-packages/airflow/example_dags/example_xcom.py
[2022-02-25 00:58:10,323] {processor.py:642} INFO - Processing file /home/airflow/.local/lib/python3.7/site-packages/airflow/example_dags/example_xcom.py for tasks to queue
[2022-02-25 00:58:10,325] {logging_mixin.py:109} INFO - [2022-02-25 00:58:10,325] {dagbag.py:500} INFO - Filling up the DagBag from /home/airflow/.local/lib/python3.7/site-packages/airflow/example_dags/example_xcom.py
[2022-02-25 00:58:10,356] {processor.py:654} INFO - DAG(s) dict_keys(['example_xcom']) retrieved from /home/airflow/.local/lib/python3.7/site-packages/airflow/example_dags/example_xcom.py
[2022-02-25 00:58:10,367] {logging_mixin.py:109} INFO - [2022-02-25 00:58:10,367] {dag.py:2396} INFO - Sync 1 DAGs
[2022-02-25 00:58:10,382] {logging_mixin.py:109} INFO - [2022-02-25 00:58:10,382] {dag.py:2935} INFO - Setting next_dagrun for example_xcom to 2021-01-01T00:00:00+00:00
[2022-02-25 00:58:10,394] {processor.py:171} INFO - Processing /home/airflow/.local/lib/python3.7/site-packages/airflow/example_dags/example_xcom.py took 0.076 seconds
[2022-02-25 00:58:40,738] {processor.py:163} INFO - Started process (PID=22421) to work on /home/airflow/.local/lib/python3.7/site-packages/airflow/example_dags/example_xcom.py
[2022-02-25 00:58:40,740] {processor.py:642} INFO - Processing file /home/airflow/.local/lib/python3.7/site-packages/airflow/example_dags/example_xcom.py for tasks to queue
[2022-02-25 00:58:40,741] {logging_mixin.py:109} INFO - [2022-02-25 00:58:40,741] {dagbag.py:500} INFO - Filling up the DagBag from /home/airflow/.local/lib/python3.7/site-packages/airflow/example_dags/example_xcom.py
[2022-02-25 00:58:40,771] {processor.py:654} INFO - DAG(s) dict_keys(['example_xcom']) retrieved from /home/airflow/.local/lib/python3.7/site-packages/airflow/example_dags/example_xcom.py
[2022-02-25 00:58:40,986] {logging_mixin.py:109} INFO - [2022-02-25 00:58:40,985] {dag.py:2396} INFO - Sync 1 DAGs
[2022-02-25 00:58:40,998] {logging_mixin.py:109} INFO - [2022-02-25 00:58:40,998] {dag.py:2935} INFO - Setting next_dagrun for example_xcom to 2021-01-01T00:00:00+00:00
[2022-02-25 00:58:41,009] {processor.py:171} INFO - Processing /home/airflow/.local/lib/python3.7/site-packages/airflow/example_dags/example_xcom.py took 0.274 seconds
[2022-02-25 00:59:11,233] {processor.py:163} INFO - Started process (PID=22473) to work on /home/airflow/.local/lib/python3.7/site-packages/airflow/example_dags/example_xcom.py
[2022-02-25 00:59:11,235] {processor.py:642} INFO - Processing file /home/airflow/.local/lib/python3.7/site-packages/airflow/example_dags/example_xcom.py for tasks to queue
[2022-02-25 00:59:11,236] {logging_mixin.py:109} INFO - [2022-02-25 00:59:11,236] {dagbag.py:500} INFO - Filling up the DagBag from /home/airflow/.local/lib/python3.7/site-packages/airflow/example_dags/example_xcom.py
[2022-02-25 00:59:11,268] {processor.py:654} INFO - DAG(s) dict_keys(['example_xcom']) retrieved from /home/airflow/.local/lib/python3.7/site-packages/airflow/example_dags/example_xcom.py
[2022-02-25 00:59:11,472] {logging_mixin.py:109} INFO - [2022-02-25 00:59:11,472] {dag.py:2396} INFO - Sync 1 DAGs
[2022-02-25 00:59:11,486] {logging_mixin.py:109} INFO - [2022-02-25 00:59:11,486] {dag.py:2935} INFO - Setting next_dagrun for example_xcom to 2021-01-01T00:00:00+00:00
[2022-02-25 00:59:11,499] {processor.py:171} INFO - Processing /home/airflow/.local/lib/python3.7/site-packages/airflow/example_dags/example_xcom.py took 0.269 seconds
