[2022-02-25 00:00:04,950] {processor.py:163} INFO - Started process (PID=15914) to work on /home/airflow/.local/lib/python3.7/site-packages/airflow/example_dags/example_skip_dag.py
[2022-02-25 00:00:04,952] {processor.py:642} INFO - Processing file /home/airflow/.local/lib/python3.7/site-packages/airflow/example_dags/example_skip_dag.py for tasks to queue
[2022-02-25 00:00:04,955] {logging_mixin.py:109} INFO - [2022-02-25 00:00:04,955] {dagbag.py:500} INFO - Filling up the DagBag from /home/airflow/.local/lib/python3.7/site-packages/airflow/example_dags/example_skip_dag.py
[2022-02-25 00:00:04,991] {processor.py:654} INFO - DAG(s) dict_keys(['example_skip_dag']) retrieved from /home/airflow/.local/lib/python3.7/site-packages/airflow/example_dags/example_skip_dag.py
[2022-02-25 00:00:05,005] {logging_mixin.py:109} INFO - [2022-02-25 00:00:05,005] {dag.py:2396} INFO - Sync 1 DAGs
[2022-02-25 00:00:05,025] {logging_mixin.py:109} INFO - [2022-02-25 00:00:05,025] {dag.py:2935} INFO - Setting next_dagrun for example_skip_dag to 2022-02-24T00:00:05.025327+00:00
[2022-02-25 00:00:05,035] {processor.py:171} INFO - Processing /home/airflow/.local/lib/python3.7/site-packages/airflow/example_dags/example_skip_dag.py took 0.089 seconds
[2022-02-25 00:00:35,357] {processor.py:163} INFO - Started process (PID=15975) to work on /home/airflow/.local/lib/python3.7/site-packages/airflow/example_dags/example_skip_dag.py
[2022-02-25 00:00:35,359] {processor.py:642} INFO - Processing file /home/airflow/.local/lib/python3.7/site-packages/airflow/example_dags/example_skip_dag.py for tasks to queue
[2022-02-25 00:00:35,360] {logging_mixin.py:109} INFO - [2022-02-25 00:00:35,360] {dagbag.py:500} INFO - Filling up the DagBag from /home/airflow/.local/lib/python3.7/site-packages/airflow/example_dags/example_skip_dag.py
[2022-02-25 00:00:35,396] {processor.py:654} INFO - DAG(s) dict_keys(['example_skip_dag']) retrieved from /home/airflow/.local/lib/python3.7/site-packages/airflow/example_dags/example_skip_dag.py
[2022-02-25 00:00:35,412] {logging_mixin.py:109} INFO - [2022-02-25 00:00:35,412] {dag.py:2396} INFO - Sync 1 DAGs
[2022-02-25 00:00:35,433] {logging_mixin.py:109} INFO - [2022-02-25 00:00:35,433] {dag.py:2935} INFO - Setting next_dagrun for example_skip_dag to 2022-02-24T00:00:35.432882+00:00
[2022-02-25 00:00:35,447] {processor.py:171} INFO - Processing /home/airflow/.local/lib/python3.7/site-packages/airflow/example_dags/example_skip_dag.py took 0.093 seconds
[2022-02-25 00:01:05,851] {processor.py:163} INFO - Started process (PID=16026) to work on /home/airflow/.local/lib/python3.7/site-packages/airflow/example_dags/example_skip_dag.py
[2022-02-25 00:01:05,852] {processor.py:642} INFO - Processing file /home/airflow/.local/lib/python3.7/site-packages/airflow/example_dags/example_skip_dag.py for tasks to queue
[2022-02-25 00:01:05,854] {logging_mixin.py:109} INFO - [2022-02-25 00:01:05,854] {dagbag.py:500} INFO - Filling up the DagBag from /home/airflow/.local/lib/python3.7/site-packages/airflow/example_dags/example_skip_dag.py
[2022-02-25 00:01:05,885] {processor.py:654} INFO - DAG(s) dict_keys(['example_skip_dag']) retrieved from /home/airflow/.local/lib/python3.7/site-packages/airflow/example_dags/example_skip_dag.py
[2022-02-25 00:01:05,896] {logging_mixin.py:109} INFO - [2022-02-25 00:01:05,896] {dag.py:2396} INFO - Sync 1 DAGs
[2022-02-25 00:01:05,912] {logging_mixin.py:109} INFO - [2022-02-25 00:01:05,912] {dag.py:2935} INFO - Setting next_dagrun for example_skip_dag to 2022-02-24T00:01:05.912227+00:00
[2022-02-25 00:01:05,921] {processor.py:171} INFO - Processing /home/airflow/.local/lib/python3.7/site-packages/airflow/example_dags/example_skip_dag.py took 0.074 seconds
[2022-02-25 00:01:36,293] {processor.py:163} INFO - Started process (PID=16087) to work on /home/airflow/.local/lib/python3.7/site-packages/airflow/example_dags/example_skip_dag.py
[2022-02-25 00:01:36,295] {processor.py:642} INFO - Processing file /home/airflow/.local/lib/python3.7/site-packages/airflow/example_dags/example_skip_dag.py for tasks to queue
[2022-02-25 00:01:36,296] {logging_mixin.py:109} INFO - [2022-02-25 00:01:36,296] {dagbag.py:500} INFO - Filling up the DagBag from /home/airflow/.local/lib/python3.7/site-packages/airflow/example_dags/example_skip_dag.py
[2022-02-25 00:01:36,324] {processor.py:654} INFO - DAG(s) dict_keys(['example_skip_dag']) retrieved from /home/airflow/.local/lib/python3.7/site-packages/airflow/example_dags/example_skip_dag.py
[2022-02-25 00:01:36,335] {logging_mixin.py:109} INFO - [2022-02-25 00:01:36,335] {dag.py:2396} INFO - Sync 1 DAGs
[2022-02-25 00:01:36,351] {logging_mixin.py:109} INFO - [2022-02-25 00:01:36,351] {dag.py:2935} INFO - Setting next_dagrun for example_skip_dag to 2022-02-24T00:01:36.350962+00:00
[2022-02-25 00:01:36,360] {processor.py:171} INFO - Processing /home/airflow/.local/lib/python3.7/site-packages/airflow/example_dags/example_skip_dag.py took 0.071 seconds
[2022-02-25 00:02:06,613] {processor.py:163} INFO - Started process (PID=16138) to work on /home/airflow/.local/lib/python3.7/site-packages/airflow/example_dags/example_skip_dag.py
[2022-02-25 00:02:06,614] {processor.py:642} INFO - Processing file /home/airflow/.local/lib/python3.7/site-packages/airflow/example_dags/example_skip_dag.py for tasks to queue
[2022-02-25 00:02:06,616] {logging_mixin.py:109} INFO - [2022-02-25 00:02:06,615] {dagbag.py:500} INFO - Filling up the DagBag from /home/airflow/.local/lib/python3.7/site-packages/airflow/example_dags/example_skip_dag.py
[2022-02-25 00:02:06,644] {processor.py:654} INFO - DAG(s) dict_keys(['example_skip_dag']) retrieved from /home/airflow/.local/lib/python3.7/site-packages/airflow/example_dags/example_skip_dag.py
[2022-02-25 00:02:06,655] {logging_mixin.py:109} INFO - [2022-02-25 00:02:06,655] {dag.py:2396} INFO - Sync 1 DAGs
[2022-02-25 00:02:06,671] {logging_mixin.py:109} INFO - [2022-02-25 00:02:06,671] {dag.py:2935} INFO - Setting next_dagrun for example_skip_dag to 2022-02-24T00:02:06.671225+00:00
[2022-02-25 00:02:06,681] {processor.py:171} INFO - Processing /home/airflow/.local/lib/python3.7/site-packages/airflow/example_dags/example_skip_dag.py took 0.072 seconds
[2022-02-25 00:02:36,986] {processor.py:163} INFO - Started process (PID=16200) to work on /home/airflow/.local/lib/python3.7/site-packages/airflow/example_dags/example_skip_dag.py
[2022-02-25 00:02:36,988] {processor.py:642} INFO - Processing file /home/airflow/.local/lib/python3.7/site-packages/airflow/example_dags/example_skip_dag.py for tasks to queue
[2022-02-25 00:02:36,989] {logging_mixin.py:109} INFO - [2022-02-25 00:02:36,989] {dagbag.py:500} INFO - Filling up the DagBag from /home/airflow/.local/lib/python3.7/site-packages/airflow/example_dags/example_skip_dag.py
[2022-02-25 00:02:37,018] {processor.py:654} INFO - DAG(s) dict_keys(['example_skip_dag']) retrieved from /home/airflow/.local/lib/python3.7/site-packages/airflow/example_dags/example_skip_dag.py
[2022-02-25 00:02:37,030] {logging_mixin.py:109} INFO - [2022-02-25 00:02:37,030] {dag.py:2396} INFO - Sync 1 DAGs
[2022-02-25 00:02:37,046] {logging_mixin.py:109} INFO - [2022-02-25 00:02:37,046] {dag.py:2935} INFO - Setting next_dagrun for example_skip_dag to 2022-02-24T00:02:37.046325+00:00
[2022-02-25 00:02:37,056] {processor.py:171} INFO - Processing /home/airflow/.local/lib/python3.7/site-packages/airflow/example_dags/example_skip_dag.py took 0.074 seconds
[2022-02-25 00:03:07,539] {processor.py:163} INFO - Started process (PID=16251) to work on /home/airflow/.local/lib/python3.7/site-packages/airflow/example_dags/example_skip_dag.py
[2022-02-25 00:03:07,542] {processor.py:642} INFO - Processing file /home/airflow/.local/lib/python3.7/site-packages/airflow/example_dags/example_skip_dag.py for tasks to queue
[2022-02-25 00:03:07,544] {logging_mixin.py:109} INFO - [2022-02-25 00:03:07,544] {dagbag.py:500} INFO - Filling up the DagBag from /home/airflow/.local/lib/python3.7/site-packages/airflow/example_dags/example_skip_dag.py
[2022-02-25 00:03:07,596] {processor.py:654} INFO - DAG(s) dict_keys(['example_skip_dag']) retrieved from /home/airflow/.local/lib/python3.7/site-packages/airflow/example_dags/example_skip_dag.py
[2022-02-25 00:03:07,612] {logging_mixin.py:109} INFO - [2022-02-25 00:03:07,612] {dag.py:2396} INFO - Sync 1 DAGs
[2022-02-25 00:03:07,636] {logging_mixin.py:109} INFO - [2022-02-25 00:03:07,636] {dag.py:2935} INFO - Setting next_dagrun for example_skip_dag to 2022-02-24T00:03:07.636527+00:00
[2022-02-25 00:03:07,646] {processor.py:171} INFO - Processing /home/airflow/.local/lib/python3.7/site-packages/airflow/example_dags/example_skip_dag.py took 0.111 seconds
[2022-02-25 00:03:37,751] {processor.py:163} INFO - Started process (PID=16311) to work on /home/airflow/.local/lib/python3.7/site-packages/airflow/example_dags/example_skip_dag.py
[2022-02-25 00:03:37,753] {processor.py:642} INFO - Processing file /home/airflow/.local/lib/python3.7/site-packages/airflow/example_dags/example_skip_dag.py for tasks to queue
[2022-02-25 00:03:37,755] {logging_mixin.py:109} INFO - [2022-02-25 00:03:37,755] {dagbag.py:500} INFO - Filling up the DagBag from /home/airflow/.local/lib/python3.7/site-packages/airflow/example_dags/example_skip_dag.py
[2022-02-25 00:03:37,793] {processor.py:654} INFO - DAG(s) dict_keys(['example_skip_dag']) retrieved from /home/airflow/.local/lib/python3.7/site-packages/airflow/example_dags/example_skip_dag.py
[2022-02-25 00:03:37,806] {logging_mixin.py:109} INFO - [2022-02-25 00:03:37,806] {dag.py:2396} INFO - Sync 1 DAGs
[2022-02-25 00:03:37,835] {logging_mixin.py:109} INFO - [2022-02-25 00:03:37,835] {dag.py:2935} INFO - Setting next_dagrun for example_skip_dag to 2022-02-24T00:03:37.834893+00:00
[2022-02-25 00:03:37,851] {processor.py:171} INFO - Processing /home/airflow/.local/lib/python3.7/site-packages/airflow/example_dags/example_skip_dag.py took 0.111 seconds
[2022-02-25 00:04:08,229] {processor.py:163} INFO - Started process (PID=16363) to work on /home/airflow/.local/lib/python3.7/site-packages/airflow/example_dags/example_skip_dag.py
[2022-02-25 00:04:08,231] {processor.py:642} INFO - Processing file /home/airflow/.local/lib/python3.7/site-packages/airflow/example_dags/example_skip_dag.py for tasks to queue
[2022-02-25 00:04:08,232] {logging_mixin.py:109} INFO - [2022-02-25 00:04:08,232] {dagbag.py:500} INFO - Filling up the DagBag from /home/airflow/.local/lib/python3.7/site-packages/airflow/example_dags/example_skip_dag.py
[2022-02-25 00:04:08,259] {processor.py:654} INFO - DAG(s) dict_keys(['example_skip_dag']) retrieved from /home/airflow/.local/lib/python3.7/site-packages/airflow/example_dags/example_skip_dag.py
[2022-02-25 00:04:08,271] {logging_mixin.py:109} INFO - [2022-02-25 00:04:08,271] {dag.py:2396} INFO - Sync 1 DAGs
[2022-02-25 00:04:08,288] {logging_mixin.py:109} INFO - [2022-02-25 00:04:08,288] {dag.py:2935} INFO - Setting next_dagrun for example_skip_dag to 2022-02-24T00:04:08.288288+00:00
[2022-02-25 00:04:08,298] {processor.py:171} INFO - Processing /home/airflow/.local/lib/python3.7/site-packages/airflow/example_dags/example_skip_dag.py took 0.073 seconds
[2022-02-25 00:04:38,639] {processor.py:163} INFO - Started process (PID=16423) to work on /home/airflow/.local/lib/python3.7/site-packages/airflow/example_dags/example_skip_dag.py
[2022-02-25 00:04:38,642] {processor.py:642} INFO - Processing file /home/airflow/.local/lib/python3.7/site-packages/airflow/example_dags/example_skip_dag.py for tasks to queue
[2022-02-25 00:04:38,643] {logging_mixin.py:109} INFO - [2022-02-25 00:04:38,643] {dagbag.py:500} INFO - Filling up the DagBag from /home/airflow/.local/lib/python3.7/site-packages/airflow/example_dags/example_skip_dag.py
[2022-02-25 00:04:38,676] {processor.py:654} INFO - DAG(s) dict_keys(['example_skip_dag']) retrieved from /home/airflow/.local/lib/python3.7/site-packages/airflow/example_dags/example_skip_dag.py
[2022-02-25 00:04:38,689] {logging_mixin.py:109} INFO - [2022-02-25 00:04:38,689] {dag.py:2396} INFO - Sync 1 DAGs
[2022-02-25 00:04:38,709] {logging_mixin.py:109} INFO - [2022-02-25 00:04:38,709] {dag.py:2935} INFO - Setting next_dagrun for example_skip_dag to 2022-02-24T00:04:38.709531+00:00
[2022-02-25 00:04:38,720] {processor.py:171} INFO - Processing /home/airflow/.local/lib/python3.7/site-packages/airflow/example_dags/example_skip_dag.py took 0.085 seconds
[2022-02-25 00:05:09,795] {processor.py:163} INFO - Started process (PID=16475) to work on /home/airflow/.local/lib/python3.7/site-packages/airflow/example_dags/example_skip_dag.py
[2022-02-25 00:05:09,797] {processor.py:642} INFO - Processing file /home/airflow/.local/lib/python3.7/site-packages/airflow/example_dags/example_skip_dag.py for tasks to queue
[2022-02-25 00:05:09,798] {logging_mixin.py:109} INFO - [2022-02-25 00:05:09,798] {dagbag.py:500} INFO - Filling up the DagBag from /home/airflow/.local/lib/python3.7/site-packages/airflow/example_dags/example_skip_dag.py
[2022-02-25 00:05:09,826] {processor.py:654} INFO - DAG(s) dict_keys(['example_skip_dag']) retrieved from /home/airflow/.local/lib/python3.7/site-packages/airflow/example_dags/example_skip_dag.py
[2022-02-25 00:05:09,837] {logging_mixin.py:109} INFO - [2022-02-25 00:05:09,837] {dag.py:2396} INFO - Sync 1 DAGs
[2022-02-25 00:05:09,857] {logging_mixin.py:109} INFO - [2022-02-25 00:05:09,857] {dag.py:2935} INFO - Setting next_dagrun for example_skip_dag to 2022-02-24T00:05:09.856852+00:00
[2022-02-25 00:05:09,866] {processor.py:171} INFO - Processing /home/airflow/.local/lib/python3.7/site-packages/airflow/example_dags/example_skip_dag.py took 0.075 seconds
[2022-02-25 00:05:40,083] {processor.py:163} INFO - Started process (PID=16537) to work on /home/airflow/.local/lib/python3.7/site-packages/airflow/example_dags/example_skip_dag.py
[2022-02-25 00:05:40,085] {processor.py:642} INFO - Processing file /home/airflow/.local/lib/python3.7/site-packages/airflow/example_dags/example_skip_dag.py for tasks to queue
[2022-02-25 00:05:40,086] {logging_mixin.py:109} INFO - [2022-02-25 00:05:40,086] {dagbag.py:500} INFO - Filling up the DagBag from /home/airflow/.local/lib/python3.7/site-packages/airflow/example_dags/example_skip_dag.py
[2022-02-25 00:05:40,120] {processor.py:654} INFO - DAG(s) dict_keys(['example_skip_dag']) retrieved from /home/airflow/.local/lib/python3.7/site-packages/airflow/example_dags/example_skip_dag.py
[2022-02-25 00:05:40,134] {logging_mixin.py:109} INFO - [2022-02-25 00:05:40,133] {dag.py:2396} INFO - Sync 1 DAGs
[2022-02-25 00:05:40,160] {logging_mixin.py:109} INFO - [2022-02-25 00:05:40,160] {dag.py:2935} INFO - Setting next_dagrun for example_skip_dag to 2022-02-24T00:05:40.159612+00:00
[2022-02-25 00:05:40,172] {processor.py:171} INFO - Processing /home/airflow/.local/lib/python3.7/site-packages/airflow/example_dags/example_skip_dag.py took 0.093 seconds
[2022-02-25 00:06:10,379] {processor.py:163} INFO - Started process (PID=16588) to work on /home/airflow/.local/lib/python3.7/site-packages/airflow/example_dags/example_skip_dag.py
[2022-02-25 00:06:10,381] {processor.py:642} INFO - Processing file /home/airflow/.local/lib/python3.7/site-packages/airflow/example_dags/example_skip_dag.py for tasks to queue
[2022-02-25 00:06:10,382] {logging_mixin.py:109} INFO - [2022-02-25 00:06:10,382] {dagbag.py:500} INFO - Filling up the DagBag from /home/airflow/.local/lib/python3.7/site-packages/airflow/example_dags/example_skip_dag.py
[2022-02-25 00:06:10,415] {processor.py:654} INFO - DAG(s) dict_keys(['example_skip_dag']) retrieved from /home/airflow/.local/lib/python3.7/site-packages/airflow/example_dags/example_skip_dag.py
[2022-02-25 00:06:10,428] {logging_mixin.py:109} INFO - [2022-02-25 00:06:10,428] {dag.py:2396} INFO - Sync 1 DAGs
[2022-02-25 00:06:10,448] {logging_mixin.py:109} INFO - [2022-02-25 00:06:10,448] {dag.py:2935} INFO - Setting next_dagrun for example_skip_dag to 2022-02-24T00:06:10.448057+00:00
[2022-02-25 00:06:10,458] {processor.py:171} INFO - Processing /home/airflow/.local/lib/python3.7/site-packages/airflow/example_dags/example_skip_dag.py took 0.083 seconds
[2022-02-25 00:06:41,633] {processor.py:163} INFO - Started process (PID=16651) to work on /home/airflow/.local/lib/python3.7/site-packages/airflow/example_dags/example_skip_dag.py
[2022-02-25 00:06:41,636] {processor.py:642} INFO - Processing file /home/airflow/.local/lib/python3.7/site-packages/airflow/example_dags/example_skip_dag.py for tasks to queue
[2022-02-25 00:06:41,638] {logging_mixin.py:109} INFO - [2022-02-25 00:06:41,637] {dagbag.py:500} INFO - Filling up the DagBag from /home/airflow/.local/lib/python3.7/site-packages/airflow/example_dags/example_skip_dag.py
[2022-02-25 00:06:41,675] {processor.py:654} INFO - DAG(s) dict_keys(['example_skip_dag']) retrieved from /home/airflow/.local/lib/python3.7/site-packages/airflow/example_dags/example_skip_dag.py
[2022-02-25 00:06:41,687] {logging_mixin.py:109} INFO - [2022-02-25 00:06:41,687] {dag.py:2396} INFO - Sync 1 DAGs
[2022-02-25 00:06:41,704] {logging_mixin.py:109} INFO - [2022-02-25 00:06:41,704] {dag.py:2935} INFO - Setting next_dagrun for example_skip_dag to 2022-02-24T00:06:41.704598+00:00
[2022-02-25 00:06:41,714] {processor.py:171} INFO - Processing /home/airflow/.local/lib/python3.7/site-packages/airflow/example_dags/example_skip_dag.py took 0.092 seconds
[2022-02-25 00:07:12,955] {processor.py:163} INFO - Started process (PID=16703) to work on /home/airflow/.local/lib/python3.7/site-packages/airflow/example_dags/example_skip_dag.py
[2022-02-25 00:07:12,957] {processor.py:642} INFO - Processing file /home/airflow/.local/lib/python3.7/site-packages/airflow/example_dags/example_skip_dag.py for tasks to queue
[2022-02-25 00:07:12,958] {logging_mixin.py:109} INFO - [2022-02-25 00:07:12,958] {dagbag.py:500} INFO - Filling up the DagBag from /home/airflow/.local/lib/python3.7/site-packages/airflow/example_dags/example_skip_dag.py
[2022-02-25 00:07:12,987] {processor.py:654} INFO - DAG(s) dict_keys(['example_skip_dag']) retrieved from /home/airflow/.local/lib/python3.7/site-packages/airflow/example_dags/example_skip_dag.py
[2022-02-25 00:07:12,999] {logging_mixin.py:109} INFO - [2022-02-25 00:07:12,998] {dag.py:2396} INFO - Sync 1 DAGs
[2022-02-25 00:07:13,015] {logging_mixin.py:109} INFO - [2022-02-25 00:07:13,015] {dag.py:2935} INFO - Setting next_dagrun for example_skip_dag to 2022-02-24T00:07:13.015508+00:00
[2022-02-25 00:07:13,025] {processor.py:171} INFO - Processing /home/airflow/.local/lib/python3.7/site-packages/airflow/example_dags/example_skip_dag.py took 0.075 seconds
[2022-02-25 00:07:43,178] {processor.py:163} INFO - Started process (PID=16764) to work on /home/airflow/.local/lib/python3.7/site-packages/airflow/example_dags/example_skip_dag.py
[2022-02-25 00:07:43,180] {processor.py:642} INFO - Processing file /home/airflow/.local/lib/python3.7/site-packages/airflow/example_dags/example_skip_dag.py for tasks to queue
[2022-02-25 00:07:43,181] {logging_mixin.py:109} INFO - [2022-02-25 00:07:43,181] {dagbag.py:500} INFO - Filling up the DagBag from /home/airflow/.local/lib/python3.7/site-packages/airflow/example_dags/example_skip_dag.py
[2022-02-25 00:07:43,209] {processor.py:654} INFO - DAG(s) dict_keys(['example_skip_dag']) retrieved from /home/airflow/.local/lib/python3.7/site-packages/airflow/example_dags/example_skip_dag.py
[2022-02-25 00:07:43,219] {logging_mixin.py:109} INFO - [2022-02-25 00:07:43,219] {dag.py:2396} INFO - Sync 1 DAGs
[2022-02-25 00:07:43,237] {logging_mixin.py:109} INFO - [2022-02-25 00:07:43,237] {dag.py:2935} INFO - Setting next_dagrun for example_skip_dag to 2022-02-24T00:07:43.237068+00:00
[2022-02-25 00:07:43,247] {processor.py:171} INFO - Processing /home/airflow/.local/lib/python3.7/site-packages/airflow/example_dags/example_skip_dag.py took 0.073 seconds
[2022-02-25 00:08:14,294] {processor.py:163} INFO - Started process (PID=16815) to work on /home/airflow/.local/lib/python3.7/site-packages/airflow/example_dags/example_skip_dag.py
[2022-02-25 00:08:14,296] {processor.py:642} INFO - Processing file /home/airflow/.local/lib/python3.7/site-packages/airflow/example_dags/example_skip_dag.py for tasks to queue
[2022-02-25 00:08:14,298] {logging_mixin.py:109} INFO - [2022-02-25 00:08:14,298] {dagbag.py:500} INFO - Filling up the DagBag from /home/airflow/.local/lib/python3.7/site-packages/airflow/example_dags/example_skip_dag.py
[2022-02-25 00:08:14,326] {processor.py:654} INFO - DAG(s) dict_keys(['example_skip_dag']) retrieved from /home/airflow/.local/lib/python3.7/site-packages/airflow/example_dags/example_skip_dag.py
[2022-02-25 00:08:14,338] {logging_mixin.py:109} INFO - [2022-02-25 00:08:14,338] {dag.py:2396} INFO - Sync 1 DAGs
[2022-02-25 00:08:14,359] {logging_mixin.py:109} INFO - [2022-02-25 00:08:14,359] {dag.py:2935} INFO - Setting next_dagrun for example_skip_dag to 2022-02-24T00:08:14.359265+00:00
[2022-02-25 00:08:14,369] {processor.py:171} INFO - Processing /home/airflow/.local/lib/python3.7/site-packages/airflow/example_dags/example_skip_dag.py took 0.079 seconds
[2022-02-25 00:08:45,333] {processor.py:163} INFO - Started process (PID=16876) to work on /home/airflow/.local/lib/python3.7/site-packages/airflow/example_dags/example_skip_dag.py
[2022-02-25 00:08:45,335] {processor.py:642} INFO - Processing file /home/airflow/.local/lib/python3.7/site-packages/airflow/example_dags/example_skip_dag.py for tasks to queue
[2022-02-25 00:08:45,337] {logging_mixin.py:109} INFO - [2022-02-25 00:08:45,336] {dagbag.py:500} INFO - Filling up the DagBag from /home/airflow/.local/lib/python3.7/site-packages/airflow/example_dags/example_skip_dag.py
[2022-02-25 00:08:45,364] {processor.py:654} INFO - DAG(s) dict_keys(['example_skip_dag']) retrieved from /home/airflow/.local/lib/python3.7/site-packages/airflow/example_dags/example_skip_dag.py
[2022-02-25 00:08:45,374] {logging_mixin.py:109} INFO - [2022-02-25 00:08:45,374] {dag.py:2396} INFO - Sync 1 DAGs
[2022-02-25 00:08:45,391] {logging_mixin.py:109} INFO - [2022-02-25 00:08:45,391] {dag.py:2935} INFO - Setting next_dagrun for example_skip_dag to 2022-02-24T00:08:45.391141+00:00
[2022-02-25 00:08:45,401] {processor.py:171} INFO - Processing /home/airflow/.local/lib/python3.7/site-packages/airflow/example_dags/example_skip_dag.py took 0.071 seconds
[2022-02-25 00:09:16,589] {processor.py:163} INFO - Started process (PID=16928) to work on /home/airflow/.local/lib/python3.7/site-packages/airflow/example_dags/example_skip_dag.py
[2022-02-25 00:09:16,591] {processor.py:642} INFO - Processing file /home/airflow/.local/lib/python3.7/site-packages/airflow/example_dags/example_skip_dag.py for tasks to queue
[2022-02-25 00:09:16,592] {logging_mixin.py:109} INFO - [2022-02-25 00:09:16,592] {dagbag.py:500} INFO - Filling up the DagBag from /home/airflow/.local/lib/python3.7/site-packages/airflow/example_dags/example_skip_dag.py
[2022-02-25 00:09:16,621] {processor.py:654} INFO - DAG(s) dict_keys(['example_skip_dag']) retrieved from /home/airflow/.local/lib/python3.7/site-packages/airflow/example_dags/example_skip_dag.py
[2022-02-25 00:09:16,632] {logging_mixin.py:109} INFO - [2022-02-25 00:09:16,632] {dag.py:2396} INFO - Sync 1 DAGs
[2022-02-25 00:09:16,648] {logging_mixin.py:109} INFO - [2022-02-25 00:09:16,648] {dag.py:2935} INFO - Setting next_dagrun for example_skip_dag to 2022-02-24T00:09:16.648355+00:00
[2022-02-25 00:09:16,658] {processor.py:171} INFO - Processing /home/airflow/.local/lib/python3.7/site-packages/airflow/example_dags/example_skip_dag.py took 0.074 seconds
[2022-02-25 00:09:46,848] {processor.py:163} INFO - Started process (PID=16991) to work on /home/airflow/.local/lib/python3.7/site-packages/airflow/example_dags/example_skip_dag.py
[2022-02-25 00:09:46,850] {processor.py:642} INFO - Processing file /home/airflow/.local/lib/python3.7/site-packages/airflow/example_dags/example_skip_dag.py for tasks to queue
[2022-02-25 00:09:46,851] {logging_mixin.py:109} INFO - [2022-02-25 00:09:46,851] {dagbag.py:500} INFO - Filling up the DagBag from /home/airflow/.local/lib/python3.7/site-packages/airflow/example_dags/example_skip_dag.py
[2022-02-25 00:09:46,879] {processor.py:654} INFO - DAG(s) dict_keys(['example_skip_dag']) retrieved from /home/airflow/.local/lib/python3.7/site-packages/airflow/example_dags/example_skip_dag.py
[2022-02-25 00:09:46,889] {logging_mixin.py:109} INFO - [2022-02-25 00:09:46,889] {dag.py:2396} INFO - Sync 1 DAGs
[2022-02-25 00:09:46,906] {logging_mixin.py:109} INFO - [2022-02-25 00:09:46,905] {dag.py:2935} INFO - Setting next_dagrun for example_skip_dag to 2022-02-24T00:09:46.905701+00:00
[2022-02-25 00:09:46,915] {processor.py:171} INFO - Processing /home/airflow/.local/lib/python3.7/site-packages/airflow/example_dags/example_skip_dag.py took 0.071 seconds
[2022-02-25 00:10:18,292] {processor.py:163} INFO - Started process (PID=17044) to work on /home/airflow/.local/lib/python3.7/site-packages/airflow/example_dags/example_skip_dag.py
[2022-02-25 00:10:18,294] {processor.py:642} INFO - Processing file /home/airflow/.local/lib/python3.7/site-packages/airflow/example_dags/example_skip_dag.py for tasks to queue
[2022-02-25 00:10:18,296] {logging_mixin.py:109} INFO - [2022-02-25 00:10:18,295] {dagbag.py:500} INFO - Filling up the DagBag from /home/airflow/.local/lib/python3.7/site-packages/airflow/example_dags/example_skip_dag.py
[2022-02-25 00:10:18,322] {processor.py:654} INFO - DAG(s) dict_keys(['example_skip_dag']) retrieved from /home/airflow/.local/lib/python3.7/site-packages/airflow/example_dags/example_skip_dag.py
[2022-02-25 00:10:18,335] {logging_mixin.py:109} INFO - [2022-02-25 00:10:18,335] {dag.py:2396} INFO - Sync 1 DAGs
[2022-02-25 00:10:18,363] {logging_mixin.py:109} INFO - [2022-02-25 00:10:18,363] {dag.py:2935} INFO - Setting next_dagrun for example_skip_dag to 2022-02-24T00:10:18.363269+00:00
[2022-02-25 00:10:18,374] {processor.py:171} INFO - Processing /home/airflow/.local/lib/python3.7/site-packages/airflow/example_dags/example_skip_dag.py took 0.086 seconds
[2022-02-25 00:10:48,584] {processor.py:163} INFO - Started process (PID=17106) to work on /home/airflow/.local/lib/python3.7/site-packages/airflow/example_dags/example_skip_dag.py
[2022-02-25 00:10:48,586] {processor.py:642} INFO - Processing file /home/airflow/.local/lib/python3.7/site-packages/airflow/example_dags/example_skip_dag.py for tasks to queue
[2022-02-25 00:10:48,587] {logging_mixin.py:109} INFO - [2022-02-25 00:10:48,587] {dagbag.py:500} INFO - Filling up the DagBag from /home/airflow/.local/lib/python3.7/site-packages/airflow/example_dags/example_skip_dag.py
[2022-02-25 00:10:48,619] {processor.py:654} INFO - DAG(s) dict_keys(['example_skip_dag']) retrieved from /home/airflow/.local/lib/python3.7/site-packages/airflow/example_dags/example_skip_dag.py
[2022-02-25 00:10:48,630] {logging_mixin.py:109} INFO - [2022-02-25 00:10:48,630] {dag.py:2396} INFO - Sync 1 DAGs
[2022-02-25 00:10:48,659] {logging_mixin.py:109} INFO - [2022-02-25 00:10:48,659] {dag.py:2935} INFO - Setting next_dagrun for example_skip_dag to 2022-02-24T00:10:48.658719+00:00
[2022-02-25 00:10:48,669] {processor.py:171} INFO - Processing /home/airflow/.local/lib/python3.7/site-packages/airflow/example_dags/example_skip_dag.py took 0.090 seconds
[2022-02-25 00:11:18,970] {processor.py:163} INFO - Started process (PID=17158) to work on /home/airflow/.local/lib/python3.7/site-packages/airflow/example_dags/example_skip_dag.py
[2022-02-25 00:11:18,972] {processor.py:642} INFO - Processing file /home/airflow/.local/lib/python3.7/site-packages/airflow/example_dags/example_skip_dag.py for tasks to queue
[2022-02-25 00:11:18,973] {logging_mixin.py:109} INFO - [2022-02-25 00:11:18,973] {dagbag.py:500} INFO - Filling up the DagBag from /home/airflow/.local/lib/python3.7/site-packages/airflow/example_dags/example_skip_dag.py
[2022-02-25 00:11:19,003] {processor.py:654} INFO - DAG(s) dict_keys(['example_skip_dag']) retrieved from /home/airflow/.local/lib/python3.7/site-packages/airflow/example_dags/example_skip_dag.py
[2022-02-25 00:11:19,022] {logging_mixin.py:109} INFO - [2022-02-25 00:11:19,022] {dag.py:2396} INFO - Sync 1 DAGs
[2022-02-25 00:11:19,042] {logging_mixin.py:109} INFO - [2022-02-25 00:11:19,042] {dag.py:2935} INFO - Setting next_dagrun for example_skip_dag to 2022-02-24T00:11:19.042318+00:00
[2022-02-25 00:11:19,053] {processor.py:171} INFO - Processing /home/airflow/.local/lib/python3.7/site-packages/airflow/example_dags/example_skip_dag.py took 0.087 seconds
[2022-02-25 00:11:49,230] {processor.py:163} INFO - Started process (PID=17219) to work on /home/airflow/.local/lib/python3.7/site-packages/airflow/example_dags/example_skip_dag.py
[2022-02-25 00:11:49,233] {processor.py:642} INFO - Processing file /home/airflow/.local/lib/python3.7/site-packages/airflow/example_dags/example_skip_dag.py for tasks to queue
[2022-02-25 00:11:49,234] {logging_mixin.py:109} INFO - [2022-02-25 00:11:49,234] {dagbag.py:500} INFO - Filling up the DagBag from /home/airflow/.local/lib/python3.7/site-packages/airflow/example_dags/example_skip_dag.py
[2022-02-25 00:11:49,261] {processor.py:654} INFO - DAG(s) dict_keys(['example_skip_dag']) retrieved from /home/airflow/.local/lib/python3.7/site-packages/airflow/example_dags/example_skip_dag.py
[2022-02-25 00:11:49,272] {logging_mixin.py:109} INFO - [2022-02-25 00:11:49,272] {dag.py:2396} INFO - Sync 1 DAGs
[2022-02-25 00:11:49,292] {logging_mixin.py:109} INFO - [2022-02-25 00:11:49,291] {dag.py:2935} INFO - Setting next_dagrun for example_skip_dag to 2022-02-24T00:11:49.291558+00:00
[2022-02-25 00:11:49,302] {processor.py:171} INFO - Processing /home/airflow/.local/lib/python3.7/site-packages/airflow/example_dags/example_skip_dag.py took 0.076 seconds
[2022-02-25 00:12:19,760] {processor.py:163} INFO - Started process (PID=17271) to work on /home/airflow/.local/lib/python3.7/site-packages/airflow/example_dags/example_skip_dag.py
[2022-02-25 00:12:19,762] {processor.py:642} INFO - Processing file /home/airflow/.local/lib/python3.7/site-packages/airflow/example_dags/example_skip_dag.py for tasks to queue
[2022-02-25 00:12:19,763] {logging_mixin.py:109} INFO - [2022-02-25 00:12:19,763] {dagbag.py:500} INFO - Filling up the DagBag from /home/airflow/.local/lib/python3.7/site-packages/airflow/example_dags/example_skip_dag.py
[2022-02-25 00:12:19,791] {processor.py:654} INFO - DAG(s) dict_keys(['example_skip_dag']) retrieved from /home/airflow/.local/lib/python3.7/site-packages/airflow/example_dags/example_skip_dag.py
[2022-02-25 00:12:19,802] {logging_mixin.py:109} INFO - [2022-02-25 00:12:19,802] {dag.py:2396} INFO - Sync 1 DAGs
[2022-02-25 00:12:19,820] {logging_mixin.py:109} INFO - [2022-02-25 00:12:19,820] {dag.py:2935} INFO - Setting next_dagrun for example_skip_dag to 2022-02-24T00:12:19.819991+00:00
[2022-02-25 00:12:19,831] {processor.py:171} INFO - Processing /home/airflow/.local/lib/python3.7/site-packages/airflow/example_dags/example_skip_dag.py took 0.075 seconds
[2022-02-25 00:12:50,043] {processor.py:163} INFO - Started process (PID=17334) to work on /home/airflow/.local/lib/python3.7/site-packages/airflow/example_dags/example_skip_dag.py
[2022-02-25 00:12:50,045] {processor.py:642} INFO - Processing file /home/airflow/.local/lib/python3.7/site-packages/airflow/example_dags/example_skip_dag.py for tasks to queue
[2022-02-25 00:12:50,047] {logging_mixin.py:109} INFO - [2022-02-25 00:12:50,047] {dagbag.py:500} INFO - Filling up the DagBag from /home/airflow/.local/lib/python3.7/site-packages/airflow/example_dags/example_skip_dag.py
[2022-02-25 00:12:50,090] {processor.py:654} INFO - DAG(s) dict_keys(['example_skip_dag']) retrieved from /home/airflow/.local/lib/python3.7/site-packages/airflow/example_dags/example_skip_dag.py
[2022-02-25 00:12:50,108] {logging_mixin.py:109} INFO - [2022-02-25 00:12:50,107] {dag.py:2396} INFO - Sync 1 DAGs
[2022-02-25 00:12:50,128] {logging_mixin.py:109} INFO - [2022-02-25 00:12:50,127] {dag.py:2935} INFO - Setting next_dagrun for example_skip_dag to 2022-02-24T00:12:50.127580+00:00
[2022-02-25 00:12:50,137] {processor.py:171} INFO - Processing /home/airflow/.local/lib/python3.7/site-packages/airflow/example_dags/example_skip_dag.py took 0.098 seconds
[2022-02-25 00:13:20,516] {processor.py:163} INFO - Started process (PID=17385) to work on /home/airflow/.local/lib/python3.7/site-packages/airflow/example_dags/example_skip_dag.py
[2022-02-25 00:13:20,518] {processor.py:642} INFO - Processing file /home/airflow/.local/lib/python3.7/site-packages/airflow/example_dags/example_skip_dag.py for tasks to queue
[2022-02-25 00:13:20,519] {logging_mixin.py:109} INFO - [2022-02-25 00:13:20,519] {dagbag.py:500} INFO - Filling up the DagBag from /home/airflow/.local/lib/python3.7/site-packages/airflow/example_dags/example_skip_dag.py
[2022-02-25 00:13:20,548] {processor.py:654} INFO - DAG(s) dict_keys(['example_skip_dag']) retrieved from /home/airflow/.local/lib/python3.7/site-packages/airflow/example_dags/example_skip_dag.py
[2022-02-25 00:13:20,560] {logging_mixin.py:109} INFO - [2022-02-25 00:13:20,560] {dag.py:2396} INFO - Sync 1 DAGs
[2022-02-25 00:13:20,580] {logging_mixin.py:109} INFO - [2022-02-25 00:13:20,580] {dag.py:2935} INFO - Setting next_dagrun for example_skip_dag to 2022-02-24T00:13:20.580222+00:00
[2022-02-25 00:13:20,590] {processor.py:171} INFO - Processing /home/airflow/.local/lib/python3.7/site-packages/airflow/example_dags/example_skip_dag.py took 0.077 seconds
[2022-02-25 00:13:50,670] {processor.py:163} INFO - Started process (PID=17444) to work on /home/airflow/.local/lib/python3.7/site-packages/airflow/example_dags/example_skip_dag.py
[2022-02-25 00:13:50,671] {processor.py:642} INFO - Processing file /home/airflow/.local/lib/python3.7/site-packages/airflow/example_dags/example_skip_dag.py for tasks to queue
[2022-02-25 00:13:50,672] {logging_mixin.py:109} INFO - [2022-02-25 00:13:50,672] {dagbag.py:500} INFO - Filling up the DagBag from /home/airflow/.local/lib/python3.7/site-packages/airflow/example_dags/example_skip_dag.py
[2022-02-25 00:13:50,699] {processor.py:654} INFO - DAG(s) dict_keys(['example_skip_dag']) retrieved from /home/airflow/.local/lib/python3.7/site-packages/airflow/example_dags/example_skip_dag.py
[2022-02-25 00:13:50,711] {logging_mixin.py:109} INFO - [2022-02-25 00:13:50,711] {dag.py:2396} INFO - Sync 1 DAGs
[2022-02-25 00:13:50,727] {logging_mixin.py:109} INFO - [2022-02-25 00:13:50,727] {dag.py:2935} INFO - Setting next_dagrun for example_skip_dag to 2022-02-24T00:13:50.727253+00:00
[2022-02-25 00:13:50,737] {processor.py:171} INFO - Processing /home/airflow/.local/lib/python3.7/site-packages/airflow/example_dags/example_skip_dag.py took 0.071 seconds
[2022-02-25 00:14:20,872] {processor.py:163} INFO - Started process (PID=17494) to work on /home/airflow/.local/lib/python3.7/site-packages/airflow/example_dags/example_skip_dag.py
[2022-02-25 00:14:20,874] {processor.py:642} INFO - Processing file /home/airflow/.local/lib/python3.7/site-packages/airflow/example_dags/example_skip_dag.py for tasks to queue
[2022-02-25 00:14:20,875] {logging_mixin.py:109} INFO - [2022-02-25 00:14:20,875] {dagbag.py:500} INFO - Filling up the DagBag from /home/airflow/.local/lib/python3.7/site-packages/airflow/example_dags/example_skip_dag.py
[2022-02-25 00:14:20,902] {processor.py:654} INFO - DAG(s) dict_keys(['example_skip_dag']) retrieved from /home/airflow/.local/lib/python3.7/site-packages/airflow/example_dags/example_skip_dag.py
[2022-02-25 00:14:20,913] {logging_mixin.py:109} INFO - [2022-02-25 00:14:20,913] {dag.py:2396} INFO - Sync 1 DAGs
[2022-02-25 00:14:20,930] {logging_mixin.py:109} INFO - [2022-02-25 00:14:20,930] {dag.py:2935} INFO - Setting next_dagrun for example_skip_dag to 2022-02-24T00:14:20.929706+00:00
[2022-02-25 00:14:20,939] {processor.py:171} INFO - Processing /home/airflow/.local/lib/python3.7/site-packages/airflow/example_dags/example_skip_dag.py took 0.070 seconds
[2022-02-25 00:14:51,154] {processor.py:163} INFO - Started process (PID=17554) to work on /home/airflow/.local/lib/python3.7/site-packages/airflow/example_dags/example_skip_dag.py
[2022-02-25 00:14:51,156] {processor.py:642} INFO - Processing file /home/airflow/.local/lib/python3.7/site-packages/airflow/example_dags/example_skip_dag.py for tasks to queue
[2022-02-25 00:14:51,157] {logging_mixin.py:109} INFO - [2022-02-25 00:14:51,157] {dagbag.py:500} INFO - Filling up the DagBag from /home/airflow/.local/lib/python3.7/site-packages/airflow/example_dags/example_skip_dag.py
[2022-02-25 00:14:51,187] {processor.py:654} INFO - DAG(s) dict_keys(['example_skip_dag']) retrieved from /home/airflow/.local/lib/python3.7/site-packages/airflow/example_dags/example_skip_dag.py
[2022-02-25 00:14:51,199] {logging_mixin.py:109} INFO - [2022-02-25 00:14:51,199] {dag.py:2396} INFO - Sync 1 DAGs
[2022-02-25 00:14:51,224] {logging_mixin.py:109} INFO - [2022-02-25 00:14:51,223] {dag.py:2935} INFO - Setting next_dagrun for example_skip_dag to 2022-02-24T00:14:51.223393+00:00
[2022-02-25 00:14:51,236] {processor.py:171} INFO - Processing /home/airflow/.local/lib/python3.7/site-packages/airflow/example_dags/example_skip_dag.py took 0.085 seconds
[2022-02-25 00:15:21,470] {processor.py:163} INFO - Started process (PID=17606) to work on /home/airflow/.local/lib/python3.7/site-packages/airflow/example_dags/example_skip_dag.py
[2022-02-25 00:15:21,471] {processor.py:642} INFO - Processing file /home/airflow/.local/lib/python3.7/site-packages/airflow/example_dags/example_skip_dag.py for tasks to queue
[2022-02-25 00:15:21,473] {logging_mixin.py:109} INFO - [2022-02-25 00:15:21,473] {dagbag.py:500} INFO - Filling up the DagBag from /home/airflow/.local/lib/python3.7/site-packages/airflow/example_dags/example_skip_dag.py
[2022-02-25 00:15:21,507] {processor.py:654} INFO - DAG(s) dict_keys(['example_skip_dag']) retrieved from /home/airflow/.local/lib/python3.7/site-packages/airflow/example_dags/example_skip_dag.py
[2022-02-25 00:15:21,520] {logging_mixin.py:109} INFO - [2022-02-25 00:15:21,520] {dag.py:2396} INFO - Sync 1 DAGs
[2022-02-25 00:15:21,546] {logging_mixin.py:109} INFO - [2022-02-25 00:15:21,546] {dag.py:2935} INFO - Setting next_dagrun for example_skip_dag to 2022-02-24T00:15:21.546280+00:00
[2022-02-25 00:15:21,560] {processor.py:171} INFO - Processing /home/airflow/.local/lib/python3.7/site-packages/airflow/example_dags/example_skip_dag.py took 0.094 seconds
[2022-02-25 00:15:51,906] {processor.py:163} INFO - Started process (PID=17668) to work on /home/airflow/.local/lib/python3.7/site-packages/airflow/example_dags/example_skip_dag.py
[2022-02-25 00:15:51,908] {processor.py:642} INFO - Processing file /home/airflow/.local/lib/python3.7/site-packages/airflow/example_dags/example_skip_dag.py for tasks to queue
[2022-02-25 00:15:51,909] {logging_mixin.py:109} INFO - [2022-02-25 00:15:51,909] {dagbag.py:500} INFO - Filling up the DagBag from /home/airflow/.local/lib/python3.7/site-packages/airflow/example_dags/example_skip_dag.py
[2022-02-25 00:15:51,936] {processor.py:654} INFO - DAG(s) dict_keys(['example_skip_dag']) retrieved from /home/airflow/.local/lib/python3.7/site-packages/airflow/example_dags/example_skip_dag.py
[2022-02-25 00:15:51,947] {logging_mixin.py:109} INFO - [2022-02-25 00:15:51,947] {dag.py:2396} INFO - Sync 1 DAGs
[2022-02-25 00:15:51,964] {logging_mixin.py:109} INFO - [2022-02-25 00:15:51,964] {dag.py:2935} INFO - Setting next_dagrun for example_skip_dag to 2022-02-24T00:15:51.963790+00:00
[2022-02-25 00:15:51,973] {processor.py:171} INFO - Processing /home/airflow/.local/lib/python3.7/site-packages/airflow/example_dags/example_skip_dag.py took 0.070 seconds
[2022-02-25 00:16:22,088] {processor.py:163} INFO - Started process (PID=17720) to work on /home/airflow/.local/lib/python3.7/site-packages/airflow/example_dags/example_skip_dag.py
[2022-02-25 00:16:22,089] {processor.py:642} INFO - Processing file /home/airflow/.local/lib/python3.7/site-packages/airflow/example_dags/example_skip_dag.py for tasks to queue
[2022-02-25 00:16:22,091] {logging_mixin.py:109} INFO - [2022-02-25 00:16:22,090] {dagbag.py:500} INFO - Filling up the DagBag from /home/airflow/.local/lib/python3.7/site-packages/airflow/example_dags/example_skip_dag.py
[2022-02-25 00:16:22,117] {processor.py:654} INFO - DAG(s) dict_keys(['example_skip_dag']) retrieved from /home/airflow/.local/lib/python3.7/site-packages/airflow/example_dags/example_skip_dag.py
[2022-02-25 00:16:22,128] {logging_mixin.py:109} INFO - [2022-02-25 00:16:22,128] {dag.py:2396} INFO - Sync 1 DAGs
[2022-02-25 00:16:22,149] {logging_mixin.py:109} INFO - [2022-02-25 00:16:22,149] {dag.py:2935} INFO - Setting next_dagrun for example_skip_dag to 2022-02-24T00:16:22.149471+00:00
[2022-02-25 00:16:22,159] {processor.py:171} INFO - Processing /home/airflow/.local/lib/python3.7/site-packages/airflow/example_dags/example_skip_dag.py took 0.075 seconds
[2022-02-25 00:16:52,250] {processor.py:163} INFO - Started process (PID=17782) to work on /home/airflow/.local/lib/python3.7/site-packages/airflow/example_dags/example_skip_dag.py
[2022-02-25 00:16:52,252] {processor.py:642} INFO - Processing file /home/airflow/.local/lib/python3.7/site-packages/airflow/example_dags/example_skip_dag.py for tasks to queue
[2022-02-25 00:16:52,253] {logging_mixin.py:109} INFO - [2022-02-25 00:16:52,253] {dagbag.py:500} INFO - Filling up the DagBag from /home/airflow/.local/lib/python3.7/site-packages/airflow/example_dags/example_skip_dag.py
[2022-02-25 00:16:52,286] {processor.py:654} INFO - DAG(s) dict_keys(['example_skip_dag']) retrieved from /home/airflow/.local/lib/python3.7/site-packages/airflow/example_dags/example_skip_dag.py
[2022-02-25 00:16:52,300] {logging_mixin.py:109} INFO - [2022-02-25 00:16:52,299] {dag.py:2396} INFO - Sync 1 DAGs
[2022-02-25 00:16:52,319] {logging_mixin.py:109} INFO - [2022-02-25 00:16:52,319] {dag.py:2935} INFO - Setting next_dagrun for example_skip_dag to 2022-02-24T00:16:52.318809+00:00
[2022-02-25 00:16:52,330] {processor.py:171} INFO - Processing /home/airflow/.local/lib/python3.7/site-packages/airflow/example_dags/example_skip_dag.py took 0.085 seconds
[2022-02-25 00:17:22,629] {processor.py:163} INFO - Started process (PID=17833) to work on /home/airflow/.local/lib/python3.7/site-packages/airflow/example_dags/example_skip_dag.py
[2022-02-25 00:17:22,631] {processor.py:642} INFO - Processing file /home/airflow/.local/lib/python3.7/site-packages/airflow/example_dags/example_skip_dag.py for tasks to queue
[2022-02-25 00:17:22,632] {logging_mixin.py:109} INFO - [2022-02-25 00:17:22,632] {dagbag.py:500} INFO - Filling up the DagBag from /home/airflow/.local/lib/python3.7/site-packages/airflow/example_dags/example_skip_dag.py
[2022-02-25 00:17:22,660] {processor.py:654} INFO - DAG(s) dict_keys(['example_skip_dag']) retrieved from /home/airflow/.local/lib/python3.7/site-packages/airflow/example_dags/example_skip_dag.py
[2022-02-25 00:17:22,671] {logging_mixin.py:109} INFO - [2022-02-25 00:17:22,671] {dag.py:2396} INFO - Sync 1 DAGs
[2022-02-25 00:17:22,686] {logging_mixin.py:109} INFO - [2022-02-25 00:17:22,686] {dag.py:2935} INFO - Setting next_dagrun for example_skip_dag to 2022-02-24T00:17:22.686345+00:00
[2022-02-25 00:17:22,694] {processor.py:171} INFO - Processing /home/airflow/.local/lib/python3.7/site-packages/airflow/example_dags/example_skip_dag.py took 0.069 seconds
[2022-02-25 00:17:52,799] {processor.py:163} INFO - Started process (PID=17896) to work on /home/airflow/.local/lib/python3.7/site-packages/airflow/example_dags/example_skip_dag.py
[2022-02-25 00:17:52,801] {processor.py:642} INFO - Processing file /home/airflow/.local/lib/python3.7/site-packages/airflow/example_dags/example_skip_dag.py for tasks to queue
[2022-02-25 00:17:52,802] {logging_mixin.py:109} INFO - [2022-02-25 00:17:52,802] {dagbag.py:500} INFO - Filling up the DagBag from /home/airflow/.local/lib/python3.7/site-packages/airflow/example_dags/example_skip_dag.py
[2022-02-25 00:17:52,833] {processor.py:654} INFO - DAG(s) dict_keys(['example_skip_dag']) retrieved from /home/airflow/.local/lib/python3.7/site-packages/airflow/example_dags/example_skip_dag.py
[2022-02-25 00:17:52,845] {logging_mixin.py:109} INFO - [2022-02-25 00:17:52,845] {dag.py:2396} INFO - Sync 1 DAGs
[2022-02-25 00:17:52,862] {logging_mixin.py:109} INFO - [2022-02-25 00:17:52,862] {dag.py:2935} INFO - Setting next_dagrun for example_skip_dag to 2022-02-24T00:17:52.862203+00:00
[2022-02-25 00:17:52,871] {processor.py:171} INFO - Processing /home/airflow/.local/lib/python3.7/site-packages/airflow/example_dags/example_skip_dag.py took 0.075 seconds
[2022-02-25 00:18:23,368] {processor.py:163} INFO - Started process (PID=17948) to work on /home/airflow/.local/lib/python3.7/site-packages/airflow/example_dags/example_skip_dag.py
[2022-02-25 00:18:23,370] {processor.py:642} INFO - Processing file /home/airflow/.local/lib/python3.7/site-packages/airflow/example_dags/example_skip_dag.py for tasks to queue
[2022-02-25 00:18:23,372] {logging_mixin.py:109} INFO - [2022-02-25 00:18:23,372] {dagbag.py:500} INFO - Filling up the DagBag from /home/airflow/.local/lib/python3.7/site-packages/airflow/example_dags/example_skip_dag.py
[2022-02-25 00:18:23,402] {processor.py:654} INFO - DAG(s) dict_keys(['example_skip_dag']) retrieved from /home/airflow/.local/lib/python3.7/site-packages/airflow/example_dags/example_skip_dag.py
[2022-02-25 00:18:23,413] {logging_mixin.py:109} INFO - [2022-02-25 00:18:23,413] {dag.py:2396} INFO - Sync 1 DAGs
[2022-02-25 00:18:23,429] {logging_mixin.py:109} INFO - [2022-02-25 00:18:23,429] {dag.py:2935} INFO - Setting next_dagrun for example_skip_dag to 2022-02-24T00:18:23.429193+00:00
[2022-02-25 00:18:23,439] {processor.py:171} INFO - Processing /home/airflow/.local/lib/python3.7/site-packages/airflow/example_dags/example_skip_dag.py took 0.075 seconds
[2022-02-25 00:18:53,642] {processor.py:163} INFO - Started process (PID=18006) to work on /home/airflow/.local/lib/python3.7/site-packages/airflow/example_dags/example_skip_dag.py
[2022-02-25 00:18:53,644] {processor.py:642} INFO - Processing file /home/airflow/.local/lib/python3.7/site-packages/airflow/example_dags/example_skip_dag.py for tasks to queue
[2022-02-25 00:18:53,645] {logging_mixin.py:109} INFO - [2022-02-25 00:18:53,645] {dagbag.py:500} INFO - Filling up the DagBag from /home/airflow/.local/lib/python3.7/site-packages/airflow/example_dags/example_skip_dag.py
[2022-02-25 00:18:53,673] {processor.py:654} INFO - DAG(s) dict_keys(['example_skip_dag']) retrieved from /home/airflow/.local/lib/python3.7/site-packages/airflow/example_dags/example_skip_dag.py
[2022-02-25 00:18:53,685] {logging_mixin.py:109} INFO - [2022-02-25 00:18:53,685] {dag.py:2396} INFO - Sync 1 DAGs
[2022-02-25 00:18:53,701] {logging_mixin.py:109} INFO - [2022-02-25 00:18:53,701] {dag.py:2935} INFO - Setting next_dagrun for example_skip_dag to 2022-02-24T00:18:53.701423+00:00
[2022-02-25 00:18:53,712] {processor.py:171} INFO - Processing /home/airflow/.local/lib/python3.7/site-packages/airflow/example_dags/example_skip_dag.py took 0.074 seconds
[2022-02-25 00:19:24,774] {processor.py:163} INFO - Started process (PID=18060) to work on /home/airflow/.local/lib/python3.7/site-packages/airflow/example_dags/example_skip_dag.py
[2022-02-25 00:19:24,776] {processor.py:642} INFO - Processing file /home/airflow/.local/lib/python3.7/site-packages/airflow/example_dags/example_skip_dag.py for tasks to queue
[2022-02-25 00:19:24,777] {logging_mixin.py:109} INFO - [2022-02-25 00:19:24,777] {dagbag.py:500} INFO - Filling up the DagBag from /home/airflow/.local/lib/python3.7/site-packages/airflow/example_dags/example_skip_dag.py
[2022-02-25 00:19:24,806] {processor.py:654} INFO - DAG(s) dict_keys(['example_skip_dag']) retrieved from /home/airflow/.local/lib/python3.7/site-packages/airflow/example_dags/example_skip_dag.py
[2022-02-25 00:19:24,817] {logging_mixin.py:109} INFO - [2022-02-25 00:19:24,817] {dag.py:2396} INFO - Sync 1 DAGs
[2022-02-25 00:19:24,834] {logging_mixin.py:109} INFO - [2022-02-25 00:19:24,833] {dag.py:2935} INFO - Setting next_dagrun for example_skip_dag to 2022-02-24T00:19:24.833637+00:00
[2022-02-25 00:19:24,843] {processor.py:171} INFO - Processing /home/airflow/.local/lib/python3.7/site-packages/airflow/example_dags/example_skip_dag.py took 0.073 seconds
[2022-02-25 00:19:54,915] {processor.py:163} INFO - Started process (PID=18122) to work on /home/airflow/.local/lib/python3.7/site-packages/airflow/example_dags/example_skip_dag.py
[2022-02-25 00:19:54,918] {processor.py:642} INFO - Processing file /home/airflow/.local/lib/python3.7/site-packages/airflow/example_dags/example_skip_dag.py for tasks to queue
[2022-02-25 00:19:54,919] {logging_mixin.py:109} INFO - [2022-02-25 00:19:54,919] {dagbag.py:500} INFO - Filling up the DagBag from /home/airflow/.local/lib/python3.7/site-packages/airflow/example_dags/example_skip_dag.py
[2022-02-25 00:19:54,946] {processor.py:654} INFO - DAG(s) dict_keys(['example_skip_dag']) retrieved from /home/airflow/.local/lib/python3.7/site-packages/airflow/example_dags/example_skip_dag.py
[2022-02-25 00:19:54,957] {logging_mixin.py:109} INFO - [2022-02-25 00:19:54,957] {dag.py:2396} INFO - Sync 1 DAGs
[2022-02-25 00:19:54,974] {logging_mixin.py:109} INFO - [2022-02-25 00:19:54,974] {dag.py:2935} INFO - Setting next_dagrun for example_skip_dag to 2022-02-24T00:19:54.973809+00:00
[2022-02-25 00:19:54,983] {processor.py:171} INFO - Processing /home/airflow/.local/lib/python3.7/site-packages/airflow/example_dags/example_skip_dag.py took 0.071 seconds
[2022-02-25 00:20:25,074] {processor.py:163} INFO - Started process (PID=18173) to work on /home/airflow/.local/lib/python3.7/site-packages/airflow/example_dags/example_skip_dag.py
[2022-02-25 00:20:25,076] {processor.py:642} INFO - Processing file /home/airflow/.local/lib/python3.7/site-packages/airflow/example_dags/example_skip_dag.py for tasks to queue
[2022-02-25 00:20:25,077] {logging_mixin.py:109} INFO - [2022-02-25 00:20:25,077] {dagbag.py:500} INFO - Filling up the DagBag from /home/airflow/.local/lib/python3.7/site-packages/airflow/example_dags/example_skip_dag.py
[2022-02-25 00:20:25,106] {processor.py:654} INFO - DAG(s) dict_keys(['example_skip_dag']) retrieved from /home/airflow/.local/lib/python3.7/site-packages/airflow/example_dags/example_skip_dag.py
[2022-02-25 00:20:25,117] {logging_mixin.py:109} INFO - [2022-02-25 00:20:25,117] {dag.py:2396} INFO - Sync 1 DAGs
[2022-02-25 00:20:25,133] {logging_mixin.py:109} INFO - [2022-02-25 00:20:25,133] {dag.py:2935} INFO - Setting next_dagrun for example_skip_dag to 2022-02-24T00:20:25.132821+00:00
[2022-02-25 00:20:25,142] {processor.py:171} INFO - Processing /home/airflow/.local/lib/python3.7/site-packages/airflow/example_dags/example_skip_dag.py took 0.071 seconds
[2022-02-25 00:20:55,433] {processor.py:163} INFO - Started process (PID=18224) to work on /home/airflow/.local/lib/python3.7/site-packages/airflow/example_dags/example_skip_dag.py
[2022-02-25 00:20:55,435] {processor.py:642} INFO - Processing file /home/airflow/.local/lib/python3.7/site-packages/airflow/example_dags/example_skip_dag.py for tasks to queue
[2022-02-25 00:20:55,436] {logging_mixin.py:109} INFO - [2022-02-25 00:20:55,436] {dagbag.py:500} INFO - Filling up the DagBag from /home/airflow/.local/lib/python3.7/site-packages/airflow/example_dags/example_skip_dag.py
[2022-02-25 00:20:55,463] {processor.py:654} INFO - DAG(s) dict_keys(['example_skip_dag']) retrieved from /home/airflow/.local/lib/python3.7/site-packages/airflow/example_dags/example_skip_dag.py
[2022-02-25 00:20:55,475] {logging_mixin.py:109} INFO - [2022-02-25 00:20:55,475] {dag.py:2396} INFO - Sync 1 DAGs
[2022-02-25 00:20:55,490] {logging_mixin.py:109} INFO - [2022-02-25 00:20:55,490] {dag.py:2935} INFO - Setting next_dagrun for example_skip_dag to 2022-02-24T00:20:55.490320+00:00
[2022-02-25 00:20:55,499] {processor.py:171} INFO - Processing /home/airflow/.local/lib/python3.7/site-packages/airflow/example_dags/example_skip_dag.py took 0.070 seconds
[2022-02-25 00:21:25,825] {processor.py:163} INFO - Started process (PID=18286) to work on /home/airflow/.local/lib/python3.7/site-packages/airflow/example_dags/example_skip_dag.py
[2022-02-25 00:21:25,827] {processor.py:642} INFO - Processing file /home/airflow/.local/lib/python3.7/site-packages/airflow/example_dags/example_skip_dag.py for tasks to queue
[2022-02-25 00:21:25,828] {logging_mixin.py:109} INFO - [2022-02-25 00:21:25,828] {dagbag.py:500} INFO - Filling up the DagBag from /home/airflow/.local/lib/python3.7/site-packages/airflow/example_dags/example_skip_dag.py
[2022-02-25 00:21:25,856] {processor.py:654} INFO - DAG(s) dict_keys(['example_skip_dag']) retrieved from /home/airflow/.local/lib/python3.7/site-packages/airflow/example_dags/example_skip_dag.py
[2022-02-25 00:21:25,867] {logging_mixin.py:109} INFO - [2022-02-25 00:21:25,867] {dag.py:2396} INFO - Sync 1 DAGs
[2022-02-25 00:21:25,882] {logging_mixin.py:109} INFO - [2022-02-25 00:21:25,882] {dag.py:2935} INFO - Setting next_dagrun for example_skip_dag to 2022-02-24T00:21:25.882098+00:00
[2022-02-25 00:21:25,890] {processor.py:171} INFO - Processing /home/airflow/.local/lib/python3.7/site-packages/airflow/example_dags/example_skip_dag.py took 0.069 seconds
[2022-02-25 00:21:56,161] {processor.py:163} INFO - Started process (PID=18337) to work on /home/airflow/.local/lib/python3.7/site-packages/airflow/example_dags/example_skip_dag.py
[2022-02-25 00:21:56,162] {processor.py:642} INFO - Processing file /home/airflow/.local/lib/python3.7/site-packages/airflow/example_dags/example_skip_dag.py for tasks to queue
[2022-02-25 00:21:56,164] {logging_mixin.py:109} INFO - [2022-02-25 00:21:56,163] {dagbag.py:500} INFO - Filling up the DagBag from /home/airflow/.local/lib/python3.7/site-packages/airflow/example_dags/example_skip_dag.py
[2022-02-25 00:21:56,192] {processor.py:654} INFO - DAG(s) dict_keys(['example_skip_dag']) retrieved from /home/airflow/.local/lib/python3.7/site-packages/airflow/example_dags/example_skip_dag.py
[2022-02-25 00:21:56,204] {logging_mixin.py:109} INFO - [2022-02-25 00:21:56,203] {dag.py:2396} INFO - Sync 1 DAGs
[2022-02-25 00:21:56,220] {logging_mixin.py:109} INFO - [2022-02-25 00:21:56,220] {dag.py:2935} INFO - Setting next_dagrun for example_skip_dag to 2022-02-24T00:21:56.220108+00:00
[2022-02-25 00:21:56,229] {processor.py:171} INFO - Processing /home/airflow/.local/lib/python3.7/site-packages/airflow/example_dags/example_skip_dag.py took 0.072 seconds
[2022-02-25 00:22:26,570] {processor.py:163} INFO - Started process (PID=18399) to work on /home/airflow/.local/lib/python3.7/site-packages/airflow/example_dags/example_skip_dag.py
[2022-02-25 00:22:26,571] {processor.py:642} INFO - Processing file /home/airflow/.local/lib/python3.7/site-packages/airflow/example_dags/example_skip_dag.py for tasks to queue
[2022-02-25 00:22:26,572] {logging_mixin.py:109} INFO - [2022-02-25 00:22:26,572] {dagbag.py:500} INFO - Filling up the DagBag from /home/airflow/.local/lib/python3.7/site-packages/airflow/example_dags/example_skip_dag.py
[2022-02-25 00:22:26,601] {processor.py:654} INFO - DAG(s) dict_keys(['example_skip_dag']) retrieved from /home/airflow/.local/lib/python3.7/site-packages/airflow/example_dags/example_skip_dag.py
[2022-02-25 00:22:26,612] {logging_mixin.py:109} INFO - [2022-02-25 00:22:26,612] {dag.py:2396} INFO - Sync 1 DAGs
[2022-02-25 00:22:26,628] {logging_mixin.py:109} INFO - [2022-02-25 00:22:26,628] {dag.py:2935} INFO - Setting next_dagrun for example_skip_dag to 2022-02-24T00:22:26.628401+00:00
[2022-02-25 00:22:26,638] {processor.py:171} INFO - Processing /home/airflow/.local/lib/python3.7/site-packages/airflow/example_dags/example_skip_dag.py took 0.073 seconds
[2022-02-25 00:22:57,099] {processor.py:163} INFO - Started process (PID=18451) to work on /home/airflow/.local/lib/python3.7/site-packages/airflow/example_dags/example_skip_dag.py
[2022-02-25 00:22:57,101] {processor.py:642} INFO - Processing file /home/airflow/.local/lib/python3.7/site-packages/airflow/example_dags/example_skip_dag.py for tasks to queue
[2022-02-25 00:22:57,102] {logging_mixin.py:109} INFO - [2022-02-25 00:22:57,102] {dagbag.py:500} INFO - Filling up the DagBag from /home/airflow/.local/lib/python3.7/site-packages/airflow/example_dags/example_skip_dag.py
[2022-02-25 00:22:57,131] {processor.py:654} INFO - DAG(s) dict_keys(['example_skip_dag']) retrieved from /home/airflow/.local/lib/python3.7/site-packages/airflow/example_dags/example_skip_dag.py
[2022-02-25 00:22:57,147] {logging_mixin.py:109} INFO - [2022-02-25 00:22:57,147] {dag.py:2396} INFO - Sync 1 DAGs
[2022-02-25 00:22:57,170] {logging_mixin.py:109} INFO - [2022-02-25 00:22:57,170] {dag.py:2935} INFO - Setting next_dagrun for example_skip_dag to 2022-02-24T00:22:57.169996+00:00
[2022-02-25 00:22:57,181] {processor.py:171} INFO - Processing /home/airflow/.local/lib/python3.7/site-packages/airflow/example_dags/example_skip_dag.py took 0.085 seconds
[2022-02-25 00:23:27,405] {processor.py:163} INFO - Started process (PID=18515) to work on /home/airflow/.local/lib/python3.7/site-packages/airflow/example_dags/example_skip_dag.py
[2022-02-25 00:23:27,408] {processor.py:642} INFO - Processing file /home/airflow/.local/lib/python3.7/site-packages/airflow/example_dags/example_skip_dag.py for tasks to queue
[2022-02-25 00:23:27,409] {logging_mixin.py:109} INFO - [2022-02-25 00:23:27,409] {dagbag.py:500} INFO - Filling up the DagBag from /home/airflow/.local/lib/python3.7/site-packages/airflow/example_dags/example_skip_dag.py
[2022-02-25 00:23:27,435] {processor.py:654} INFO - DAG(s) dict_keys(['example_skip_dag']) retrieved from /home/airflow/.local/lib/python3.7/site-packages/airflow/example_dags/example_skip_dag.py
[2022-02-25 00:23:27,446] {logging_mixin.py:109} INFO - [2022-02-25 00:23:27,446] {dag.py:2396} INFO - Sync 1 DAGs
[2022-02-25 00:23:27,462] {logging_mixin.py:109} INFO - [2022-02-25 00:23:27,462] {dag.py:2935} INFO - Setting next_dagrun for example_skip_dag to 2022-02-24T00:23:27.461971+00:00
[2022-02-25 00:23:27,471] {processor.py:171} INFO - Processing /home/airflow/.local/lib/python3.7/site-packages/airflow/example_dags/example_skip_dag.py took 0.069 seconds
[2022-02-25 00:23:57,634] {processor.py:163} INFO - Started process (PID=18567) to work on /home/airflow/.local/lib/python3.7/site-packages/airflow/example_dags/example_skip_dag.py
[2022-02-25 00:23:57,636] {processor.py:642} INFO - Processing file /home/airflow/.local/lib/python3.7/site-packages/airflow/example_dags/example_skip_dag.py for tasks to queue
[2022-02-25 00:23:57,637] {logging_mixin.py:109} INFO - [2022-02-25 00:23:57,637] {dagbag.py:500} INFO - Filling up the DagBag from /home/airflow/.local/lib/python3.7/site-packages/airflow/example_dags/example_skip_dag.py
[2022-02-25 00:23:57,666] {processor.py:654} INFO - DAG(s) dict_keys(['example_skip_dag']) retrieved from /home/airflow/.local/lib/python3.7/site-packages/airflow/example_dags/example_skip_dag.py
[2022-02-25 00:23:57,677] {logging_mixin.py:109} INFO - [2022-02-25 00:23:57,677] {dag.py:2396} INFO - Sync 1 DAGs
[2022-02-25 00:23:57,696] {logging_mixin.py:109} INFO - [2022-02-25 00:23:57,696] {dag.py:2935} INFO - Setting next_dagrun for example_skip_dag to 2022-02-24T00:23:57.696249+00:00
[2022-02-25 00:23:57,712] {processor.py:171} INFO - Processing /home/airflow/.local/lib/python3.7/site-packages/airflow/example_dags/example_skip_dag.py took 0.083 seconds
[2022-02-25 00:24:28,020] {processor.py:163} INFO - Started process (PID=18628) to work on /home/airflow/.local/lib/python3.7/site-packages/airflow/example_dags/example_skip_dag.py
[2022-02-25 00:24:28,022] {processor.py:642} INFO - Processing file /home/airflow/.local/lib/python3.7/site-packages/airflow/example_dags/example_skip_dag.py for tasks to queue
[2022-02-25 00:24:28,024] {logging_mixin.py:109} INFO - [2022-02-25 00:24:28,023] {dagbag.py:500} INFO - Filling up the DagBag from /home/airflow/.local/lib/python3.7/site-packages/airflow/example_dags/example_skip_dag.py
[2022-02-25 00:24:28,051] {processor.py:654} INFO - DAG(s) dict_keys(['example_skip_dag']) retrieved from /home/airflow/.local/lib/python3.7/site-packages/airflow/example_dags/example_skip_dag.py
[2022-02-25 00:24:28,062] {logging_mixin.py:109} INFO - [2022-02-25 00:24:28,062] {dag.py:2396} INFO - Sync 1 DAGs
[2022-02-25 00:24:28,078] {logging_mixin.py:109} INFO - [2022-02-25 00:24:28,078] {dag.py:2935} INFO - Setting next_dagrun for example_skip_dag to 2022-02-24T00:24:28.078103+00:00
[2022-02-25 00:24:28,088] {processor.py:171} INFO - Processing /home/airflow/.local/lib/python3.7/site-packages/airflow/example_dags/example_skip_dag.py took 0.071 seconds
[2022-02-25 00:24:58,503] {processor.py:163} INFO - Started process (PID=18681) to work on /home/airflow/.local/lib/python3.7/site-packages/airflow/example_dags/example_skip_dag.py
[2022-02-25 00:24:58,506] {processor.py:642} INFO - Processing file /home/airflow/.local/lib/python3.7/site-packages/airflow/example_dags/example_skip_dag.py for tasks to queue
[2022-02-25 00:24:58,509] {logging_mixin.py:109} INFO - [2022-02-25 00:24:58,509] {dagbag.py:500} INFO - Filling up the DagBag from /home/airflow/.local/lib/python3.7/site-packages/airflow/example_dags/example_skip_dag.py
[2022-02-25 00:24:58,559] {processor.py:654} INFO - DAG(s) dict_keys(['example_skip_dag']) retrieved from /home/airflow/.local/lib/python3.7/site-packages/airflow/example_dags/example_skip_dag.py
[2022-02-25 00:24:58,572] {logging_mixin.py:109} INFO - [2022-02-25 00:24:58,572] {dag.py:2396} INFO - Sync 1 DAGs
[2022-02-25 00:24:58,600] {logging_mixin.py:109} INFO - [2022-02-25 00:24:58,600] {dag.py:2935} INFO - Setting next_dagrun for example_skip_dag to 2022-02-24T00:24:58.600087+00:00
[2022-02-25 00:24:58,611] {processor.py:171} INFO - Processing /home/airflow/.local/lib/python3.7/site-packages/airflow/example_dags/example_skip_dag.py took 0.112 seconds
[2022-02-25 00:25:28,997] {processor.py:163} INFO - Started process (PID=18742) to work on /home/airflow/.local/lib/python3.7/site-packages/airflow/example_dags/example_skip_dag.py
[2022-02-25 00:25:28,999] {processor.py:642} INFO - Processing file /home/airflow/.local/lib/python3.7/site-packages/airflow/example_dags/example_skip_dag.py for tasks to queue
[2022-02-25 00:25:29,000] {logging_mixin.py:109} INFO - [2022-02-25 00:25:29,000] {dagbag.py:500} INFO - Filling up the DagBag from /home/airflow/.local/lib/python3.7/site-packages/airflow/example_dags/example_skip_dag.py
[2022-02-25 00:25:29,029] {processor.py:654} INFO - DAG(s) dict_keys(['example_skip_dag']) retrieved from /home/airflow/.local/lib/python3.7/site-packages/airflow/example_dags/example_skip_dag.py
[2022-02-25 00:25:29,041] {logging_mixin.py:109} INFO - [2022-02-25 00:25:29,041] {dag.py:2396} INFO - Sync 1 DAGs
[2022-02-25 00:25:29,058] {logging_mixin.py:109} INFO - [2022-02-25 00:25:29,057] {dag.py:2935} INFO - Setting next_dagrun for example_skip_dag to 2022-02-24T00:25:29.057646+00:00
[2022-02-25 00:25:29,067] {processor.py:171} INFO - Processing /home/airflow/.local/lib/python3.7/site-packages/airflow/example_dags/example_skip_dag.py took 0.073 seconds
[2022-02-25 00:25:59,389] {processor.py:163} INFO - Started process (PID=18797) to work on /home/airflow/.local/lib/python3.7/site-packages/airflow/example_dags/example_skip_dag.py
[2022-02-25 00:25:59,391] {processor.py:642} INFO - Processing file /home/airflow/.local/lib/python3.7/site-packages/airflow/example_dags/example_skip_dag.py for tasks to queue
[2022-02-25 00:25:59,393] {logging_mixin.py:109} INFO - [2022-02-25 00:25:59,393] {dagbag.py:500} INFO - Filling up the DagBag from /home/airflow/.local/lib/python3.7/site-packages/airflow/example_dags/example_skip_dag.py
[2022-02-25 00:25:59,421] {processor.py:654} INFO - DAG(s) dict_keys(['example_skip_dag']) retrieved from /home/airflow/.local/lib/python3.7/site-packages/airflow/example_dags/example_skip_dag.py
[2022-02-25 00:25:59,432] {logging_mixin.py:109} INFO - [2022-02-25 00:25:59,432] {dag.py:2396} INFO - Sync 1 DAGs
[2022-02-25 00:25:59,449] {logging_mixin.py:109} INFO - [2022-02-25 00:25:59,449] {dag.py:2935} INFO - Setting next_dagrun for example_skip_dag to 2022-02-24T00:25:59.448809+00:00
[2022-02-25 00:25:59,458] {processor.py:171} INFO - Processing /home/airflow/.local/lib/python3.7/site-packages/airflow/example_dags/example_skip_dag.py took 0.073 seconds
[2022-02-25 00:26:29,664] {processor.py:163} INFO - Started process (PID=18857) to work on /home/airflow/.local/lib/python3.7/site-packages/airflow/example_dags/example_skip_dag.py
[2022-02-25 00:26:29,666] {processor.py:642} INFO - Processing file /home/airflow/.local/lib/python3.7/site-packages/airflow/example_dags/example_skip_dag.py for tasks to queue
[2022-02-25 00:26:29,668] {logging_mixin.py:109} INFO - [2022-02-25 00:26:29,668] {dagbag.py:500} INFO - Filling up the DagBag from /home/airflow/.local/lib/python3.7/site-packages/airflow/example_dags/example_skip_dag.py
[2022-02-25 00:26:29,697] {processor.py:654} INFO - DAG(s) dict_keys(['example_skip_dag']) retrieved from /home/airflow/.local/lib/python3.7/site-packages/airflow/example_dags/example_skip_dag.py
[2022-02-25 00:26:29,713] {logging_mixin.py:109} INFO - [2022-02-25 00:26:29,713] {dag.py:2396} INFO - Sync 1 DAGs
[2022-02-25 00:26:29,731] {logging_mixin.py:109} INFO - [2022-02-25 00:26:29,731] {dag.py:2935} INFO - Setting next_dagrun for example_skip_dag to 2022-02-24T00:26:29.730972+00:00
[2022-02-25 00:26:29,741] {processor.py:171} INFO - Processing /home/airflow/.local/lib/python3.7/site-packages/airflow/example_dags/example_skip_dag.py took 0.081 seconds
[2022-02-25 00:27:00,179] {processor.py:163} INFO - Started process (PID=18908) to work on /home/airflow/.local/lib/python3.7/site-packages/airflow/example_dags/example_skip_dag.py
[2022-02-25 00:27:00,181] {processor.py:642} INFO - Processing file /home/airflow/.local/lib/python3.7/site-packages/airflow/example_dags/example_skip_dag.py for tasks to queue
[2022-02-25 00:27:00,183] {logging_mixin.py:109} INFO - [2022-02-25 00:27:00,183] {dagbag.py:500} INFO - Filling up the DagBag from /home/airflow/.local/lib/python3.7/site-packages/airflow/example_dags/example_skip_dag.py
[2022-02-25 00:27:00,211] {processor.py:654} INFO - DAG(s) dict_keys(['example_skip_dag']) retrieved from /home/airflow/.local/lib/python3.7/site-packages/airflow/example_dags/example_skip_dag.py
[2022-02-25 00:27:00,222] {logging_mixin.py:109} INFO - [2022-02-25 00:27:00,222] {dag.py:2396} INFO - Sync 1 DAGs
[2022-02-25 00:27:00,238] {logging_mixin.py:109} INFO - [2022-02-25 00:27:00,238] {dag.py:2935} INFO - Setting next_dagrun for example_skip_dag to 2022-02-24T00:27:00.238485+00:00
[2022-02-25 00:27:00,247] {processor.py:171} INFO - Processing /home/airflow/.local/lib/python3.7/site-packages/airflow/example_dags/example_skip_dag.py took 0.072 seconds
[2022-02-25 00:27:30,525] {processor.py:163} INFO - Started process (PID=18968) to work on /home/airflow/.local/lib/python3.7/site-packages/airflow/example_dags/example_skip_dag.py
[2022-02-25 00:27:30,527] {processor.py:642} INFO - Processing file /home/airflow/.local/lib/python3.7/site-packages/airflow/example_dags/example_skip_dag.py for tasks to queue
[2022-02-25 00:27:30,528] {logging_mixin.py:109} INFO - [2022-02-25 00:27:30,528] {dagbag.py:500} INFO - Filling up the DagBag from /home/airflow/.local/lib/python3.7/site-packages/airflow/example_dags/example_skip_dag.py
[2022-02-25 00:27:30,584] {processor.py:654} INFO - DAG(s) dict_keys(['example_skip_dag']) retrieved from /home/airflow/.local/lib/python3.7/site-packages/airflow/example_dags/example_skip_dag.py
[2022-02-25 00:27:30,606] {logging_mixin.py:109} INFO - [2022-02-25 00:27:30,606] {dag.py:2396} INFO - Sync 1 DAGs
[2022-02-25 00:27:30,639] {logging_mixin.py:109} INFO - [2022-02-25 00:27:30,638] {dag.py:2935} INFO - Setting next_dagrun for example_skip_dag to 2022-02-24T00:27:30.638451+00:00
[2022-02-25 00:27:30,660] {processor.py:171} INFO - Processing /home/airflow/.local/lib/python3.7/site-packages/airflow/example_dags/example_skip_dag.py took 0.139 seconds
[2022-02-25 00:28:00,982] {processor.py:163} INFO - Started process (PID=19021) to work on /home/airflow/.local/lib/python3.7/site-packages/airflow/example_dags/example_skip_dag.py
[2022-02-25 00:28:00,984] {processor.py:642} INFO - Processing file /home/airflow/.local/lib/python3.7/site-packages/airflow/example_dags/example_skip_dag.py for tasks to queue
[2022-02-25 00:28:00,985] {logging_mixin.py:109} INFO - [2022-02-25 00:28:00,984] {dagbag.py:500} INFO - Filling up the DagBag from /home/airflow/.local/lib/python3.7/site-packages/airflow/example_dags/example_skip_dag.py
[2022-02-25 00:28:01,011] {processor.py:654} INFO - DAG(s) dict_keys(['example_skip_dag']) retrieved from /home/airflow/.local/lib/python3.7/site-packages/airflow/example_dags/example_skip_dag.py
[2022-02-25 00:28:01,022] {logging_mixin.py:109} INFO - [2022-02-25 00:28:01,022] {dag.py:2396} INFO - Sync 1 DAGs
[2022-02-25 00:28:01,038] {logging_mixin.py:109} INFO - [2022-02-25 00:28:01,038] {dag.py:2935} INFO - Setting next_dagrun for example_skip_dag to 2022-02-24T00:28:01.038486+00:00
[2022-02-25 00:28:01,047] {processor.py:171} INFO - Processing /home/airflow/.local/lib/python3.7/site-packages/airflow/example_dags/example_skip_dag.py took 0.069 seconds
[2022-02-25 00:28:31,300] {processor.py:163} INFO - Started process (PID=19072) to work on /home/airflow/.local/lib/python3.7/site-packages/airflow/example_dags/example_skip_dag.py
[2022-02-25 00:28:31,302] {processor.py:642} INFO - Processing file /home/airflow/.local/lib/python3.7/site-packages/airflow/example_dags/example_skip_dag.py for tasks to queue
[2022-02-25 00:28:31,303] {logging_mixin.py:109} INFO - [2022-02-25 00:28:31,303] {dagbag.py:500} INFO - Filling up the DagBag from /home/airflow/.local/lib/python3.7/site-packages/airflow/example_dags/example_skip_dag.py
[2022-02-25 00:28:31,331] {processor.py:654} INFO - DAG(s) dict_keys(['example_skip_dag']) retrieved from /home/airflow/.local/lib/python3.7/site-packages/airflow/example_dags/example_skip_dag.py
[2022-02-25 00:28:31,341] {logging_mixin.py:109} INFO - [2022-02-25 00:28:31,341] {dag.py:2396} INFO - Sync 1 DAGs
[2022-02-25 00:28:31,357] {logging_mixin.py:109} INFO - [2022-02-25 00:28:31,357] {dag.py:2935} INFO - Setting next_dagrun for example_skip_dag to 2022-02-24T00:28:31.357505+00:00
[2022-02-25 00:28:31,367] {processor.py:171} INFO - Processing /home/airflow/.local/lib/python3.7/site-packages/airflow/example_dags/example_skip_dag.py took 0.072 seconds
[2022-02-25 00:29:02,257] {processor.py:163} INFO - Started process (PID=19134) to work on /home/airflow/.local/lib/python3.7/site-packages/airflow/example_dags/example_skip_dag.py
[2022-02-25 00:29:02,259] {processor.py:642} INFO - Processing file /home/airflow/.local/lib/python3.7/site-packages/airflow/example_dags/example_skip_dag.py for tasks to queue
[2022-02-25 00:29:02,260] {logging_mixin.py:109} INFO - [2022-02-25 00:29:02,260] {dagbag.py:500} INFO - Filling up the DagBag from /home/airflow/.local/lib/python3.7/site-packages/airflow/example_dags/example_skip_dag.py
[2022-02-25 00:29:02,288] {processor.py:654} INFO - DAG(s) dict_keys(['example_skip_dag']) retrieved from /home/airflow/.local/lib/python3.7/site-packages/airflow/example_dags/example_skip_dag.py
[2022-02-25 00:29:02,299] {logging_mixin.py:109} INFO - [2022-02-25 00:29:02,299] {dag.py:2396} INFO - Sync 1 DAGs
[2022-02-25 00:29:02,315] {logging_mixin.py:109} INFO - [2022-02-25 00:29:02,315] {dag.py:2935} INFO - Setting next_dagrun for example_skip_dag to 2022-02-24T00:29:02.315137+00:00
[2022-02-25 00:29:02,326] {processor.py:171} INFO - Processing /home/airflow/.local/lib/python3.7/site-packages/airflow/example_dags/example_skip_dag.py took 0.073 seconds
[2022-02-25 00:29:32,634] {processor.py:163} INFO - Started process (PID=19185) to work on /home/airflow/.local/lib/python3.7/site-packages/airflow/example_dags/example_skip_dag.py
[2022-02-25 00:29:32,637] {processor.py:642} INFO - Processing file /home/airflow/.local/lib/python3.7/site-packages/airflow/example_dags/example_skip_dag.py for tasks to queue
[2022-02-25 00:29:32,638] {logging_mixin.py:109} INFO - [2022-02-25 00:29:32,638] {dagbag.py:500} INFO - Filling up the DagBag from /home/airflow/.local/lib/python3.7/site-packages/airflow/example_dags/example_skip_dag.py
[2022-02-25 00:29:32,671] {processor.py:654} INFO - DAG(s) dict_keys(['example_skip_dag']) retrieved from /home/airflow/.local/lib/python3.7/site-packages/airflow/example_dags/example_skip_dag.py
[2022-02-25 00:29:32,686] {logging_mixin.py:109} INFO - [2022-02-25 00:29:32,686] {dag.py:2396} INFO - Sync 1 DAGs
[2022-02-25 00:29:32,706] {logging_mixin.py:109} INFO - [2022-02-25 00:29:32,706] {dag.py:2935} INFO - Setting next_dagrun for example_skip_dag to 2022-02-24T00:29:32.705750+00:00
[2022-02-25 00:29:32,715] {processor.py:171} INFO - Processing /home/airflow/.local/lib/python3.7/site-packages/airflow/example_dags/example_skip_dag.py took 0.084 seconds
[2022-02-25 00:30:03,686] {processor.py:163} INFO - Started process (PID=19245) to work on /home/airflow/.local/lib/python3.7/site-packages/airflow/example_dags/example_skip_dag.py
[2022-02-25 00:30:03,688] {processor.py:642} INFO - Processing file /home/airflow/.local/lib/python3.7/site-packages/airflow/example_dags/example_skip_dag.py for tasks to queue
[2022-02-25 00:30:03,689] {logging_mixin.py:109} INFO - [2022-02-25 00:30:03,689] {dagbag.py:500} INFO - Filling up the DagBag from /home/airflow/.local/lib/python3.7/site-packages/airflow/example_dags/example_skip_dag.py
[2022-02-25 00:30:03,717] {processor.py:654} INFO - DAG(s) dict_keys(['example_skip_dag']) retrieved from /home/airflow/.local/lib/python3.7/site-packages/airflow/example_dags/example_skip_dag.py
[2022-02-25 00:30:03,727] {logging_mixin.py:109} INFO - [2022-02-25 00:30:03,727] {dag.py:2396} INFO - Sync 1 DAGs
[2022-02-25 00:30:03,743] {logging_mixin.py:109} INFO - [2022-02-25 00:30:03,743] {dag.py:2935} INFO - Setting next_dagrun for example_skip_dag to 2022-02-24T00:30:03.743344+00:00
[2022-02-25 00:30:03,753] {processor.py:171} INFO - Processing /home/airflow/.local/lib/python3.7/site-packages/airflow/example_dags/example_skip_dag.py took 0.071 seconds
[2022-02-25 00:30:34,253] {processor.py:163} INFO - Started process (PID=19296) to work on /home/airflow/.local/lib/python3.7/site-packages/airflow/example_dags/example_skip_dag.py
[2022-02-25 00:30:34,254] {processor.py:642} INFO - Processing file /home/airflow/.local/lib/python3.7/site-packages/airflow/example_dags/example_skip_dag.py for tasks to queue
[2022-02-25 00:30:34,256] {logging_mixin.py:109} INFO - [2022-02-25 00:30:34,256] {dagbag.py:500} INFO - Filling up the DagBag from /home/airflow/.local/lib/python3.7/site-packages/airflow/example_dags/example_skip_dag.py
[2022-02-25 00:30:34,289] {processor.py:654} INFO - DAG(s) dict_keys(['example_skip_dag']) retrieved from /home/airflow/.local/lib/python3.7/site-packages/airflow/example_dags/example_skip_dag.py
[2022-02-25 00:30:34,302] {logging_mixin.py:109} INFO - [2022-02-25 00:30:34,302] {dag.py:2396} INFO - Sync 1 DAGs
[2022-02-25 00:30:34,322] {logging_mixin.py:109} INFO - [2022-02-25 00:30:34,322] {dag.py:2935} INFO - Setting next_dagrun for example_skip_dag to 2022-02-24T00:30:34.321702+00:00
[2022-02-25 00:30:34,340] {processor.py:171} INFO - Processing /home/airflow/.local/lib/python3.7/site-packages/airflow/example_dags/example_skip_dag.py took 0.091 seconds
[2022-02-25 00:31:04,652] {processor.py:163} INFO - Started process (PID=19357) to work on /home/airflow/.local/lib/python3.7/site-packages/airflow/example_dags/example_skip_dag.py
[2022-02-25 00:31:04,654] {processor.py:642} INFO - Processing file /home/airflow/.local/lib/python3.7/site-packages/airflow/example_dags/example_skip_dag.py for tasks to queue
[2022-02-25 00:31:04,655] {logging_mixin.py:109} INFO - [2022-02-25 00:31:04,655] {dagbag.py:500} INFO - Filling up the DagBag from /home/airflow/.local/lib/python3.7/site-packages/airflow/example_dags/example_skip_dag.py
[2022-02-25 00:31:04,683] {processor.py:654} INFO - DAG(s) dict_keys(['example_skip_dag']) retrieved from /home/airflow/.local/lib/python3.7/site-packages/airflow/example_dags/example_skip_dag.py
[2022-02-25 00:31:04,694] {logging_mixin.py:109} INFO - [2022-02-25 00:31:04,694] {dag.py:2396} INFO - Sync 1 DAGs
[2022-02-25 00:31:04,712] {logging_mixin.py:109} INFO - [2022-02-25 00:31:04,711] {dag.py:2935} INFO - Setting next_dagrun for example_skip_dag to 2022-02-24T00:31:04.711681+00:00
[2022-02-25 00:31:04,722] {processor.py:171} INFO - Processing /home/airflow/.local/lib/python3.7/site-packages/airflow/example_dags/example_skip_dag.py took 0.073 seconds
[2022-02-25 00:31:35,697] {processor.py:163} INFO - Started process (PID=19410) to work on /home/airflow/.local/lib/python3.7/site-packages/airflow/example_dags/example_skip_dag.py
[2022-02-25 00:31:35,699] {processor.py:642} INFO - Processing file /home/airflow/.local/lib/python3.7/site-packages/airflow/example_dags/example_skip_dag.py for tasks to queue
[2022-02-25 00:31:35,700] {logging_mixin.py:109} INFO - [2022-02-25 00:31:35,700] {dagbag.py:500} INFO - Filling up the DagBag from /home/airflow/.local/lib/python3.7/site-packages/airflow/example_dags/example_skip_dag.py
[2022-02-25 00:31:35,727] {processor.py:654} INFO - DAG(s) dict_keys(['example_skip_dag']) retrieved from /home/airflow/.local/lib/python3.7/site-packages/airflow/example_dags/example_skip_dag.py
[2022-02-25 00:31:35,710] {logging_mixin.py:109} INFO - [2022-02-25 00:31:35,710] {dag.py:2396} INFO - Sync 1 DAGs
[2022-02-25 00:31:35,726] {logging_mixin.py:109} INFO - [2022-02-25 00:31:35,726] {dag.py:2935} INFO - Setting next_dagrun for example_skip_dag to 2022-02-24T00:31:35.725970+00:00
[2022-02-25 00:31:35,735] {processor.py:171} INFO - Processing /home/airflow/.local/lib/python3.7/site-packages/airflow/example_dags/example_skip_dag.py took 0.071 seconds
[2022-02-25 00:32:06,125] {processor.py:163} INFO - Started process (PID=19470) to work on /home/airflow/.local/lib/python3.7/site-packages/airflow/example_dags/example_skip_dag.py
[2022-02-25 00:32:06,128] {processor.py:642} INFO - Processing file /home/airflow/.local/lib/python3.7/site-packages/airflow/example_dags/example_skip_dag.py for tasks to queue
[2022-02-25 00:32:06,129] {logging_mixin.py:109} INFO - [2022-02-25 00:32:06,129] {dagbag.py:500} INFO - Filling up the DagBag from /home/airflow/.local/lib/python3.7/site-packages/airflow/example_dags/example_skip_dag.py
[2022-02-25 00:32:06,158] {processor.py:654} INFO - DAG(s) dict_keys(['example_skip_dag']) retrieved from /home/airflow/.local/lib/python3.7/site-packages/airflow/example_dags/example_skip_dag.py
[2022-02-25 00:32:06,170] {logging_mixin.py:109} INFO - [2022-02-25 00:32:06,170] {dag.py:2396} INFO - Sync 1 DAGs
[2022-02-25 00:32:06,187] {logging_mixin.py:109} INFO - [2022-02-25 00:32:06,187] {dag.py:2935} INFO - Setting next_dagrun for example_skip_dag to 2022-02-24T00:32:06.187088+00:00
[2022-02-25 00:32:06,197] {processor.py:171} INFO - Processing /home/airflow/.local/lib/python3.7/site-packages/airflow/example_dags/example_skip_dag.py took 0.076 seconds
[2022-02-25 00:32:36,476] {processor.py:163} INFO - Started process (PID=19522) to work on /home/airflow/.local/lib/python3.7/site-packages/airflow/example_dags/example_skip_dag.py
[2022-02-25 00:32:36,478] {processor.py:642} INFO - Processing file /home/airflow/.local/lib/python3.7/site-packages/airflow/example_dags/example_skip_dag.py for tasks to queue
[2022-02-25 00:32:36,479] {logging_mixin.py:109} INFO - [2022-02-25 00:32:36,479] {dagbag.py:500} INFO - Filling up the DagBag from /home/airflow/.local/lib/python3.7/site-packages/airflow/example_dags/example_skip_dag.py
[2022-02-25 00:32:36,508] {processor.py:654} INFO - DAG(s) dict_keys(['example_skip_dag']) retrieved from /home/airflow/.local/lib/python3.7/site-packages/airflow/example_dags/example_skip_dag.py
[2022-02-25 00:32:36,521] {logging_mixin.py:109} INFO - [2022-02-25 00:32:36,521] {dag.py:2396} INFO - Sync 1 DAGs
[2022-02-25 00:32:36,541] {logging_mixin.py:109} INFO - [2022-02-25 00:32:36,541] {dag.py:2935} INFO - Setting next_dagrun for example_skip_dag to 2022-02-24T00:32:36.541113+00:00
[2022-02-25 00:32:36,550] {processor.py:171} INFO - Processing /home/airflow/.local/lib/python3.7/site-packages/airflow/example_dags/example_skip_dag.py took 0.078 seconds
[2022-02-25 00:33:07,480] {processor.py:163} INFO - Started process (PID=19582) to work on /home/airflow/.local/lib/python3.7/site-packages/airflow/example_dags/example_skip_dag.py
[2022-02-25 00:33:07,482] {processor.py:642} INFO - Processing file /home/airflow/.local/lib/python3.7/site-packages/airflow/example_dags/example_skip_dag.py for tasks to queue
[2022-02-25 00:33:07,483] {logging_mixin.py:109} INFO - [2022-02-25 00:33:07,483] {dagbag.py:500} INFO - Filling up the DagBag from /home/airflow/.local/lib/python3.7/site-packages/airflow/example_dags/example_skip_dag.py
[2022-02-25 00:33:07,513] {processor.py:654} INFO - DAG(s) dict_keys(['example_skip_dag']) retrieved from /home/airflow/.local/lib/python3.7/site-packages/airflow/example_dags/example_skip_dag.py
[2022-02-25 00:33:07,525] {logging_mixin.py:109} INFO - [2022-02-25 00:33:07,525] {dag.py:2396} INFO - Sync 1 DAGs
[2022-02-25 00:33:07,541] {logging_mixin.py:109} INFO - [2022-02-25 00:33:07,541] {dag.py:2935} INFO - Setting next_dagrun for example_skip_dag to 2022-02-24T00:33:07.541323+00:00
[2022-02-25 00:33:07,551] {processor.py:171} INFO - Processing /home/airflow/.local/lib/python3.7/site-packages/airflow/example_dags/example_skip_dag.py took 0.075 seconds
[2022-02-25 00:33:37,843] {processor.py:163} INFO - Started process (PID=19635) to work on /home/airflow/.local/lib/python3.7/site-packages/airflow/example_dags/example_skip_dag.py
[2022-02-25 00:33:37,845] {processor.py:642} INFO - Processing file /home/airflow/.local/lib/python3.7/site-packages/airflow/example_dags/example_skip_dag.py for tasks to queue
[2022-02-25 00:33:37,847] {logging_mixin.py:109} INFO - [2022-02-25 00:33:37,846] {dagbag.py:500} INFO - Filling up the DagBag from /home/airflow/.local/lib/python3.7/site-packages/airflow/example_dags/example_skip_dag.py
[2022-02-25 00:33:37,879] {processor.py:654} INFO - DAG(s) dict_keys(['example_skip_dag']) retrieved from /home/airflow/.local/lib/python3.7/site-packages/airflow/example_dags/example_skip_dag.py
[2022-02-25 00:33:37,892] {logging_mixin.py:109} INFO - [2022-02-25 00:33:37,892] {dag.py:2396} INFO - Sync 1 DAGs
[2022-02-25 00:33:37,911] {logging_mixin.py:109} INFO - [2022-02-25 00:33:37,911] {dag.py:2935} INFO - Setting next_dagrun for example_skip_dag to 2022-02-24T00:33:37.910730+00:00
[2022-02-25 00:33:37,923] {processor.py:171} INFO - Processing /home/airflow/.local/lib/python3.7/site-packages/airflow/example_dags/example_skip_dag.py took 0.084 seconds
[2022-02-25 00:34:08,083] {processor.py:163} INFO - Started process (PID=19696) to work on /home/airflow/.local/lib/python3.7/site-packages/airflow/example_dags/example_skip_dag.py
[2022-02-25 00:34:08,084] {processor.py:642} INFO - Processing file /home/airflow/.local/lib/python3.7/site-packages/airflow/example_dags/example_skip_dag.py for tasks to queue
[2022-02-25 00:34:08,086] {logging_mixin.py:109} INFO - [2022-02-25 00:34:08,085] {dagbag.py:500} INFO - Filling up the DagBag from /home/airflow/.local/lib/python3.7/site-packages/airflow/example_dags/example_skip_dag.py
[2022-02-25 00:34:08,114] {processor.py:654} INFO - DAG(s) dict_keys(['example_skip_dag']) retrieved from /home/airflow/.local/lib/python3.7/site-packages/airflow/example_dags/example_skip_dag.py
[2022-02-25 00:34:08,124] {logging_mixin.py:109} INFO - [2022-02-25 00:34:08,124] {dag.py:2396} INFO - Sync 1 DAGs
[2022-02-25 00:34:08,141] {logging_mixin.py:109} INFO - [2022-02-25 00:34:08,140] {dag.py:2935} INFO - Setting next_dagrun for example_skip_dag to 2022-02-24T00:34:08.140720+00:00
[2022-02-25 00:34:08,150] {processor.py:171} INFO - Processing /home/airflow/.local/lib/python3.7/site-packages/airflow/example_dags/example_skip_dag.py took 0.071 seconds
[2022-02-25 00:34:38,438] {processor.py:163} INFO - Started process (PID=19747) to work on /home/airflow/.local/lib/python3.7/site-packages/airflow/example_dags/example_skip_dag.py
[2022-02-25 00:34:38,440] {processor.py:642} INFO - Processing file /home/airflow/.local/lib/python3.7/site-packages/airflow/example_dags/example_skip_dag.py for tasks to queue
[2022-02-25 00:34:38,441] {logging_mixin.py:109} INFO - [2022-02-25 00:34:38,441] {dagbag.py:500} INFO - Filling up the DagBag from /home/airflow/.local/lib/python3.7/site-packages/airflow/example_dags/example_skip_dag.py
[2022-02-25 00:34:38,476] {processor.py:654} INFO - DAG(s) dict_keys(['example_skip_dag']) retrieved from /home/airflow/.local/lib/python3.7/site-packages/airflow/example_dags/example_skip_dag.py
[2022-02-25 00:34:38,488] {logging_mixin.py:109} INFO - [2022-02-25 00:34:38,488] {dag.py:2396} INFO - Sync 1 DAGs
[2022-02-25 00:34:38,506] {logging_mixin.py:109} INFO - [2022-02-25 00:34:38,506] {dag.py:2935} INFO - Setting next_dagrun for example_skip_dag to 2022-02-24T00:34:38.506198+00:00
[2022-02-25 00:34:38,516] {processor.py:171} INFO - Processing /home/airflow/.local/lib/python3.7/site-packages/airflow/example_dags/example_skip_dag.py took 0.082 seconds
[2022-02-25 00:35:08,982] {processor.py:163} INFO - Started process (PID=19809) to work on /home/airflow/.local/lib/python3.7/site-packages/airflow/example_dags/example_skip_dag.py
[2022-02-25 00:35:08,984] {processor.py:642} INFO - Processing file /home/airflow/.local/lib/python3.7/site-packages/airflow/example_dags/example_skip_dag.py for tasks to queue
[2022-02-25 00:35:08,987] {logging_mixin.py:109} INFO - [2022-02-25 00:35:08,986] {dagbag.py:500} INFO - Filling up the DagBag from /home/airflow/.local/lib/python3.7/site-packages/airflow/example_dags/example_skip_dag.py
[2022-02-25 00:35:09,020] {processor.py:654} INFO - DAG(s) dict_keys(['example_skip_dag']) retrieved from /home/airflow/.local/lib/python3.7/site-packages/airflow/example_dags/example_skip_dag.py
[2022-02-25 00:35:09,035] {logging_mixin.py:109} INFO - [2022-02-25 00:35:09,034] {dag.py:2396} INFO - Sync 1 DAGs
[2022-02-25 00:35:09,066] {logging_mixin.py:109} INFO - [2022-02-25 00:35:09,066] {dag.py:2935} INFO - Setting next_dagrun for example_skip_dag to 2022-02-24T00:35:09.066149+00:00
[2022-02-25 00:35:09,076] {processor.py:171} INFO - Processing /home/airflow/.local/lib/python3.7/site-packages/airflow/example_dags/example_skip_dag.py took 0.097 seconds
[2022-02-25 00:35:39,268] {processor.py:163} INFO - Started process (PID=19861) to work on /home/airflow/.local/lib/python3.7/site-packages/airflow/example_dags/example_skip_dag.py
[2022-02-25 00:35:39,270] {processor.py:642} INFO - Processing file /home/airflow/.local/lib/python3.7/site-packages/airflow/example_dags/example_skip_dag.py for tasks to queue
[2022-02-25 00:35:39,271] {logging_mixin.py:109} INFO - [2022-02-25 00:35:39,271] {dagbag.py:500} INFO - Filling up the DagBag from /home/airflow/.local/lib/python3.7/site-packages/airflow/example_dags/example_skip_dag.py
[2022-02-25 00:35:39,299] {processor.py:654} INFO - DAG(s) dict_keys(['example_skip_dag']) retrieved from /home/airflow/.local/lib/python3.7/site-packages/airflow/example_dags/example_skip_dag.py
[2022-02-25 00:35:39,310] {logging_mixin.py:109} INFO - [2022-02-25 00:35:39,310] {dag.py:2396} INFO - Sync 1 DAGs
[2022-02-25 00:35:39,326] {logging_mixin.py:109} INFO - [2022-02-25 00:35:39,326] {dag.py:2935} INFO - Setting next_dagrun for example_skip_dag to 2022-02-24T00:35:39.326302+00:00
[2022-02-25 00:35:39,337] {processor.py:171} INFO - Processing /home/airflow/.local/lib/python3.7/site-packages/airflow/example_dags/example_skip_dag.py took 0.073 seconds
[2022-02-25 00:36:09,715] {processor.py:163} INFO - Started process (PID=19921) to work on /home/airflow/.local/lib/python3.7/site-packages/airflow/example_dags/example_skip_dag.py
[2022-02-25 00:36:09,717] {processor.py:642} INFO - Processing file /home/airflow/.local/lib/python3.7/site-packages/airflow/example_dags/example_skip_dag.py for tasks to queue
[2022-02-25 00:36:09,718] {logging_mixin.py:109} INFO - [2022-02-25 00:36:09,718] {dagbag.py:500} INFO - Filling up the DagBag from /home/airflow/.local/lib/python3.7/site-packages/airflow/example_dags/example_skip_dag.py
[2022-02-25 00:36:09,755] {processor.py:654} INFO - DAG(s) dict_keys(['example_skip_dag']) retrieved from /home/airflow/.local/lib/python3.7/site-packages/airflow/example_dags/example_skip_dag.py
[2022-02-25 00:36:09,770] {logging_mixin.py:109} INFO - [2022-02-25 00:36:09,770] {dag.py:2396} INFO - Sync 1 DAGs
[2022-02-25 00:36:09,790] {logging_mixin.py:109} INFO - [2022-02-25 00:36:09,790] {dag.py:2935} INFO - Setting next_dagrun for example_skip_dag to 2022-02-24T00:36:09.790282+00:00
[2022-02-25 00:36:09,802] {processor.py:171} INFO - Processing /home/airflow/.local/lib/python3.7/site-packages/airflow/example_dags/example_skip_dag.py took 0.090 seconds
[2022-02-25 00:36:40,240] {processor.py:163} INFO - Started process (PID=19972) to work on /home/airflow/.local/lib/python3.7/site-packages/airflow/example_dags/example_skip_dag.py
[2022-02-25 00:36:40,242] {processor.py:642} INFO - Processing file /home/airflow/.local/lib/python3.7/site-packages/airflow/example_dags/example_skip_dag.py for tasks to queue
[2022-02-25 00:36:40,243] {logging_mixin.py:109} INFO - [2022-02-25 00:36:40,243] {dagbag.py:500} INFO - Filling up the DagBag from /home/airflow/.local/lib/python3.7/site-packages/airflow/example_dags/example_skip_dag.py
[2022-02-25 00:36:40,273] {processor.py:654} INFO - DAG(s) dict_keys(['example_skip_dag']) retrieved from /home/airflow/.local/lib/python3.7/site-packages/airflow/example_dags/example_skip_dag.py
[2022-02-25 00:36:40,287] {logging_mixin.py:109} INFO - [2022-02-25 00:36:40,287] {dag.py:2396} INFO - Sync 1 DAGs
[2022-02-25 00:36:40,304] {logging_mixin.py:109} INFO - [2022-02-25 00:36:40,304] {dag.py:2935} INFO - Setting next_dagrun for example_skip_dag to 2022-02-24T00:36:40.304487+00:00
[2022-02-25 00:36:40,315] {processor.py:171} INFO - Processing /home/airflow/.local/lib/python3.7/site-packages/airflow/example_dags/example_skip_dag.py took 0.079 seconds
[2022-02-25 00:37:10,611] {processor.py:163} INFO - Started process (PID=20024) to work on /home/airflow/.local/lib/python3.7/site-packages/airflow/example_dags/example_skip_dag.py
[2022-02-25 00:37:10,612] {processor.py:642} INFO - Processing file /home/airflow/.local/lib/python3.7/site-packages/airflow/example_dags/example_skip_dag.py for tasks to queue
[2022-02-25 00:37:10,613] {logging_mixin.py:109} INFO - [2022-02-25 00:37:10,613] {dagbag.py:500} INFO - Filling up the DagBag from /home/airflow/.local/lib/python3.7/site-packages/airflow/example_dags/example_skip_dag.py
[2022-02-25 00:37:10,641] {processor.py:654} INFO - DAG(s) dict_keys(['example_skip_dag']) retrieved from /home/airflow/.local/lib/python3.7/site-packages/airflow/example_dags/example_skip_dag.py
[2022-02-25 00:37:10,653] {logging_mixin.py:109} INFO - [2022-02-25 00:37:10,653] {dag.py:2396} INFO - Sync 1 DAGs
[2022-02-25 00:37:10,669] {logging_mixin.py:109} INFO - [2022-02-25 00:37:10,668] {dag.py:2935} INFO - Setting next_dagrun for example_skip_dag to 2022-02-24T00:37:10.668628+00:00
[2022-02-25 00:37:10,678] {processor.py:171} INFO - Processing /home/airflow/.local/lib/python3.7/site-packages/airflow/example_dags/example_skip_dag.py took 0.071 seconds
[2022-02-25 00:37:40,942] {processor.py:163} INFO - Started process (PID=20086) to work on /home/airflow/.local/lib/python3.7/site-packages/airflow/example_dags/example_skip_dag.py
[2022-02-25 00:37:40,944] {processor.py:642} INFO - Processing file /home/airflow/.local/lib/python3.7/site-packages/airflow/example_dags/example_skip_dag.py for tasks to queue
[2022-02-25 00:37:40,946] {logging_mixin.py:109} INFO - [2022-02-25 00:37:40,946] {dagbag.py:500} INFO - Filling up the DagBag from /home/airflow/.local/lib/python3.7/site-packages/airflow/example_dags/example_skip_dag.py
[2022-02-25 00:37:40,983] {processor.py:654} INFO - DAG(s) dict_keys(['example_skip_dag']) retrieved from /home/airflow/.local/lib/python3.7/site-packages/airflow/example_dags/example_skip_dag.py
[2022-02-25 00:37:40,995] {logging_mixin.py:109} INFO - [2022-02-25 00:37:40,995] {dag.py:2396} INFO - Sync 1 DAGs
[2022-02-25 00:37:41,012] {logging_mixin.py:109} INFO - [2022-02-25 00:37:41,012] {dag.py:2935} INFO - Setting next_dagrun for example_skip_dag to 2022-02-24T00:37:41.012172+00:00
[2022-02-25 00:37:41,021] {processor.py:171} INFO - Processing /home/airflow/.local/lib/python3.7/site-packages/airflow/example_dags/example_skip_dag.py took 0.083 seconds
