[2022-02-25 00:00:27,944] {processor.py:163} INFO - Started process (PID=15949) to work on /home/airflow/.local/lib/python3.7/site-packages/airflow/example_dags/example_branch_day_of_week_operator.py
[2022-02-25 00:00:27,946] {processor.py:642} INFO - Processing file /home/airflow/.local/lib/python3.7/site-packages/airflow/example_dags/example_branch_day_of_week_operator.py for tasks to queue
[2022-02-25 00:00:27,947] {logging_mixin.py:109} INFO - [2022-02-25 00:00:27,947] {dagbag.py:500} INFO - Filling up the DagBag from /home/airflow/.local/lib/python3.7/site-packages/airflow/example_dags/example_branch_day_of_week_operator.py
[2022-02-25 00:00:27,978] {processor.py:654} INFO - DAG(s) dict_keys(['example_weekday_branch_operator']) retrieved from /home/airflow/.local/lib/python3.7/site-packages/airflow/example_dags/example_branch_day_of_week_operator.py
[2022-02-25 00:00:27,988] {logging_mixin.py:109} INFO - [2022-02-25 00:00:27,988] {dag.py:2396} INFO - Sync 1 DAGs
[2022-02-25 00:00:28,005] {logging_mixin.py:109} INFO - [2022-02-25 00:00:28,005] {dag.py:2935} INFO - Setting next_dagrun for example_weekday_branch_operator to 2022-02-24 00:00:00+00:00
[2022-02-25 00:00:28,014] {processor.py:171} INFO - Processing /home/airflow/.local/lib/python3.7/site-packages/airflow/example_dags/example_branch_day_of_week_operator.py took 0.074 seconds
[2022-02-25 00:00:58,493] {processor.py:163} INFO - Started process (PID=16009) to work on /home/airflow/.local/lib/python3.7/site-packages/airflow/example_dags/example_branch_day_of_week_operator.py
[2022-02-25 00:00:58,494] {processor.py:642} INFO - Processing file /home/airflow/.local/lib/python3.7/site-packages/airflow/example_dags/example_branch_day_of_week_operator.py for tasks to queue
[2022-02-25 00:00:58,495] {logging_mixin.py:109} INFO - [2022-02-25 00:00:58,495] {dagbag.py:500} INFO - Filling up the DagBag from /home/airflow/.local/lib/python3.7/site-packages/airflow/example_dags/example_branch_day_of_week_operator.py
[2022-02-25 00:00:58,524] {processor.py:654} INFO - DAG(s) dict_keys(['example_weekday_branch_operator']) retrieved from /home/airflow/.local/lib/python3.7/site-packages/airflow/example_dags/example_branch_day_of_week_operator.py
[2022-02-25 00:00:58,534] {logging_mixin.py:109} INFO - [2022-02-25 00:00:58,534] {dag.py:2396} INFO - Sync 1 DAGs
[2022-02-25 00:00:58,551] {logging_mixin.py:109} INFO - [2022-02-25 00:00:58,551] {dag.py:2935} INFO - Setting next_dagrun for example_weekday_branch_operator to 2022-02-24 00:00:00+00:00
[2022-02-25 00:00:58,560] {processor.py:171} INFO - Processing /home/airflow/.local/lib/python3.7/site-packages/airflow/example_dags/example_branch_day_of_week_operator.py took 0.071 seconds
[2022-02-25 00:01:28,923] {processor.py:163} INFO - Started process (PID=16061) to work on /home/airflow/.local/lib/python3.7/site-packages/airflow/example_dags/example_branch_day_of_week_operator.py
[2022-02-25 00:01:28,925] {processor.py:642} INFO - Processing file /home/airflow/.local/lib/python3.7/site-packages/airflow/example_dags/example_branch_day_of_week_operator.py for tasks to queue
[2022-02-25 00:01:28,926] {logging_mixin.py:109} INFO - [2022-02-25 00:01:28,926] {dagbag.py:500} INFO - Filling up the DagBag from /home/airflow/.local/lib/python3.7/site-packages/airflow/example_dags/example_branch_day_of_week_operator.py
[2022-02-25 00:01:28,959] {processor.py:654} INFO - DAG(s) dict_keys(['example_weekday_branch_operator']) retrieved from /home/airflow/.local/lib/python3.7/site-packages/airflow/example_dags/example_branch_day_of_week_operator.py
[2022-02-25 00:01:28,969] {logging_mixin.py:109} INFO - [2022-02-25 00:01:28,969] {dag.py:2396} INFO - Sync 1 DAGs
[2022-02-25 00:01:28,987] {logging_mixin.py:109} INFO - [2022-02-25 00:01:28,986] {dag.py:2935} INFO - Setting next_dagrun for example_weekday_branch_operator to 2022-02-24 00:00:00+00:00
[2022-02-25 00:01:28,995] {processor.py:171} INFO - Processing /home/airflow/.local/lib/python3.7/site-packages/airflow/example_dags/example_branch_day_of_week_operator.py took 0.078 seconds
[2022-02-25 00:01:59,362] {processor.py:163} INFO - Started process (PID=16121) to work on /home/airflow/.local/lib/python3.7/site-packages/airflow/example_dags/example_branch_day_of_week_operator.py
[2022-02-25 00:01:59,364] {processor.py:642} INFO - Processing file /home/airflow/.local/lib/python3.7/site-packages/airflow/example_dags/example_branch_day_of_week_operator.py for tasks to queue
[2022-02-25 00:01:59,365] {logging_mixin.py:109} INFO - [2022-02-25 00:01:59,365] {dagbag.py:500} INFO - Filling up the DagBag from /home/airflow/.local/lib/python3.7/site-packages/airflow/example_dags/example_branch_day_of_week_operator.py
[2022-02-25 00:01:59,392] {processor.py:654} INFO - DAG(s) dict_keys(['example_weekday_branch_operator']) retrieved from /home/airflow/.local/lib/python3.7/site-packages/airflow/example_dags/example_branch_day_of_week_operator.py
[2022-02-25 00:01:59,403] {logging_mixin.py:109} INFO - [2022-02-25 00:01:59,403] {dag.py:2396} INFO - Sync 1 DAGs
[2022-02-25 00:01:59,420] {logging_mixin.py:109} INFO - [2022-02-25 00:01:59,420] {dag.py:2935} INFO - Setting next_dagrun for example_weekday_branch_operator to 2022-02-24 00:00:00+00:00
[2022-02-25 00:01:59,428] {processor.py:171} INFO - Processing /home/airflow/.local/lib/python3.7/site-packages/airflow/example_dags/example_branch_day_of_week_operator.py took 0.069 seconds
[2022-02-25 00:02:29,753] {processor.py:163} INFO - Started process (PID=16173) to work on /home/airflow/.local/lib/python3.7/site-packages/airflow/example_dags/example_branch_day_of_week_operator.py
[2022-02-25 00:02:29,755] {processor.py:642} INFO - Processing file /home/airflow/.local/lib/python3.7/site-packages/airflow/example_dags/example_branch_day_of_week_operator.py for tasks to queue
[2022-02-25 00:02:29,756] {logging_mixin.py:109} INFO - [2022-02-25 00:02:29,756] {dagbag.py:500} INFO - Filling up the DagBag from /home/airflow/.local/lib/python3.7/site-packages/airflow/example_dags/example_branch_day_of_week_operator.py
[2022-02-25 00:02:29,788] {processor.py:654} INFO - DAG(s) dict_keys(['example_weekday_branch_operator']) retrieved from /home/airflow/.local/lib/python3.7/site-packages/airflow/example_dags/example_branch_day_of_week_operator.py
[2022-02-25 00:02:29,798] {logging_mixin.py:109} INFO - [2022-02-25 00:02:29,798] {dag.py:2396} INFO - Sync 1 DAGs
[2022-02-25 00:02:29,814] {logging_mixin.py:109} INFO - [2022-02-25 00:02:29,814] {dag.py:2935} INFO - Setting next_dagrun for example_weekday_branch_operator to 2022-02-24 00:00:00+00:00
[2022-02-25 00:02:29,823] {processor.py:171} INFO - Processing /home/airflow/.local/lib/python3.7/site-packages/airflow/example_dags/example_branch_day_of_week_operator.py took 0.073 seconds
[2022-02-25 00:03:00,091] {processor.py:163} INFO - Started process (PID=16234) to work on /home/airflow/.local/lib/python3.7/site-packages/airflow/example_dags/example_branch_day_of_week_operator.py
[2022-02-25 00:03:00,093] {processor.py:642} INFO - Processing file /home/airflow/.local/lib/python3.7/site-packages/airflow/example_dags/example_branch_day_of_week_operator.py for tasks to queue
[2022-02-25 00:03:00,094] {logging_mixin.py:109} INFO - [2022-02-25 00:03:00,094] {dagbag.py:500} INFO - Filling up the DagBag from /home/airflow/.local/lib/python3.7/site-packages/airflow/example_dags/example_branch_day_of_week_operator.py
[2022-02-25 00:03:00,122] {processor.py:654} INFO - DAG(s) dict_keys(['example_weekday_branch_operator']) retrieved from /home/airflow/.local/lib/python3.7/site-packages/airflow/example_dags/example_branch_day_of_week_operator.py
[2022-02-25 00:03:00,132] {logging_mixin.py:109} INFO - [2022-02-25 00:03:00,132] {dag.py:2396} INFO - Sync 1 DAGs
[2022-02-25 00:03:00,147] {logging_mixin.py:109} INFO - [2022-02-25 00:03:00,147] {dag.py:2935} INFO - Setting next_dagrun for example_weekday_branch_operator to 2022-02-24 00:00:00+00:00
[2022-02-25 00:03:00,156] {processor.py:171} INFO - Processing /home/airflow/.local/lib/python3.7/site-packages/airflow/example_dags/example_branch_day_of_week_operator.py took 0.068 seconds
[2022-02-25 00:03:30,710] {processor.py:163} INFO - Started process (PID=16285) to work on /home/airflow/.local/lib/python3.7/site-packages/airflow/example_dags/example_branch_day_of_week_operator.py
[2022-02-25 00:03:30,713] {processor.py:642} INFO - Processing file /home/airflow/.local/lib/python3.7/site-packages/airflow/example_dags/example_branch_day_of_week_operator.py for tasks to queue
[2022-02-25 00:03:30,714] {logging_mixin.py:109} INFO - [2022-02-25 00:03:30,714] {dagbag.py:500} INFO - Filling up the DagBag from /home/airflow/.local/lib/python3.7/site-packages/airflow/example_dags/example_branch_day_of_week_operator.py
[2022-02-25 00:03:30,742] {processor.py:654} INFO - DAG(s) dict_keys(['example_weekday_branch_operator']) retrieved from /home/airflow/.local/lib/python3.7/site-packages/airflow/example_dags/example_branch_day_of_week_operator.py
[2022-02-25 00:03:30,752] {logging_mixin.py:109} INFO - [2022-02-25 00:03:30,752] {dag.py:2396} INFO - Sync 1 DAGs
[2022-02-25 00:03:30,770] {logging_mixin.py:109} INFO - [2022-02-25 00:03:30,770] {dag.py:2935} INFO - Setting next_dagrun for example_weekday_branch_operator to 2022-02-24 00:00:00+00:00
[2022-02-25 00:03:30,780] {processor.py:171} INFO - Processing /home/airflow/.local/lib/python3.7/site-packages/airflow/example_dags/example_branch_day_of_week_operator.py took 0.073 seconds
[2022-02-25 00:04:00,855] {processor.py:163} INFO - Started process (PID=16346) to work on /home/airflow/.local/lib/python3.7/site-packages/airflow/example_dags/example_branch_day_of_week_operator.py
[2022-02-25 00:04:00,857] {processor.py:642} INFO - Processing file /home/airflow/.local/lib/python3.7/site-packages/airflow/example_dags/example_branch_day_of_week_operator.py for tasks to queue
[2022-02-25 00:04:00,858] {logging_mixin.py:109} INFO - [2022-02-25 00:04:00,858] {dagbag.py:500} INFO - Filling up the DagBag from /home/airflow/.local/lib/python3.7/site-packages/airflow/example_dags/example_branch_day_of_week_operator.py
[2022-02-25 00:04:00,886] {processor.py:654} INFO - DAG(s) dict_keys(['example_weekday_branch_operator']) retrieved from /home/airflow/.local/lib/python3.7/site-packages/airflow/example_dags/example_branch_day_of_week_operator.py
[2022-02-25 00:04:00,895] {logging_mixin.py:109} INFO - [2022-02-25 00:04:00,895] {dag.py:2396} INFO - Sync 1 DAGs
[2022-02-25 00:04:00,912] {logging_mixin.py:109} INFO - [2022-02-25 00:04:00,912] {dag.py:2935} INFO - Setting next_dagrun for example_weekday_branch_operator to 2022-02-24 00:00:00+00:00
[2022-02-25 00:04:00,920] {processor.py:171} INFO - Processing /home/airflow/.local/lib/python3.7/site-packages/airflow/example_dags/example_branch_day_of_week_operator.py took 0.068 seconds
[2022-02-25 00:04:31,387] {processor.py:163} INFO - Started process (PID=16397) to work on /home/airflow/.local/lib/python3.7/site-packages/airflow/example_dags/example_branch_day_of_week_operator.py
[2022-02-25 00:04:31,390] {processor.py:642} INFO - Processing file /home/airflow/.local/lib/python3.7/site-packages/airflow/example_dags/example_branch_day_of_week_operator.py for tasks to queue
[2022-02-25 00:04:31,391] {logging_mixin.py:109} INFO - [2022-02-25 00:04:31,391] {dagbag.py:500} INFO - Filling up the DagBag from /home/airflow/.local/lib/python3.7/site-packages/airflow/example_dags/example_branch_day_of_week_operator.py
[2022-02-25 00:04:31,421] {processor.py:654} INFO - DAG(s) dict_keys(['example_weekday_branch_operator']) retrieved from /home/airflow/.local/lib/python3.7/site-packages/airflow/example_dags/example_branch_day_of_week_operator.py
[2022-02-25 00:04:31,431] {logging_mixin.py:109} INFO - [2022-02-25 00:04:31,431] {dag.py:2396} INFO - Sync 1 DAGs
[2022-02-25 00:04:31,450] {logging_mixin.py:109} INFO - [2022-02-25 00:04:31,449] {dag.py:2935} INFO - Setting next_dagrun for example_weekday_branch_operator to 2022-02-24 00:00:00+00:00
[2022-02-25 00:04:31,460] {processor.py:171} INFO - Processing /home/airflow/.local/lib/python3.7/site-packages/airflow/example_dags/example_branch_day_of_week_operator.py took 0.078 seconds
[2022-02-25 00:05:01,615] {processor.py:163} INFO - Started process (PID=16458) to work on /home/airflow/.local/lib/python3.7/site-packages/airflow/example_dags/example_branch_day_of_week_operator.py
[2022-02-25 00:05:01,617] {processor.py:642} INFO - Processing file /home/airflow/.local/lib/python3.7/site-packages/airflow/example_dags/example_branch_day_of_week_operator.py for tasks to queue
[2022-02-25 00:05:01,618] {logging_mixin.py:109} INFO - [2022-02-25 00:05:01,618] {dagbag.py:500} INFO - Filling up the DagBag from /home/airflow/.local/lib/python3.7/site-packages/airflow/example_dags/example_branch_day_of_week_operator.py
[2022-02-25 00:05:01,643] {processor.py:654} INFO - DAG(s) dict_keys(['example_weekday_branch_operator']) retrieved from /home/airflow/.local/lib/python3.7/site-packages/airflow/example_dags/example_branch_day_of_week_operator.py
[2022-02-25 00:05:01,652] {logging_mixin.py:109} INFO - [2022-02-25 00:05:01,652] {dag.py:2396} INFO - Sync 1 DAGs
[2022-02-25 00:05:01,669] {logging_mixin.py:109} INFO - [2022-02-25 00:05:01,669] {dag.py:2935} INFO - Setting next_dagrun for example_weekday_branch_operator to 2022-02-24 00:00:00+00:00
[2022-02-25 00:05:01,677] {processor.py:171} INFO - Processing /home/airflow/.local/lib/python3.7/site-packages/airflow/example_dags/example_branch_day_of_week_operator.py took 0.067 seconds
[2022-02-25 00:05:31,864] {processor.py:163} INFO - Started process (PID=16511) to work on /home/airflow/.local/lib/python3.7/site-packages/airflow/example_dags/example_branch_day_of_week_operator.py
[2022-02-25 00:05:31,866] {processor.py:642} INFO - Processing file /home/airflow/.local/lib/python3.7/site-packages/airflow/example_dags/example_branch_day_of_week_operator.py for tasks to queue
[2022-02-25 00:05:31,868] {logging_mixin.py:109} INFO - [2022-02-25 00:05:31,867] {dagbag.py:500} INFO - Filling up the DagBag from /home/airflow/.local/lib/python3.7/site-packages/airflow/example_dags/example_branch_day_of_week_operator.py
[2022-02-25 00:05:31,899] {processor.py:654} INFO - DAG(s) dict_keys(['example_weekday_branch_operator']) retrieved from /home/airflow/.local/lib/python3.7/site-packages/airflow/example_dags/example_branch_day_of_week_operator.py
[2022-02-25 00:05:31,909] {logging_mixin.py:109} INFO - [2022-02-25 00:05:31,909] {dag.py:2396} INFO - Sync 1 DAGs
[2022-02-25 00:05:31,926] {logging_mixin.py:109} INFO - [2022-02-25 00:05:31,926] {dag.py:2935} INFO - Setting next_dagrun for example_weekday_branch_operator to 2022-02-24 00:00:00+00:00
[2022-02-25 00:05:31,935] {processor.py:171} INFO - Processing /home/airflow/.local/lib/python3.7/site-packages/airflow/example_dags/example_branch_day_of_week_operator.py took 0.075 seconds
[2022-02-25 00:06:02,067] {processor.py:163} INFO - Started process (PID=16562) to work on /home/airflow/.local/lib/python3.7/site-packages/airflow/example_dags/example_branch_day_of_week_operator.py
[2022-02-25 00:06:02,069] {processor.py:642} INFO - Processing file /home/airflow/.local/lib/python3.7/site-packages/airflow/example_dags/example_branch_day_of_week_operator.py for tasks to queue
[2022-02-25 00:06:02,070] {logging_mixin.py:109} INFO - [2022-02-25 00:06:02,070] {dagbag.py:500} INFO - Filling up the DagBag from /home/airflow/.local/lib/python3.7/site-packages/airflow/example_dags/example_branch_day_of_week_operator.py
[2022-02-25 00:06:02,102] {processor.py:654} INFO - DAG(s) dict_keys(['example_weekday_branch_operator']) retrieved from /home/airflow/.local/lib/python3.7/site-packages/airflow/example_dags/example_branch_day_of_week_operator.py
[2022-02-25 00:06:02,111] {logging_mixin.py:109} INFO - [2022-02-25 00:06:02,111] {dag.py:2396} INFO - Sync 1 DAGs
[2022-02-25 00:06:02,135] {logging_mixin.py:109} INFO - [2022-02-25 00:06:02,135] {dag.py:2935} INFO - Setting next_dagrun for example_weekday_branch_operator to 2022-02-24 00:00:00+00:00
[2022-02-25 00:06:02,145] {processor.py:171} INFO - Processing /home/airflow/.local/lib/python3.7/site-packages/airflow/example_dags/example_branch_day_of_week_operator.py took 0.082 seconds
[2022-02-25 00:06:32,434] {processor.py:163} INFO - Started process (PID=16624) to work on /home/airflow/.local/lib/python3.7/site-packages/airflow/example_dags/example_branch_day_of_week_operator.py
[2022-02-25 00:06:32,437] {processor.py:642} INFO - Processing file /home/airflow/.local/lib/python3.7/site-packages/airflow/example_dags/example_branch_day_of_week_operator.py for tasks to queue
[2022-02-25 00:06:32,438] {logging_mixin.py:109} INFO - [2022-02-25 00:06:32,438] {dagbag.py:500} INFO - Filling up the DagBag from /home/airflow/.local/lib/python3.7/site-packages/airflow/example_dags/example_branch_day_of_week_operator.py
[2022-02-25 00:06:32,469] {processor.py:654} INFO - DAG(s) dict_keys(['example_weekday_branch_operator']) retrieved from /home/airflow/.local/lib/python3.7/site-packages/airflow/example_dags/example_branch_day_of_week_operator.py
[2022-02-25 00:06:32,478] {logging_mixin.py:109} INFO - [2022-02-25 00:06:32,478] {dag.py:2396} INFO - Sync 1 DAGs
[2022-02-25 00:06:32,495] {logging_mixin.py:109} INFO - [2022-02-25 00:06:32,495] {dag.py:2935} INFO - Setting next_dagrun for example_weekday_branch_operator to 2022-02-24 00:00:00+00:00
[2022-02-25 00:06:32,504] {processor.py:171} INFO - Processing /home/airflow/.local/lib/python3.7/site-packages/airflow/example_dags/example_branch_day_of_week_operator.py took 0.074 seconds
[2022-02-25 00:07:02,717] {processor.py:163} INFO - Started process (PID=16677) to work on /home/airflow/.local/lib/python3.7/site-packages/airflow/example_dags/example_branch_day_of_week_operator.py
[2022-02-25 00:07:02,720] {processor.py:642} INFO - Processing file /home/airflow/.local/lib/python3.7/site-packages/airflow/example_dags/example_branch_day_of_week_operator.py for tasks to queue
[2022-02-25 00:07:02,721] {logging_mixin.py:109} INFO - [2022-02-25 00:07:02,721] {dagbag.py:500} INFO - Filling up the DagBag from /home/airflow/.local/lib/python3.7/site-packages/airflow/example_dags/example_branch_day_of_week_operator.py
[2022-02-25 00:07:02,751] {processor.py:654} INFO - DAG(s) dict_keys(['example_weekday_branch_operator']) retrieved from /home/airflow/.local/lib/python3.7/site-packages/airflow/example_dags/example_branch_day_of_week_operator.py
[2022-02-25 00:07:02,761] {logging_mixin.py:109} INFO - [2022-02-25 00:07:02,761] {dag.py:2396} INFO - Sync 1 DAGs
[2022-02-25 00:07:02,778] {logging_mixin.py:109} INFO - [2022-02-25 00:07:02,778] {dag.py:2935} INFO - Setting next_dagrun for example_weekday_branch_operator to 2022-02-24 00:00:00+00:00
[2022-02-25 00:07:02,787] {processor.py:171} INFO - Processing /home/airflow/.local/lib/python3.7/site-packages/airflow/example_dags/example_branch_day_of_week_operator.py took 0.075 seconds
[2022-02-25 00:07:33,075] {processor.py:163} INFO - Started process (PID=16737) to work on /home/airflow/.local/lib/python3.7/site-packages/airflow/example_dags/example_branch_day_of_week_operator.py
[2022-02-25 00:07:33,077] {processor.py:642} INFO - Processing file /home/airflow/.local/lib/python3.7/site-packages/airflow/example_dags/example_branch_day_of_week_operator.py for tasks to queue
[2022-02-25 00:07:33,078] {logging_mixin.py:109} INFO - [2022-02-25 00:07:33,078] {dagbag.py:500} INFO - Filling up the DagBag from /home/airflow/.local/lib/python3.7/site-packages/airflow/example_dags/example_branch_day_of_week_operator.py
[2022-02-25 00:07:33,106] {processor.py:654} INFO - DAG(s) dict_keys(['example_weekday_branch_operator']) retrieved from /home/airflow/.local/lib/python3.7/site-packages/airflow/example_dags/example_branch_day_of_week_operator.py
[2022-02-25 00:07:33,115] {logging_mixin.py:109} INFO - [2022-02-25 00:07:33,115] {dag.py:2396} INFO - Sync 1 DAGs
[2022-02-25 00:07:33,133] {logging_mixin.py:109} INFO - [2022-02-25 00:07:33,133] {dag.py:2935} INFO - Setting next_dagrun for example_weekday_branch_operator to 2022-02-24 00:00:00+00:00
[2022-02-25 00:07:33,144] {processor.py:171} INFO - Processing /home/airflow/.local/lib/python3.7/site-packages/airflow/example_dags/example_branch_day_of_week_operator.py took 0.074 seconds
[2022-02-25 00:08:03,183] {processor.py:163} INFO - Started process (PID=16789) to work on /home/airflow/.local/lib/python3.7/site-packages/airflow/example_dags/example_branch_day_of_week_operator.py
[2022-02-25 00:08:03,185] {processor.py:642} INFO - Processing file /home/airflow/.local/lib/python3.7/site-packages/airflow/example_dags/example_branch_day_of_week_operator.py for tasks to queue
[2022-02-25 00:08:03,186] {logging_mixin.py:109} INFO - [2022-02-25 00:08:03,186] {dagbag.py:500} INFO - Filling up the DagBag from /home/airflow/.local/lib/python3.7/site-packages/airflow/example_dags/example_branch_day_of_week_operator.py
[2022-02-25 00:08:03,214] {processor.py:654} INFO - DAG(s) dict_keys(['example_weekday_branch_operator']) retrieved from /home/airflow/.local/lib/python3.7/site-packages/airflow/example_dags/example_branch_day_of_week_operator.py
[2022-02-25 00:08:03,224] {logging_mixin.py:109} INFO - [2022-02-25 00:08:03,224] {dag.py:2396} INFO - Sync 1 DAGs
[2022-02-25 00:08:03,246] {logging_mixin.py:109} INFO - [2022-02-25 00:08:03,246] {dag.py:2935} INFO - Setting next_dagrun for example_weekday_branch_operator to 2022-02-24 00:00:00+00:00
[2022-02-25 00:08:03,261] {processor.py:171} INFO - Processing /home/airflow/.local/lib/python3.7/site-packages/airflow/example_dags/example_branch_day_of_week_operator.py took 0.081 seconds
[2022-02-25 00:08:33,346] {processor.py:163} INFO - Started process (PID=16850) to work on /home/airflow/.local/lib/python3.7/site-packages/airflow/example_dags/example_branch_day_of_week_operator.py
[2022-02-25 00:08:33,348] {processor.py:642} INFO - Processing file /home/airflow/.local/lib/python3.7/site-packages/airflow/example_dags/example_branch_day_of_week_operator.py for tasks to queue
[2022-02-25 00:08:33,349] {logging_mixin.py:109} INFO - [2022-02-25 00:08:33,349] {dagbag.py:500} INFO - Filling up the DagBag from /home/airflow/.local/lib/python3.7/site-packages/airflow/example_dags/example_branch_day_of_week_operator.py
[2022-02-25 00:08:33,382] {processor.py:654} INFO - DAG(s) dict_keys(['example_weekday_branch_operator']) retrieved from /home/airflow/.local/lib/python3.7/site-packages/airflow/example_dags/example_branch_day_of_week_operator.py
[2022-02-25 00:08:33,392] {logging_mixin.py:109} INFO - [2022-02-25 00:08:33,392] {dag.py:2396} INFO - Sync 1 DAGs
[2022-02-25 00:08:33,411] {logging_mixin.py:109} INFO - [2022-02-25 00:08:33,411] {dag.py:2935} INFO - Setting next_dagrun for example_weekday_branch_operator to 2022-02-24 00:00:00+00:00
[2022-02-25 00:08:33,422] {processor.py:171} INFO - Processing /home/airflow/.local/lib/python3.7/site-packages/airflow/example_dags/example_branch_day_of_week_operator.py took 0.079 seconds
[2022-02-25 00:09:04,337] {processor.py:163} INFO - Started process (PID=16901) to work on /home/airflow/.local/lib/python3.7/site-packages/airflow/example_dags/example_branch_day_of_week_operator.py
[2022-02-25 00:09:04,339] {processor.py:642} INFO - Processing file /home/airflow/.local/lib/python3.7/site-packages/airflow/example_dags/example_branch_day_of_week_operator.py for tasks to queue
[2022-02-25 00:09:04,340] {logging_mixin.py:109} INFO - [2022-02-25 00:09:04,340] {dagbag.py:500} INFO - Filling up the DagBag from /home/airflow/.local/lib/python3.7/site-packages/airflow/example_dags/example_branch_day_of_week_operator.py
[2022-02-25 00:09:04,370] {processor.py:654} INFO - DAG(s) dict_keys(['example_weekday_branch_operator']) retrieved from /home/airflow/.local/lib/python3.7/site-packages/airflow/example_dags/example_branch_day_of_week_operator.py
[2022-02-25 00:09:04,380] {logging_mixin.py:109} INFO - [2022-02-25 00:09:04,380] {dag.py:2396} INFO - Sync 1 DAGs
[2022-02-25 00:09:04,398] {logging_mixin.py:109} INFO - [2022-02-25 00:09:04,398] {dag.py:2935} INFO - Setting next_dagrun for example_weekday_branch_operator to 2022-02-24 00:00:00+00:00
[2022-02-25 00:09:04,406] {processor.py:171} INFO - Processing /home/airflow/.local/lib/python3.7/site-packages/airflow/example_dags/example_branch_day_of_week_operator.py took 0.074 seconds
[2022-02-25 00:09:34,664] {processor.py:163} INFO - Started process (PID=16963) to work on /home/airflow/.local/lib/python3.7/site-packages/airflow/example_dags/example_branch_day_of_week_operator.py
[2022-02-25 00:09:34,667] {processor.py:642} INFO - Processing file /home/airflow/.local/lib/python3.7/site-packages/airflow/example_dags/example_branch_day_of_week_operator.py for tasks to queue
[2022-02-25 00:09:34,668] {logging_mixin.py:109} INFO - [2022-02-25 00:09:34,668] {dagbag.py:500} INFO - Filling up the DagBag from /home/airflow/.local/lib/python3.7/site-packages/airflow/example_dags/example_branch_day_of_week_operator.py
[2022-02-25 00:09:34,702] {processor.py:654} INFO - DAG(s) dict_keys(['example_weekday_branch_operator']) retrieved from /home/airflow/.local/lib/python3.7/site-packages/airflow/example_dags/example_branch_day_of_week_operator.py
[2022-02-25 00:09:34,711] {logging_mixin.py:109} INFO - [2022-02-25 00:09:34,711] {dag.py:2396} INFO - Sync 1 DAGs
[2022-02-25 00:09:34,728] {logging_mixin.py:109} INFO - [2022-02-25 00:09:34,728] {dag.py:2935} INFO - Setting next_dagrun for example_weekday_branch_operator to 2022-02-24 00:00:00+00:00
[2022-02-25 00:09:34,737] {processor.py:171} INFO - Processing /home/airflow/.local/lib/python3.7/site-packages/airflow/example_dags/example_branch_day_of_week_operator.py took 0.077 seconds
[2022-02-25 00:10:04,971] {processor.py:163} INFO - Started process (PID=17018) to work on /home/airflow/.local/lib/python3.7/site-packages/airflow/example_dags/example_branch_day_of_week_operator.py
[2022-02-25 00:10:04,973] {processor.py:642} INFO - Processing file /home/airflow/.local/lib/python3.7/site-packages/airflow/example_dags/example_branch_day_of_week_operator.py for tasks to queue
[2022-02-25 00:10:04,975] {logging_mixin.py:109} INFO - [2022-02-25 00:10:04,974] {dagbag.py:500} INFO - Filling up the DagBag from /home/airflow/.local/lib/python3.7/site-packages/airflow/example_dags/example_branch_day_of_week_operator.py
[2022-02-25 00:10:05,003] {processor.py:654} INFO - DAG(s) dict_keys(['example_weekday_branch_operator']) retrieved from /home/airflow/.local/lib/python3.7/site-packages/airflow/example_dags/example_branch_day_of_week_operator.py
[2022-02-25 00:10:05,013] {logging_mixin.py:109} INFO - [2022-02-25 00:10:05,013] {dag.py:2396} INFO - Sync 1 DAGs
[2022-02-25 00:10:05,031] {logging_mixin.py:109} INFO - [2022-02-25 00:10:05,031] {dag.py:2935} INFO - Setting next_dagrun for example_weekday_branch_operator to 2022-02-24 00:00:00+00:00
[2022-02-25 00:10:05,040] {processor.py:171} INFO - Processing /home/airflow/.local/lib/python3.7/site-packages/airflow/example_dags/example_branch_day_of_week_operator.py took 0.073 seconds
[2022-02-25 00:10:35,372] {processor.py:163} INFO - Started process (PID=17080) to work on /home/airflow/.local/lib/python3.7/site-packages/airflow/example_dags/example_branch_day_of_week_operator.py
[2022-02-25 00:10:35,374] {processor.py:642} INFO - Processing file /home/airflow/.local/lib/python3.7/site-packages/airflow/example_dags/example_branch_day_of_week_operator.py for tasks to queue
[2022-02-25 00:10:35,375] {logging_mixin.py:109} INFO - [2022-02-25 00:10:35,375] {dagbag.py:500} INFO - Filling up the DagBag from /home/airflow/.local/lib/python3.7/site-packages/airflow/example_dags/example_branch_day_of_week_operator.py
[2022-02-25 00:10:35,404] {processor.py:654} INFO - DAG(s) dict_keys(['example_weekday_branch_operator']) retrieved from /home/airflow/.local/lib/python3.7/site-packages/airflow/example_dags/example_branch_day_of_week_operator.py
[2022-02-25 00:10:35,415] {logging_mixin.py:109} INFO - [2022-02-25 00:10:35,414] {dag.py:2396} INFO - Sync 1 DAGs
[2022-02-25 00:10:35,432] {logging_mixin.py:109} INFO - [2022-02-25 00:10:35,432] {dag.py:2935} INFO - Setting next_dagrun for example_weekday_branch_operator to 2022-02-24 00:00:00+00:00
[2022-02-25 00:10:35,441] {processor.py:171} INFO - Processing /home/airflow/.local/lib/python3.7/site-packages/airflow/example_dags/example_branch_day_of_week_operator.py took 0.074 seconds
[2022-02-25 00:11:05,767] {processor.py:163} INFO - Started process (PID=17132) to work on /home/airflow/.local/lib/python3.7/site-packages/airflow/example_dags/example_branch_day_of_week_operator.py
[2022-02-25 00:11:05,770] {processor.py:642} INFO - Processing file /home/airflow/.local/lib/python3.7/site-packages/airflow/example_dags/example_branch_day_of_week_operator.py for tasks to queue
[2022-02-25 00:11:05,771] {logging_mixin.py:109} INFO - [2022-02-25 00:11:05,771] {dagbag.py:500} INFO - Filling up the DagBag from /home/airflow/.local/lib/python3.7/site-packages/airflow/example_dags/example_branch_day_of_week_operator.py
[2022-02-25 00:11:05,802] {processor.py:654} INFO - DAG(s) dict_keys(['example_weekday_branch_operator']) retrieved from /home/airflow/.local/lib/python3.7/site-packages/airflow/example_dags/example_branch_day_of_week_operator.py
[2022-02-25 00:11:05,813] {logging_mixin.py:109} INFO - [2022-02-25 00:11:05,813] {dag.py:2396} INFO - Sync 1 DAGs
[2022-02-25 00:11:05,840] {logging_mixin.py:109} INFO - [2022-02-25 00:11:05,840] {dag.py:2935} INFO - Setting next_dagrun for example_weekday_branch_operator to 2022-02-24 00:00:00+00:00
[2022-02-25 00:11:05,851] {processor.py:171} INFO - Processing /home/airflow/.local/lib/python3.7/site-packages/airflow/example_dags/example_branch_day_of_week_operator.py took 0.088 seconds
[2022-02-25 00:11:36,062] {processor.py:163} INFO - Started process (PID=17192) to work on /home/airflow/.local/lib/python3.7/site-packages/airflow/example_dags/example_branch_day_of_week_operator.py
[2022-02-25 00:11:36,065] {processor.py:642} INFO - Processing file /home/airflow/.local/lib/python3.7/site-packages/airflow/example_dags/example_branch_day_of_week_operator.py for tasks to queue
[2022-02-25 00:11:36,068] {logging_mixin.py:109} INFO - [2022-02-25 00:11:36,068] {dagbag.py:500} INFO - Filling up the DagBag from /home/airflow/.local/lib/python3.7/site-packages/airflow/example_dags/example_branch_day_of_week_operator.py
[2022-02-25 00:11:36,100] {processor.py:654} INFO - DAG(s) dict_keys(['example_weekday_branch_operator']) retrieved from /home/airflow/.local/lib/python3.7/site-packages/airflow/example_dags/example_branch_day_of_week_operator.py
[2022-02-25 00:11:36,110] {logging_mixin.py:109} INFO - [2022-02-25 00:11:36,110] {dag.py:2396} INFO - Sync 1 DAGs
[2022-02-25 00:11:36,128] {logging_mixin.py:109} INFO - [2022-02-25 00:11:36,128] {dag.py:2935} INFO - Setting next_dagrun for example_weekday_branch_operator to 2022-02-24 00:00:00+00:00
[2022-02-25 00:11:36,138] {processor.py:171} INFO - Processing /home/airflow/.local/lib/python3.7/site-packages/airflow/example_dags/example_branch_day_of_week_operator.py took 0.080 seconds
[2022-02-25 00:12:06,361] {processor.py:163} INFO - Started process (PID=17244) to work on /home/airflow/.local/lib/python3.7/site-packages/airflow/example_dags/example_branch_day_of_week_operator.py
[2022-02-25 00:12:06,363] {processor.py:642} INFO - Processing file /home/airflow/.local/lib/python3.7/site-packages/airflow/example_dags/example_branch_day_of_week_operator.py for tasks to queue
[2022-02-25 00:12:06,364] {logging_mixin.py:109} INFO - [2022-02-25 00:12:06,364] {dagbag.py:500} INFO - Filling up the DagBag from /home/airflow/.local/lib/python3.7/site-packages/airflow/example_dags/example_branch_day_of_week_operator.py
[2022-02-25 00:12:06,394] {processor.py:654} INFO - DAG(s) dict_keys(['example_weekday_branch_operator']) retrieved from /home/airflow/.local/lib/python3.7/site-packages/airflow/example_dags/example_branch_day_of_week_operator.py
[2022-02-25 00:12:06,404] {logging_mixin.py:109} INFO - [2022-02-25 00:12:06,404] {dag.py:2396} INFO - Sync 1 DAGs
[2022-02-25 00:12:06,421] {logging_mixin.py:109} INFO - [2022-02-25 00:12:06,421] {dag.py:2935} INFO - Setting next_dagrun for example_weekday_branch_operator to 2022-02-24 00:00:00+00:00
[2022-02-25 00:12:06,433] {processor.py:171} INFO - Processing /home/airflow/.local/lib/python3.7/site-packages/airflow/example_dags/example_branch_day_of_week_operator.py took 0.077 seconds
[2022-02-25 00:12:36,748] {processor.py:163} INFO - Started process (PID=17307) to work on /home/airflow/.local/lib/python3.7/site-packages/airflow/example_dags/example_branch_day_of_week_operator.py
[2022-02-25 00:12:36,751] {processor.py:642} INFO - Processing file /home/airflow/.local/lib/python3.7/site-packages/airflow/example_dags/example_branch_day_of_week_operator.py for tasks to queue
[2022-02-25 00:12:36,752] {logging_mixin.py:109} INFO - [2022-02-25 00:12:36,752] {dagbag.py:500} INFO - Filling up the DagBag from /home/airflow/.local/lib/python3.7/site-packages/airflow/example_dags/example_branch_day_of_week_operator.py
[2022-02-25 00:12:36,778] {processor.py:654} INFO - DAG(s) dict_keys(['example_weekday_branch_operator']) retrieved from /home/airflow/.local/lib/python3.7/site-packages/airflow/example_dags/example_branch_day_of_week_operator.py
[2022-02-25 00:12:36,789] {logging_mixin.py:109} INFO - [2022-02-25 00:12:36,789] {dag.py:2396} INFO - Sync 1 DAGs
[2022-02-25 00:12:36,809] {logging_mixin.py:109} INFO - [2022-02-25 00:12:36,809] {dag.py:2935} INFO - Setting next_dagrun for example_weekday_branch_operator to 2022-02-24 00:00:00+00:00
[2022-02-25 00:12:36,821] {processor.py:171} INFO - Processing /home/airflow/.local/lib/python3.7/site-packages/airflow/example_dags/example_branch_day_of_week_operator.py took 0.078 seconds
[2022-02-25 00:13:07,222] {processor.py:163} INFO - Started process (PID=17359) to work on /home/airflow/.local/lib/python3.7/site-packages/airflow/example_dags/example_branch_day_of_week_operator.py
[2022-02-25 00:13:07,225] {processor.py:642} INFO - Processing file /home/airflow/.local/lib/python3.7/site-packages/airflow/example_dags/example_branch_day_of_week_operator.py for tasks to queue
[2022-02-25 00:13:07,226] {logging_mixin.py:109} INFO - [2022-02-25 00:13:07,226] {dagbag.py:500} INFO - Filling up the DagBag from /home/airflow/.local/lib/python3.7/site-packages/airflow/example_dags/example_branch_day_of_week_operator.py
[2022-02-25 00:13:07,262] {processor.py:654} INFO - DAG(s) dict_keys(['example_weekday_branch_operator']) retrieved from /home/airflow/.local/lib/python3.7/site-packages/airflow/example_dags/example_branch_day_of_week_operator.py
[2022-02-25 00:13:07,276] {logging_mixin.py:109} INFO - [2022-02-25 00:13:07,276] {dag.py:2396} INFO - Sync 1 DAGs
[2022-02-25 00:13:07,300] {logging_mixin.py:109} INFO - [2022-02-25 00:13:07,300] {dag.py:2935} INFO - Setting next_dagrun for example_weekday_branch_operator to 2022-02-24 00:00:00+00:00
[2022-02-25 00:13:07,310] {processor.py:171} INFO - Processing /home/airflow/.local/lib/python3.7/site-packages/airflow/example_dags/example_branch_day_of_week_operator.py took 0.092 seconds
[2022-02-25 00:13:37,533] {processor.py:163} INFO - Started process (PID=17419) to work on /home/airflow/.local/lib/python3.7/site-packages/airflow/example_dags/example_branch_day_of_week_operator.py
[2022-02-25 00:13:37,534] {processor.py:642} INFO - Processing file /home/airflow/.local/lib/python3.7/site-packages/airflow/example_dags/example_branch_day_of_week_operator.py for tasks to queue
[2022-02-25 00:13:37,536] {logging_mixin.py:109} INFO - [2022-02-25 00:13:37,536] {dagbag.py:500} INFO - Filling up the DagBag from /home/airflow/.local/lib/python3.7/site-packages/airflow/example_dags/example_branch_day_of_week_operator.py
[2022-02-25 00:13:37,566] {processor.py:654} INFO - DAG(s) dict_keys(['example_weekday_branch_operator']) retrieved from /home/airflow/.local/lib/python3.7/site-packages/airflow/example_dags/example_branch_day_of_week_operator.py
[2022-02-25 00:13:37,576] {logging_mixin.py:109} INFO - [2022-02-25 00:13:37,575] {dag.py:2396} INFO - Sync 1 DAGs
[2022-02-25 00:13:37,593] {logging_mixin.py:109} INFO - [2022-02-25 00:13:37,592] {dag.py:2935} INFO - Setting next_dagrun for example_weekday_branch_operator to 2022-02-24 00:00:00+00:00
[2022-02-25 00:13:37,602] {processor.py:171} INFO - Processing /home/airflow/.local/lib/python3.7/site-packages/airflow/example_dags/example_branch_day_of_week_operator.py took 0.074 seconds
[2022-02-25 00:14:07,808] {processor.py:163} INFO - Started process (PID=17470) to work on /home/airflow/.local/lib/python3.7/site-packages/airflow/example_dags/example_branch_day_of_week_operator.py
[2022-02-25 00:14:07,810] {processor.py:642} INFO - Processing file /home/airflow/.local/lib/python3.7/site-packages/airflow/example_dags/example_branch_day_of_week_operator.py for tasks to queue
[2022-02-25 00:14:07,812] {logging_mixin.py:109} INFO - [2022-02-25 00:14:07,812] {dagbag.py:500} INFO - Filling up the DagBag from /home/airflow/.local/lib/python3.7/site-packages/airflow/example_dags/example_branch_day_of_week_operator.py
[2022-02-25 00:14:07,843] {processor.py:654} INFO - DAG(s) dict_keys(['example_weekday_branch_operator']) retrieved from /home/airflow/.local/lib/python3.7/site-packages/airflow/example_dags/example_branch_day_of_week_operator.py
[2022-02-25 00:14:07,853] {logging_mixin.py:109} INFO - [2022-02-25 00:14:07,853] {dag.py:2396} INFO - Sync 1 DAGs
[2022-02-25 00:14:07,872] {logging_mixin.py:109} INFO - [2022-02-25 00:14:07,871] {dag.py:2935} INFO - Setting next_dagrun for example_weekday_branch_operator to 2022-02-24 00:00:00+00:00
[2022-02-25 00:14:07,881] {processor.py:171} INFO - Processing /home/airflow/.local/lib/python3.7/site-packages/airflow/example_dags/example_branch_day_of_week_operator.py took 0.078 seconds
[2022-02-25 00:14:38,236] {processor.py:163} INFO - Started process (PID=17530) to work on /home/airflow/.local/lib/python3.7/site-packages/airflow/example_dags/example_branch_day_of_week_operator.py
[2022-02-25 00:14:38,237] {processor.py:642} INFO - Processing file /home/airflow/.local/lib/python3.7/site-packages/airflow/example_dags/example_branch_day_of_week_operator.py for tasks to queue
[2022-02-25 00:14:38,239] {logging_mixin.py:109} INFO - [2022-02-25 00:14:38,238] {dagbag.py:500} INFO - Filling up the DagBag from /home/airflow/.local/lib/python3.7/site-packages/airflow/example_dags/example_branch_day_of_week_operator.py
[2022-02-25 00:14:38,267] {processor.py:654} INFO - DAG(s) dict_keys(['example_weekday_branch_operator']) retrieved from /home/airflow/.local/lib/python3.7/site-packages/airflow/example_dags/example_branch_day_of_week_operator.py
[2022-02-25 00:14:38,277] {logging_mixin.py:109} INFO - [2022-02-25 00:14:38,277] {dag.py:2396} INFO - Sync 1 DAGs
[2022-02-25 00:14:38,295] {logging_mixin.py:109} INFO - [2022-02-25 00:14:38,294] {dag.py:2935} INFO - Setting next_dagrun for example_weekday_branch_operator to 2022-02-24 00:00:00+00:00
[2022-02-25 00:14:38,303] {processor.py:171} INFO - Processing /home/airflow/.local/lib/python3.7/site-packages/airflow/example_dags/example_branch_day_of_week_operator.py took 0.071 seconds
[2022-02-25 00:15:08,493] {processor.py:163} INFO - Started process (PID=17582) to work on /home/airflow/.local/lib/python3.7/site-packages/airflow/example_dags/example_branch_day_of_week_operator.py
[2022-02-25 00:15:08,495] {processor.py:642} INFO - Processing file /home/airflow/.local/lib/python3.7/site-packages/airflow/example_dags/example_branch_day_of_week_operator.py for tasks to queue
[2022-02-25 00:15:08,497] {logging_mixin.py:109} INFO - [2022-02-25 00:15:08,496] {dagbag.py:500} INFO - Filling up the DagBag from /home/airflow/.local/lib/python3.7/site-packages/airflow/example_dags/example_branch_day_of_week_operator.py
[2022-02-25 00:15:08,523] {processor.py:654} INFO - DAG(s) dict_keys(['example_weekday_branch_operator']) retrieved from /home/airflow/.local/lib/python3.7/site-packages/airflow/example_dags/example_branch_day_of_week_operator.py
[2022-02-25 00:15:08,531] {logging_mixin.py:109} INFO - [2022-02-25 00:15:08,531] {dag.py:2396} INFO - Sync 1 DAGs
[2022-02-25 00:15:08,547] {logging_mixin.py:109} INFO - [2022-02-25 00:15:08,547] {dag.py:2935} INFO - Setting next_dagrun for example_weekday_branch_operator to 2022-02-24 00:00:00+00:00
[2022-02-25 00:15:08,555] {processor.py:171} INFO - Processing /home/airflow/.local/lib/python3.7/site-packages/airflow/example_dags/example_branch_day_of_week_operator.py took 0.066 seconds
[2022-02-25 00:15:38,930] {processor.py:163} INFO - Started process (PID=17643) to work on /home/airflow/.local/lib/python3.7/site-packages/airflow/example_dags/example_branch_day_of_week_operator.py
[2022-02-25 00:15:38,933] {processor.py:642} INFO - Processing file /home/airflow/.local/lib/python3.7/site-packages/airflow/example_dags/example_branch_day_of_week_operator.py for tasks to queue
[2022-02-25 00:15:38,934] {logging_mixin.py:109} INFO - [2022-02-25 00:15:38,934] {dagbag.py:500} INFO - Filling up the DagBag from /home/airflow/.local/lib/python3.7/site-packages/airflow/example_dags/example_branch_day_of_week_operator.py
[2022-02-25 00:15:38,968] {processor.py:654} INFO - DAG(s) dict_keys(['example_weekday_branch_operator']) retrieved from /home/airflow/.local/lib/python3.7/site-packages/airflow/example_dags/example_branch_day_of_week_operator.py
[2022-02-25 00:15:38,980] {logging_mixin.py:109} INFO - [2022-02-25 00:15:38,980] {dag.py:2396} INFO - Sync 1 DAGs
[2022-02-25 00:15:39,000] {logging_mixin.py:109} INFO - [2022-02-25 00:15:39,000] {dag.py:2935} INFO - Setting next_dagrun for example_weekday_branch_operator to 2022-02-24 00:00:00+00:00
[2022-02-25 00:15:39,010] {processor.py:171} INFO - Processing /home/airflow/.local/lib/python3.7/site-packages/airflow/example_dags/example_branch_day_of_week_operator.py took 0.084 seconds
[2022-02-25 00:16:09,194] {processor.py:163} INFO - Started process (PID=17696) to work on /home/airflow/.local/lib/python3.7/site-packages/airflow/example_dags/example_branch_day_of_week_operator.py
[2022-02-25 00:16:09,196] {processor.py:642} INFO - Processing file /home/airflow/.local/lib/python3.7/site-packages/airflow/example_dags/example_branch_day_of_week_operator.py for tasks to queue
[2022-02-25 00:16:09,197] {logging_mixin.py:109} INFO - [2022-02-25 00:16:09,197] {dagbag.py:500} INFO - Filling up the DagBag from /home/airflow/.local/lib/python3.7/site-packages/airflow/example_dags/example_branch_day_of_week_operator.py
[2022-02-25 00:16:09,229] {processor.py:654} INFO - DAG(s) dict_keys(['example_weekday_branch_operator']) retrieved from /home/airflow/.local/lib/python3.7/site-packages/airflow/example_dags/example_branch_day_of_week_operator.py
[2022-02-25 00:16:09,239] {logging_mixin.py:109} INFO - [2022-02-25 00:16:09,239] {dag.py:2396} INFO - Sync 1 DAGs
[2022-02-25 00:16:09,257] {logging_mixin.py:109} INFO - [2022-02-25 00:16:09,257] {dag.py:2935} INFO - Setting next_dagrun for example_weekday_branch_operator to 2022-02-24 00:00:00+00:00
[2022-02-25 00:16:09,266] {processor.py:171} INFO - Processing /home/airflow/.local/lib/python3.7/site-packages/airflow/example_dags/example_branch_day_of_week_operator.py took 0.077 seconds
[2022-02-25 00:16:39,318] {processor.py:163} INFO - Started process (PID=17757) to work on /home/airflow/.local/lib/python3.7/site-packages/airflow/example_dags/example_branch_day_of_week_operator.py
[2022-02-25 00:16:39,320] {processor.py:642} INFO - Processing file /home/airflow/.local/lib/python3.7/site-packages/airflow/example_dags/example_branch_day_of_week_operator.py for tasks to queue
[2022-02-25 00:16:39,321] {logging_mixin.py:109} INFO - [2022-02-25 00:16:39,321] {dagbag.py:500} INFO - Filling up the DagBag from /home/airflow/.local/lib/python3.7/site-packages/airflow/example_dags/example_branch_day_of_week_operator.py
[2022-02-25 00:16:39,354] {processor.py:654} INFO - DAG(s) dict_keys(['example_weekday_branch_operator']) retrieved from /home/airflow/.local/lib/python3.7/site-packages/airflow/example_dags/example_branch_day_of_week_operator.py
[2022-02-25 00:16:39,365] {logging_mixin.py:109} INFO - [2022-02-25 00:16:39,365] {dag.py:2396} INFO - Sync 1 DAGs
[2022-02-25 00:16:39,383] {logging_mixin.py:109} INFO - [2022-02-25 00:16:39,382] {dag.py:2935} INFO - Setting next_dagrun for example_weekday_branch_operator to 2022-02-24 00:00:00+00:00
[2022-02-25 00:16:39,392] {processor.py:171} INFO - Processing /home/airflow/.local/lib/python3.7/site-packages/airflow/example_dags/example_branch_day_of_week_operator.py took 0.078 seconds
[2022-02-25 00:17:09,776] {processor.py:163} INFO - Started process (PID=17809) to work on /home/airflow/.local/lib/python3.7/site-packages/airflow/example_dags/example_branch_day_of_week_operator.py
[2022-02-25 00:17:09,779] {processor.py:642} INFO - Processing file /home/airflow/.local/lib/python3.7/site-packages/airflow/example_dags/example_branch_day_of_week_operator.py for tasks to queue
[2022-02-25 00:17:09,780] {logging_mixin.py:109} INFO - [2022-02-25 00:17:09,780] {dagbag.py:500} INFO - Filling up the DagBag from /home/airflow/.local/lib/python3.7/site-packages/airflow/example_dags/example_branch_day_of_week_operator.py
[2022-02-25 00:17:09,814] {processor.py:654} INFO - DAG(s) dict_keys(['example_weekday_branch_operator']) retrieved from /home/airflow/.local/lib/python3.7/site-packages/airflow/example_dags/example_branch_day_of_week_operator.py
[2022-02-25 00:17:09,824] {logging_mixin.py:109} INFO - [2022-02-25 00:17:09,824] {dag.py:2396} INFO - Sync 1 DAGs
[2022-02-25 00:17:09,843] {logging_mixin.py:109} INFO - [2022-02-25 00:17:09,843] {dag.py:2935} INFO - Setting next_dagrun for example_weekday_branch_operator to 2022-02-24 00:00:00+00:00
[2022-02-25 00:17:09,852] {processor.py:171} INFO - Processing /home/airflow/.local/lib/python3.7/site-packages/airflow/example_dags/example_branch_day_of_week_operator.py took 0.079 seconds
[2022-02-25 00:17:39,945] {processor.py:163} INFO - Started process (PID=17871) to work on /home/airflow/.local/lib/python3.7/site-packages/airflow/example_dags/example_branch_day_of_week_operator.py
[2022-02-25 00:17:39,947] {processor.py:642} INFO - Processing file /home/airflow/.local/lib/python3.7/site-packages/airflow/example_dags/example_branch_day_of_week_operator.py for tasks to queue
[2022-02-25 00:17:39,948] {logging_mixin.py:109} INFO - [2022-02-25 00:17:39,948] {dagbag.py:500} INFO - Filling up the DagBag from /home/airflow/.local/lib/python3.7/site-packages/airflow/example_dags/example_branch_day_of_week_operator.py
[2022-02-25 00:17:39,973] {processor.py:654} INFO - DAG(s) dict_keys(['example_weekday_branch_operator']) retrieved from /home/airflow/.local/lib/python3.7/site-packages/airflow/example_dags/example_branch_day_of_week_operator.py
[2022-02-25 00:17:39,984] {logging_mixin.py:109} INFO - [2022-02-25 00:17:39,984] {dag.py:2396} INFO - Sync 1 DAGs
[2022-02-25 00:17:40,004] {logging_mixin.py:109} INFO - [2022-02-25 00:17:40,004] {dag.py:2935} INFO - Setting next_dagrun for example_weekday_branch_operator to 2022-02-24 00:00:00+00:00
[2022-02-25 00:17:40,017] {processor.py:171} INFO - Processing /home/airflow/.local/lib/python3.7/site-packages/airflow/example_dags/example_branch_day_of_week_operator.py took 0.076 seconds
[2022-02-25 00:18:10,499] {processor.py:163} INFO - Started process (PID=17925) to work on /home/airflow/.local/lib/python3.7/site-packages/airflow/example_dags/example_branch_day_of_week_operator.py
[2022-02-25 00:18:10,500] {processor.py:642} INFO - Processing file /home/airflow/.local/lib/python3.7/site-packages/airflow/example_dags/example_branch_day_of_week_operator.py for tasks to queue
[2022-02-25 00:18:10,502] {logging_mixin.py:109} INFO - [2022-02-25 00:18:10,502] {dagbag.py:500} INFO - Filling up the DagBag from /home/airflow/.local/lib/python3.7/site-packages/airflow/example_dags/example_branch_day_of_week_operator.py
[2022-02-25 00:18:10,533] {processor.py:654} INFO - DAG(s) dict_keys(['example_weekday_branch_operator']) retrieved from /home/airflow/.local/lib/python3.7/site-packages/airflow/example_dags/example_branch_day_of_week_operator.py
[2022-02-25 00:18:10,543] {logging_mixin.py:109} INFO - [2022-02-25 00:18:10,543] {dag.py:2396} INFO - Sync 1 DAGs
[2022-02-25 00:18:10,561] {logging_mixin.py:109} INFO - [2022-02-25 00:18:10,561] {dag.py:2935} INFO - Setting next_dagrun for example_weekday_branch_operator to 2022-02-24 00:00:00+00:00
[2022-02-25 00:18:10,572] {processor.py:171} INFO - Processing /home/airflow/.local/lib/python3.7/site-packages/airflow/example_dags/example_branch_day_of_week_operator.py took 0.077 seconds
[2022-02-25 00:18:40,790] {processor.py:163} INFO - Started process (PID=17976) to work on /home/airflow/.local/lib/python3.7/site-packages/airflow/example_dags/example_branch_day_of_week_operator.py
[2022-02-25 00:18:40,793] {processor.py:642} INFO - Processing file /home/airflow/.local/lib/python3.7/site-packages/airflow/example_dags/example_branch_day_of_week_operator.py for tasks to queue
[2022-02-25 00:18:40,794] {logging_mixin.py:109} INFO - [2022-02-25 00:18:40,794] {dagbag.py:500} INFO - Filling up the DagBag from /home/airflow/.local/lib/python3.7/site-packages/airflow/example_dags/example_branch_day_of_week_operator.py
[2022-02-25 00:18:40,825] {processor.py:654} INFO - DAG(s) dict_keys(['example_weekday_branch_operator']) retrieved from /home/airflow/.local/lib/python3.7/site-packages/airflow/example_dags/example_branch_day_of_week_operator.py
[2022-02-25 00:18:40,835] {logging_mixin.py:109} INFO - [2022-02-25 00:18:40,835] {dag.py:2396} INFO - Sync 1 DAGs
[2022-02-25 00:18:40,853] {logging_mixin.py:109} INFO - [2022-02-25 00:18:40,853] {dag.py:2935} INFO - Setting next_dagrun for example_weekday_branch_operator to 2022-02-24 00:00:00+00:00
[2022-02-25 00:18:40,863] {processor.py:171} INFO - Processing /home/airflow/.local/lib/python3.7/site-packages/airflow/example_dags/example_branch_day_of_week_operator.py took 0.076 seconds
[2022-02-25 00:19:11,828] {processor.py:163} INFO - Started process (PID=18036) to work on /home/airflow/.local/lib/python3.7/site-packages/airflow/example_dags/example_branch_day_of_week_operator.py
[2022-02-25 00:19:11,829] {processor.py:642} INFO - Processing file /home/airflow/.local/lib/python3.7/site-packages/airflow/example_dags/example_branch_day_of_week_operator.py for tasks to queue
[2022-02-25 00:19:11,831] {logging_mixin.py:109} INFO - [2022-02-25 00:19:11,830] {dagbag.py:500} INFO - Filling up the DagBag from /home/airflow/.local/lib/python3.7/site-packages/airflow/example_dags/example_branch_day_of_week_operator.py
[2022-02-25 00:19:11,862] {processor.py:654} INFO - DAG(s) dict_keys(['example_weekday_branch_operator']) retrieved from /home/airflow/.local/lib/python3.7/site-packages/airflow/example_dags/example_branch_day_of_week_operator.py
[2022-02-25 00:19:11,872] {logging_mixin.py:109} INFO - [2022-02-25 00:19:11,872] {dag.py:2396} INFO - Sync 1 DAGs
[2022-02-25 00:19:11,890] {logging_mixin.py:109} INFO - [2022-02-25 00:19:11,890] {dag.py:2935} INFO - Setting next_dagrun for example_weekday_branch_operator to 2022-02-24 00:00:00+00:00
[2022-02-25 00:19:11,899] {processor.py:171} INFO - Processing /home/airflow/.local/lib/python3.7/site-packages/airflow/example_dags/example_branch_day_of_week_operator.py took 0.076 seconds
[2022-02-25 00:19:41,951] {processor.py:163} INFO - Started process (PID=18087) to work on /home/airflow/.local/lib/python3.7/site-packages/airflow/example_dags/example_branch_day_of_week_operator.py
[2022-02-25 00:19:41,953] {processor.py:642} INFO - Processing file /home/airflow/.local/lib/python3.7/site-packages/airflow/example_dags/example_branch_day_of_week_operator.py for tasks to queue
[2022-02-25 00:19:41,955] {logging_mixin.py:109} INFO - [2022-02-25 00:19:41,954] {dagbag.py:500} INFO - Filling up the DagBag from /home/airflow/.local/lib/python3.7/site-packages/airflow/example_dags/example_branch_day_of_week_operator.py
[2022-02-25 00:19:41,984] {processor.py:654} INFO - DAG(s) dict_keys(['example_weekday_branch_operator']) retrieved from /home/airflow/.local/lib/python3.7/site-packages/airflow/example_dags/example_branch_day_of_week_operator.py
[2022-02-25 00:19:41,994] {logging_mixin.py:109} INFO - [2022-02-25 00:19:41,994] {dag.py:2396} INFO - Sync 1 DAGs
[2022-02-25 00:19:42,012] {logging_mixin.py:109} INFO - [2022-02-25 00:19:42,012] {dag.py:2935} INFO - Setting next_dagrun for example_weekday_branch_operator to 2022-02-24 00:00:00+00:00
[2022-02-25 00:19:42,021] {processor.py:171} INFO - Processing /home/airflow/.local/lib/python3.7/site-packages/airflow/example_dags/example_branch_day_of_week_operator.py took 0.078 seconds
[2022-02-25 00:20:12,178] {processor.py:163} INFO - Started process (PID=18149) to work on /home/airflow/.local/lib/python3.7/site-packages/airflow/example_dags/example_branch_day_of_week_operator.py
[2022-02-25 00:20:12,180] {processor.py:642} INFO - Processing file /home/airflow/.local/lib/python3.7/site-packages/airflow/example_dags/example_branch_day_of_week_operator.py for tasks to queue
[2022-02-25 00:20:12,182] {logging_mixin.py:109} INFO - [2022-02-25 00:20:12,181] {dagbag.py:500} INFO - Filling up the DagBag from /home/airflow/.local/lib/python3.7/site-packages/airflow/example_dags/example_branch_day_of_week_operator.py
[2022-02-25 00:20:12,210] {processor.py:654} INFO - DAG(s) dict_keys(['example_weekday_branch_operator']) retrieved from /home/airflow/.local/lib/python3.7/site-packages/airflow/example_dags/example_branch_day_of_week_operator.py
[2022-02-25 00:20:12,221] {logging_mixin.py:109} INFO - [2022-02-25 00:20:12,221] {dag.py:2396} INFO - Sync 1 DAGs
[2022-02-25 00:20:12,241] {logging_mixin.py:109} INFO - [2022-02-25 00:20:12,241] {dag.py:2935} INFO - Setting next_dagrun for example_weekday_branch_operator to 2022-02-24 00:00:00+00:00
[2022-02-25 00:20:12,250] {processor.py:171} INFO - Processing /home/airflow/.local/lib/python3.7/site-packages/airflow/example_dags/example_branch_day_of_week_operator.py took 0.075 seconds
[2022-02-25 00:20:42,511] {processor.py:163} INFO - Started process (PID=18200) to work on /home/airflow/.local/lib/python3.7/site-packages/airflow/example_dags/example_branch_day_of_week_operator.py
[2022-02-25 00:20:42,514] {processor.py:642} INFO - Processing file /home/airflow/.local/lib/python3.7/site-packages/airflow/example_dags/example_branch_day_of_week_operator.py for tasks to queue
[2022-02-25 00:20:42,515] {logging_mixin.py:109} INFO - [2022-02-25 00:20:42,515] {dagbag.py:500} INFO - Filling up the DagBag from /home/airflow/.local/lib/python3.7/site-packages/airflow/example_dags/example_branch_day_of_week_operator.py
[2022-02-25 00:20:42,545] {processor.py:654} INFO - DAG(s) dict_keys(['example_weekday_branch_operator']) retrieved from /home/airflow/.local/lib/python3.7/site-packages/airflow/example_dags/example_branch_day_of_week_operator.py
[2022-02-25 00:20:42,556] {logging_mixin.py:109} INFO - [2022-02-25 00:20:42,555] {dag.py:2396} INFO - Sync 1 DAGs
[2022-02-25 00:20:42,572] {logging_mixin.py:109} INFO - [2022-02-25 00:20:42,572] {dag.py:2935} INFO - Setting next_dagrun for example_weekday_branch_operator to 2022-02-24 00:00:00+00:00
[2022-02-25 00:20:42,581] {processor.py:171} INFO - Processing /home/airflow/.local/lib/python3.7/site-packages/airflow/example_dags/example_branch_day_of_week_operator.py took 0.074 seconds
[2022-02-25 00:21:12,978] {processor.py:163} INFO - Started process (PID=18263) to work on /home/airflow/.local/lib/python3.7/site-packages/airflow/example_dags/example_branch_day_of_week_operator.py
[2022-02-25 00:21:12,980] {processor.py:642} INFO - Processing file /home/airflow/.local/lib/python3.7/site-packages/airflow/example_dags/example_branch_day_of_week_operator.py for tasks to queue
[2022-02-25 00:21:12,981] {logging_mixin.py:109} INFO - [2022-02-25 00:21:12,981] {dagbag.py:500} INFO - Filling up the DagBag from /home/airflow/.local/lib/python3.7/site-packages/airflow/example_dags/example_branch_day_of_week_operator.py
[2022-02-25 00:21:13,014] {processor.py:654} INFO - DAG(s) dict_keys(['example_weekday_branch_operator']) retrieved from /home/airflow/.local/lib/python3.7/site-packages/airflow/example_dags/example_branch_day_of_week_operator.py
[2022-02-25 00:21:13,024] {logging_mixin.py:109} INFO - [2022-02-25 00:21:13,023] {dag.py:2396} INFO - Sync 1 DAGs
[2022-02-25 00:21:13,041] {logging_mixin.py:109} INFO - [2022-02-25 00:21:13,041] {dag.py:2935} INFO - Setting next_dagrun for example_weekday_branch_operator to 2022-02-24 00:00:00+00:00
[2022-02-25 00:21:13,050] {processor.py:171} INFO - Processing /home/airflow/.local/lib/python3.7/site-packages/airflow/example_dags/example_branch_day_of_week_operator.py took 0.077 seconds
[2022-02-25 00:21:43,396] {processor.py:163} INFO - Started process (PID=18314) to work on /home/airflow/.local/lib/python3.7/site-packages/airflow/example_dags/example_branch_day_of_week_operator.py
[2022-02-25 00:21:43,398] {processor.py:642} INFO - Processing file /home/airflow/.local/lib/python3.7/site-packages/airflow/example_dags/example_branch_day_of_week_operator.py for tasks to queue
[2022-02-25 00:21:43,400] {logging_mixin.py:109} INFO - [2022-02-25 00:21:43,400] {dagbag.py:500} INFO - Filling up the DagBag from /home/airflow/.local/lib/python3.7/site-packages/airflow/example_dags/example_branch_day_of_week_operator.py
[2022-02-25 00:21:43,430] {processor.py:654} INFO - DAG(s) dict_keys(['example_weekday_branch_operator']) retrieved from /home/airflow/.local/lib/python3.7/site-packages/airflow/example_dags/example_branch_day_of_week_operator.py
[2022-02-25 00:21:43,439] {logging_mixin.py:109} INFO - [2022-02-25 00:21:43,439] {dag.py:2396} INFO - Sync 1 DAGs
[2022-02-25 00:21:43,456] {logging_mixin.py:109} INFO - [2022-02-25 00:21:43,456] {dag.py:2935} INFO - Setting next_dagrun for example_weekday_branch_operator to 2022-02-24 00:00:00+00:00
[2022-02-25 00:21:43,464] {processor.py:171} INFO - Processing /home/airflow/.local/lib/python3.7/site-packages/airflow/example_dags/example_branch_day_of_week_operator.py took 0.072 seconds
[2022-02-25 00:22:13,721] {processor.py:163} INFO - Started process (PID=18376) to work on /home/airflow/.local/lib/python3.7/site-packages/airflow/example_dags/example_branch_day_of_week_operator.py
[2022-02-25 00:22:13,723] {processor.py:642} INFO - Processing file /home/airflow/.local/lib/python3.7/site-packages/airflow/example_dags/example_branch_day_of_week_operator.py for tasks to queue
[2022-02-25 00:22:13,724] {logging_mixin.py:109} INFO - [2022-02-25 00:22:13,724] {dagbag.py:500} INFO - Filling up the DagBag from /home/airflow/.local/lib/python3.7/site-packages/airflow/example_dags/example_branch_day_of_week_operator.py
[2022-02-25 00:22:13,756] {processor.py:654} INFO - DAG(s) dict_keys(['example_weekday_branch_operator']) retrieved from /home/airflow/.local/lib/python3.7/site-packages/airflow/example_dags/example_branch_day_of_week_operator.py
[2022-02-25 00:22:13,767] {logging_mixin.py:109} INFO - [2022-02-25 00:22:13,767] {dag.py:2396} INFO - Sync 1 DAGs
[2022-02-25 00:22:13,785] {logging_mixin.py:109} INFO - [2022-02-25 00:22:13,785] {dag.py:2935} INFO - Setting next_dagrun for example_weekday_branch_operator to 2022-02-24 00:00:00+00:00
[2022-02-25 00:22:13,795] {processor.py:171} INFO - Processing /home/airflow/.local/lib/python3.7/site-packages/airflow/example_dags/example_branch_day_of_week_operator.py took 0.077 seconds
[2022-02-25 00:22:43,950] {processor.py:163} INFO - Started process (PID=18427) to work on /home/airflow/.local/lib/python3.7/site-packages/airflow/example_dags/example_branch_day_of_week_operator.py
[2022-02-25 00:22:43,952] {processor.py:642} INFO - Processing file /home/airflow/.local/lib/python3.7/site-packages/airflow/example_dags/example_branch_day_of_week_operator.py for tasks to queue
[2022-02-25 00:22:43,953] {logging_mixin.py:109} INFO - [2022-02-25 00:22:43,953] {dagbag.py:500} INFO - Filling up the DagBag from /home/airflow/.local/lib/python3.7/site-packages/airflow/example_dags/example_branch_day_of_week_operator.py
[2022-02-25 00:22:43,983] {processor.py:654} INFO - DAG(s) dict_keys(['example_weekday_branch_operator']) retrieved from /home/airflow/.local/lib/python3.7/site-packages/airflow/example_dags/example_branch_day_of_week_operator.py
[2022-02-25 00:22:43,993] {logging_mixin.py:109} INFO - [2022-02-25 00:22:43,993] {dag.py:2396} INFO - Sync 1 DAGs
[2022-02-25 00:22:44,011] {logging_mixin.py:109} INFO - [2022-02-25 00:22:44,010] {dag.py:2935} INFO - Setting next_dagrun for example_weekday_branch_operator to 2022-02-24 00:00:00+00:00
[2022-02-25 00:22:44,021] {processor.py:171} INFO - Processing /home/airflow/.local/lib/python3.7/site-packages/airflow/example_dags/example_branch_day_of_week_operator.py took 0.075 seconds
[2022-02-25 00:23:14,608] {processor.py:163} INFO - Started process (PID=18491) to work on /home/airflow/.local/lib/python3.7/site-packages/airflow/example_dags/example_branch_day_of_week_operator.py
[2022-02-25 00:23:14,610] {processor.py:642} INFO - Processing file /home/airflow/.local/lib/python3.7/site-packages/airflow/example_dags/example_branch_day_of_week_operator.py for tasks to queue
[2022-02-25 00:23:14,612] {logging_mixin.py:109} INFO - [2022-02-25 00:23:14,611] {dagbag.py:500} INFO - Filling up the DagBag from /home/airflow/.local/lib/python3.7/site-packages/airflow/example_dags/example_branch_day_of_week_operator.py
[2022-02-25 00:23:14,647] {processor.py:654} INFO - DAG(s) dict_keys(['example_weekday_branch_operator']) retrieved from /home/airflow/.local/lib/python3.7/site-packages/airflow/example_dags/example_branch_day_of_week_operator.py
[2022-02-25 00:23:14,657] {logging_mixin.py:109} INFO - [2022-02-25 00:23:14,657] {dag.py:2396} INFO - Sync 1 DAGs
[2022-02-25 00:23:14,674] {logging_mixin.py:109} INFO - [2022-02-25 00:23:14,674] {dag.py:2935} INFO - Setting next_dagrun for example_weekday_branch_operator to 2022-02-24 00:00:00+00:00
[2022-02-25 00:23:14,683] {processor.py:171} INFO - Processing /home/airflow/.local/lib/python3.7/site-packages/airflow/example_dags/example_branch_day_of_week_operator.py took 0.080 seconds
[2022-02-25 00:23:44,731] {processor.py:163} INFO - Started process (PID=18544) to work on /home/airflow/.local/lib/python3.7/site-packages/airflow/example_dags/example_branch_day_of_week_operator.py
[2022-02-25 00:23:44,732] {processor.py:642} INFO - Processing file /home/airflow/.local/lib/python3.7/site-packages/airflow/example_dags/example_branch_day_of_week_operator.py for tasks to queue
[2022-02-25 00:23:44,733] {logging_mixin.py:109} INFO - [2022-02-25 00:23:44,733] {dagbag.py:500} INFO - Filling up the DagBag from /home/airflow/.local/lib/python3.7/site-packages/airflow/example_dags/example_branch_day_of_week_operator.py
[2022-02-25 00:23:44,773] {processor.py:654} INFO - DAG(s) dict_keys(['example_weekday_branch_operator']) retrieved from /home/airflow/.local/lib/python3.7/site-packages/airflow/example_dags/example_branch_day_of_week_operator.py
[2022-02-25 00:23:44,786] {logging_mixin.py:109} INFO - [2022-02-25 00:23:44,786] {dag.py:2396} INFO - Sync 1 DAGs
[2022-02-25 00:23:44,815] {logging_mixin.py:109} INFO - [2022-02-25 00:23:44,815] {dag.py:2935} INFO - Setting next_dagrun for example_weekday_branch_operator to 2022-02-24 00:00:00+00:00
[2022-02-25 00:23:44,829] {processor.py:171} INFO - Processing /home/airflow/.local/lib/python3.7/site-packages/airflow/example_dags/example_branch_day_of_week_operator.py took 0.102 seconds
[2022-02-25 00:24:15,146] {processor.py:163} INFO - Started process (PID=18605) to work on /home/airflow/.local/lib/python3.7/site-packages/airflow/example_dags/example_branch_day_of_week_operator.py
[2022-02-25 00:24:15,148] {processor.py:642} INFO - Processing file /home/airflow/.local/lib/python3.7/site-packages/airflow/example_dags/example_branch_day_of_week_operator.py for tasks to queue
[2022-02-25 00:24:15,149] {logging_mixin.py:109} INFO - [2022-02-25 00:24:15,149] {dagbag.py:500} INFO - Filling up the DagBag from /home/airflow/.local/lib/python3.7/site-packages/airflow/example_dags/example_branch_day_of_week_operator.py
[2022-02-25 00:24:15,182] {processor.py:654} INFO - DAG(s) dict_keys(['example_weekday_branch_operator']) retrieved from /home/airflow/.local/lib/python3.7/site-packages/airflow/example_dags/example_branch_day_of_week_operator.py
[2022-02-25 00:24:15,199] {logging_mixin.py:109} INFO - [2022-02-25 00:24:15,199] {dag.py:2396} INFO - Sync 1 DAGs
[2022-02-25 00:24:15,216] {logging_mixin.py:109} INFO - [2022-02-25 00:24:15,216] {dag.py:2935} INFO - Setting next_dagrun for example_weekday_branch_operator to 2022-02-24 00:00:00+00:00
[2022-02-25 00:24:15,224] {processor.py:171} INFO - Processing /home/airflow/.local/lib/python3.7/site-packages/airflow/example_dags/example_branch_day_of_week_operator.py took 0.082 seconds
[2022-02-25 00:24:45,647] {processor.py:163} INFO - Started process (PID=18657) to work on /home/airflow/.local/lib/python3.7/site-packages/airflow/example_dags/example_branch_day_of_week_operator.py
[2022-02-25 00:24:45,650] {processor.py:642} INFO - Processing file /home/airflow/.local/lib/python3.7/site-packages/airflow/example_dags/example_branch_day_of_week_operator.py for tasks to queue
[2022-02-25 00:24:45,652] {logging_mixin.py:109} INFO - [2022-02-25 00:24:45,652] {dagbag.py:500} INFO - Filling up the DagBag from /home/airflow/.local/lib/python3.7/site-packages/airflow/example_dags/example_branch_day_of_week_operator.py
[2022-02-25 00:24:45,680] {processor.py:654} INFO - DAG(s) dict_keys(['example_weekday_branch_operator']) retrieved from /home/airflow/.local/lib/python3.7/site-packages/airflow/example_dags/example_branch_day_of_week_operator.py
[2022-02-25 00:24:45,690] {logging_mixin.py:109} INFO - [2022-02-25 00:24:45,690] {dag.py:2396} INFO - Sync 1 DAGs
[2022-02-25 00:24:45,708] {logging_mixin.py:109} INFO - [2022-02-25 00:24:45,707] {dag.py:2935} INFO - Setting next_dagrun for example_weekday_branch_operator to 2022-02-24 00:00:00+00:00
[2022-02-25 00:24:45,717] {processor.py:171} INFO - Processing /home/airflow/.local/lib/python3.7/site-packages/airflow/example_dags/example_branch_day_of_week_operator.py took 0.074 seconds
[2022-02-25 00:25:16,041] {processor.py:163} INFO - Started process (PID=18718) to work on /home/airflow/.local/lib/python3.7/site-packages/airflow/example_dags/example_branch_day_of_week_operator.py
[2022-02-25 00:25:16,043] {processor.py:642} INFO - Processing file /home/airflow/.local/lib/python3.7/site-packages/airflow/example_dags/example_branch_day_of_week_operator.py for tasks to queue
[2022-02-25 00:25:16,045] {logging_mixin.py:109} INFO - [2022-02-25 00:25:16,045] {dagbag.py:500} INFO - Filling up the DagBag from /home/airflow/.local/lib/python3.7/site-packages/airflow/example_dags/example_branch_day_of_week_operator.py
[2022-02-25 00:25:16,082] {processor.py:654} INFO - DAG(s) dict_keys(['example_weekday_branch_operator']) retrieved from /home/airflow/.local/lib/python3.7/site-packages/airflow/example_dags/example_branch_day_of_week_operator.py
[2022-02-25 00:25:16,092] {logging_mixin.py:109} INFO - [2022-02-25 00:25:16,092] {dag.py:2396} INFO - Sync 1 DAGs
[2022-02-25 00:25:16,117] {logging_mixin.py:109} INFO - [2022-02-25 00:25:16,116] {dag.py:2935} INFO - Setting next_dagrun for example_weekday_branch_operator to 2022-02-24 00:00:00+00:00
[2022-02-25 00:25:16,128] {processor.py:171} INFO - Processing /home/airflow/.local/lib/python3.7/site-packages/airflow/example_dags/example_branch_day_of_week_operator.py took 0.093 seconds
[2022-02-25 00:25:46,377] {processor.py:163} INFO - Started process (PID=18773) to work on /home/airflow/.local/lib/python3.7/site-packages/airflow/example_dags/example_branch_day_of_week_operator.py
[2022-02-25 00:25:46,380] {processor.py:642} INFO - Processing file /home/airflow/.local/lib/python3.7/site-packages/airflow/example_dags/example_branch_day_of_week_operator.py for tasks to queue
[2022-02-25 00:25:46,382] {logging_mixin.py:109} INFO - [2022-02-25 00:25:46,381] {dagbag.py:500} INFO - Filling up the DagBag from /home/airflow/.local/lib/python3.7/site-packages/airflow/example_dags/example_branch_day_of_week_operator.py
[2022-02-25 00:25:46,425] {processor.py:654} INFO - DAG(s) dict_keys(['example_weekday_branch_operator']) retrieved from /home/airflow/.local/lib/python3.7/site-packages/airflow/example_dags/example_branch_day_of_week_operator.py
[2022-02-25 00:25:46,438] {logging_mixin.py:109} INFO - [2022-02-25 00:25:46,437] {dag.py:2396} INFO - Sync 1 DAGs
[2022-02-25 00:25:46,460] {logging_mixin.py:109} INFO - [2022-02-25 00:25:46,460] {dag.py:2935} INFO - Setting next_dagrun for example_weekday_branch_operator to 2022-02-24 00:00:00+00:00
[2022-02-25 00:25:46,472] {processor.py:171} INFO - Processing /home/airflow/.local/lib/python3.7/site-packages/airflow/example_dags/example_branch_day_of_week_operator.py took 0.101 seconds
[2022-02-25 00:26:16,624] {processor.py:163} INFO - Started process (PID=18834) to work on /home/airflow/.local/lib/python3.7/site-packages/airflow/example_dags/example_branch_day_of_week_operator.py
[2022-02-25 00:26:16,628] {processor.py:642} INFO - Processing file /home/airflow/.local/lib/python3.7/site-packages/airflow/example_dags/example_branch_day_of_week_operator.py for tasks to queue
[2022-02-25 00:26:16,630] {logging_mixin.py:109} INFO - [2022-02-25 00:26:16,630] {dagbag.py:500} INFO - Filling up the DagBag from /home/airflow/.local/lib/python3.7/site-packages/airflow/example_dags/example_branch_day_of_week_operator.py
[2022-02-25 00:26:16,698] {processor.py:654} INFO - DAG(s) dict_keys(['example_weekday_branch_operator']) retrieved from /home/airflow/.local/lib/python3.7/site-packages/airflow/example_dags/example_branch_day_of_week_operator.py
[2022-02-25 00:26:16,712] {logging_mixin.py:109} INFO - [2022-02-25 00:26:16,712] {dag.py:2396} INFO - Sync 1 DAGs
[2022-02-25 00:26:16,734] {logging_mixin.py:109} INFO - [2022-02-25 00:26:16,734] {dag.py:2935} INFO - Setting next_dagrun for example_weekday_branch_operator to 2022-02-24 00:00:00+00:00
[2022-02-25 00:26:16,752] {processor.py:171} INFO - Processing /home/airflow/.local/lib/python3.7/site-packages/airflow/example_dags/example_branch_day_of_week_operator.py took 0.135 seconds
[2022-02-25 00:26:47,310] {processor.py:163} INFO - Started process (PID=18885) to work on /home/airflow/.local/lib/python3.7/site-packages/airflow/example_dags/example_branch_day_of_week_operator.py
[2022-02-25 00:26:47,312] {processor.py:642} INFO - Processing file /home/airflow/.local/lib/python3.7/site-packages/airflow/example_dags/example_branch_day_of_week_operator.py for tasks to queue
[2022-02-25 00:26:47,313] {logging_mixin.py:109} INFO - [2022-02-25 00:26:47,313] {dagbag.py:500} INFO - Filling up the DagBag from /home/airflow/.local/lib/python3.7/site-packages/airflow/example_dags/example_branch_day_of_week_operator.py
[2022-02-25 00:26:47,359] {processor.py:654} INFO - DAG(s) dict_keys(['example_weekday_branch_operator']) retrieved from /home/airflow/.local/lib/python3.7/site-packages/airflow/example_dags/example_branch_day_of_week_operator.py
[2022-02-25 00:26:47,377] {logging_mixin.py:109} INFO - [2022-02-25 00:26:47,377] {dag.py:2396} INFO - Sync 1 DAGs
[2022-02-25 00:26:47,401] {logging_mixin.py:109} INFO - [2022-02-25 00:26:47,401] {dag.py:2935} INFO - Setting next_dagrun for example_weekday_branch_operator to 2022-02-24 00:00:00+00:00
[2022-02-25 00:26:47,416] {processor.py:171} INFO - Processing /home/airflow/.local/lib/python3.7/site-packages/airflow/example_dags/example_branch_day_of_week_operator.py took 0.114 seconds
[2022-02-25 00:27:17,638] {processor.py:163} INFO - Started process (PID=18936) to work on /home/airflow/.local/lib/python3.7/site-packages/airflow/example_dags/example_branch_day_of_week_operator.py
[2022-02-25 00:27:17,640] {processor.py:642} INFO - Processing file /home/airflow/.local/lib/python3.7/site-packages/airflow/example_dags/example_branch_day_of_week_operator.py for tasks to queue
[2022-02-25 00:27:17,642] {logging_mixin.py:109} INFO - [2022-02-25 00:27:17,642] {dagbag.py:500} INFO - Filling up the DagBag from /home/airflow/.local/lib/python3.7/site-packages/airflow/example_dags/example_branch_day_of_week_operator.py
[2022-02-25 00:27:17,675] {processor.py:654} INFO - DAG(s) dict_keys(['example_weekday_branch_operator']) retrieved from /home/airflow/.local/lib/python3.7/site-packages/airflow/example_dags/example_branch_day_of_week_operator.py
[2022-02-25 00:27:17,685] {logging_mixin.py:109} INFO - [2022-02-25 00:27:17,685] {dag.py:2396} INFO - Sync 1 DAGs
[2022-02-25 00:27:17,703] {logging_mixin.py:109} INFO - [2022-02-25 00:27:17,703] {dag.py:2935} INFO - Setting next_dagrun for example_weekday_branch_operator to 2022-02-24 00:00:00+00:00
[2022-02-25 00:27:17,713] {processor.py:171} INFO - Processing /home/airflow/.local/lib/python3.7/site-packages/airflow/example_dags/example_branch_day_of_week_operator.py took 0.080 seconds
[2022-02-25 00:27:48,116] {processor.py:163} INFO - Started process (PID=18998) to work on /home/airflow/.local/lib/python3.7/site-packages/airflow/example_dags/example_branch_day_of_week_operator.py
[2022-02-25 00:27:48,119] {processor.py:642} INFO - Processing file /home/airflow/.local/lib/python3.7/site-packages/airflow/example_dags/example_branch_day_of_week_operator.py for tasks to queue
[2022-02-25 00:27:48,121] {logging_mixin.py:109} INFO - [2022-02-25 00:27:48,121] {dagbag.py:500} INFO - Filling up the DagBag from /home/airflow/.local/lib/python3.7/site-packages/airflow/example_dags/example_branch_day_of_week_operator.py
[2022-02-25 00:27:48,154] {processor.py:654} INFO - DAG(s) dict_keys(['example_weekday_branch_operator']) retrieved from /home/airflow/.local/lib/python3.7/site-packages/airflow/example_dags/example_branch_day_of_week_operator.py
[2022-02-25 00:27:48,166] {logging_mixin.py:109} INFO - [2022-02-25 00:27:48,166] {dag.py:2396} INFO - Sync 1 DAGs
[2022-02-25 00:27:48,183] {logging_mixin.py:109} INFO - [2022-02-25 00:27:48,183] {dag.py:2935} INFO - Setting next_dagrun for example_weekday_branch_operator to 2022-02-24 00:00:00+00:00
[2022-02-25 00:27:48,193] {processor.py:171} INFO - Processing /home/airflow/.local/lib/python3.7/site-packages/airflow/example_dags/example_branch_day_of_week_operator.py took 0.080 seconds
[2022-02-25 00:28:18,506] {processor.py:163} INFO - Started process (PID=19049) to work on /home/airflow/.local/lib/python3.7/site-packages/airflow/example_dags/example_branch_day_of_week_operator.py
[2022-02-25 00:28:18,509] {processor.py:642} INFO - Processing file /home/airflow/.local/lib/python3.7/site-packages/airflow/example_dags/example_branch_day_of_week_operator.py for tasks to queue
[2022-02-25 00:28:18,510] {logging_mixin.py:109} INFO - [2022-02-25 00:28:18,510] {dagbag.py:500} INFO - Filling up the DagBag from /home/airflow/.local/lib/python3.7/site-packages/airflow/example_dags/example_branch_day_of_week_operator.py
[2022-02-25 00:28:18,539] {processor.py:654} INFO - DAG(s) dict_keys(['example_weekday_branch_operator']) retrieved from /home/airflow/.local/lib/python3.7/site-packages/airflow/example_dags/example_branch_day_of_week_operator.py
[2022-02-25 00:28:18,550] {logging_mixin.py:109} INFO - [2022-02-25 00:28:18,550] {dag.py:2396} INFO - Sync 1 DAGs
[2022-02-25 00:28:18,567] {logging_mixin.py:109} INFO - [2022-02-25 00:28:18,567] {dag.py:2935} INFO - Setting next_dagrun for example_weekday_branch_operator to 2022-02-24 00:00:00+00:00
[2022-02-25 00:28:18,576] {processor.py:171} INFO - Processing /home/airflow/.local/lib/python3.7/site-packages/airflow/example_dags/example_branch_day_of_week_operator.py took 0.074 seconds
[2022-02-25 00:28:49,487] {processor.py:163} INFO - Started process (PID=19110) to work on /home/airflow/.local/lib/python3.7/site-packages/airflow/example_dags/example_branch_day_of_week_operator.py
[2022-02-25 00:28:49,489] {processor.py:642} INFO - Processing file /home/airflow/.local/lib/python3.7/site-packages/airflow/example_dags/example_branch_day_of_week_operator.py for tasks to queue
[2022-02-25 00:28:49,490] {logging_mixin.py:109} INFO - [2022-02-25 00:28:49,490] {dagbag.py:500} INFO - Filling up the DagBag from /home/airflow/.local/lib/python3.7/site-packages/airflow/example_dags/example_branch_day_of_week_operator.py
[2022-02-25 00:28:49,522] {processor.py:654} INFO - DAG(s) dict_keys(['example_weekday_branch_operator']) retrieved from /home/airflow/.local/lib/python3.7/site-packages/airflow/example_dags/example_branch_day_of_week_operator.py
[2022-02-25 00:28:49,532] {logging_mixin.py:109} INFO - [2022-02-25 00:28:49,532] {dag.py:2396} INFO - Sync 1 DAGs
[2022-02-25 00:28:49,550] {logging_mixin.py:109} INFO - [2022-02-25 00:28:49,550] {dag.py:2935} INFO - Setting next_dagrun for example_weekday_branch_operator to 2022-02-24 00:00:00+00:00
[2022-02-25 00:28:49,560] {processor.py:171} INFO - Processing /home/airflow/.local/lib/python3.7/site-packages/airflow/example_dags/example_branch_day_of_week_operator.py took 0.077 seconds
[2022-02-25 00:29:19,846] {processor.py:163} INFO - Started process (PID=19162) to work on /home/airflow/.local/lib/python3.7/site-packages/airflow/example_dags/example_branch_day_of_week_operator.py
[2022-02-25 00:29:19,848] {processor.py:642} INFO - Processing file /home/airflow/.local/lib/python3.7/site-packages/airflow/example_dags/example_branch_day_of_week_operator.py for tasks to queue
[2022-02-25 00:29:19,849] {logging_mixin.py:109} INFO - [2022-02-25 00:29:19,849] {dagbag.py:500} INFO - Filling up the DagBag from /home/airflow/.local/lib/python3.7/site-packages/airflow/example_dags/example_branch_day_of_week_operator.py
[2022-02-25 00:29:19,874] {processor.py:654} INFO - DAG(s) dict_keys(['example_weekday_branch_operator']) retrieved from /home/airflow/.local/lib/python3.7/site-packages/airflow/example_dags/example_branch_day_of_week_operator.py
[2022-02-25 00:29:19,883] {logging_mixin.py:109} INFO - [2022-02-25 00:29:19,883] {dag.py:2396} INFO - Sync 1 DAGs
[2022-02-25 00:29:19,898] {logging_mixin.py:109} INFO - [2022-02-25 00:29:19,898] {dag.py:2935} INFO - Setting next_dagrun for example_weekday_branch_operator to 2022-02-24 00:00:00+00:00
[2022-02-25 00:29:19,908] {processor.py:171} INFO - Processing /home/airflow/.local/lib/python3.7/site-packages/airflow/example_dags/example_branch_day_of_week_operator.py took 0.065 seconds
[2022-02-25 00:29:50,820] {processor.py:163} INFO - Started process (PID=19222) to work on /home/airflow/.local/lib/python3.7/site-packages/airflow/example_dags/example_branch_day_of_week_operator.py
[2022-02-25 00:29:50,822] {processor.py:642} INFO - Processing file /home/airflow/.local/lib/python3.7/site-packages/airflow/example_dags/example_branch_day_of_week_operator.py for tasks to queue
[2022-02-25 00:29:50,823] {logging_mixin.py:109} INFO - [2022-02-25 00:29:50,823] {dagbag.py:500} INFO - Filling up the DagBag from /home/airflow/.local/lib/python3.7/site-packages/airflow/example_dags/example_branch_day_of_week_operator.py
[2022-02-25 00:29:50,854] {processor.py:654} INFO - DAG(s) dict_keys(['example_weekday_branch_operator']) retrieved from /home/airflow/.local/lib/python3.7/site-packages/airflow/example_dags/example_branch_day_of_week_operator.py
[2022-02-25 00:29:50,867] {logging_mixin.py:109} INFO - [2022-02-25 00:29:50,867] {dag.py:2396} INFO - Sync 1 DAGs
[2022-02-25 00:29:50,889] {logging_mixin.py:109} INFO - [2022-02-25 00:29:50,889] {dag.py:2935} INFO - Setting next_dagrun for example_weekday_branch_operator to 2022-02-24 00:00:00+00:00
[2022-02-25 00:29:50,900] {processor.py:171} INFO - Processing /home/airflow/.local/lib/python3.7/site-packages/airflow/example_dags/example_branch_day_of_week_operator.py took 0.084 seconds
[2022-02-25 00:30:21,311] {processor.py:163} INFO - Started process (PID=19273) to work on /home/airflow/.local/lib/python3.7/site-packages/airflow/example_dags/example_branch_day_of_week_operator.py
[2022-02-25 00:30:21,313] {processor.py:642} INFO - Processing file /home/airflow/.local/lib/python3.7/site-packages/airflow/example_dags/example_branch_day_of_week_operator.py for tasks to queue
[2022-02-25 00:30:21,314] {logging_mixin.py:109} INFO - [2022-02-25 00:30:21,314] {dagbag.py:500} INFO - Filling up the DagBag from /home/airflow/.local/lib/python3.7/site-packages/airflow/example_dags/example_branch_day_of_week_operator.py
[2022-02-25 00:30:21,360] {processor.py:654} INFO - DAG(s) dict_keys(['example_weekday_branch_operator']) retrieved from /home/airflow/.local/lib/python3.7/site-packages/airflow/example_dags/example_branch_day_of_week_operator.py
[2022-02-25 00:30:21,373] {logging_mixin.py:109} INFO - [2022-02-25 00:30:21,373] {dag.py:2396} INFO - Sync 1 DAGs
[2022-02-25 00:30:21,394] {logging_mixin.py:109} INFO - [2022-02-25 00:30:21,394] {dag.py:2935} INFO - Setting next_dagrun for example_weekday_branch_operator to 2022-02-24 00:00:00+00:00
[2022-02-25 00:30:21,405] {processor.py:171} INFO - Processing /home/airflow/.local/lib/python3.7/site-packages/airflow/example_dags/example_branch_day_of_week_operator.py took 0.098 seconds
[2022-02-25 00:30:51,802] {processor.py:163} INFO - Started process (PID=19334) to work on /home/airflow/.local/lib/python3.7/site-packages/airflow/example_dags/example_branch_day_of_week_operator.py
[2022-02-25 00:30:51,808] {processor.py:642} INFO - Processing file /home/airflow/.local/lib/python3.7/site-packages/airflow/example_dags/example_branch_day_of_week_operator.py for tasks to queue
[2022-02-25 00:30:51,811] {logging_mixin.py:109} INFO - [2022-02-25 00:30:51,811] {dagbag.py:500} INFO - Filling up the DagBag from /home/airflow/.local/lib/python3.7/site-packages/airflow/example_dags/example_branch_day_of_week_operator.py
[2022-02-25 00:30:51,855] {processor.py:654} INFO - DAG(s) dict_keys(['example_weekday_branch_operator']) retrieved from /home/airflow/.local/lib/python3.7/site-packages/airflow/example_dags/example_branch_day_of_week_operator.py
[2022-02-25 00:30:51,866] {logging_mixin.py:109} INFO - [2022-02-25 00:30:51,866] {dag.py:2396} INFO - Sync 1 DAGs
[2022-02-25 00:30:51,886] {logging_mixin.py:109} INFO - [2022-02-25 00:30:51,886] {dag.py:2935} INFO - Setting next_dagrun for example_weekday_branch_operator to 2022-02-24 00:00:00+00:00
[2022-02-25 00:30:51,896] {processor.py:171} INFO - Processing /home/airflow/.local/lib/python3.7/site-packages/airflow/example_dags/example_branch_day_of_week_operator.py took 0.101 seconds
[2022-02-25 00:31:22,804] {processor.py:163} INFO - Started process (PID=19387) to work on /home/airflow/.local/lib/python3.7/site-packages/airflow/example_dags/example_branch_day_of_week_operator.py
[2022-02-25 00:31:22,807] {processor.py:642} INFO - Processing file /home/airflow/.local/lib/python3.7/site-packages/airflow/example_dags/example_branch_day_of_week_operator.py for tasks to queue
[2022-02-25 00:31:22,808] {logging_mixin.py:109} INFO - [2022-02-25 00:31:22,808] {dagbag.py:500} INFO - Filling up the DagBag from /home/airflow/.local/lib/python3.7/site-packages/airflow/example_dags/example_branch_day_of_week_operator.py
[2022-02-25 00:31:22,838] {processor.py:654} INFO - DAG(s) dict_keys(['example_weekday_branch_operator']) retrieved from /home/airflow/.local/lib/python3.7/site-packages/airflow/example_dags/example_branch_day_of_week_operator.py
[2022-02-25 00:31:22,848] {logging_mixin.py:109} INFO - [2022-02-25 00:31:22,848] {dag.py:2396} INFO - Sync 1 DAGs
[2022-02-25 00:31:22,866] {logging_mixin.py:109} INFO - [2022-02-25 00:31:22,866] {dag.py:2935} INFO - Setting next_dagrun for example_weekday_branch_operator to 2022-02-24 00:00:00+00:00
[2022-02-25 00:31:22,875] {processor.py:171} INFO - Processing /home/airflow/.local/lib/python3.7/site-packages/airflow/example_dags/example_branch_day_of_week_operator.py took 0.075 seconds
[2022-02-25 00:31:53,183] {processor.py:163} INFO - Started process (PID=19447) to work on /home/airflow/.local/lib/python3.7/site-packages/airflow/example_dags/example_branch_day_of_week_operator.py
[2022-02-25 00:31:53,185] {processor.py:642} INFO - Processing file /home/airflow/.local/lib/python3.7/site-packages/airflow/example_dags/example_branch_day_of_week_operator.py for tasks to queue
[2022-02-25 00:31:53,186] {logging_mixin.py:109} INFO - [2022-02-25 00:31:53,186] {dagbag.py:500} INFO - Filling up the DagBag from /home/airflow/.local/lib/python3.7/site-packages/airflow/example_dags/example_branch_day_of_week_operator.py
[2022-02-25 00:31:53,216] {processor.py:654} INFO - DAG(s) dict_keys(['example_weekday_branch_operator']) retrieved from /home/airflow/.local/lib/python3.7/site-packages/airflow/example_dags/example_branch_day_of_week_operator.py
[2022-02-25 00:31:53,227] {logging_mixin.py:109} INFO - [2022-02-25 00:31:53,227] {dag.py:2396} INFO - Sync 1 DAGs
[2022-02-25 00:31:53,246] {logging_mixin.py:109} INFO - [2022-02-25 00:31:53,246] {dag.py:2935} INFO - Setting next_dagrun for example_weekday_branch_operator to 2022-02-24 00:00:00+00:00
[2022-02-25 00:31:53,257] {processor.py:171} INFO - Processing /home/airflow/.local/lib/python3.7/site-packages/airflow/example_dags/example_branch_day_of_week_operator.py took 0.077 seconds
[2022-02-25 00:32:23,687] {processor.py:163} INFO - Started process (PID=19498) to work on /home/airflow/.local/lib/python3.7/site-packages/airflow/example_dags/example_branch_day_of_week_operator.py
[2022-02-25 00:32:23,689] {processor.py:642} INFO - Processing file /home/airflow/.local/lib/python3.7/site-packages/airflow/example_dags/example_branch_day_of_week_operator.py for tasks to queue
[2022-02-25 00:32:23,691] {logging_mixin.py:109} INFO - [2022-02-25 00:32:23,691] {dagbag.py:500} INFO - Filling up the DagBag from /home/airflow/.local/lib/python3.7/site-packages/airflow/example_dags/example_branch_day_of_week_operator.py
[2022-02-25 00:32:23,723] {processor.py:654} INFO - DAG(s) dict_keys(['example_weekday_branch_operator']) retrieved from /home/airflow/.local/lib/python3.7/site-packages/airflow/example_dags/example_branch_day_of_week_operator.py
[2022-02-25 00:32:23,735] {logging_mixin.py:109} INFO - [2022-02-25 00:32:23,735] {dag.py:2396} INFO - Sync 1 DAGs
[2022-02-25 00:32:23,753] {logging_mixin.py:109} INFO - [2022-02-25 00:32:23,753] {dag.py:2935} INFO - Setting next_dagrun for example_weekday_branch_operator to 2022-02-24 00:00:00+00:00
[2022-02-25 00:32:23,764] {processor.py:171} INFO - Processing /home/airflow/.local/lib/python3.7/site-packages/airflow/example_dags/example_branch_day_of_week_operator.py took 0.080 seconds
[2022-02-25 00:32:54,666] {processor.py:163} INFO - Started process (PID=19559) to work on /home/airflow/.local/lib/python3.7/site-packages/airflow/example_dags/example_branch_day_of_week_operator.py
[2022-02-25 00:32:54,668] {processor.py:642} INFO - Processing file /home/airflow/.local/lib/python3.7/site-packages/airflow/example_dags/example_branch_day_of_week_operator.py for tasks to queue
[2022-02-25 00:32:54,669] {logging_mixin.py:109} INFO - [2022-02-25 00:32:54,669] {dagbag.py:500} INFO - Filling up the DagBag from /home/airflow/.local/lib/python3.7/site-packages/airflow/example_dags/example_branch_day_of_week_operator.py
[2022-02-25 00:32:54,703] {processor.py:654} INFO - DAG(s) dict_keys(['example_weekday_branch_operator']) retrieved from /home/airflow/.local/lib/python3.7/site-packages/airflow/example_dags/example_branch_day_of_week_operator.py
[2022-02-25 00:32:54,715] {logging_mixin.py:109} INFO - [2022-02-25 00:32:54,714] {dag.py:2396} INFO - Sync 1 DAGs
[2022-02-25 00:32:54,738] {logging_mixin.py:109} INFO - [2022-02-25 00:32:54,738] {dag.py:2935} INFO - Setting next_dagrun for example_weekday_branch_operator to 2022-02-24 00:00:00+00:00
[2022-02-25 00:32:54,748] {processor.py:171} INFO - Processing /home/airflow/.local/lib/python3.7/site-packages/airflow/example_dags/example_branch_day_of_week_operator.py took 0.088 seconds
