[2022-02-25 00:00:05,068] {processor.py:163} INFO - Started process (PID=15916) to work on /home/airflow/.local/lib/python3.7/site-packages/airflow/example_dags/example_time_delta_sensor_async.py
[2022-02-25 00:00:05,069] {processor.py:642} INFO - Processing file /home/airflow/.local/lib/python3.7/site-packages/airflow/example_dags/example_time_delta_sensor_async.py for tasks to queue
[2022-02-25 00:00:05,070] {logging_mixin.py:109} INFO - [2022-02-25 00:00:05,070] {dagbag.py:500} INFO - Filling up the DagBag from /home/airflow/.local/lib/python3.7/site-packages/airflow/example_dags/example_time_delta_sensor_async.py
[2022-02-25 00:00:05,111] {processor.py:654} INFO - DAG(s) dict_keys(['example_time_delta_sensor_async']) retrieved from /home/airflow/.local/lib/python3.7/site-packages/airflow/example_dags/example_time_delta_sensor_async.py
[2022-02-25 00:00:05,121] {logging_mixin.py:109} INFO - [2022-02-25 00:00:05,121] {dag.py:2396} INFO - Sync 1 DAGs
[2022-02-25 00:00:05,140] {logging_mixin.py:109} INFO - [2022-02-25 00:00:05,140] {dag.py:2935} INFO - Setting next_dagrun for example_time_delta_sensor_async to None
[2022-02-25 00:00:05,153] {processor.py:171} INFO - Processing /home/airflow/.local/lib/python3.7/site-packages/airflow/example_dags/example_time_delta_sensor_async.py took 0.089 seconds
[2022-02-25 00:00:35,479] {processor.py:163} INFO - Started process (PID=15977) to work on /home/airflow/.local/lib/python3.7/site-packages/airflow/example_dags/example_time_delta_sensor_async.py
[2022-02-25 00:00:35,480] {processor.py:642} INFO - Processing file /home/airflow/.local/lib/python3.7/site-packages/airflow/example_dags/example_time_delta_sensor_async.py for tasks to queue
[2022-02-25 00:00:35,482] {logging_mixin.py:109} INFO - [2022-02-25 00:00:35,481] {dagbag.py:500} INFO - Filling up the DagBag from /home/airflow/.local/lib/python3.7/site-packages/airflow/example_dags/example_time_delta_sensor_async.py
[2022-02-25 00:00:35,509] {processor.py:654} INFO - DAG(s) dict_keys(['example_time_delta_sensor_async']) retrieved from /home/airflow/.local/lib/python3.7/site-packages/airflow/example_dags/example_time_delta_sensor_async.py
[2022-02-25 00:00:35,520] {logging_mixin.py:109} INFO - [2022-02-25 00:00:35,519] {dag.py:2396} INFO - Sync 1 DAGs
[2022-02-25 00:00:35,540] {logging_mixin.py:109} INFO - [2022-02-25 00:00:35,540] {dag.py:2935} INFO - Setting next_dagrun for example_time_delta_sensor_async to None
[2022-02-25 00:00:35,551] {processor.py:171} INFO - Processing /home/airflow/.local/lib/python3.7/site-packages/airflow/example_dags/example_time_delta_sensor_async.py took 0.076 seconds
[2022-02-25 00:01:05,942] {processor.py:163} INFO - Started process (PID=16028) to work on /home/airflow/.local/lib/python3.7/site-packages/airflow/example_dags/example_time_delta_sensor_async.py
[2022-02-25 00:01:05,944] {processor.py:642} INFO - Processing file /home/airflow/.local/lib/python3.7/site-packages/airflow/example_dags/example_time_delta_sensor_async.py for tasks to queue
[2022-02-25 00:01:05,945] {logging_mixin.py:109} INFO - [2022-02-25 00:01:05,945] {dagbag.py:500} INFO - Filling up the DagBag from /home/airflow/.local/lib/python3.7/site-packages/airflow/example_dags/example_time_delta_sensor_async.py
[2022-02-25 00:01:05,974] {processor.py:654} INFO - DAG(s) dict_keys(['example_time_delta_sensor_async']) retrieved from /home/airflow/.local/lib/python3.7/site-packages/airflow/example_dags/example_time_delta_sensor_async.py
[2022-02-25 00:01:05,983] {logging_mixin.py:109} INFO - [2022-02-25 00:01:05,983] {dag.py:2396} INFO - Sync 1 DAGs
[2022-02-25 00:01:06,000] {logging_mixin.py:109} INFO - [2022-02-25 00:01:06,000] {dag.py:2935} INFO - Setting next_dagrun for example_time_delta_sensor_async to None
[2022-02-25 00:01:06,010] {processor.py:171} INFO - Processing /home/airflow/.local/lib/python3.7/site-packages/airflow/example_dags/example_time_delta_sensor_async.py took 0.071 seconds
[2022-02-25 00:01:36,382] {processor.py:163} INFO - Started process (PID=16089) to work on /home/airflow/.local/lib/python3.7/site-packages/airflow/example_dags/example_time_delta_sensor_async.py
[2022-02-25 00:01:36,384] {processor.py:642} INFO - Processing file /home/airflow/.local/lib/python3.7/site-packages/airflow/example_dags/example_time_delta_sensor_async.py for tasks to queue
[2022-02-25 00:01:36,385] {logging_mixin.py:109} INFO - [2022-02-25 00:01:36,385] {dagbag.py:500} INFO - Filling up the DagBag from /home/airflow/.local/lib/python3.7/site-packages/airflow/example_dags/example_time_delta_sensor_async.py
[2022-02-25 00:01:36,412] {processor.py:654} INFO - DAG(s) dict_keys(['example_time_delta_sensor_async']) retrieved from /home/airflow/.local/lib/python3.7/site-packages/airflow/example_dags/example_time_delta_sensor_async.py
[2022-02-25 00:01:36,422] {logging_mixin.py:109} INFO - [2022-02-25 00:01:36,421] {dag.py:2396} INFO - Sync 1 DAGs
[2022-02-25 00:01:36,437] {logging_mixin.py:109} INFO - [2022-02-25 00:01:36,437] {dag.py:2935} INFO - Setting next_dagrun for example_time_delta_sensor_async to None
[2022-02-25 00:01:36,445] {processor.py:171} INFO - Processing /home/airflow/.local/lib/python3.7/site-packages/airflow/example_dags/example_time_delta_sensor_async.py took 0.067 seconds
[2022-02-25 00:02:06,704] {processor.py:163} INFO - Started process (PID=16140) to work on /home/airflow/.local/lib/python3.7/site-packages/airflow/example_dags/example_time_delta_sensor_async.py
[2022-02-25 00:02:06,706] {processor.py:642} INFO - Processing file /home/airflow/.local/lib/python3.7/site-packages/airflow/example_dags/example_time_delta_sensor_async.py for tasks to queue
[2022-02-25 00:02:06,708] {logging_mixin.py:109} INFO - [2022-02-25 00:02:06,707] {dagbag.py:500} INFO - Filling up the DagBag from /home/airflow/.local/lib/python3.7/site-packages/airflow/example_dags/example_time_delta_sensor_async.py
[2022-02-25 00:02:06,734] {processor.py:654} INFO - DAG(s) dict_keys(['example_time_delta_sensor_async']) retrieved from /home/airflow/.local/lib/python3.7/site-packages/airflow/example_dags/example_time_delta_sensor_async.py
[2022-02-25 00:02:06,744] {logging_mixin.py:109} INFO - [2022-02-25 00:02:06,744] {dag.py:2396} INFO - Sync 1 DAGs
[2022-02-25 00:02:06,760] {logging_mixin.py:109} INFO - [2022-02-25 00:02:06,760] {dag.py:2935} INFO - Setting next_dagrun for example_time_delta_sensor_async to None
[2022-02-25 00:02:06,769] {processor.py:171} INFO - Processing /home/airflow/.local/lib/python3.7/site-packages/airflow/example_dags/example_time_delta_sensor_async.py took 0.068 seconds
[2022-02-25 00:02:37,078] {processor.py:163} INFO - Started process (PID=16202) to work on /home/airflow/.local/lib/python3.7/site-packages/airflow/example_dags/example_time_delta_sensor_async.py
[2022-02-25 00:02:37,080] {processor.py:642} INFO - Processing file /home/airflow/.local/lib/python3.7/site-packages/airflow/example_dags/example_time_delta_sensor_async.py for tasks to queue
[2022-02-25 00:02:37,081] {logging_mixin.py:109} INFO - [2022-02-25 00:02:37,081] {dagbag.py:500} INFO - Filling up the DagBag from /home/airflow/.local/lib/python3.7/site-packages/airflow/example_dags/example_time_delta_sensor_async.py
[2022-02-25 00:02:37,111] {processor.py:654} INFO - DAG(s) dict_keys(['example_time_delta_sensor_async']) retrieved from /home/airflow/.local/lib/python3.7/site-packages/airflow/example_dags/example_time_delta_sensor_async.py
[2022-02-25 00:02:37,121] {logging_mixin.py:109} INFO - [2022-02-25 00:02:37,121] {dag.py:2396} INFO - Sync 1 DAGs
[2022-02-25 00:02:37,137] {logging_mixin.py:109} INFO - [2022-02-25 00:02:37,137] {dag.py:2935} INFO - Setting next_dagrun for example_time_delta_sensor_async to None
[2022-02-25 00:02:37,147] {processor.py:171} INFO - Processing /home/airflow/.local/lib/python3.7/site-packages/airflow/example_dags/example_time_delta_sensor_async.py took 0.072 seconds
[2022-02-25 00:03:07,667] {processor.py:163} INFO - Started process (PID=16253) to work on /home/airflow/.local/lib/python3.7/site-packages/airflow/example_dags/example_time_delta_sensor_async.py
[2022-02-25 00:03:07,669] {processor.py:642} INFO - Processing file /home/airflow/.local/lib/python3.7/site-packages/airflow/example_dags/example_time_delta_sensor_async.py for tasks to queue
[2022-02-25 00:03:07,671] {logging_mixin.py:109} INFO - [2022-02-25 00:03:07,671] {dagbag.py:500} INFO - Filling up the DagBag from /home/airflow/.local/lib/python3.7/site-packages/airflow/example_dags/example_time_delta_sensor_async.py
[2022-02-25 00:03:07,699] {processor.py:654} INFO - DAG(s) dict_keys(['example_time_delta_sensor_async']) retrieved from /home/airflow/.local/lib/python3.7/site-packages/airflow/example_dags/example_time_delta_sensor_async.py
[2022-02-25 00:03:07,709] {logging_mixin.py:109} INFO - [2022-02-25 00:03:07,709] {dag.py:2396} INFO - Sync 1 DAGs
[2022-02-25 00:03:07,726] {logging_mixin.py:109} INFO - [2022-02-25 00:03:07,726] {dag.py:2935} INFO - Setting next_dagrun for example_time_delta_sensor_async to None
[2022-02-25 00:03:07,734] {processor.py:171} INFO - Processing /home/airflow/.local/lib/python3.7/site-packages/airflow/example_dags/example_time_delta_sensor_async.py took 0.071 seconds
[2022-02-25 00:03:37,893] {processor.py:163} INFO - Started process (PID=16313) to work on /home/airflow/.local/lib/python3.7/site-packages/airflow/example_dags/example_time_delta_sensor_async.py
[2022-02-25 00:03:37,895] {processor.py:642} INFO - Processing file /home/airflow/.local/lib/python3.7/site-packages/airflow/example_dags/example_time_delta_sensor_async.py for tasks to queue
[2022-02-25 00:03:37,897] {logging_mixin.py:109} INFO - [2022-02-25 00:03:37,897] {dagbag.py:500} INFO - Filling up the DagBag from /home/airflow/.local/lib/python3.7/site-packages/airflow/example_dags/example_time_delta_sensor_async.py
[2022-02-25 00:03:37,930] {processor.py:654} INFO - DAG(s) dict_keys(['example_time_delta_sensor_async']) retrieved from /home/airflow/.local/lib/python3.7/site-packages/airflow/example_dags/example_time_delta_sensor_async.py
[2022-02-25 00:03:37,943] {logging_mixin.py:109} INFO - [2022-02-25 00:03:37,943] {dag.py:2396} INFO - Sync 1 DAGs
[2022-02-25 00:03:37,959] {logging_mixin.py:109} INFO - [2022-02-25 00:03:37,959] {dag.py:2935} INFO - Setting next_dagrun for example_time_delta_sensor_async to None
[2022-02-25 00:03:37,968] {processor.py:171} INFO - Processing /home/airflow/.local/lib/python3.7/site-packages/airflow/example_dags/example_time_delta_sensor_async.py took 0.085 seconds
[2022-02-25 00:04:08,320] {processor.py:163} INFO - Started process (PID=16365) to work on /home/airflow/.local/lib/python3.7/site-packages/airflow/example_dags/example_time_delta_sensor_async.py
[2022-02-25 00:04:08,322] {processor.py:642} INFO - Processing file /home/airflow/.local/lib/python3.7/site-packages/airflow/example_dags/example_time_delta_sensor_async.py for tasks to queue
[2022-02-25 00:04:08,323] {logging_mixin.py:109} INFO - [2022-02-25 00:04:08,323] {dagbag.py:500} INFO - Filling up the DagBag from /home/airflow/.local/lib/python3.7/site-packages/airflow/example_dags/example_time_delta_sensor_async.py
[2022-02-25 00:04:08,355] {processor.py:654} INFO - DAG(s) dict_keys(['example_time_delta_sensor_async']) retrieved from /home/airflow/.local/lib/python3.7/site-packages/airflow/example_dags/example_time_delta_sensor_async.py
[2022-02-25 00:04:08,366] {logging_mixin.py:109} INFO - [2022-02-25 00:04:08,365] {dag.py:2396} INFO - Sync 1 DAGs
[2022-02-25 00:04:08,384] {logging_mixin.py:109} INFO - [2022-02-25 00:04:08,384] {dag.py:2935} INFO - Setting next_dagrun for example_time_delta_sensor_async to None
[2022-02-25 00:04:08,396] {processor.py:171} INFO - Processing /home/airflow/.local/lib/python3.7/site-packages/airflow/example_dags/example_time_delta_sensor_async.py took 0.079 seconds
[2022-02-25 00:04:38,747] {processor.py:163} INFO - Started process (PID=16425) to work on /home/airflow/.local/lib/python3.7/site-packages/airflow/example_dags/example_time_delta_sensor_async.py
[2022-02-25 00:04:38,750] {processor.py:642} INFO - Processing file /home/airflow/.local/lib/python3.7/site-packages/airflow/example_dags/example_time_delta_sensor_async.py for tasks to queue
[2022-02-25 00:04:38,751] {logging_mixin.py:109} INFO - [2022-02-25 00:04:38,751] {dagbag.py:500} INFO - Filling up the DagBag from /home/airflow/.local/lib/python3.7/site-packages/airflow/example_dags/example_time_delta_sensor_async.py
[2022-02-25 00:04:38,785] {processor.py:654} INFO - DAG(s) dict_keys(['example_time_delta_sensor_async']) retrieved from /home/airflow/.local/lib/python3.7/site-packages/airflow/example_dags/example_time_delta_sensor_async.py
[2022-02-25 00:04:38,797] {logging_mixin.py:109} INFO - [2022-02-25 00:04:38,797] {dag.py:2396} INFO - Sync 1 DAGs
[2022-02-25 00:04:38,817] {logging_mixin.py:109} INFO - [2022-02-25 00:04:38,817] {dag.py:2935} INFO - Setting next_dagrun for example_time_delta_sensor_async to None
[2022-02-25 00:04:38,829] {processor.py:171} INFO - Processing /home/airflow/.local/lib/python3.7/site-packages/airflow/example_dags/example_time_delta_sensor_async.py took 0.087 seconds
[2022-02-25 00:05:09,891] {processor.py:163} INFO - Started process (PID=16477) to work on /home/airflow/.local/lib/python3.7/site-packages/airflow/example_dags/example_time_delta_sensor_async.py
[2022-02-25 00:05:09,892] {processor.py:642} INFO - Processing file /home/airflow/.local/lib/python3.7/site-packages/airflow/example_dags/example_time_delta_sensor_async.py for tasks to queue
[2022-02-25 00:05:09,894] {logging_mixin.py:109} INFO - [2022-02-25 00:05:09,893] {dagbag.py:500} INFO - Filling up the DagBag from /home/airflow/.local/lib/python3.7/site-packages/airflow/example_dags/example_time_delta_sensor_async.py
[2022-02-25 00:05:09,921] {processor.py:654} INFO - DAG(s) dict_keys(['example_time_delta_sensor_async']) retrieved from /home/airflow/.local/lib/python3.7/site-packages/airflow/example_dags/example_time_delta_sensor_async.py
[2022-02-25 00:05:09,930] {logging_mixin.py:109} INFO - [2022-02-25 00:05:09,930] {dag.py:2396} INFO - Sync 1 DAGs
[2022-02-25 00:05:09,946] {logging_mixin.py:109} INFO - [2022-02-25 00:05:09,946] {dag.py:2935} INFO - Setting next_dagrun for example_time_delta_sensor_async to None
[2022-02-25 00:05:09,957] {processor.py:171} INFO - Processing /home/airflow/.local/lib/python3.7/site-packages/airflow/example_dags/example_time_delta_sensor_async.py took 0.070 seconds
[2022-02-25 00:05:40,197] {processor.py:163} INFO - Started process (PID=16539) to work on /home/airflow/.local/lib/python3.7/site-packages/airflow/example_dags/example_time_delta_sensor_async.py
[2022-02-25 00:05:40,199] {processor.py:642} INFO - Processing file /home/airflow/.local/lib/python3.7/site-packages/airflow/example_dags/example_time_delta_sensor_async.py for tasks to queue
[2022-02-25 00:05:40,201] {logging_mixin.py:109} INFO - [2022-02-25 00:05:40,201] {dagbag.py:500} INFO - Filling up the DagBag from /home/airflow/.local/lib/python3.7/site-packages/airflow/example_dags/example_time_delta_sensor_async.py
[2022-02-25 00:05:40,234] {processor.py:654} INFO - DAG(s) dict_keys(['example_time_delta_sensor_async']) retrieved from /home/airflow/.local/lib/python3.7/site-packages/airflow/example_dags/example_time_delta_sensor_async.py
[2022-02-25 00:05:40,247] {logging_mixin.py:109} INFO - [2022-02-25 00:05:40,247] {dag.py:2396} INFO - Sync 1 DAGs
[2022-02-25 00:05:40,279] {logging_mixin.py:109} INFO - [2022-02-25 00:05:40,279] {dag.py:2935} INFO - Setting next_dagrun for example_time_delta_sensor_async to None
[2022-02-25 00:05:40,291] {processor.py:171} INFO - Processing /home/airflow/.local/lib/python3.7/site-packages/airflow/example_dags/example_time_delta_sensor_async.py took 0.097 seconds
[2022-02-25 00:06:10,481] {processor.py:163} INFO - Started process (PID=16590) to work on /home/airflow/.local/lib/python3.7/site-packages/airflow/example_dags/example_time_delta_sensor_async.py
[2022-02-25 00:06:10,483] {processor.py:642} INFO - Processing file /home/airflow/.local/lib/python3.7/site-packages/airflow/example_dags/example_time_delta_sensor_async.py for tasks to queue
[2022-02-25 00:06:10,484] {logging_mixin.py:109} INFO - [2022-02-25 00:06:10,484] {dagbag.py:500} INFO - Filling up the DagBag from /home/airflow/.local/lib/python3.7/site-packages/airflow/example_dags/example_time_delta_sensor_async.py
[2022-02-25 00:06:10,513] {processor.py:654} INFO - DAG(s) dict_keys(['example_time_delta_sensor_async']) retrieved from /home/airflow/.local/lib/python3.7/site-packages/airflow/example_dags/example_time_delta_sensor_async.py
[2022-02-25 00:06:10,524] {logging_mixin.py:109} INFO - [2022-02-25 00:06:10,523] {dag.py:2396} INFO - Sync 1 DAGs
[2022-02-25 00:06:10,540] {logging_mixin.py:109} INFO - [2022-02-25 00:06:10,540] {dag.py:2935} INFO - Setting next_dagrun for example_time_delta_sensor_async to None
[2022-02-25 00:06:10,550] {processor.py:171} INFO - Processing /home/airflow/.local/lib/python3.7/site-packages/airflow/example_dags/example_time_delta_sensor_async.py took 0.073 seconds
[2022-02-25 00:06:41,826] {processor.py:163} INFO - Started process (PID=16653) to work on /home/airflow/.local/lib/python3.7/site-packages/airflow/example_dags/example_time_delta_sensor_async.py
[2022-02-25 00:06:41,828] {processor.py:642} INFO - Processing file /home/airflow/.local/lib/python3.7/site-packages/airflow/example_dags/example_time_delta_sensor_async.py for tasks to queue
[2022-02-25 00:06:41,830] {logging_mixin.py:109} INFO - [2022-02-25 00:06:41,829] {dagbag.py:500} INFO - Filling up the DagBag from /home/airflow/.local/lib/python3.7/site-packages/airflow/example_dags/example_time_delta_sensor_async.py
[2022-02-25 00:06:41,864] {processor.py:654} INFO - DAG(s) dict_keys(['example_time_delta_sensor_async']) retrieved from /home/airflow/.local/lib/python3.7/site-packages/airflow/example_dags/example_time_delta_sensor_async.py
[2022-02-25 00:06:41,878] {logging_mixin.py:109} INFO - [2022-02-25 00:06:41,877] {dag.py:2396} INFO - Sync 1 DAGs
[2022-02-25 00:06:41,899] {logging_mixin.py:109} INFO - [2022-02-25 00:06:41,899] {dag.py:2935} INFO - Setting next_dagrun for example_time_delta_sensor_async to None
[2022-02-25 00:06:41,910] {processor.py:171} INFO - Processing /home/airflow/.local/lib/python3.7/site-packages/airflow/example_dags/example_time_delta_sensor_async.py took 0.087 seconds
[2022-02-25 00:07:13,048] {processor.py:163} INFO - Started process (PID=16705) to work on /home/airflow/.local/lib/python3.7/site-packages/airflow/example_dags/example_time_delta_sensor_async.py
[2022-02-25 00:07:13,049] {processor.py:642} INFO - Processing file /home/airflow/.local/lib/python3.7/site-packages/airflow/example_dags/example_time_delta_sensor_async.py for tasks to queue
[2022-02-25 00:07:13,052] {logging_mixin.py:109} INFO - [2022-02-25 00:07:13,051] {dagbag.py:500} INFO - Filling up the DagBag from /home/airflow/.local/lib/python3.7/site-packages/airflow/example_dags/example_time_delta_sensor_async.py
[2022-02-25 00:07:13,082] {processor.py:654} INFO - DAG(s) dict_keys(['example_time_delta_sensor_async']) retrieved from /home/airflow/.local/lib/python3.7/site-packages/airflow/example_dags/example_time_delta_sensor_async.py
[2022-02-25 00:07:13,093] {logging_mixin.py:109} INFO - [2022-02-25 00:07:13,093] {dag.py:2396} INFO - Sync 1 DAGs
[2022-02-25 00:07:13,109] {logging_mixin.py:109} INFO - [2022-02-25 00:07:13,109] {dag.py:2935} INFO - Setting next_dagrun for example_time_delta_sensor_async to None
[2022-02-25 00:07:13,118] {processor.py:171} INFO - Processing /home/airflow/.local/lib/python3.7/site-packages/airflow/example_dags/example_time_delta_sensor_async.py took 0.074 seconds
[2022-02-25 00:07:43,270] {processor.py:163} INFO - Started process (PID=16766) to work on /home/airflow/.local/lib/python3.7/site-packages/airflow/example_dags/example_time_delta_sensor_async.py
[2022-02-25 00:07:43,271] {processor.py:642} INFO - Processing file /home/airflow/.local/lib/python3.7/site-packages/airflow/example_dags/example_time_delta_sensor_async.py for tasks to queue
[2022-02-25 00:07:43,273] {logging_mixin.py:109} INFO - [2022-02-25 00:07:43,272] {dagbag.py:500} INFO - Filling up the DagBag from /home/airflow/.local/lib/python3.7/site-packages/airflow/example_dags/example_time_delta_sensor_async.py
[2022-02-25 00:07:43,300] {processor.py:654} INFO - DAG(s) dict_keys(['example_time_delta_sensor_async']) retrieved from /home/airflow/.local/lib/python3.7/site-packages/airflow/example_dags/example_time_delta_sensor_async.py
[2022-02-25 00:07:43,310] {logging_mixin.py:109} INFO - [2022-02-25 00:07:43,310] {dag.py:2396} INFO - Sync 1 DAGs
[2022-02-25 00:07:43,326] {logging_mixin.py:109} INFO - [2022-02-25 00:07:43,326] {dag.py:2935} INFO - Setting next_dagrun for example_time_delta_sensor_async to None
[2022-02-25 00:07:43,338] {processor.py:171} INFO - Processing /home/airflow/.local/lib/python3.7/site-packages/airflow/example_dags/example_time_delta_sensor_async.py took 0.072 seconds
[2022-02-25 00:08:14,392] {processor.py:163} INFO - Started process (PID=16817) to work on /home/airflow/.local/lib/python3.7/site-packages/airflow/example_dags/example_time_delta_sensor_async.py
[2022-02-25 00:08:14,394] {processor.py:642} INFO - Processing file /home/airflow/.local/lib/python3.7/site-packages/airflow/example_dags/example_time_delta_sensor_async.py for tasks to queue
[2022-02-25 00:08:14,395] {logging_mixin.py:109} INFO - [2022-02-25 00:08:14,395] {dagbag.py:500} INFO - Filling up the DagBag from /home/airflow/.local/lib/python3.7/site-packages/airflow/example_dags/example_time_delta_sensor_async.py
[2022-02-25 00:08:14,424] {processor.py:654} INFO - DAG(s) dict_keys(['example_time_delta_sensor_async']) retrieved from /home/airflow/.local/lib/python3.7/site-packages/airflow/example_dags/example_time_delta_sensor_async.py
[2022-02-25 00:08:14,434] {logging_mixin.py:109} INFO - [2022-02-25 00:08:14,434] {dag.py:2396} INFO - Sync 1 DAGs
[2022-02-25 00:08:14,453] {logging_mixin.py:109} INFO - [2022-02-25 00:08:14,453] {dag.py:2935} INFO - Setting next_dagrun for example_time_delta_sensor_async to None
[2022-02-25 00:08:14,463] {processor.py:171} INFO - Processing /home/airflow/.local/lib/python3.7/site-packages/airflow/example_dags/example_time_delta_sensor_async.py took 0.075 seconds
[2022-02-25 00:08:45,424] {processor.py:163} INFO - Started process (PID=16878) to work on /home/airflow/.local/lib/python3.7/site-packages/airflow/example_dags/example_time_delta_sensor_async.py
[2022-02-25 00:08:45,426] {processor.py:642} INFO - Processing file /home/airflow/.local/lib/python3.7/site-packages/airflow/example_dags/example_time_delta_sensor_async.py for tasks to queue
[2022-02-25 00:08:45,427] {logging_mixin.py:109} INFO - [2022-02-25 00:08:45,427] {dagbag.py:500} INFO - Filling up the DagBag from /home/airflow/.local/lib/python3.7/site-packages/airflow/example_dags/example_time_delta_sensor_async.py
[2022-02-25 00:08:45,457] {processor.py:654} INFO - DAG(s) dict_keys(['example_time_delta_sensor_async']) retrieved from /home/airflow/.local/lib/python3.7/site-packages/airflow/example_dags/example_time_delta_sensor_async.py
[2022-02-25 00:08:45,467] {logging_mixin.py:109} INFO - [2022-02-25 00:08:45,467] {dag.py:2396} INFO - Sync 1 DAGs
[2022-02-25 00:08:45,483] {logging_mixin.py:109} INFO - [2022-02-25 00:08:45,483] {dag.py:2935} INFO - Setting next_dagrun for example_time_delta_sensor_async to None
[2022-02-25 00:08:45,495] {processor.py:171} INFO - Processing /home/airflow/.local/lib/python3.7/site-packages/airflow/example_dags/example_time_delta_sensor_async.py took 0.075 seconds
[2022-02-25 00:09:16,769] {processor.py:163} INFO - Started process (PID=16930) to work on /home/airflow/.local/lib/python3.7/site-packages/airflow/example_dags/example_time_delta_sensor_async.py
[2022-02-25 00:09:16,771] {processor.py:642} INFO - Processing file /home/airflow/.local/lib/python3.7/site-packages/airflow/example_dags/example_time_delta_sensor_async.py for tasks to queue
[2022-02-25 00:09:16,773] {logging_mixin.py:109} INFO - [2022-02-25 00:09:16,772] {dagbag.py:500} INFO - Filling up the DagBag from /home/airflow/.local/lib/python3.7/site-packages/airflow/example_dags/example_time_delta_sensor_async.py
[2022-02-25 00:09:16,800] {processor.py:654} INFO - DAG(s) dict_keys(['example_time_delta_sensor_async']) retrieved from /home/airflow/.local/lib/python3.7/site-packages/airflow/example_dags/example_time_delta_sensor_async.py
[2022-02-25 00:09:16,812] {logging_mixin.py:109} INFO - [2022-02-25 00:09:16,812] {dag.py:2396} INFO - Sync 1 DAGs
[2022-02-25 00:09:16,828] {logging_mixin.py:109} INFO - [2022-02-25 00:09:16,828] {dag.py:2935} INFO - Setting next_dagrun for example_time_delta_sensor_async to None
[2022-02-25 00:09:16,838] {processor.py:171} INFO - Processing /home/airflow/.local/lib/python3.7/site-packages/airflow/example_dags/example_time_delta_sensor_async.py took 0.073 seconds
[2022-02-25 00:09:47,026] {processor.py:163} INFO - Started process (PID=16993) to work on /home/airflow/.local/lib/python3.7/site-packages/airflow/example_dags/example_time_delta_sensor_async.py
[2022-02-25 00:09:47,029] {processor.py:642} INFO - Processing file /home/airflow/.local/lib/python3.7/site-packages/airflow/example_dags/example_time_delta_sensor_async.py for tasks to queue
[2022-02-25 00:09:47,030] {logging_mixin.py:109} INFO - [2022-02-25 00:09:47,030] {dagbag.py:500} INFO - Filling up the DagBag from /home/airflow/.local/lib/python3.7/site-packages/airflow/example_dags/example_time_delta_sensor_async.py
[2022-02-25 00:09:47,062] {processor.py:654} INFO - DAG(s) dict_keys(['example_time_delta_sensor_async']) retrieved from /home/airflow/.local/lib/python3.7/site-packages/airflow/example_dags/example_time_delta_sensor_async.py
[2022-02-25 00:09:47,072] {logging_mixin.py:109} INFO - [2022-02-25 00:09:47,072] {dag.py:2396} INFO - Sync 1 DAGs
[2022-02-25 00:09:47,088] {logging_mixin.py:109} INFO - [2022-02-25 00:09:47,088] {dag.py:2935} INFO - Setting next_dagrun for example_time_delta_sensor_async to None
[2022-02-25 00:09:47,096] {processor.py:171} INFO - Processing /home/airflow/.local/lib/python3.7/site-packages/airflow/example_dags/example_time_delta_sensor_async.py took 0.074 seconds
[2022-02-25 00:10:18,417] {processor.py:163} INFO - Started process (PID=17046) to work on /home/airflow/.local/lib/python3.7/site-packages/airflow/example_dags/example_time_delta_sensor_async.py
[2022-02-25 00:10:18,419] {processor.py:642} INFO - Processing file /home/airflow/.local/lib/python3.7/site-packages/airflow/example_dags/example_time_delta_sensor_async.py for tasks to queue
[2022-02-25 00:10:18,420] {logging_mixin.py:109} INFO - [2022-02-25 00:10:18,420] {dagbag.py:500} INFO - Filling up the DagBag from /home/airflow/.local/lib/python3.7/site-packages/airflow/example_dags/example_time_delta_sensor_async.py
[2022-02-25 00:10:18,453] {processor.py:654} INFO - DAG(s) dict_keys(['example_time_delta_sensor_async']) retrieved from /home/airflow/.local/lib/python3.7/site-packages/airflow/example_dags/example_time_delta_sensor_async.py
[2022-02-25 00:10:18,464] {logging_mixin.py:109} INFO - [2022-02-25 00:10:18,464] {dag.py:2396} INFO - Sync 1 DAGs
[2022-02-25 00:10:18,484] {logging_mixin.py:109} INFO - [2022-02-25 00:10:18,484] {dag.py:2935} INFO - Setting next_dagrun for example_time_delta_sensor_async to None
[2022-02-25 00:10:18,501] {processor.py:171} INFO - Processing /home/airflow/.local/lib/python3.7/site-packages/airflow/example_dags/example_time_delta_sensor_async.py took 0.088 seconds
[2022-02-25 00:10:48,695] {processor.py:163} INFO - Started process (PID=17108) to work on /home/airflow/.local/lib/python3.7/site-packages/airflow/example_dags/example_time_delta_sensor_async.py
[2022-02-25 00:10:48,697] {processor.py:642} INFO - Processing file /home/airflow/.local/lib/python3.7/site-packages/airflow/example_dags/example_time_delta_sensor_async.py for tasks to queue
[2022-02-25 00:10:48,700] {logging_mixin.py:109} INFO - [2022-02-25 00:10:48,699] {dagbag.py:500} INFO - Filling up the DagBag from /home/airflow/.local/lib/python3.7/site-packages/airflow/example_dags/example_time_delta_sensor_async.py
[2022-02-25 00:10:48,728] {processor.py:654} INFO - DAG(s) dict_keys(['example_time_delta_sensor_async']) retrieved from /home/airflow/.local/lib/python3.7/site-packages/airflow/example_dags/example_time_delta_sensor_async.py
[2022-02-25 00:10:48,737] {logging_mixin.py:109} INFO - [2022-02-25 00:10:48,737] {dag.py:2396} INFO - Sync 1 DAGs
[2022-02-25 00:10:48,754] {logging_mixin.py:109} INFO - [2022-02-25 00:10:48,754] {dag.py:2935} INFO - Setting next_dagrun for example_time_delta_sensor_async to None
[2022-02-25 00:10:48,765] {processor.py:171} INFO - Processing /home/airflow/.local/lib/python3.7/site-packages/airflow/example_dags/example_time_delta_sensor_async.py took 0.075 seconds
[2022-02-25 00:11:19,085] {processor.py:163} INFO - Started process (PID=17160) to work on /home/airflow/.local/lib/python3.7/site-packages/airflow/example_dags/example_time_delta_sensor_async.py
[2022-02-25 00:11:19,087] {processor.py:642} INFO - Processing file /home/airflow/.local/lib/python3.7/site-packages/airflow/example_dags/example_time_delta_sensor_async.py for tasks to queue
[2022-02-25 00:11:19,089] {logging_mixin.py:109} INFO - [2022-02-25 00:11:19,089] {dagbag.py:500} INFO - Filling up the DagBag from /home/airflow/.local/lib/python3.7/site-packages/airflow/example_dags/example_time_delta_sensor_async.py
[2022-02-25 00:11:19,123] {processor.py:654} INFO - DAG(s) dict_keys(['example_time_delta_sensor_async']) retrieved from /home/airflow/.local/lib/python3.7/site-packages/airflow/example_dags/example_time_delta_sensor_async.py
[2022-02-25 00:11:19,133] {logging_mixin.py:109} INFO - [2022-02-25 00:11:19,133] {dag.py:2396} INFO - Sync 1 DAGs
[2022-02-25 00:11:19,150] {logging_mixin.py:109} INFO - [2022-02-25 00:11:19,150] {dag.py:2935} INFO - Setting next_dagrun for example_time_delta_sensor_async to None
[2022-02-25 00:11:19,166] {processor.py:171} INFO - Processing /home/airflow/.local/lib/python3.7/site-packages/airflow/example_dags/example_time_delta_sensor_async.py took 0.087 seconds
[2022-02-25 00:11:49,412] {processor.py:163} INFO - Started process (PID=17221) to work on /home/airflow/.local/lib/python3.7/site-packages/airflow/example_dags/example_time_delta_sensor_async.py
[2022-02-25 00:11:49,414] {processor.py:642} INFO - Processing file /home/airflow/.local/lib/python3.7/site-packages/airflow/example_dags/example_time_delta_sensor_async.py for tasks to queue
[2022-02-25 00:11:49,415] {logging_mixin.py:109} INFO - [2022-02-25 00:11:49,415] {dagbag.py:500} INFO - Filling up the DagBag from /home/airflow/.local/lib/python3.7/site-packages/airflow/example_dags/example_time_delta_sensor_async.py
[2022-02-25 00:11:49,441] {processor.py:654} INFO - DAG(s) dict_keys(['example_time_delta_sensor_async']) retrieved from /home/airflow/.local/lib/python3.7/site-packages/airflow/example_dags/example_time_delta_sensor_async.py
[2022-02-25 00:11:49,455] {logging_mixin.py:109} INFO - [2022-02-25 00:11:49,454] {dag.py:2396} INFO - Sync 1 DAGs
[2022-02-25 00:11:49,473] {logging_mixin.py:109} INFO - [2022-02-25 00:11:49,473] {dag.py:2935} INFO - Setting next_dagrun for example_time_delta_sensor_async to None
[2022-02-25 00:11:49,483] {processor.py:171} INFO - Processing /home/airflow/.local/lib/python3.7/site-packages/airflow/example_dags/example_time_delta_sensor_async.py took 0.074 seconds
[2022-02-25 00:12:19,857] {processor.py:163} INFO - Started process (PID=17273) to work on /home/airflow/.local/lib/python3.7/site-packages/airflow/example_dags/example_time_delta_sensor_async.py
[2022-02-25 00:12:19,859] {processor.py:642} INFO - Processing file /home/airflow/.local/lib/python3.7/site-packages/airflow/example_dags/example_time_delta_sensor_async.py for tasks to queue
[2022-02-25 00:12:19,860] {logging_mixin.py:109} INFO - [2022-02-25 00:12:19,860] {dagbag.py:500} INFO - Filling up the DagBag from /home/airflow/.local/lib/python3.7/site-packages/airflow/example_dags/example_time_delta_sensor_async.py
[2022-02-25 00:12:19,890] {processor.py:654} INFO - DAG(s) dict_keys(['example_time_delta_sensor_async']) retrieved from /home/airflow/.local/lib/python3.7/site-packages/airflow/example_dags/example_time_delta_sensor_async.py
[2022-02-25 00:12:19,900] {logging_mixin.py:109} INFO - [2022-02-25 00:12:19,900] {dag.py:2396} INFO - Sync 1 DAGs
[2022-02-25 00:12:19,916] {logging_mixin.py:109} INFO - [2022-02-25 00:12:19,916] {dag.py:2935} INFO - Setting next_dagrun for example_time_delta_sensor_async to None
[2022-02-25 00:12:19,927] {processor.py:171} INFO - Processing /home/airflow/.local/lib/python3.7/site-packages/airflow/example_dags/example_time_delta_sensor_async.py took 0.073 seconds
[2022-02-25 00:12:50,161] {processor.py:163} INFO - Started process (PID=17336) to work on /home/airflow/.local/lib/python3.7/site-packages/airflow/example_dags/example_time_delta_sensor_async.py
[2022-02-25 00:12:50,163] {processor.py:642} INFO - Processing file /home/airflow/.local/lib/python3.7/site-packages/airflow/example_dags/example_time_delta_sensor_async.py for tasks to queue
[2022-02-25 00:12:50,164] {logging_mixin.py:109} INFO - [2022-02-25 00:12:50,164] {dagbag.py:500} INFO - Filling up the DagBag from /home/airflow/.local/lib/python3.7/site-packages/airflow/example_dags/example_time_delta_sensor_async.py
[2022-02-25 00:12:50,192] {processor.py:654} INFO - DAG(s) dict_keys(['example_time_delta_sensor_async']) retrieved from /home/airflow/.local/lib/python3.7/site-packages/airflow/example_dags/example_time_delta_sensor_async.py
[2022-02-25 00:12:50,202] {logging_mixin.py:109} INFO - [2022-02-25 00:12:50,202] {dag.py:2396} INFO - Sync 1 DAGs
[2022-02-25 00:12:50,221] {logging_mixin.py:109} INFO - [2022-02-25 00:12:50,220] {dag.py:2935} INFO - Setting next_dagrun for example_time_delta_sensor_async to None
[2022-02-25 00:12:50,229] {processor.py:171} INFO - Processing /home/airflow/.local/lib/python3.7/site-packages/airflow/example_dags/example_time_delta_sensor_async.py took 0.073 seconds
[2022-02-25 00:13:20,706] {processor.py:163} INFO - Started process (PID=17387) to work on /home/airflow/.local/lib/python3.7/site-packages/airflow/example_dags/example_time_delta_sensor_async.py
[2022-02-25 00:13:20,707] {processor.py:642} INFO - Processing file /home/airflow/.local/lib/python3.7/site-packages/airflow/example_dags/example_time_delta_sensor_async.py for tasks to queue
[2022-02-25 00:13:20,708] {logging_mixin.py:109} INFO - [2022-02-25 00:13:20,708] {dagbag.py:500} INFO - Filling up the DagBag from /home/airflow/.local/lib/python3.7/site-packages/airflow/example_dags/example_time_delta_sensor_async.py
[2022-02-25 00:13:20,738] {processor.py:654} INFO - DAG(s) dict_keys(['example_time_delta_sensor_async']) retrieved from /home/airflow/.local/lib/python3.7/site-packages/airflow/example_dags/example_time_delta_sensor_async.py
[2022-02-25 00:13:20,748] {logging_mixin.py:109} INFO - [2022-02-25 00:13:20,748] {dag.py:2396} INFO - Sync 1 DAGs
[2022-02-25 00:13:20,765] {logging_mixin.py:109} INFO - [2022-02-25 00:13:20,765] {dag.py:2935} INFO - Setting next_dagrun for example_time_delta_sensor_async to None
[2022-02-25 00:13:20,775] {processor.py:171} INFO - Processing /home/airflow/.local/lib/python3.7/site-packages/airflow/example_dags/example_time_delta_sensor_async.py took 0.073 seconds
[2022-02-25 00:13:50,966] {processor.py:163} INFO - Started process (PID=17447) to work on /home/airflow/.local/lib/python3.7/site-packages/airflow/example_dags/example_time_delta_sensor_async.py
[2022-02-25 00:13:50,968] {processor.py:642} INFO - Processing file /home/airflow/.local/lib/python3.7/site-packages/airflow/example_dags/example_time_delta_sensor_async.py for tasks to queue
[2022-02-25 00:13:50,969] {logging_mixin.py:109} INFO - [2022-02-25 00:13:50,969] {dagbag.py:500} INFO - Filling up the DagBag from /home/airflow/.local/lib/python3.7/site-packages/airflow/example_dags/example_time_delta_sensor_async.py
[2022-02-25 00:13:50,997] {processor.py:654} INFO - DAG(s) dict_keys(['example_time_delta_sensor_async']) retrieved from /home/airflow/.local/lib/python3.7/site-packages/airflow/example_dags/example_time_delta_sensor_async.py
[2022-02-25 00:13:51,007] {logging_mixin.py:109} INFO - [2022-02-25 00:13:51,007] {dag.py:2396} INFO - Sync 1 DAGs
[2022-02-25 00:13:51,023] {logging_mixin.py:109} INFO - [2022-02-25 00:13:51,023] {dag.py:2935} INFO - Setting next_dagrun for example_time_delta_sensor_async to None
[2022-02-25 00:13:51,039] {processor.py:171} INFO - Processing /home/airflow/.local/lib/python3.7/site-packages/airflow/example_dags/example_time_delta_sensor_async.py took 0.078 seconds
[2022-02-25 00:14:21,324] {processor.py:163} INFO - Started process (PID=17498) to work on /home/airflow/.local/lib/python3.7/site-packages/airflow/example_dags/example_time_delta_sensor_async.py
[2022-02-25 00:14:21,326] {processor.py:642} INFO - Processing file /home/airflow/.local/lib/python3.7/site-packages/airflow/example_dags/example_time_delta_sensor_async.py for tasks to queue
[2022-02-25 00:14:21,327] {logging_mixin.py:109} INFO - [2022-02-25 00:14:21,327] {dagbag.py:500} INFO - Filling up the DagBag from /home/airflow/.local/lib/python3.7/site-packages/airflow/example_dags/example_time_delta_sensor_async.py
[2022-02-25 00:14:21,354] {processor.py:654} INFO - DAG(s) dict_keys(['example_time_delta_sensor_async']) retrieved from /home/airflow/.local/lib/python3.7/site-packages/airflow/example_dags/example_time_delta_sensor_async.py
[2022-02-25 00:14:21,364] {logging_mixin.py:109} INFO - [2022-02-25 00:14:21,363] {dag.py:2396} INFO - Sync 1 DAGs
[2022-02-25 00:14:21,380] {logging_mixin.py:109} INFO - [2022-02-25 00:14:21,380] {dag.py:2935} INFO - Setting next_dagrun for example_time_delta_sensor_async to None
[2022-02-25 00:14:21,389] {processor.py:171} INFO - Processing /home/airflow/.local/lib/python3.7/site-packages/airflow/example_dags/example_time_delta_sensor_async.py took 0.069 seconds
[2022-02-25 00:14:51,484] {processor.py:163} INFO - Started process (PID=17557) to work on /home/airflow/.local/lib/python3.7/site-packages/airflow/example_dags/example_time_delta_sensor_async.py
[2022-02-25 00:14:51,486] {processor.py:642} INFO - Processing file /home/airflow/.local/lib/python3.7/site-packages/airflow/example_dags/example_time_delta_sensor_async.py for tasks to queue
[2022-02-25 00:14:51,487] {logging_mixin.py:109} INFO - [2022-02-25 00:14:51,487] {dagbag.py:500} INFO - Filling up the DagBag from /home/airflow/.local/lib/python3.7/site-packages/airflow/example_dags/example_time_delta_sensor_async.py
[2022-02-25 00:14:51,512] {processor.py:654} INFO - DAG(s) dict_keys(['example_time_delta_sensor_async']) retrieved from /home/airflow/.local/lib/python3.7/site-packages/airflow/example_dags/example_time_delta_sensor_async.py
[2022-02-25 00:14:51,522] {logging_mixin.py:109} INFO - [2022-02-25 00:14:51,522] {dag.py:2396} INFO - Sync 1 DAGs
[2022-02-25 00:14:51,538] {logging_mixin.py:109} INFO - [2022-02-25 00:14:51,538] {dag.py:2935} INFO - Setting next_dagrun for example_time_delta_sensor_async to None
[2022-02-25 00:14:51,546] {processor.py:171} INFO - Processing /home/airflow/.local/lib/python3.7/site-packages/airflow/example_dags/example_time_delta_sensor_async.py took 0.066 seconds
[2022-02-25 00:15:21,695] {processor.py:163} INFO - Started process (PID=17609) to work on /home/airflow/.local/lib/python3.7/site-packages/airflow/example_dags/example_time_delta_sensor_async.py
[2022-02-25 00:15:21,701] {processor.py:642} INFO - Processing file /home/airflow/.local/lib/python3.7/site-packages/airflow/example_dags/example_time_delta_sensor_async.py for tasks to queue
[2022-02-25 00:15:21,706] {logging_mixin.py:109} INFO - [2022-02-25 00:15:21,706] {dagbag.py:500} INFO - Filling up the DagBag from /home/airflow/.local/lib/python3.7/site-packages/airflow/example_dags/example_time_delta_sensor_async.py
[2022-02-25 00:15:21,746] {processor.py:654} INFO - DAG(s) dict_keys(['example_time_delta_sensor_async']) retrieved from /home/airflow/.local/lib/python3.7/site-packages/airflow/example_dags/example_time_delta_sensor_async.py
[2022-02-25 00:15:21,756] {logging_mixin.py:109} INFO - [2022-02-25 00:15:21,756] {dag.py:2396} INFO - Sync 1 DAGs
[2022-02-25 00:15:21,772] {logging_mixin.py:109} INFO - [2022-02-25 00:15:21,772] {dag.py:2935} INFO - Setting next_dagrun for example_time_delta_sensor_async to None
[2022-02-25 00:15:21,782] {processor.py:171} INFO - Processing /home/airflow/.local/lib/python3.7/site-packages/airflow/example_dags/example_time_delta_sensor_async.py took 0.091 seconds
[2022-02-25 00:15:52,084] {processor.py:163} INFO - Started process (PID=17671) to work on /home/airflow/.local/lib/python3.7/site-packages/airflow/example_dags/example_time_delta_sensor_async.py
[2022-02-25 00:15:52,086] {processor.py:642} INFO - Processing file /home/airflow/.local/lib/python3.7/site-packages/airflow/example_dags/example_time_delta_sensor_async.py for tasks to queue
[2022-02-25 00:15:52,087] {logging_mixin.py:109} INFO - [2022-02-25 00:15:52,087] {dagbag.py:500} INFO - Filling up the DagBag from /home/airflow/.local/lib/python3.7/site-packages/airflow/example_dags/example_time_delta_sensor_async.py
[2022-02-25 00:15:52,114] {processor.py:654} INFO - DAG(s) dict_keys(['example_time_delta_sensor_async']) retrieved from /home/airflow/.local/lib/python3.7/site-packages/airflow/example_dags/example_time_delta_sensor_async.py
[2022-02-25 00:15:52,125] {logging_mixin.py:109} INFO - [2022-02-25 00:15:52,125] {dag.py:2396} INFO - Sync 1 DAGs
[2022-02-25 00:15:52,141] {logging_mixin.py:109} INFO - [2022-02-25 00:15:52,140] {dag.py:2935} INFO - Setting next_dagrun for example_time_delta_sensor_async to None
[2022-02-25 00:15:52,149] {processor.py:171} INFO - Processing /home/airflow/.local/lib/python3.7/site-packages/airflow/example_dags/example_time_delta_sensor_async.py took 0.069 seconds
[2022-02-25 00:16:22,205] {processor.py:163} INFO - Started process (PID=17722) to work on /home/airflow/.local/lib/python3.7/site-packages/airflow/example_dags/example_time_delta_sensor_async.py
[2022-02-25 00:16:22,209] {processor.py:642} INFO - Processing file /home/airflow/.local/lib/python3.7/site-packages/airflow/example_dags/example_time_delta_sensor_async.py for tasks to queue
[2022-02-25 00:16:22,211] {logging_mixin.py:109} INFO - [2022-02-25 00:16:22,211] {dagbag.py:500} INFO - Filling up the DagBag from /home/airflow/.local/lib/python3.7/site-packages/airflow/example_dags/example_time_delta_sensor_async.py
[2022-02-25 00:16:22,241] {processor.py:654} INFO - DAG(s) dict_keys(['example_time_delta_sensor_async']) retrieved from /home/airflow/.local/lib/python3.7/site-packages/airflow/example_dags/example_time_delta_sensor_async.py
[2022-02-25 00:16:22,250] {logging_mixin.py:109} INFO - [2022-02-25 00:16:22,250] {dag.py:2396} INFO - Sync 1 DAGs
[2022-02-25 00:16:22,267] {logging_mixin.py:109} INFO - [2022-02-25 00:16:22,267] {dag.py:2935} INFO - Setting next_dagrun for example_time_delta_sensor_async to None
[2022-02-25 00:16:22,279] {processor.py:171} INFO - Processing /home/airflow/.local/lib/python3.7/site-packages/airflow/example_dags/example_time_delta_sensor_async.py took 0.078 seconds
[2022-02-25 00:16:52,481] {processor.py:163} INFO - Started process (PID=17784) to work on /home/airflow/.local/lib/python3.7/site-packages/airflow/example_dags/example_time_delta_sensor_async.py
[2022-02-25 00:16:52,483] {processor.py:642} INFO - Processing file /home/airflow/.local/lib/python3.7/site-packages/airflow/example_dags/example_time_delta_sensor_async.py for tasks to queue
[2022-02-25 00:16:52,484] {logging_mixin.py:109} INFO - [2022-02-25 00:16:52,484] {dagbag.py:500} INFO - Filling up the DagBag from /home/airflow/.local/lib/python3.7/site-packages/airflow/example_dags/example_time_delta_sensor_async.py
[2022-02-25 00:16:52,511] {processor.py:654} INFO - DAG(s) dict_keys(['example_time_delta_sensor_async']) retrieved from /home/airflow/.local/lib/python3.7/site-packages/airflow/example_dags/example_time_delta_sensor_async.py
[2022-02-25 00:16:52,521] {logging_mixin.py:109} INFO - [2022-02-25 00:16:52,520] {dag.py:2396} INFO - Sync 1 DAGs
[2022-02-25 00:16:52,538] {logging_mixin.py:109} INFO - [2022-02-25 00:16:52,537] {dag.py:2935} INFO - Setting next_dagrun for example_time_delta_sensor_async to None
[2022-02-25 00:16:52,548] {processor.py:171} INFO - Processing /home/airflow/.local/lib/python3.7/site-packages/airflow/example_dags/example_time_delta_sensor_async.py took 0.071 seconds
[2022-02-25 00:17:22,807] {processor.py:163} INFO - Started process (PID=17836) to work on /home/airflow/.local/lib/python3.7/site-packages/airflow/example_dags/example_time_delta_sensor_async.py
[2022-02-25 00:17:22,809] {processor.py:642} INFO - Processing file /home/airflow/.local/lib/python3.7/site-packages/airflow/example_dags/example_time_delta_sensor_async.py for tasks to queue
[2022-02-25 00:17:22,810] {logging_mixin.py:109} INFO - [2022-02-25 00:17:22,810] {dagbag.py:500} INFO - Filling up the DagBag from /home/airflow/.local/lib/python3.7/site-packages/airflow/example_dags/example_time_delta_sensor_async.py
[2022-02-25 00:17:22,837] {processor.py:654} INFO - DAG(s) dict_keys(['example_time_delta_sensor_async']) retrieved from /home/airflow/.local/lib/python3.7/site-packages/airflow/example_dags/example_time_delta_sensor_async.py
[2022-02-25 00:17:22,847] {logging_mixin.py:109} INFO - [2022-02-25 00:17:22,847] {dag.py:2396} INFO - Sync 1 DAGs
[2022-02-25 00:17:22,863] {logging_mixin.py:109} INFO - [2022-02-25 00:17:22,863] {dag.py:2935} INFO - Setting next_dagrun for example_time_delta_sensor_async to None
[2022-02-25 00:17:22,872] {processor.py:171} INFO - Processing /home/airflow/.local/lib/python3.7/site-packages/airflow/example_dags/example_time_delta_sensor_async.py took 0.068 seconds
[2022-02-25 00:17:52,975] {processor.py:163} INFO - Started process (PID=17898) to work on /home/airflow/.local/lib/python3.7/site-packages/airflow/example_dags/example_time_delta_sensor_async.py
[2022-02-25 00:17:52,977] {processor.py:642} INFO - Processing file /home/airflow/.local/lib/python3.7/site-packages/airflow/example_dags/example_time_delta_sensor_async.py for tasks to queue
[2022-02-25 00:17:52,978] {logging_mixin.py:109} INFO - [2022-02-25 00:17:52,978] {dagbag.py:500} INFO - Filling up the DagBag from /home/airflow/.local/lib/python3.7/site-packages/airflow/example_dags/example_time_delta_sensor_async.py
[2022-02-25 00:17:53,002] {processor.py:654} INFO - DAG(s) dict_keys(['example_time_delta_sensor_async']) retrieved from /home/airflow/.local/lib/python3.7/site-packages/airflow/example_dags/example_time_delta_sensor_async.py
[2022-02-25 00:17:53,010] {logging_mixin.py:109} INFO - [2022-02-25 00:17:53,010] {dag.py:2396} INFO - Sync 1 DAGs
[2022-02-25 00:17:53,024] {logging_mixin.py:109} INFO - [2022-02-25 00:17:53,024] {dag.py:2935} INFO - Setting next_dagrun for example_time_delta_sensor_async to None
[2022-02-25 00:17:53,032] {processor.py:171} INFO - Processing /home/airflow/.local/lib/python3.7/site-packages/airflow/example_dags/example_time_delta_sensor_async.py took 0.060 seconds
[2022-02-25 00:18:23,461] {processor.py:163} INFO - Started process (PID=17950) to work on /home/airflow/.local/lib/python3.7/site-packages/airflow/example_dags/example_time_delta_sensor_async.py
[2022-02-25 00:18:23,463] {processor.py:642} INFO - Processing file /home/airflow/.local/lib/python3.7/site-packages/airflow/example_dags/example_time_delta_sensor_async.py for tasks to queue
[2022-02-25 00:18:23,465] {logging_mixin.py:109} INFO - [2022-02-25 00:18:23,465] {dagbag.py:500} INFO - Filling up the DagBag from /home/airflow/.local/lib/python3.7/site-packages/airflow/example_dags/example_time_delta_sensor_async.py
[2022-02-25 00:18:23,494] {processor.py:654} INFO - DAG(s) dict_keys(['example_time_delta_sensor_async']) retrieved from /home/airflow/.local/lib/python3.7/site-packages/airflow/example_dags/example_time_delta_sensor_async.py
[2022-02-25 00:18:23,504] {logging_mixin.py:109} INFO - [2022-02-25 00:18:23,503] {dag.py:2396} INFO - Sync 1 DAGs
[2022-02-25 00:18:23,520] {logging_mixin.py:109} INFO - [2022-02-25 00:18:23,520] {dag.py:2935} INFO - Setting next_dagrun for example_time_delta_sensor_async to None
[2022-02-25 00:18:23,529] {processor.py:171} INFO - Processing /home/airflow/.local/lib/python3.7/site-packages/airflow/example_dags/example_time_delta_sensor_async.py took 0.072 seconds
[2022-02-25 00:18:53,734] {processor.py:163} INFO - Started process (PID=18010) to work on /home/airflow/.local/lib/python3.7/site-packages/airflow/example_dags/example_time_delta_sensor_async.py
[2022-02-25 00:18:53,736] {processor.py:642} INFO - Processing file /home/airflow/.local/lib/python3.7/site-packages/airflow/example_dags/example_time_delta_sensor_async.py for tasks to queue
[2022-02-25 00:18:53,737] {logging_mixin.py:109} INFO - [2022-02-25 00:18:53,737] {dagbag.py:500} INFO - Filling up the DagBag from /home/airflow/.local/lib/python3.7/site-packages/airflow/example_dags/example_time_delta_sensor_async.py
[2022-02-25 00:18:53,765] {processor.py:654} INFO - DAG(s) dict_keys(['example_time_delta_sensor_async']) retrieved from /home/airflow/.local/lib/python3.7/site-packages/airflow/example_dags/example_time_delta_sensor_async.py
[2022-02-25 00:18:53,775] {logging_mixin.py:109} INFO - [2022-02-25 00:18:53,775] {dag.py:2396} INFO - Sync 1 DAGs
[2022-02-25 00:18:53,791] {logging_mixin.py:109} INFO - [2022-02-25 00:18:53,791] {dag.py:2935} INFO - Setting next_dagrun for example_time_delta_sensor_async to None
[2022-02-25 00:18:53,800] {processor.py:171} INFO - Processing /home/airflow/.local/lib/python3.7/site-packages/airflow/example_dags/example_time_delta_sensor_async.py took 0.070 seconds
[2022-02-25 00:19:24,864] {processor.py:163} INFO - Started process (PID=18062) to work on /home/airflow/.local/lib/python3.7/site-packages/airflow/example_dags/example_time_delta_sensor_async.py
[2022-02-25 00:19:24,866] {processor.py:642} INFO - Processing file /home/airflow/.local/lib/python3.7/site-packages/airflow/example_dags/example_time_delta_sensor_async.py for tasks to queue
[2022-02-25 00:19:24,867] {logging_mixin.py:109} INFO - [2022-02-25 00:19:24,867] {dagbag.py:500} INFO - Filling up the DagBag from /home/airflow/.local/lib/python3.7/site-packages/airflow/example_dags/example_time_delta_sensor_async.py
[2022-02-25 00:19:24,896] {processor.py:654} INFO - DAG(s) dict_keys(['example_time_delta_sensor_async']) retrieved from /home/airflow/.local/lib/python3.7/site-packages/airflow/example_dags/example_time_delta_sensor_async.py
[2022-02-25 00:19:24,905] {logging_mixin.py:109} INFO - [2022-02-25 00:19:24,905] {dag.py:2396} INFO - Sync 1 DAGs
[2022-02-25 00:19:24,922] {logging_mixin.py:109} INFO - [2022-02-25 00:19:24,921] {dag.py:2935} INFO - Setting next_dagrun for example_time_delta_sensor_async to None
[2022-02-25 00:19:24,931] {processor.py:171} INFO - Processing /home/airflow/.local/lib/python3.7/site-packages/airflow/example_dags/example_time_delta_sensor_async.py took 0.070 seconds
[2022-02-25 00:19:55,023] {processor.py:163} INFO - Started process (PID=18124) to work on /home/airflow/.local/lib/python3.7/site-packages/airflow/example_dags/example_time_delta_sensor_async.py
[2022-02-25 00:19:55,025] {processor.py:642} INFO - Processing file /home/airflow/.local/lib/python3.7/site-packages/airflow/example_dags/example_time_delta_sensor_async.py for tasks to queue
[2022-02-25 00:19:55,026] {logging_mixin.py:109} INFO - [2022-02-25 00:19:55,026] {dagbag.py:500} INFO - Filling up the DagBag from /home/airflow/.local/lib/python3.7/site-packages/airflow/example_dags/example_time_delta_sensor_async.py
[2022-02-25 00:19:55,057] {processor.py:654} INFO - DAG(s) dict_keys(['example_time_delta_sensor_async']) retrieved from /home/airflow/.local/lib/python3.7/site-packages/airflow/example_dags/example_time_delta_sensor_async.py
[2022-02-25 00:19:55,067] {logging_mixin.py:109} INFO - [2022-02-25 00:19:55,067] {dag.py:2396} INFO - Sync 1 DAGs
[2022-02-25 00:19:55,085] {logging_mixin.py:109} INFO - [2022-02-25 00:19:55,085] {dag.py:2935} INFO - Setting next_dagrun for example_time_delta_sensor_async to None
[2022-02-25 00:19:55,095] {processor.py:171} INFO - Processing /home/airflow/.local/lib/python3.7/site-packages/airflow/example_dags/example_time_delta_sensor_async.py took 0.076 seconds
[2022-02-25 00:20:25,262] {processor.py:163} INFO - Started process (PID=18175) to work on /home/airflow/.local/lib/python3.7/site-packages/airflow/example_dags/example_time_delta_sensor_async.py
[2022-02-25 00:20:25,263] {processor.py:642} INFO - Processing file /home/airflow/.local/lib/python3.7/site-packages/airflow/example_dags/example_time_delta_sensor_async.py for tasks to queue
[2022-02-25 00:20:25,264] {logging_mixin.py:109} INFO - [2022-02-25 00:20:25,264] {dagbag.py:500} INFO - Filling up the DagBag from /home/airflow/.local/lib/python3.7/site-packages/airflow/example_dags/example_time_delta_sensor_async.py
[2022-02-25 00:20:25,292] {processor.py:654} INFO - DAG(s) dict_keys(['example_time_delta_sensor_async']) retrieved from /home/airflow/.local/lib/python3.7/site-packages/airflow/example_dags/example_time_delta_sensor_async.py
[2022-02-25 00:20:25,302] {logging_mixin.py:109} INFO - [2022-02-25 00:20:25,302] {dag.py:2396} INFO - Sync 1 DAGs
[2022-02-25 00:20:25,318] {logging_mixin.py:109} INFO - [2022-02-25 00:20:25,318] {dag.py:2935} INFO - Setting next_dagrun for example_time_delta_sensor_async to None
[2022-02-25 00:20:25,327] {processor.py:171} INFO - Processing /home/airflow/.local/lib/python3.7/site-packages/airflow/example_dags/example_time_delta_sensor_async.py took 0.069 seconds
[2022-02-25 00:20:55,610] {processor.py:163} INFO - Started process (PID=18226) to work on /home/airflow/.local/lib/python3.7/site-packages/airflow/example_dags/example_time_delta_sensor_async.py
[2022-02-25 00:20:55,614] {processor.py:642} INFO - Processing file /home/airflow/.local/lib/python3.7/site-packages/airflow/example_dags/example_time_delta_sensor_async.py for tasks to queue
[2022-02-25 00:20:55,615] {logging_mixin.py:109} INFO - [2022-02-25 00:20:55,615] {dagbag.py:500} INFO - Filling up the DagBag from /home/airflow/.local/lib/python3.7/site-packages/airflow/example_dags/example_time_delta_sensor_async.py
[2022-02-25 00:20:55,643] {processor.py:654} INFO - DAG(s) dict_keys(['example_time_delta_sensor_async']) retrieved from /home/airflow/.local/lib/python3.7/site-packages/airflow/example_dags/example_time_delta_sensor_async.py
[2022-02-25 00:20:55,654] {logging_mixin.py:109} INFO - [2022-02-25 00:20:55,654] {dag.py:2396} INFO - Sync 1 DAGs
[2022-02-25 00:20:55,670] {logging_mixin.py:109} INFO - [2022-02-25 00:20:55,670] {dag.py:2935} INFO - Setting next_dagrun for example_time_delta_sensor_async to None
[2022-02-25 00:20:55,686] {processor.py:171} INFO - Processing /home/airflow/.local/lib/python3.7/site-packages/airflow/example_dags/example_time_delta_sensor_async.py took 0.084 seconds
[2022-02-25 00:21:26,001] {processor.py:163} INFO - Started process (PID=18289) to work on /home/airflow/.local/lib/python3.7/site-packages/airflow/example_dags/example_time_delta_sensor_async.py
[2022-02-25 00:21:26,003] {processor.py:642} INFO - Processing file /home/airflow/.local/lib/python3.7/site-packages/airflow/example_dags/example_time_delta_sensor_async.py for tasks to queue
[2022-02-25 00:21:26,004] {logging_mixin.py:109} INFO - [2022-02-25 00:21:26,004] {dagbag.py:500} INFO - Filling up the DagBag from /home/airflow/.local/lib/python3.7/site-packages/airflow/example_dags/example_time_delta_sensor_async.py
[2022-02-25 00:21:26,034] {processor.py:654} INFO - DAG(s) dict_keys(['example_time_delta_sensor_async']) retrieved from /home/airflow/.local/lib/python3.7/site-packages/airflow/example_dags/example_time_delta_sensor_async.py
[2022-02-25 00:21:26,045] {logging_mixin.py:109} INFO - [2022-02-25 00:21:26,044] {dag.py:2396} INFO - Sync 1 DAGs
[2022-02-25 00:21:26,060] {logging_mixin.py:109} INFO - [2022-02-25 00:21:26,060] {dag.py:2935} INFO - Setting next_dagrun for example_time_delta_sensor_async to None
[2022-02-25 00:21:26,070] {processor.py:171} INFO - Processing /home/airflow/.local/lib/python3.7/site-packages/airflow/example_dags/example_time_delta_sensor_async.py took 0.072 seconds
[2022-02-25 00:21:56,252] {processor.py:163} INFO - Started process (PID=18339) to work on /home/airflow/.local/lib/python3.7/site-packages/airflow/example_dags/example_time_delta_sensor_async.py
[2022-02-25 00:21:56,253] {processor.py:642} INFO - Processing file /home/airflow/.local/lib/python3.7/site-packages/airflow/example_dags/example_time_delta_sensor_async.py for tasks to queue
[2022-02-25 00:21:56,255] {logging_mixin.py:109} INFO - [2022-02-25 00:21:56,255] {dagbag.py:500} INFO - Filling up the DagBag from /home/airflow/.local/lib/python3.7/site-packages/airflow/example_dags/example_time_delta_sensor_async.py
[2022-02-25 00:21:56,282] {processor.py:654} INFO - DAG(s) dict_keys(['example_time_delta_sensor_async']) retrieved from /home/airflow/.local/lib/python3.7/site-packages/airflow/example_dags/example_time_delta_sensor_async.py
[2022-02-25 00:21:56,292] {logging_mixin.py:109} INFO - [2022-02-25 00:21:56,292] {dag.py:2396} INFO - Sync 1 DAGs
[2022-02-25 00:21:56,308] {logging_mixin.py:109} INFO - [2022-02-25 00:21:56,308] {dag.py:2935} INFO - Setting next_dagrun for example_time_delta_sensor_async to None
[2022-02-25 00:21:56,316] {processor.py:171} INFO - Processing /home/airflow/.local/lib/python3.7/site-packages/airflow/example_dags/example_time_delta_sensor_async.py took 0.068 seconds
[2022-02-25 00:22:26,659] {processor.py:163} INFO - Started process (PID=18401) to work on /home/airflow/.local/lib/python3.7/site-packages/airflow/example_dags/example_time_delta_sensor_async.py
[2022-02-25 00:22:26,661] {processor.py:642} INFO - Processing file /home/airflow/.local/lib/python3.7/site-packages/airflow/example_dags/example_time_delta_sensor_async.py for tasks to queue
[2022-02-25 00:22:26,662] {logging_mixin.py:109} INFO - [2022-02-25 00:22:26,662] {dagbag.py:500} INFO - Filling up the DagBag from /home/airflow/.local/lib/python3.7/site-packages/airflow/example_dags/example_time_delta_sensor_async.py
[2022-02-25 00:22:26,689] {processor.py:654} INFO - DAG(s) dict_keys(['example_time_delta_sensor_async']) retrieved from /home/airflow/.local/lib/python3.7/site-packages/airflow/example_dags/example_time_delta_sensor_async.py
[2022-02-25 00:22:26,699] {logging_mixin.py:109} INFO - [2022-02-25 00:22:26,699] {dag.py:2396} INFO - Sync 1 DAGs
[2022-02-25 00:22:26,714] {logging_mixin.py:109} INFO - [2022-02-25 00:22:26,714] {dag.py:2935} INFO - Setting next_dagrun for example_time_delta_sensor_async to None
[2022-02-25 00:22:26,721] {processor.py:171} INFO - Processing /home/airflow/.local/lib/python3.7/site-packages/airflow/example_dags/example_time_delta_sensor_async.py took 0.066 seconds
[2022-02-25 00:22:57,210] {processor.py:163} INFO - Started process (PID=18453) to work on /home/airflow/.local/lib/python3.7/site-packages/airflow/example_dags/example_time_delta_sensor_async.py
[2022-02-25 00:22:57,227] {processor.py:642} INFO - Processing file /home/airflow/.local/lib/python3.7/site-packages/airflow/example_dags/example_time_delta_sensor_async.py for tasks to queue
[2022-02-25 00:22:57,229] {logging_mixin.py:109} INFO - [2022-02-25 00:22:57,229] {dagbag.py:500} INFO - Filling up the DagBag from /home/airflow/.local/lib/python3.7/site-packages/airflow/example_dags/example_time_delta_sensor_async.py
[2022-02-25 00:22:57,268] {processor.py:654} INFO - DAG(s) dict_keys(['example_time_delta_sensor_async']) retrieved from /home/airflow/.local/lib/python3.7/site-packages/airflow/example_dags/example_time_delta_sensor_async.py
[2022-02-25 00:22:57,280] {logging_mixin.py:109} INFO - [2022-02-25 00:22:57,280] {dag.py:2396} INFO - Sync 1 DAGs
[2022-02-25 00:22:57,300] {logging_mixin.py:109} INFO - [2022-02-25 00:22:57,300] {dag.py:2935} INFO - Setting next_dagrun for example_time_delta_sensor_async to None
[2022-02-25 00:22:57,311] {processor.py:171} INFO - Processing /home/airflow/.local/lib/python3.7/site-packages/airflow/example_dags/example_time_delta_sensor_async.py took 0.105 seconds
[2022-02-25 00:23:27,496] {processor.py:163} INFO - Started process (PID=18517) to work on /home/airflow/.local/lib/python3.7/site-packages/airflow/example_dags/example_time_delta_sensor_async.py
[2022-02-25 00:23:27,497] {processor.py:642} INFO - Processing file /home/airflow/.local/lib/python3.7/site-packages/airflow/example_dags/example_time_delta_sensor_async.py for tasks to queue
[2022-02-25 00:23:27,498] {logging_mixin.py:109} INFO - [2022-02-25 00:23:27,498] {dagbag.py:500} INFO - Filling up the DagBag from /home/airflow/.local/lib/python3.7/site-packages/airflow/example_dags/example_time_delta_sensor_async.py
[2022-02-25 00:23:27,525] {processor.py:654} INFO - DAG(s) dict_keys(['example_time_delta_sensor_async']) retrieved from /home/airflow/.local/lib/python3.7/site-packages/airflow/example_dags/example_time_delta_sensor_async.py
[2022-02-25 00:23:27,535] {logging_mixin.py:109} INFO - [2022-02-25 00:23:27,535] {dag.py:2396} INFO - Sync 1 DAGs
[2022-02-25 00:23:27,552] {logging_mixin.py:109} INFO - [2022-02-25 00:23:27,551] {dag.py:2935} INFO - Setting next_dagrun for example_time_delta_sensor_async to None
[2022-02-25 00:23:27,561] {processor.py:171} INFO - Processing /home/airflow/.local/lib/python3.7/site-packages/airflow/example_dags/example_time_delta_sensor_async.py took 0.069 seconds
[2022-02-25 00:23:57,734] {processor.py:163} INFO - Started process (PID=18569) to work on /home/airflow/.local/lib/python3.7/site-packages/airflow/example_dags/example_time_delta_sensor_async.py
[2022-02-25 00:23:57,736] {processor.py:642} INFO - Processing file /home/airflow/.local/lib/python3.7/site-packages/airflow/example_dags/example_time_delta_sensor_async.py for tasks to queue
[2022-02-25 00:23:57,737] {logging_mixin.py:109} INFO - [2022-02-25 00:23:57,737] {dagbag.py:500} INFO - Filling up the DagBag from /home/airflow/.local/lib/python3.7/site-packages/airflow/example_dags/example_time_delta_sensor_async.py
[2022-02-25 00:23:57,789] {processor.py:654} INFO - DAG(s) dict_keys(['example_time_delta_sensor_async']) retrieved from /home/airflow/.local/lib/python3.7/site-packages/airflow/example_dags/example_time_delta_sensor_async.py
[2022-02-25 00:23:57,802] {logging_mixin.py:109} INFO - [2022-02-25 00:23:57,801] {dag.py:2396} INFO - Sync 1 DAGs
[2022-02-25 00:23:57,822] {logging_mixin.py:109} INFO - [2022-02-25 00:23:57,822] {dag.py:2935} INFO - Setting next_dagrun for example_time_delta_sensor_async to None
[2022-02-25 00:23:57,833] {processor.py:171} INFO - Processing /home/airflow/.local/lib/python3.7/site-packages/airflow/example_dags/example_time_delta_sensor_async.py took 0.104 seconds
[2022-02-25 00:24:28,111] {processor.py:163} INFO - Started process (PID=18630) to work on /home/airflow/.local/lib/python3.7/site-packages/airflow/example_dags/example_time_delta_sensor_async.py
[2022-02-25 00:24:28,113] {processor.py:642} INFO - Processing file /home/airflow/.local/lib/python3.7/site-packages/airflow/example_dags/example_time_delta_sensor_async.py for tasks to queue
[2022-02-25 00:24:28,114] {logging_mixin.py:109} INFO - [2022-02-25 00:24:28,114] {dagbag.py:500} INFO - Filling up the DagBag from /home/airflow/.local/lib/python3.7/site-packages/airflow/example_dags/example_time_delta_sensor_async.py
[2022-02-25 00:24:28,142] {processor.py:654} INFO - DAG(s) dict_keys(['example_time_delta_sensor_async']) retrieved from /home/airflow/.local/lib/python3.7/site-packages/airflow/example_dags/example_time_delta_sensor_async.py
[2022-02-25 00:24:28,153] {logging_mixin.py:109} INFO - [2022-02-25 00:24:28,153] {dag.py:2396} INFO - Sync 1 DAGs
[2022-02-25 00:24:28,169] {logging_mixin.py:109} INFO - [2022-02-25 00:24:28,169] {dag.py:2935} INFO - Setting next_dagrun for example_time_delta_sensor_async to None
[2022-02-25 00:24:28,179] {processor.py:171} INFO - Processing /home/airflow/.local/lib/python3.7/site-packages/airflow/example_dags/example_time_delta_sensor_async.py took 0.072 seconds
[2022-02-25 00:24:58,641] {processor.py:163} INFO - Started process (PID=18683) to work on /home/airflow/.local/lib/python3.7/site-packages/airflow/example_dags/example_time_delta_sensor_async.py
[2022-02-25 00:24:58,643] {processor.py:642} INFO - Processing file /home/airflow/.local/lib/python3.7/site-packages/airflow/example_dags/example_time_delta_sensor_async.py for tasks to queue
[2022-02-25 00:24:58,645] {logging_mixin.py:109} INFO - [2022-02-25 00:24:58,645] {dagbag.py:500} INFO - Filling up the DagBag from /home/airflow/.local/lib/python3.7/site-packages/airflow/example_dags/example_time_delta_sensor_async.py
[2022-02-25 00:24:58,679] {processor.py:654} INFO - DAG(s) dict_keys(['example_time_delta_sensor_async']) retrieved from /home/airflow/.local/lib/python3.7/site-packages/airflow/example_dags/example_time_delta_sensor_async.py
[2022-02-25 00:24:58,690] {logging_mixin.py:109} INFO - [2022-02-25 00:24:58,690] {dag.py:2396} INFO - Sync 1 DAGs
[2022-02-25 00:24:58,708] {logging_mixin.py:109} INFO - [2022-02-25 00:24:58,708] {dag.py:2935} INFO - Setting next_dagrun for example_time_delta_sensor_async to None
[2022-02-25 00:24:58,717] {processor.py:171} INFO - Processing /home/airflow/.local/lib/python3.7/site-packages/airflow/example_dags/example_time_delta_sensor_async.py took 0.079 seconds
[2022-02-25 00:25:29,087] {processor.py:163} INFO - Started process (PID=18744) to work on /home/airflow/.local/lib/python3.7/site-packages/airflow/example_dags/example_time_delta_sensor_async.py
[2022-02-25 00:25:29,089] {processor.py:642} INFO - Processing file /home/airflow/.local/lib/python3.7/site-packages/airflow/example_dags/example_time_delta_sensor_async.py for tasks to queue
[2022-02-25 00:25:29,090] {logging_mixin.py:109} INFO - [2022-02-25 00:25:29,090] {dagbag.py:500} INFO - Filling up the DagBag from /home/airflow/.local/lib/python3.7/site-packages/airflow/example_dags/example_time_delta_sensor_async.py
[2022-02-25 00:25:29,119] {processor.py:654} INFO - DAG(s) dict_keys(['example_time_delta_sensor_async']) retrieved from /home/airflow/.local/lib/python3.7/site-packages/airflow/example_dags/example_time_delta_sensor_async.py
[2022-02-25 00:25:29,129] {logging_mixin.py:109} INFO - [2022-02-25 00:25:29,129] {dag.py:2396} INFO - Sync 1 DAGs
[2022-02-25 00:25:29,146] {logging_mixin.py:109} INFO - [2022-02-25 00:25:29,146] {dag.py:2935} INFO - Setting next_dagrun for example_time_delta_sensor_async to None
[2022-02-25 00:25:29,155] {processor.py:171} INFO - Processing /home/airflow/.local/lib/python3.7/site-packages/airflow/example_dags/example_time_delta_sensor_async.py took 0.071 seconds
[2022-02-25 00:25:59,577] {processor.py:163} INFO - Started process (PID=18799) to work on /home/airflow/.local/lib/python3.7/site-packages/airflow/example_dags/example_time_delta_sensor_async.py
[2022-02-25 00:25:59,579] {processor.py:642} INFO - Processing file /home/airflow/.local/lib/python3.7/site-packages/airflow/example_dags/example_time_delta_sensor_async.py for tasks to queue
[2022-02-25 00:25:59,580] {logging_mixin.py:109} INFO - [2022-02-25 00:25:59,580] {dagbag.py:500} INFO - Filling up the DagBag from /home/airflow/.local/lib/python3.7/site-packages/airflow/example_dags/example_time_delta_sensor_async.py
[2022-02-25 00:25:59,612] {processor.py:654} INFO - DAG(s) dict_keys(['example_time_delta_sensor_async']) retrieved from /home/airflow/.local/lib/python3.7/site-packages/airflow/example_dags/example_time_delta_sensor_async.py
[2022-02-25 00:25:59,622] {logging_mixin.py:109} INFO - [2022-02-25 00:25:59,622] {dag.py:2396} INFO - Sync 1 DAGs
[2022-02-25 00:25:59,638] {logging_mixin.py:109} INFO - [2022-02-25 00:25:59,638] {dag.py:2935} INFO - Setting next_dagrun for example_time_delta_sensor_async to None
[2022-02-25 00:25:59,649] {processor.py:171} INFO - Processing /home/airflow/.local/lib/python3.7/site-packages/airflow/example_dags/example_time_delta_sensor_async.py took 0.077 seconds
[2022-02-25 00:26:29,858] {processor.py:163} INFO - Started process (PID=18859) to work on /home/airflow/.local/lib/python3.7/site-packages/airflow/example_dags/example_time_delta_sensor_async.py
[2022-02-25 00:26:29,860] {processor.py:642} INFO - Processing file /home/airflow/.local/lib/python3.7/site-packages/airflow/example_dags/example_time_delta_sensor_async.py for tasks to queue
[2022-02-25 00:26:29,861] {logging_mixin.py:109} INFO - [2022-02-25 00:26:29,861] {dagbag.py:500} INFO - Filling up the DagBag from /home/airflow/.local/lib/python3.7/site-packages/airflow/example_dags/example_time_delta_sensor_async.py
[2022-02-25 00:26:29,891] {processor.py:654} INFO - DAG(s) dict_keys(['example_time_delta_sensor_async']) retrieved from /home/airflow/.local/lib/python3.7/site-packages/airflow/example_dags/example_time_delta_sensor_async.py
[2022-02-25 00:26:29,901] {logging_mixin.py:109} INFO - [2022-02-25 00:26:29,901] {dag.py:2396} INFO - Sync 1 DAGs
[2022-02-25 00:26:29,918] {logging_mixin.py:109} INFO - [2022-02-25 00:26:29,918] {dag.py:2935} INFO - Setting next_dagrun for example_time_delta_sensor_async to None
[2022-02-25 00:26:29,927] {processor.py:171} INFO - Processing /home/airflow/.local/lib/python3.7/site-packages/airflow/example_dags/example_time_delta_sensor_async.py took 0.074 seconds
[2022-02-25 00:27:00,271] {processor.py:163} INFO - Started process (PID=18910) to work on /home/airflow/.local/lib/python3.7/site-packages/airflow/example_dags/example_time_delta_sensor_async.py
[2022-02-25 00:27:00,273] {processor.py:642} INFO - Processing file /home/airflow/.local/lib/python3.7/site-packages/airflow/example_dags/example_time_delta_sensor_async.py for tasks to queue
[2022-02-25 00:27:00,274] {logging_mixin.py:109} INFO - [2022-02-25 00:27:00,274] {dagbag.py:500} INFO - Filling up the DagBag from /home/airflow/.local/lib/python3.7/site-packages/airflow/example_dags/example_time_delta_sensor_async.py
[2022-02-25 00:27:00,302] {processor.py:654} INFO - DAG(s) dict_keys(['example_time_delta_sensor_async']) retrieved from /home/airflow/.local/lib/python3.7/site-packages/airflow/example_dags/example_time_delta_sensor_async.py
[2022-02-25 00:27:00,313] {logging_mixin.py:109} INFO - [2022-02-25 00:27:00,312] {dag.py:2396} INFO - Sync 1 DAGs
[2022-02-25 00:27:00,328] {logging_mixin.py:109} INFO - [2022-02-25 00:27:00,328] {dag.py:2935} INFO - Setting next_dagrun for example_time_delta_sensor_async to None
[2022-02-25 00:27:00,337] {processor.py:171} INFO - Processing /home/airflow/.local/lib/python3.7/site-packages/airflow/example_dags/example_time_delta_sensor_async.py took 0.070 seconds
[2022-02-25 00:27:30,702] {processor.py:163} INFO - Started process (PID=18970) to work on /home/airflow/.local/lib/python3.7/site-packages/airflow/example_dags/example_time_delta_sensor_async.py
[2022-02-25 00:27:30,706] {processor.py:642} INFO - Processing file /home/airflow/.local/lib/python3.7/site-packages/airflow/example_dags/example_time_delta_sensor_async.py for tasks to queue
[2022-02-25 00:27:30,709] {logging_mixin.py:109} INFO - [2022-02-25 00:27:30,709] {dagbag.py:500} INFO - Filling up the DagBag from /home/airflow/.local/lib/python3.7/site-packages/airflow/example_dags/example_time_delta_sensor_async.py
[2022-02-25 00:27:30,768] {processor.py:654} INFO - DAG(s) dict_keys(['example_time_delta_sensor_async']) retrieved from /home/airflow/.local/lib/python3.7/site-packages/airflow/example_dags/example_time_delta_sensor_async.py
[2022-02-25 00:27:30,788] {logging_mixin.py:109} INFO - [2022-02-25 00:27:30,788] {dag.py:2396} INFO - Sync 1 DAGs
[2022-02-25 00:27:30,810] {logging_mixin.py:109} INFO - [2022-02-25 00:27:30,810] {dag.py:2935} INFO - Setting next_dagrun for example_time_delta_sensor_async to None
[2022-02-25 00:27:30,821] {processor.py:171} INFO - Processing /home/airflow/.local/lib/python3.7/site-packages/airflow/example_dags/example_time_delta_sensor_async.py took 0.124 seconds
[2022-02-25 00:28:01,181] {processor.py:163} INFO - Started process (PID=19023) to work on /home/airflow/.local/lib/python3.7/site-packages/airflow/example_dags/example_time_delta_sensor_async.py
[2022-02-25 00:28:01,183] {processor.py:642} INFO - Processing file /home/airflow/.local/lib/python3.7/site-packages/airflow/example_dags/example_time_delta_sensor_async.py for tasks to queue
[2022-02-25 00:28:01,184] {logging_mixin.py:109} INFO - [2022-02-25 00:28:01,184] {dagbag.py:500} INFO - Filling up the DagBag from /home/airflow/.local/lib/python3.7/site-packages/airflow/example_dags/example_time_delta_sensor_async.py
[2022-02-25 00:28:01,218] {processor.py:654} INFO - DAG(s) dict_keys(['example_time_delta_sensor_async']) retrieved from /home/airflow/.local/lib/python3.7/site-packages/airflow/example_dags/example_time_delta_sensor_async.py
[2022-02-25 00:28:01,235] {logging_mixin.py:109} INFO - [2022-02-25 00:28:01,235] {dag.py:2396} INFO - Sync 1 DAGs
[2022-02-25 00:28:01,251] {logging_mixin.py:109} INFO - [2022-02-25 00:28:01,251] {dag.py:2935} INFO - Setting next_dagrun for example_time_delta_sensor_async to None
[2022-02-25 00:28:01,261] {processor.py:171} INFO - Processing /home/airflow/.local/lib/python3.7/site-packages/airflow/example_dags/example_time_delta_sensor_async.py took 0.084 seconds
[2022-02-25 00:28:31,389] {processor.py:163} INFO - Started process (PID=19074) to work on /home/airflow/.local/lib/python3.7/site-packages/airflow/example_dags/example_time_delta_sensor_async.py
[2022-02-25 00:28:31,391] {processor.py:642} INFO - Processing file /home/airflow/.local/lib/python3.7/site-packages/airflow/example_dags/example_time_delta_sensor_async.py for tasks to queue
[2022-02-25 00:28:31,392] {logging_mixin.py:109} INFO - [2022-02-25 00:28:31,392] {dagbag.py:500} INFO - Filling up the DagBag from /home/airflow/.local/lib/python3.7/site-packages/airflow/example_dags/example_time_delta_sensor_async.py
[2022-02-25 00:28:31,420] {processor.py:654} INFO - DAG(s) dict_keys(['example_time_delta_sensor_async']) retrieved from /home/airflow/.local/lib/python3.7/site-packages/airflow/example_dags/example_time_delta_sensor_async.py
[2022-02-25 00:28:31,430] {logging_mixin.py:109} INFO - [2022-02-25 00:28:31,430] {dag.py:2396} INFO - Sync 1 DAGs
[2022-02-25 00:28:31,446] {logging_mixin.py:109} INFO - [2022-02-25 00:28:31,446] {dag.py:2935} INFO - Setting next_dagrun for example_time_delta_sensor_async to None
[2022-02-25 00:28:31,455] {processor.py:171} INFO - Processing /home/airflow/.local/lib/python3.7/site-packages/airflow/example_dags/example_time_delta_sensor_async.py took 0.069 seconds
[2022-02-25 00:29:02,352] {processor.py:163} INFO - Started process (PID=19136) to work on /home/airflow/.local/lib/python3.7/site-packages/airflow/example_dags/example_time_delta_sensor_async.py
[2022-02-25 00:29:02,353] {processor.py:642} INFO - Processing file /home/airflow/.local/lib/python3.7/site-packages/airflow/example_dags/example_time_delta_sensor_async.py for tasks to queue
[2022-02-25 00:29:02,355] {logging_mixin.py:109} INFO - [2022-02-25 00:29:02,354] {dagbag.py:500} INFO - Filling up the DagBag from /home/airflow/.local/lib/python3.7/site-packages/airflow/example_dags/example_time_delta_sensor_async.py
[2022-02-25 00:29:02,382] {processor.py:654} INFO - DAG(s) dict_keys(['example_time_delta_sensor_async']) retrieved from /home/airflow/.local/lib/python3.7/site-packages/airflow/example_dags/example_time_delta_sensor_async.py
[2022-02-25 00:29:02,392] {logging_mixin.py:109} INFO - [2022-02-25 00:29:02,392] {dag.py:2396} INFO - Sync 1 DAGs
[2022-02-25 00:29:02,408] {logging_mixin.py:109} INFO - [2022-02-25 00:29:02,408] {dag.py:2935} INFO - Setting next_dagrun for example_time_delta_sensor_async to None
[2022-02-25 00:29:02,416] {processor.py:171} INFO - Processing /home/airflow/.local/lib/python3.7/site-packages/airflow/example_dags/example_time_delta_sensor_async.py took 0.068 seconds
[2022-02-25 00:29:32,737] {processor.py:163} INFO - Started process (PID=19187) to work on /home/airflow/.local/lib/python3.7/site-packages/airflow/example_dags/example_time_delta_sensor_async.py
[2022-02-25 00:29:32,741] {processor.py:642} INFO - Processing file /home/airflow/.local/lib/python3.7/site-packages/airflow/example_dags/example_time_delta_sensor_async.py for tasks to queue
[2022-02-25 00:29:32,742] {logging_mixin.py:109} INFO - [2022-02-25 00:29:32,742] {dagbag.py:500} INFO - Filling up the DagBag from /home/airflow/.local/lib/python3.7/site-packages/airflow/example_dags/example_time_delta_sensor_async.py
[2022-02-25 00:29:32,771] {processor.py:654} INFO - DAG(s) dict_keys(['example_time_delta_sensor_async']) retrieved from /home/airflow/.local/lib/python3.7/site-packages/airflow/example_dags/example_time_delta_sensor_async.py
[2022-02-25 00:29:32,781] {logging_mixin.py:109} INFO - [2022-02-25 00:29:32,781] {dag.py:2396} INFO - Sync 1 DAGs
[2022-02-25 00:29:32,797] {logging_mixin.py:109} INFO - [2022-02-25 00:29:32,797] {dag.py:2935} INFO - Setting next_dagrun for example_time_delta_sensor_async to None
[2022-02-25 00:29:32,806] {processor.py:171} INFO - Processing /home/airflow/.local/lib/python3.7/site-packages/airflow/example_dags/example_time_delta_sensor_async.py took 0.073 seconds
[2022-02-25 00:30:03,779] {processor.py:163} INFO - Started process (PID=19247) to work on /home/airflow/.local/lib/python3.7/site-packages/airflow/example_dags/example_time_delta_sensor_async.py
[2022-02-25 00:30:03,780] {processor.py:642} INFO - Processing file /home/airflow/.local/lib/python3.7/site-packages/airflow/example_dags/example_time_delta_sensor_async.py for tasks to queue
[2022-02-25 00:30:03,781] {logging_mixin.py:109} INFO - [2022-02-25 00:30:03,781] {dagbag.py:500} INFO - Filling up the DagBag from /home/airflow/.local/lib/python3.7/site-packages/airflow/example_dags/example_time_delta_sensor_async.py
[2022-02-25 00:30:03,808] {processor.py:654} INFO - DAG(s) dict_keys(['example_time_delta_sensor_async']) retrieved from /home/airflow/.local/lib/python3.7/site-packages/airflow/example_dags/example_time_delta_sensor_async.py
[2022-02-25 00:30:03,817] {logging_mixin.py:109} INFO - [2022-02-25 00:30:03,817] {dag.py:2396} INFO - Sync 1 DAGs
[2022-02-25 00:30:03,833] {logging_mixin.py:109} INFO - [2022-02-25 00:30:03,833] {dag.py:2935} INFO - Setting next_dagrun for example_time_delta_sensor_async to None
[2022-02-25 00:30:03,843] {processor.py:171} INFO - Processing /home/airflow/.local/lib/python3.7/site-packages/airflow/example_dags/example_time_delta_sensor_async.py took 0.069 seconds
[2022-02-25 00:30:34,366] {processor.py:163} INFO - Started process (PID=19298) to work on /home/airflow/.local/lib/python3.7/site-packages/airflow/example_dags/example_time_delta_sensor_async.py
[2022-02-25 00:30:34,368] {processor.py:642} INFO - Processing file /home/airflow/.local/lib/python3.7/site-packages/airflow/example_dags/example_time_delta_sensor_async.py for tasks to queue
[2022-02-25 00:30:34,369] {logging_mixin.py:109} INFO - [2022-02-25 00:30:34,369] {dagbag.py:500} INFO - Filling up the DagBag from /home/airflow/.local/lib/python3.7/site-packages/airflow/example_dags/example_time_delta_sensor_async.py
[2022-02-25 00:30:34,407] {processor.py:654} INFO - DAG(s) dict_keys(['example_time_delta_sensor_async']) retrieved from /home/airflow/.local/lib/python3.7/site-packages/airflow/example_dags/example_time_delta_sensor_async.py
[2022-02-25 00:30:34,423] {logging_mixin.py:109} INFO - [2022-02-25 00:30:34,422] {dag.py:2396} INFO - Sync 1 DAGs
[2022-02-25 00:30:34,442] {logging_mixin.py:109} INFO - [2022-02-25 00:30:34,442] {dag.py:2935} INFO - Setting next_dagrun for example_time_delta_sensor_async to None
[2022-02-25 00:30:34,453] {processor.py:171} INFO - Processing /home/airflow/.local/lib/python3.7/site-packages/airflow/example_dags/example_time_delta_sensor_async.py took 0.091 seconds
[2022-02-25 00:31:04,745] {processor.py:163} INFO - Started process (PID=19359) to work on /home/airflow/.local/lib/python3.7/site-packages/airflow/example_dags/example_time_delta_sensor_async.py
[2022-02-25 00:31:04,748] {processor.py:642} INFO - Processing file /home/airflow/.local/lib/python3.7/site-packages/airflow/example_dags/example_time_delta_sensor_async.py for tasks to queue
[2022-02-25 00:31:04,750] {logging_mixin.py:109} INFO - [2022-02-25 00:31:04,749] {dagbag.py:500} INFO - Filling up the DagBag from /home/airflow/.local/lib/python3.7/site-packages/airflow/example_dags/example_time_delta_sensor_async.py
[2022-02-25 00:31:04,781] {processor.py:654} INFO - DAG(s) dict_keys(['example_time_delta_sensor_async']) retrieved from /home/airflow/.local/lib/python3.7/site-packages/airflow/example_dags/example_time_delta_sensor_async.py
[2022-02-25 00:31:04,792] {logging_mixin.py:109} INFO - [2022-02-25 00:31:04,792] {dag.py:2396} INFO - Sync 1 DAGs
[2022-02-25 00:31:04,810] {logging_mixin.py:109} INFO - [2022-02-25 00:31:04,810] {dag.py:2935} INFO - Setting next_dagrun for example_time_delta_sensor_async to None
[2022-02-25 00:31:04,820] {processor.py:171} INFO - Processing /home/airflow/.local/lib/python3.7/site-packages/airflow/example_dags/example_time_delta_sensor_async.py took 0.079 seconds
[2022-02-25 00:31:35,759] {processor.py:163} INFO - Started process (PID=19412) to work on /home/airflow/.local/lib/python3.7/site-packages/airflow/example_dags/example_time_delta_sensor_async.py
[2022-02-25 00:31:35,761] {processor.py:642} INFO - Processing file /home/airflow/.local/lib/python3.7/site-packages/airflow/example_dags/example_time_delta_sensor_async.py for tasks to queue
[2022-02-25 00:31:35,763] {logging_mixin.py:109} INFO - [2022-02-25 00:31:35,763] {dagbag.py:500} INFO - Filling up the DagBag from /home/airflow/.local/lib/python3.7/site-packages/airflow/example_dags/example_time_delta_sensor_async.py
[2022-02-25 00:31:35,792] {processor.py:654} INFO - DAG(s) dict_keys(['example_time_delta_sensor_async']) retrieved from /home/airflow/.local/lib/python3.7/site-packages/airflow/example_dags/example_time_delta_sensor_async.py
[2022-02-25 00:31:35,802] {logging_mixin.py:109} INFO - [2022-02-25 00:31:35,802] {dag.py:2396} INFO - Sync 1 DAGs
[2022-02-25 00:31:35,818] {logging_mixin.py:109} INFO - [2022-02-25 00:31:35,818] {dag.py:2935} INFO - Setting next_dagrun for example_time_delta_sensor_async to None
[2022-02-25 00:31:35,827] {processor.py:171} INFO - Processing /home/airflow/.local/lib/python3.7/site-packages/airflow/example_dags/example_time_delta_sensor_async.py took 0.072 seconds
[2022-02-25 00:32:06,219] {processor.py:163} INFO - Started process (PID=19472) to work on /home/airflow/.local/lib/python3.7/site-packages/airflow/example_dags/example_time_delta_sensor_async.py
[2022-02-25 00:32:06,222] {processor.py:642} INFO - Processing file /home/airflow/.local/lib/python3.7/site-packages/airflow/example_dags/example_time_delta_sensor_async.py for tasks to queue
[2022-02-25 00:32:06,223] {logging_mixin.py:109} INFO - [2022-02-25 00:32:06,223] {dagbag.py:500} INFO - Filling up the DagBag from /home/airflow/.local/lib/python3.7/site-packages/airflow/example_dags/example_time_delta_sensor_async.py
[2022-02-25 00:32:06,254] {processor.py:654} INFO - DAG(s) dict_keys(['example_time_delta_sensor_async']) retrieved from /home/airflow/.local/lib/python3.7/site-packages/airflow/example_dags/example_time_delta_sensor_async.py
[2022-02-25 00:32:06,264] {logging_mixin.py:109} INFO - [2022-02-25 00:32:06,264] {dag.py:2396} INFO - Sync 1 DAGs
[2022-02-25 00:32:06,281] {logging_mixin.py:109} INFO - [2022-02-25 00:32:06,281] {dag.py:2935} INFO - Setting next_dagrun for example_time_delta_sensor_async to None
[2022-02-25 00:32:06,291] {processor.py:171} INFO - Processing /home/airflow/.local/lib/python3.7/site-packages/airflow/example_dags/example_time_delta_sensor_async.py took 0.076 seconds
[2022-02-25 00:32:36,573] {processor.py:163} INFO - Started process (PID=19524) to work on /home/airflow/.local/lib/python3.7/site-packages/airflow/example_dags/example_time_delta_sensor_async.py
[2022-02-25 00:32:36,575] {processor.py:642} INFO - Processing file /home/airflow/.local/lib/python3.7/site-packages/airflow/example_dags/example_time_delta_sensor_async.py for tasks to queue
[2022-02-25 00:32:36,576] {logging_mixin.py:109} INFO - [2022-02-25 00:32:36,576] {dagbag.py:500} INFO - Filling up the DagBag from /home/airflow/.local/lib/python3.7/site-packages/airflow/example_dags/example_time_delta_sensor_async.py
[2022-02-25 00:32:36,602] {processor.py:654} INFO - DAG(s) dict_keys(['example_time_delta_sensor_async']) retrieved from /home/airflow/.local/lib/python3.7/site-packages/airflow/example_dags/example_time_delta_sensor_async.py
[2022-02-25 00:32:36,611] {logging_mixin.py:109} INFO - [2022-02-25 00:32:36,611] {dag.py:2396} INFO - Sync 1 DAGs
[2022-02-25 00:32:36,631] {logging_mixin.py:109} INFO - [2022-02-25 00:32:36,631] {dag.py:2935} INFO - Setting next_dagrun for example_time_delta_sensor_async to None
[2022-02-25 00:32:36,642] {processor.py:171} INFO - Processing /home/airflow/.local/lib/python3.7/site-packages/airflow/example_dags/example_time_delta_sensor_async.py took 0.072 seconds
