[2022-02-25 00:00:04,862] {processor.py:163} INFO - Started process (PID=15913) to work on /home/airflow/.local/lib/python3.7/site-packages/airflow/example_dags/example_latest_only.py
[2022-02-25 00:00:04,863] {processor.py:642} INFO - Processing file /home/airflow/.local/lib/python3.7/site-packages/airflow/example_dags/example_latest_only.py for tasks to queue
[2022-02-25 00:00:04,864] {logging_mixin.py:109} INFO - [2022-02-25 00:00:04,864] {dagbag.py:500} INFO - Filling up the DagBag from /home/airflow/.local/lib/python3.7/site-packages/airflow/example_dags/example_latest_only.py
[2022-02-25 00:00:04,891] {processor.py:654} INFO - DAG(s) dict_keys(['latest_only']) retrieved from /home/airflow/.local/lib/python3.7/site-packages/airflow/example_dags/example_latest_only.py
[2022-02-25 00:00:04,901] {logging_mixin.py:109} INFO - [2022-02-25 00:00:04,901] {dag.py:2396} INFO - Sync 1 DAGs
[2022-02-25 00:00:04,916] {logging_mixin.py:109} INFO - [2022-02-25 00:00:04,916] {dag.py:2935} INFO - Setting next_dagrun for latest_only to 2022-02-24T20:00:04.916099+00:00
[2022-02-25 00:00:04,924] {processor.py:171} INFO - Processing /home/airflow/.local/lib/python3.7/site-packages/airflow/example_dags/example_latest_only.py took 0.066 seconds
[2022-02-25 00:00:35,340] {processor.py:163} INFO - Started process (PID=15974) to work on /home/airflow/.local/lib/python3.7/site-packages/airflow/example_dags/example_latest_only.py
[2022-02-25 00:00:35,341] {processor.py:642} INFO - Processing file /home/airflow/.local/lib/python3.7/site-packages/airflow/example_dags/example_latest_only.py for tasks to queue
[2022-02-25 00:00:35,343] {logging_mixin.py:109} INFO - [2022-02-25 00:00:35,343] {dagbag.py:500} INFO - Filling up the DagBag from /home/airflow/.local/lib/python3.7/site-packages/airflow/example_dags/example_latest_only.py
[2022-02-25 00:00:35,373] {processor.py:654} INFO - DAG(s) dict_keys(['latest_only']) retrieved from /home/airflow/.local/lib/python3.7/site-packages/airflow/example_dags/example_latest_only.py
[2022-02-25 00:00:35,386] {logging_mixin.py:109} INFO - [2022-02-25 00:00:35,386] {dag.py:2396} INFO - Sync 1 DAGs
[2022-02-25 00:00:35,407] {logging_mixin.py:109} INFO - [2022-02-25 00:00:35,407] {dag.py:2935} INFO - Setting next_dagrun for latest_only to 2022-02-24T20:00:35.407316+00:00
[2022-02-25 00:00:35,417] {processor.py:171} INFO - Processing /home/airflow/.local/lib/python3.7/site-packages/airflow/example_dags/example_latest_only.py took 0.081 seconds
[2022-02-25 00:01:05,780] {processor.py:163} INFO - Started process (PID=16025) to work on /home/airflow/.local/lib/python3.7/site-packages/airflow/example_dags/example_latest_only.py
[2022-02-25 00:01:05,782] {processor.py:642} INFO - Processing file /home/airflow/.local/lib/python3.7/site-packages/airflow/example_dags/example_latest_only.py for tasks to queue
[2022-02-25 00:01:05,783] {logging_mixin.py:109} INFO - [2022-02-25 00:01:05,783] {dagbag.py:500} INFO - Filling up the DagBag from /home/airflow/.local/lib/python3.7/site-packages/airflow/example_dags/example_latest_only.py
[2022-02-25 00:01:05,811] {processor.py:654} INFO - DAG(s) dict_keys(['latest_only']) retrieved from /home/airflow/.local/lib/python3.7/site-packages/airflow/example_dags/example_latest_only.py
[2022-02-25 00:01:05,820] {logging_mixin.py:109} INFO - [2022-02-25 00:01:05,820] {dag.py:2396} INFO - Sync 1 DAGs
[2022-02-25 00:01:05,837] {logging_mixin.py:109} INFO - [2022-02-25 00:01:05,837] {dag.py:2935} INFO - Setting next_dagrun for latest_only to 2022-02-24T20:01:05.837393+00:00
[2022-02-25 00:01:05,847] {processor.py:171} INFO - Processing /home/airflow/.local/lib/python3.7/site-packages/airflow/example_dags/example_latest_only.py took 0.071 seconds
[2022-02-25 00:01:36,208] {processor.py:163} INFO - Started process (PID=16086) to work on /home/airflow/.local/lib/python3.7/site-packages/airflow/example_dags/example_latest_only.py
[2022-02-25 00:01:36,210] {processor.py:642} INFO - Processing file /home/airflow/.local/lib/python3.7/site-packages/airflow/example_dags/example_latest_only.py for tasks to queue
[2022-02-25 00:01:36,211] {logging_mixin.py:109} INFO - [2022-02-25 00:01:36,211] {dagbag.py:500} INFO - Filling up the DagBag from /home/airflow/.local/lib/python3.7/site-packages/airflow/example_dags/example_latest_only.py
[2022-02-25 00:01:36,238] {processor.py:654} INFO - DAG(s) dict_keys(['latest_only']) retrieved from /home/airflow/.local/lib/python3.7/site-packages/airflow/example_dags/example_latest_only.py
[2022-02-25 00:01:36,248] {logging_mixin.py:109} INFO - [2022-02-25 00:01:36,248] {dag.py:2396} INFO - Sync 1 DAGs
[2022-02-25 00:01:36,264] {logging_mixin.py:109} INFO - [2022-02-25 00:01:36,264] {dag.py:2935} INFO - Setting next_dagrun for latest_only to 2022-02-24T20:01:36.263956+00:00
[2022-02-25 00:01:36,273] {processor.py:171} INFO - Processing /home/airflow/.local/lib/python3.7/site-packages/airflow/example_dags/example_latest_only.py took 0.068 seconds
[2022-02-25 00:02:06,604] {processor.py:163} INFO - Started process (PID=16137) to work on /home/airflow/.local/lib/python3.7/site-packages/airflow/example_dags/example_latest_only.py
[2022-02-25 00:02:06,606] {processor.py:642} INFO - Processing file /home/airflow/.local/lib/python3.7/site-packages/airflow/example_dags/example_latest_only.py for tasks to queue
[2022-02-25 00:02:06,608] {logging_mixin.py:109} INFO - [2022-02-25 00:02:06,608] {dagbag.py:500} INFO - Filling up the DagBag from /home/airflow/.local/lib/python3.7/site-packages/airflow/example_dags/example_latest_only.py
[2022-02-25 00:02:06,636] {processor.py:654} INFO - DAG(s) dict_keys(['latest_only']) retrieved from /home/airflow/.local/lib/python3.7/site-packages/airflow/example_dags/example_latest_only.py
[2022-02-25 00:02:06,646] {logging_mixin.py:109} INFO - [2022-02-25 00:02:06,646] {dag.py:2396} INFO - Sync 1 DAGs
[2022-02-25 00:02:06,663] {logging_mixin.py:109} INFO - [2022-02-25 00:02:06,663] {dag.py:2935} INFO - Setting next_dagrun for latest_only to 2022-02-24T20:02:06.662748+00:00
[2022-02-25 00:02:06,672] {processor.py:171} INFO - Processing /home/airflow/.local/lib/python3.7/site-packages/airflow/example_dags/example_latest_only.py took 0.071 seconds
[2022-02-25 00:02:36,891] {processor.py:163} INFO - Started process (PID=16199) to work on /home/airflow/.local/lib/python3.7/site-packages/airflow/example_dags/example_latest_only.py
[2022-02-25 00:02:36,894] {processor.py:642} INFO - Processing file /home/airflow/.local/lib/python3.7/site-packages/airflow/example_dags/example_latest_only.py for tasks to queue
[2022-02-25 00:02:36,895] {logging_mixin.py:109} INFO - [2022-02-25 00:02:36,895] {dagbag.py:500} INFO - Filling up the DagBag from /home/airflow/.local/lib/python3.7/site-packages/airflow/example_dags/example_latest_only.py
[2022-02-25 00:02:36,934] {processor.py:654} INFO - DAG(s) dict_keys(['latest_only']) retrieved from /home/airflow/.local/lib/python3.7/site-packages/airflow/example_dags/example_latest_only.py
[2022-02-25 00:02:36,946] {logging_mixin.py:109} INFO - [2022-02-25 00:02:36,945] {dag.py:2396} INFO - Sync 1 DAGs
[2022-02-25 00:02:36,965] {logging_mixin.py:109} INFO - [2022-02-25 00:02:36,965] {dag.py:2935} INFO - Setting next_dagrun for latest_only to 2022-02-24T20:02:36.964850+00:00
[2022-02-25 00:02:36,975] {processor.py:171} INFO - Processing /home/airflow/.local/lib/python3.7/site-packages/airflow/example_dags/example_latest_only.py took 0.088 seconds
[2022-02-25 00:03:07,432] {processor.py:163} INFO - Started process (PID=16250) to work on /home/airflow/.local/lib/python3.7/site-packages/airflow/example_dags/example_latest_only.py
[2022-02-25 00:03:07,434] {processor.py:642} INFO - Processing file /home/airflow/.local/lib/python3.7/site-packages/airflow/example_dags/example_latest_only.py for tasks to queue
[2022-02-25 00:03:07,436] {logging_mixin.py:109} INFO - [2022-02-25 00:03:07,436] {dagbag.py:500} INFO - Filling up the DagBag from /home/airflow/.local/lib/python3.7/site-packages/airflow/example_dags/example_latest_only.py
[2022-02-25 00:03:07,467] {processor.py:654} INFO - DAG(s) dict_keys(['latest_only']) retrieved from /home/airflow/.local/lib/python3.7/site-packages/airflow/example_dags/example_latest_only.py
[2022-02-25 00:03:07,480] {logging_mixin.py:109} INFO - [2022-02-25 00:03:07,480] {dag.py:2396} INFO - Sync 1 DAGs
[2022-02-25 00:03:07,500] {logging_mixin.py:109} INFO - [2022-02-25 00:03:07,500] {dag.py:2935} INFO - Setting next_dagrun for latest_only to 2022-02-24T20:03:07.500319+00:00
[2022-02-25 00:03:07,513] {processor.py:171} INFO - Processing /home/airflow/.local/lib/python3.7/site-packages/airflow/example_dags/example_latest_only.py took 0.085 seconds
[2022-02-25 00:03:37,640] {processor.py:163} INFO - Started process (PID=16310) to work on /home/airflow/.local/lib/python3.7/site-packages/airflow/example_dags/example_latest_only.py
[2022-02-25 00:03:37,642] {processor.py:642} INFO - Processing file /home/airflow/.local/lib/python3.7/site-packages/airflow/example_dags/example_latest_only.py for tasks to queue
[2022-02-25 00:03:37,643] {logging_mixin.py:109} INFO - [2022-02-25 00:03:37,643] {dagbag.py:500} INFO - Filling up the DagBag from /home/airflow/.local/lib/python3.7/site-packages/airflow/example_dags/example_latest_only.py
[2022-02-25 00:03:37,678] {processor.py:654} INFO - DAG(s) dict_keys(['latest_only']) retrieved from /home/airflow/.local/lib/python3.7/site-packages/airflow/example_dags/example_latest_only.py
[2022-02-25 00:03:37,690] {logging_mixin.py:109} INFO - [2022-02-25 00:03:37,690] {dag.py:2396} INFO - Sync 1 DAGs
[2022-02-25 00:03:37,720] {logging_mixin.py:109} INFO - [2022-02-25 00:03:37,719] {dag.py:2935} INFO - Setting next_dagrun for latest_only to 2022-02-24T20:03:37.719550+00:00
[2022-02-25 00:03:37,733] {processor.py:171} INFO - Processing /home/airflow/.local/lib/python3.7/site-packages/airflow/example_dags/example_latest_only.py took 0.097 seconds
[2022-02-25 00:04:08,138] {processor.py:163} INFO - Started process (PID=16362) to work on /home/airflow/.local/lib/python3.7/site-packages/airflow/example_dags/example_latest_only.py
[2022-02-25 00:04:08,140] {processor.py:642} INFO - Processing file /home/airflow/.local/lib/python3.7/site-packages/airflow/example_dags/example_latest_only.py for tasks to queue
[2022-02-25 00:04:08,142] {logging_mixin.py:109} INFO - [2022-02-25 00:04:08,141] {dagbag.py:500} INFO - Filling up the DagBag from /home/airflow/.local/lib/python3.7/site-packages/airflow/example_dags/example_latest_only.py
[2022-02-25 00:04:08,169] {processor.py:654} INFO - DAG(s) dict_keys(['latest_only']) retrieved from /home/airflow/.local/lib/python3.7/site-packages/airflow/example_dags/example_latest_only.py
[2022-02-25 00:04:08,180] {logging_mixin.py:109} INFO - [2022-02-25 00:04:08,179] {dag.py:2396} INFO - Sync 1 DAGs
[2022-02-25 00:04:08,198] {logging_mixin.py:109} INFO - [2022-02-25 00:04:08,198] {dag.py:2935} INFO - Setting next_dagrun for latest_only to 2022-02-24T20:04:08.197740+00:00
[2022-02-25 00:04:08,207] {processor.py:171} INFO - Processing /home/airflow/.local/lib/python3.7/site-packages/airflow/example_dags/example_latest_only.py took 0.074 seconds
[2022-02-25 00:04:38,552] {processor.py:163} INFO - Started process (PID=16422) to work on /home/airflow/.local/lib/python3.7/site-packages/airflow/example_dags/example_latest_only.py
[2022-02-25 00:04:38,554] {processor.py:642} INFO - Processing file /home/airflow/.local/lib/python3.7/site-packages/airflow/example_dags/example_latest_only.py for tasks to queue
[2022-02-25 00:04:38,555] {logging_mixin.py:109} INFO - [2022-02-25 00:04:38,555] {dagbag.py:500} INFO - Filling up the DagBag from /home/airflow/.local/lib/python3.7/site-packages/airflow/example_dags/example_latest_only.py
[2022-02-25 00:04:38,584] {processor.py:654} INFO - DAG(s) dict_keys(['latest_only']) retrieved from /home/airflow/.local/lib/python3.7/site-packages/airflow/example_dags/example_latest_only.py
[2022-02-25 00:04:38,594] {logging_mixin.py:109} INFO - [2022-02-25 00:04:38,594] {dag.py:2396} INFO - Sync 1 DAGs
[2022-02-25 00:04:38,612] {logging_mixin.py:109} INFO - [2022-02-25 00:04:38,612] {dag.py:2935} INFO - Setting next_dagrun for latest_only to 2022-02-24T20:04:38.612374+00:00
[2022-02-25 00:04:38,622] {processor.py:171} INFO - Processing /home/airflow/.local/lib/python3.7/site-packages/airflow/example_dags/example_latest_only.py took 0.074 seconds
[2022-02-25 00:05:09,702] {processor.py:163} INFO - Started process (PID=16474) to work on /home/airflow/.local/lib/python3.7/site-packages/airflow/example_dags/example_latest_only.py
[2022-02-25 00:05:09,704] {processor.py:642} INFO - Processing file /home/airflow/.local/lib/python3.7/site-packages/airflow/example_dags/example_latest_only.py for tasks to queue
[2022-02-25 00:05:09,705] {logging_mixin.py:109} INFO - [2022-02-25 00:05:09,705] {dagbag.py:500} INFO - Filling up the DagBag from /home/airflow/.local/lib/python3.7/site-packages/airflow/example_dags/example_latest_only.py
[2022-02-25 00:05:09,736] {processor.py:654} INFO - DAG(s) dict_keys(['latest_only']) retrieved from /home/airflow/.local/lib/python3.7/site-packages/airflow/example_dags/example_latest_only.py
[2022-02-25 00:05:09,746] {logging_mixin.py:109} INFO - [2022-02-25 00:05:09,746] {dag.py:2396} INFO - Sync 1 DAGs
[2022-02-25 00:05:09,766] {logging_mixin.py:109} INFO - [2022-02-25 00:05:09,766] {dag.py:2935} INFO - Setting next_dagrun for latest_only to 2022-02-24T20:05:09.766141+00:00
[2022-02-25 00:05:09,775] {processor.py:171} INFO - Processing /home/airflow/.local/lib/python3.7/site-packages/airflow/example_dags/example_latest_only.py took 0.076 seconds
[2022-02-25 00:05:40,048] {processor.py:163} INFO - Started process (PID=16536) to work on /home/airflow/.local/lib/python3.7/site-packages/airflow/example_dags/example_latest_only.py
[2022-02-25 00:05:40,050] {processor.py:642} INFO - Processing file /home/airflow/.local/lib/python3.7/site-packages/airflow/example_dags/example_latest_only.py for tasks to queue
[2022-02-25 00:05:40,053] {logging_mixin.py:109} INFO - [2022-02-25 00:05:40,052] {dagbag.py:500} INFO - Filling up the DagBag from /home/airflow/.local/lib/python3.7/site-packages/airflow/example_dags/example_latest_only.py
[2022-02-25 00:05:40,089] {processor.py:654} INFO - DAG(s) dict_keys(['latest_only']) retrieved from /home/airflow/.local/lib/python3.7/site-packages/airflow/example_dags/example_latest_only.py
[2022-02-25 00:05:40,102] {logging_mixin.py:109} INFO - [2022-02-25 00:05:40,102] {dag.py:2396} INFO - Sync 1 DAGs
[2022-02-25 00:05:40,122] {logging_mixin.py:109} INFO - [2022-02-25 00:05:40,122] {dag.py:2935} INFO - Setting next_dagrun for latest_only to 2022-02-24T20:05:40.122487+00:00
[2022-02-25 00:05:40,134] {processor.py:171} INFO - Processing /home/airflow/.local/lib/python3.7/site-packages/airflow/example_dags/example_latest_only.py took 0.090 seconds
[2022-02-25 00:06:10,273] {processor.py:163} INFO - Started process (PID=16587) to work on /home/airflow/.local/lib/python3.7/site-packages/airflow/example_dags/example_latest_only.py
[2022-02-25 00:06:10,274] {processor.py:642} INFO - Processing file /home/airflow/.local/lib/python3.7/site-packages/airflow/example_dags/example_latest_only.py for tasks to queue
[2022-02-25 00:06:10,276] {logging_mixin.py:109} INFO - [2022-02-25 00:06:10,276] {dagbag.py:500} INFO - Filling up the DagBag from /home/airflow/.local/lib/python3.7/site-packages/airflow/example_dags/example_latest_only.py
[2022-02-25 00:06:10,305] {processor.py:654} INFO - DAG(s) dict_keys(['latest_only']) retrieved from /home/airflow/.local/lib/python3.7/site-packages/airflow/example_dags/example_latest_only.py
[2022-02-25 00:06:10,326] {logging_mixin.py:109} INFO - [2022-02-25 00:06:10,326] {dag.py:2396} INFO - Sync 1 DAGs
[2022-02-25 00:06:10,345] {logging_mixin.py:109} INFO - [2022-02-25 00:06:10,345] {dag.py:2935} INFO - Setting next_dagrun for latest_only to 2022-02-24T20:06:10.344910+00:00
[2022-02-25 00:06:10,357] {processor.py:171} INFO - Processing /home/airflow/.local/lib/python3.7/site-packages/airflow/example_dags/example_latest_only.py took 0.088 seconds
[2022-02-25 00:06:41,611] {processor.py:163} INFO - Started process (PID=16650) to work on /home/airflow/.local/lib/python3.7/site-packages/airflow/example_dags/example_latest_only.py
[2022-02-25 00:06:41,614] {processor.py:642} INFO - Processing file /home/airflow/.local/lib/python3.7/site-packages/airflow/example_dags/example_latest_only.py for tasks to queue
[2022-02-25 00:06:41,616] {logging_mixin.py:109} INFO - [2022-02-25 00:06:41,615] {dagbag.py:500} INFO - Filling up the DagBag from /home/airflow/.local/lib/python3.7/site-packages/airflow/example_dags/example_latest_only.py
[2022-02-25 00:06:41,657] {processor.py:654} INFO - DAG(s) dict_keys(['latest_only']) retrieved from /home/airflow/.local/lib/python3.7/site-packages/airflow/example_dags/example_latest_only.py
[2022-02-25 00:06:41,680] {logging_mixin.py:109} INFO - [2022-02-25 00:06:41,680] {dag.py:2396} INFO - Sync 1 DAGs
[2022-02-25 00:06:41,702] {logging_mixin.py:109} INFO - [2022-02-25 00:06:41,702] {dag.py:2935} INFO - Setting next_dagrun for latest_only to 2022-02-24T20:06:41.701784+00:00
[2022-02-25 00:06:41,714] {processor.py:171} INFO - Processing /home/airflow/.local/lib/python3.7/site-packages/airflow/example_dags/example_latest_only.py took 0.107 seconds
[2022-02-25 00:07:12,870] {processor.py:163} INFO - Started process (PID=16702) to work on /home/airflow/.local/lib/python3.7/site-packages/airflow/example_dags/example_latest_only.py
[2022-02-25 00:07:12,871] {processor.py:642} INFO - Processing file /home/airflow/.local/lib/python3.7/site-packages/airflow/example_dags/example_latest_only.py for tasks to queue
[2022-02-25 00:07:12,873] {logging_mixin.py:109} INFO - [2022-02-25 00:07:12,873] {dagbag.py:500} INFO - Filling up the DagBag from /home/airflow/.local/lib/python3.7/site-packages/airflow/example_dags/example_latest_only.py
[2022-02-25 00:07:12,902] {processor.py:654} INFO - DAG(s) dict_keys(['latest_only']) retrieved from /home/airflow/.local/lib/python3.7/site-packages/airflow/example_dags/example_latest_only.py
[2022-02-25 00:07:12,914] {logging_mixin.py:109} INFO - [2022-02-25 00:07:12,914] {dag.py:2396} INFO - Sync 1 DAGs
[2022-02-25 00:07:12,932] {logging_mixin.py:109} INFO - [2022-02-25 00:07:12,932] {dag.py:2935} INFO - Setting next_dagrun for latest_only to 2022-02-24T20:07:12.932269+00:00
[2022-02-25 00:07:12,944] {processor.py:171} INFO - Processing /home/airflow/.local/lib/python3.7/site-packages/airflow/example_dags/example_latest_only.py took 0.078 seconds
[2022-02-25 00:07:43,153] {processor.py:163} INFO - Started process (PID=16763) to work on /home/airflow/.local/lib/python3.7/site-packages/airflow/example_dags/example_latest_only.py
[2022-02-25 00:07:43,155] {processor.py:642} INFO - Processing file /home/airflow/.local/lib/python3.7/site-packages/airflow/example_dags/example_latest_only.py for tasks to queue
[2022-02-25 00:07:43,156] {logging_mixin.py:109} INFO - [2022-02-25 00:07:43,156] {dagbag.py:500} INFO - Filling up the DagBag from /home/airflow/.local/lib/python3.7/site-packages/airflow/example_dags/example_latest_only.py
[2022-02-25 00:07:43,186] {processor.py:654} INFO - DAG(s) dict_keys(['latest_only']) retrieved from /home/airflow/.local/lib/python3.7/site-packages/airflow/example_dags/example_latest_only.py
[2022-02-25 00:07:43,196] {logging_mixin.py:109} INFO - [2022-02-25 00:07:43,196] {dag.py:2396} INFO - Sync 1 DAGs
[2022-02-25 00:07:43,213] {logging_mixin.py:109} INFO - [2022-02-25 00:07:43,213] {dag.py:2935} INFO - Setting next_dagrun for latest_only to 2022-02-24T20:07:43.213406+00:00
[2022-02-25 00:07:43,222] {processor.py:171} INFO - Processing /home/airflow/.local/lib/python3.7/site-packages/airflow/example_dags/example_latest_only.py took 0.073 seconds
[2022-02-25 00:08:14,263] {processor.py:163} INFO - Started process (PID=16814) to work on /home/airflow/.local/lib/python3.7/site-packages/airflow/example_dags/example_latest_only.py
[2022-02-25 00:08:14,265] {processor.py:642} INFO - Processing file /home/airflow/.local/lib/python3.7/site-packages/airflow/example_dags/example_latest_only.py for tasks to queue
[2022-02-25 00:08:14,266] {logging_mixin.py:109} INFO - [2022-02-25 00:08:14,266] {dagbag.py:500} INFO - Filling up the DagBag from /home/airflow/.local/lib/python3.7/site-packages/airflow/example_dags/example_latest_only.py
[2022-02-25 00:08:14,298] {processor.py:654} INFO - DAG(s) dict_keys(['latest_only']) retrieved from /home/airflow/.local/lib/python3.7/site-packages/airflow/example_dags/example_latest_only.py
[2022-02-25 00:08:14,309] {logging_mixin.py:109} INFO - [2022-02-25 00:08:14,309] {dag.py:2396} INFO - Sync 1 DAGs
[2022-02-25 00:08:14,326] {logging_mixin.py:109} INFO - [2022-02-25 00:08:14,326] {dag.py:2935} INFO - Setting next_dagrun for latest_only to 2022-02-24T20:08:14.326568+00:00
[2022-02-25 00:08:14,336] {processor.py:171} INFO - Processing /home/airflow/.local/lib/python3.7/site-packages/airflow/example_dags/example_latest_only.py took 0.077 seconds
[2022-02-25 00:08:45,317] {processor.py:163} INFO - Started process (PID=16875) to work on /home/airflow/.local/lib/python3.7/site-packages/airflow/example_dags/example_latest_only.py
[2022-02-25 00:08:45,319] {processor.py:642} INFO - Processing file /home/airflow/.local/lib/python3.7/site-packages/airflow/example_dags/example_latest_only.py for tasks to queue
[2022-02-25 00:08:45,321] {logging_mixin.py:109} INFO - [2022-02-25 00:08:45,320] {dagbag.py:500} INFO - Filling up the DagBag from /home/airflow/.local/lib/python3.7/site-packages/airflow/example_dags/example_latest_only.py
[2022-02-25 00:08:45,348] {processor.py:654} INFO - DAG(s) dict_keys(['latest_only']) retrieved from /home/airflow/.local/lib/python3.7/site-packages/airflow/example_dags/example_latest_only.py
[2022-02-25 00:08:45,359] {logging_mixin.py:109} INFO - [2022-02-25 00:08:45,359] {dag.py:2396} INFO - Sync 1 DAGs
[2022-02-25 00:08:45,375] {logging_mixin.py:109} INFO - [2022-02-25 00:08:45,375] {dag.py:2935} INFO - Setting next_dagrun for latest_only to 2022-02-24T20:08:45.375541+00:00
[2022-02-25 00:08:45,384] {processor.py:171} INFO - Processing /home/airflow/.local/lib/python3.7/site-packages/airflow/example_dags/example_latest_only.py took 0.071 seconds
[2022-02-25 00:09:16,585] {processor.py:163} INFO - Started process (PID=16927) to work on /home/airflow/.local/lib/python3.7/site-packages/airflow/example_dags/example_latest_only.py
[2022-02-25 00:09:16,588] {processor.py:642} INFO - Processing file /home/airflow/.local/lib/python3.7/site-packages/airflow/example_dags/example_latest_only.py for tasks to queue
[2022-02-25 00:09:16,589] {logging_mixin.py:109} INFO - [2022-02-25 00:09:16,589] {dagbag.py:500} INFO - Filling up the DagBag from /home/airflow/.local/lib/python3.7/site-packages/airflow/example_dags/example_latest_only.py
[2022-02-25 00:09:16,618] {processor.py:654} INFO - DAG(s) dict_keys(['latest_only']) retrieved from /home/airflow/.local/lib/python3.7/site-packages/airflow/example_dags/example_latest_only.py
[2022-02-25 00:09:16,628] {logging_mixin.py:109} INFO - [2022-02-25 00:09:16,628] {dag.py:2396} INFO - Sync 1 DAGs
[2022-02-25 00:09:16,645] {logging_mixin.py:109} INFO - [2022-02-25 00:09:16,645] {dag.py:2935} INFO - Setting next_dagrun for latest_only to 2022-02-24T20:09:16.645270+00:00
[2022-02-25 00:09:16,655] {processor.py:171} INFO - Processing /home/airflow/.local/lib/python3.7/site-packages/airflow/example_dags/example_latest_only.py took 0.074 seconds
[2022-02-25 00:09:46,764] {processor.py:163} INFO - Started process (PID=16990) to work on /home/airflow/.local/lib/python3.7/site-packages/airflow/example_dags/example_latest_only.py
[2022-02-25 00:09:46,766] {processor.py:642} INFO - Processing file /home/airflow/.local/lib/python3.7/site-packages/airflow/example_dags/example_latest_only.py for tasks to queue
[2022-02-25 00:09:46,767] {logging_mixin.py:109} INFO - [2022-02-25 00:09:46,766] {dagbag.py:500} INFO - Filling up the DagBag from /home/airflow/.local/lib/python3.7/site-packages/airflow/example_dags/example_latest_only.py
[2022-02-25 00:09:46,792] {processor.py:654} INFO - DAG(s) dict_keys(['latest_only']) retrieved from /home/airflow/.local/lib/python3.7/site-packages/airflow/example_dags/example_latest_only.py
[2022-02-25 00:09:46,802] {logging_mixin.py:109} INFO - [2022-02-25 00:09:46,802] {dag.py:2396} INFO - Sync 1 DAGs
[2022-02-25 00:09:46,818] {logging_mixin.py:109} INFO - [2022-02-25 00:09:46,818] {dag.py:2935} INFO - Setting next_dagrun for latest_only to 2022-02-24T20:09:46.818191+00:00
[2022-02-25 00:09:46,828] {processor.py:171} INFO - Processing /home/airflow/.local/lib/python3.7/site-packages/airflow/example_dags/example_latest_only.py took 0.067 seconds
[2022-02-25 00:10:18,192] {processor.py:163} INFO - Started process (PID=17043) to work on /home/airflow/.local/lib/python3.7/site-packages/airflow/example_dags/example_latest_only.py
[2022-02-25 00:10:18,194] {processor.py:642} INFO - Processing file /home/airflow/.local/lib/python3.7/site-packages/airflow/example_dags/example_latest_only.py for tasks to queue
[2022-02-25 00:10:18,195] {logging_mixin.py:109} INFO - [2022-02-25 00:10:18,195] {dagbag.py:500} INFO - Filling up the DagBag from /home/airflow/.local/lib/python3.7/site-packages/airflow/example_dags/example_latest_only.py
[2022-02-25 00:10:18,232] {processor.py:654} INFO - DAG(s) dict_keys(['latest_only']) retrieved from /home/airflow/.local/lib/python3.7/site-packages/airflow/example_dags/example_latest_only.py
[2022-02-25 00:10:18,243] {logging_mixin.py:109} INFO - [2022-02-25 00:10:18,243] {dag.py:2396} INFO - Sync 1 DAGs
[2022-02-25 00:10:18,261] {logging_mixin.py:109} INFO - [2022-02-25 00:10:18,261] {dag.py:2935} INFO - Setting next_dagrun for latest_only to 2022-02-24T20:10:18.261218+00:00
[2022-02-25 00:10:18,271] {processor.py:171} INFO - Processing /home/airflow/.local/lib/python3.7/site-packages/airflow/example_dags/example_latest_only.py took 0.087 seconds
[2022-02-25 00:10:48,576] {processor.py:163} INFO - Started process (PID=17105) to work on /home/airflow/.local/lib/python3.7/site-packages/airflow/example_dags/example_latest_only.py
[2022-02-25 00:10:48,578] {processor.py:642} INFO - Processing file /home/airflow/.local/lib/python3.7/site-packages/airflow/example_dags/example_latest_only.py for tasks to queue
[2022-02-25 00:10:48,579] {logging_mixin.py:109} INFO - [2022-02-25 00:10:48,579] {dagbag.py:500} INFO - Filling up the DagBag from /home/airflow/.local/lib/python3.7/site-packages/airflow/example_dags/example_latest_only.py
[2022-02-25 00:10:48,609] {processor.py:654} INFO - DAG(s) dict_keys(['latest_only']) retrieved from /home/airflow/.local/lib/python3.7/site-packages/airflow/example_dags/example_latest_only.py
[2022-02-25 00:10:48,620] {logging_mixin.py:109} INFO - [2022-02-25 00:10:48,620] {dag.py:2396} INFO - Sync 1 DAGs
[2022-02-25 00:10:48,637] {logging_mixin.py:109} INFO - [2022-02-25 00:10:48,637] {dag.py:2935} INFO - Setting next_dagrun for latest_only to 2022-02-24T20:10:48.637020+00:00
[2022-02-25 00:10:48,653] {processor.py:171} INFO - Processing /home/airflow/.local/lib/python3.7/site-packages/airflow/example_dags/example_latest_only.py took 0.086 seconds
[2022-02-25 00:11:18,937] {processor.py:163} INFO - Started process (PID=17157) to work on /home/airflow/.local/lib/python3.7/site-packages/airflow/example_dags/example_latest_only.py
[2022-02-25 00:11:18,939] {processor.py:642} INFO - Processing file /home/airflow/.local/lib/python3.7/site-packages/airflow/example_dags/example_latest_only.py for tasks to queue
[2022-02-25 00:11:18,940] {logging_mixin.py:109} INFO - [2022-02-25 00:11:18,940] {dagbag.py:500} INFO - Filling up the DagBag from /home/airflow/.local/lib/python3.7/site-packages/airflow/example_dags/example_latest_only.py
[2022-02-25 00:11:18,976] {processor.py:654} INFO - DAG(s) dict_keys(['latest_only']) retrieved from /home/airflow/.local/lib/python3.7/site-packages/airflow/example_dags/example_latest_only.py
[2022-02-25 00:11:18,987] {logging_mixin.py:109} INFO - [2022-02-25 00:11:18,987] {dag.py:2396} INFO - Sync 1 DAGs
[2022-02-25 00:11:19,004] {logging_mixin.py:109} INFO - [2022-02-25 00:11:19,003] {dag.py:2935} INFO - Setting next_dagrun for latest_only to 2022-02-24T20:11:19.003588+00:00
[2022-02-25 00:11:19,019] {processor.py:171} INFO - Processing /home/airflow/.local/lib/python3.7/site-packages/airflow/example_dags/example_latest_only.py took 0.086 seconds
[2022-02-25 00:11:49,133] {processor.py:163} INFO - Started process (PID=17218) to work on /home/airflow/.local/lib/python3.7/site-packages/airflow/example_dags/example_latest_only.py
[2022-02-25 00:11:49,135] {processor.py:642} INFO - Processing file /home/airflow/.local/lib/python3.7/site-packages/airflow/example_dags/example_latest_only.py for tasks to queue
[2022-02-25 00:11:49,136] {logging_mixin.py:109} INFO - [2022-02-25 00:11:49,136] {dagbag.py:500} INFO - Filling up the DagBag from /home/airflow/.local/lib/python3.7/site-packages/airflow/example_dags/example_latest_only.py
[2022-02-25 00:11:49,174] {processor.py:654} INFO - DAG(s) dict_keys(['latest_only']) retrieved from /home/airflow/.local/lib/python3.7/site-packages/airflow/example_dags/example_latest_only.py
[2022-02-25 00:11:49,184] {logging_mixin.py:109} INFO - [2022-02-25 00:11:49,184] {dag.py:2396} INFO - Sync 1 DAGs
[2022-02-25 00:11:49,200] {logging_mixin.py:109} INFO - [2022-02-25 00:11:49,200] {dag.py:2935} INFO - Setting next_dagrun for latest_only to 2022-02-24T20:11:49.199952+00:00
[2022-02-25 00:11:49,209] {processor.py:171} INFO - Processing /home/airflow/.local/lib/python3.7/site-packages/airflow/example_dags/example_latest_only.py took 0.079 seconds
[2022-02-25 00:12:19,756] {processor.py:163} INFO - Started process (PID=17270) to work on /home/airflow/.local/lib/python3.7/site-packages/airflow/example_dags/example_latest_only.py
[2022-02-25 00:12:19,758] {processor.py:642} INFO - Processing file /home/airflow/.local/lib/python3.7/site-packages/airflow/example_dags/example_latest_only.py for tasks to queue
[2022-02-25 00:12:19,759] {logging_mixin.py:109} INFO - [2022-02-25 00:12:19,759] {dagbag.py:500} INFO - Filling up the DagBag from /home/airflow/.local/lib/python3.7/site-packages/airflow/example_dags/example_latest_only.py
[2022-02-25 00:12:19,787] {processor.py:654} INFO - DAG(s) dict_keys(['latest_only']) retrieved from /home/airflow/.local/lib/python3.7/site-packages/airflow/example_dags/example_latest_only.py
[2022-02-25 00:12:19,797] {logging_mixin.py:109} INFO - [2022-02-25 00:12:19,797] {dag.py:2396} INFO - Sync 1 DAGs
[2022-02-25 00:12:19,815] {logging_mixin.py:109} INFO - [2022-02-25 00:12:19,814] {dag.py:2935} INFO - Setting next_dagrun for latest_only to 2022-02-24T20:12:19.814670+00:00
[2022-02-25 00:12:19,826] {processor.py:171} INFO - Processing /home/airflow/.local/lib/python3.7/site-packages/airflow/example_dags/example_latest_only.py took 0.074 seconds
[2022-02-25 00:12:49,936] {processor.py:163} INFO - Started process (PID=17333) to work on /home/airflow/.local/lib/python3.7/site-packages/airflow/example_dags/example_latest_only.py
[2022-02-25 00:12:49,938] {processor.py:642} INFO - Processing file /home/airflow/.local/lib/python3.7/site-packages/airflow/example_dags/example_latest_only.py for tasks to queue
[2022-02-25 00:12:49,940] {logging_mixin.py:109} INFO - [2022-02-25 00:12:49,939] {dagbag.py:500} INFO - Filling up the DagBag from /home/airflow/.local/lib/python3.7/site-packages/airflow/example_dags/example_latest_only.py
[2022-02-25 00:12:49,972] {processor.py:654} INFO - DAG(s) dict_keys(['latest_only']) retrieved from /home/airflow/.local/lib/python3.7/site-packages/airflow/example_dags/example_latest_only.py
[2022-02-25 00:12:49,985] {logging_mixin.py:109} INFO - [2022-02-25 00:12:49,985] {dag.py:2396} INFO - Sync 1 DAGs
[2022-02-25 00:12:50,005] {logging_mixin.py:109} INFO - [2022-02-25 00:12:50,005] {dag.py:2935} INFO - Setting next_dagrun for latest_only to 2022-02-24T20:12:50.005351+00:00
[2022-02-25 00:12:50,018] {processor.py:171} INFO - Processing /home/airflow/.local/lib/python3.7/site-packages/airflow/example_dags/example_latest_only.py took 0.087 seconds
[2022-02-25 00:13:20,423] {processor.py:163} INFO - Started process (PID=17384) to work on /home/airflow/.local/lib/python3.7/site-packages/airflow/example_dags/example_latest_only.py
[2022-02-25 00:13:20,425] {processor.py:642} INFO - Processing file /home/airflow/.local/lib/python3.7/site-packages/airflow/example_dags/example_latest_only.py for tasks to queue
[2022-02-25 00:13:20,426] {logging_mixin.py:109} INFO - [2022-02-25 00:13:20,426] {dagbag.py:500} INFO - Filling up the DagBag from /home/airflow/.local/lib/python3.7/site-packages/airflow/example_dags/example_latest_only.py
[2022-02-25 00:13:20,457] {processor.py:654} INFO - DAG(s) dict_keys(['latest_only']) retrieved from /home/airflow/.local/lib/python3.7/site-packages/airflow/example_dags/example_latest_only.py
[2022-02-25 00:13:20,468] {logging_mixin.py:109} INFO - [2022-02-25 00:13:20,468] {dag.py:2396} INFO - Sync 1 DAGs
[2022-02-25 00:13:20,485] {logging_mixin.py:109} INFO - [2022-02-25 00:13:20,485] {dag.py:2935} INFO - Setting next_dagrun for latest_only to 2022-02-24T20:13:20.485215+00:00
[2022-02-25 00:13:20,495] {processor.py:171} INFO - Processing /home/airflow/.local/lib/python3.7/site-packages/airflow/example_dags/example_latest_only.py took 0.075 seconds
[2022-02-25 00:13:50,565] {processor.py:163} INFO - Started process (PID=17443) to work on /home/airflow/.local/lib/python3.7/site-packages/airflow/example_dags/example_latest_only.py
[2022-02-25 00:13:50,567] {processor.py:642} INFO - Processing file /home/airflow/.local/lib/python3.7/site-packages/airflow/example_dags/example_latest_only.py for tasks to queue
[2022-02-25 00:13:50,571] {logging_mixin.py:109} INFO - [2022-02-25 00:13:50,571] {dagbag.py:500} INFO - Filling up the DagBag from /home/airflow/.local/lib/python3.7/site-packages/airflow/example_dags/example_latest_only.py
[2022-02-25 00:13:50,606] {processor.py:654} INFO - DAG(s) dict_keys(['latest_only']) retrieved from /home/airflow/.local/lib/python3.7/site-packages/airflow/example_dags/example_latest_only.py
[2022-02-25 00:13:50,616] {logging_mixin.py:109} INFO - [2022-02-25 00:13:50,616] {dag.py:2396} INFO - Sync 1 DAGs
[2022-02-25 00:13:50,639] {logging_mixin.py:109} INFO - [2022-02-25 00:13:50,639] {dag.py:2935} INFO - Setting next_dagrun for latest_only to 2022-02-24T20:13:50.639547+00:00
[2022-02-25 00:13:50,649] {processor.py:171} INFO - Processing /home/airflow/.local/lib/python3.7/site-packages/airflow/example_dags/example_latest_only.py took 0.089 seconds
[2022-02-25 00:14:20,785] {processor.py:163} INFO - Started process (PID=17493) to work on /home/airflow/.local/lib/python3.7/site-packages/airflow/example_dags/example_latest_only.py
[2022-02-25 00:14:20,787] {processor.py:642} INFO - Processing file /home/airflow/.local/lib/python3.7/site-packages/airflow/example_dags/example_latest_only.py for tasks to queue
[2022-02-25 00:14:20,788] {logging_mixin.py:109} INFO - [2022-02-25 00:14:20,788] {dagbag.py:500} INFO - Filling up the DagBag from /home/airflow/.local/lib/python3.7/site-packages/airflow/example_dags/example_latest_only.py
[2022-02-25 00:14:20,816] {processor.py:654} INFO - DAG(s) dict_keys(['latest_only']) retrieved from /home/airflow/.local/lib/python3.7/site-packages/airflow/example_dags/example_latest_only.py
[2022-02-25 00:14:20,826] {logging_mixin.py:109} INFO - [2022-02-25 00:14:20,825] {dag.py:2396} INFO - Sync 1 DAGs
[2022-02-25 00:14:20,841] {logging_mixin.py:109} INFO - [2022-02-25 00:14:20,841] {dag.py:2935} INFO - Setting next_dagrun for latest_only to 2022-02-24T20:14:20.841496+00:00
[2022-02-25 00:14:20,852] {processor.py:171} INFO - Processing /home/airflow/.local/lib/python3.7/site-packages/airflow/example_dags/example_latest_only.py took 0.070 seconds
[2022-02-25 00:14:51,143] {processor.py:163} INFO - Started process (PID=17553) to work on /home/airflow/.local/lib/python3.7/site-packages/airflow/example_dags/example_latest_only.py
[2022-02-25 00:14:51,145] {processor.py:642} INFO - Processing file /home/airflow/.local/lib/python3.7/site-packages/airflow/example_dags/example_latest_only.py for tasks to queue
[2022-02-25 00:14:51,146] {logging_mixin.py:109} INFO - [2022-02-25 00:14:51,146] {dagbag.py:500} INFO - Filling up the DagBag from /home/airflow/.local/lib/python3.7/site-packages/airflow/example_dags/example_latest_only.py
[2022-02-25 00:14:51,174] {processor.py:654} INFO - DAG(s) dict_keys(['latest_only']) retrieved from /home/airflow/.local/lib/python3.7/site-packages/airflow/example_dags/example_latest_only.py
[2022-02-25 00:14:51,185] {logging_mixin.py:109} INFO - [2022-02-25 00:14:51,184] {dag.py:2396} INFO - Sync 1 DAGs
[2022-02-25 00:14:51,200] {logging_mixin.py:109} INFO - [2022-02-25 00:14:51,200] {dag.py:2935} INFO - Setting next_dagrun for latest_only to 2022-02-24T20:14:51.200498+00:00
[2022-02-25 00:14:51,210] {processor.py:171} INFO - Processing /home/airflow/.local/lib/python3.7/site-packages/airflow/example_dags/example_latest_only.py took 0.070 seconds
[2022-02-25 00:15:21,451] {processor.py:163} INFO - Started process (PID=17605) to work on /home/airflow/.local/lib/python3.7/site-packages/airflow/example_dags/example_latest_only.py
[2022-02-25 00:15:21,453] {processor.py:642} INFO - Processing file /home/airflow/.local/lib/python3.7/site-packages/airflow/example_dags/example_latest_only.py for tasks to queue
[2022-02-25 00:15:21,455] {logging_mixin.py:109} INFO - [2022-02-25 00:15:21,455] {dagbag.py:500} INFO - Filling up the DagBag from /home/airflow/.local/lib/python3.7/site-packages/airflow/example_dags/example_latest_only.py
[2022-02-25 00:15:21,485] {processor.py:654} INFO - DAG(s) dict_keys(['latest_only']) retrieved from /home/airflow/.local/lib/python3.7/site-packages/airflow/example_dags/example_latest_only.py
[2022-02-25 00:15:21,497] {logging_mixin.py:109} INFO - [2022-02-25 00:15:21,497] {dag.py:2396} INFO - Sync 1 DAGs
[2022-02-25 00:15:21,516] {logging_mixin.py:109} INFO - [2022-02-25 00:15:21,516] {dag.py:2935} INFO - Setting next_dagrun for latest_only to 2022-02-24T20:15:21.516222+00:00
[2022-02-25 00:15:21,527] {processor.py:171} INFO - Processing /home/airflow/.local/lib/python3.7/site-packages/airflow/example_dags/example_latest_only.py took 0.080 seconds
[2022-02-25 00:15:51,880] {processor.py:163} INFO - Started process (PID=17667) to work on /home/airflow/.local/lib/python3.7/site-packages/airflow/example_dags/example_latest_only.py
[2022-02-25 00:15:51,882] {processor.py:642} INFO - Processing file /home/airflow/.local/lib/python3.7/site-packages/airflow/example_dags/example_latest_only.py for tasks to queue
[2022-02-25 00:15:51,883] {logging_mixin.py:109} INFO - [2022-02-25 00:15:51,883] {dagbag.py:500} INFO - Filling up the DagBag from /home/airflow/.local/lib/python3.7/site-packages/airflow/example_dags/example_latest_only.py
[2022-02-25 00:15:51,913] {processor.py:654} INFO - DAG(s) dict_keys(['latest_only']) retrieved from /home/airflow/.local/lib/python3.7/site-packages/airflow/example_dags/example_latest_only.py
[2022-02-25 00:15:51,923] {logging_mixin.py:109} INFO - [2022-02-25 00:15:51,923] {dag.py:2396} INFO - Sync 1 DAGs
[2022-02-25 00:15:51,941] {logging_mixin.py:109} INFO - [2022-02-25 00:15:51,940] {dag.py:2935} INFO - Setting next_dagrun for latest_only to 2022-02-24T20:15:51.940683+00:00
[2022-02-25 00:15:51,950] {processor.py:171} INFO - Processing /home/airflow/.local/lib/python3.7/site-packages/airflow/example_dags/example_latest_only.py took 0.073 seconds
[2022-02-25 00:16:22,003] {processor.py:163} INFO - Started process (PID=17719) to work on /home/airflow/.local/lib/python3.7/site-packages/airflow/example_dags/example_latest_only.py
[2022-02-25 00:16:22,004] {processor.py:642} INFO - Processing file /home/airflow/.local/lib/python3.7/site-packages/airflow/example_dags/example_latest_only.py for tasks to queue
[2022-02-25 00:16:22,005] {logging_mixin.py:109} INFO - [2022-02-25 00:16:22,005] {dagbag.py:500} INFO - Filling up the DagBag from /home/airflow/.local/lib/python3.7/site-packages/airflow/example_dags/example_latest_only.py
[2022-02-25 00:16:22,032] {processor.py:654} INFO - DAG(s) dict_keys(['latest_only']) retrieved from /home/airflow/.local/lib/python3.7/site-packages/airflow/example_dags/example_latest_only.py
[2022-02-25 00:16:22,041] {logging_mixin.py:109} INFO - [2022-02-25 00:16:22,041] {dag.py:2396} INFO - Sync 1 DAGs
[2022-02-25 00:16:22,057] {logging_mixin.py:109} INFO - [2022-02-25 00:16:22,057] {dag.py:2935} INFO - Setting next_dagrun for latest_only to 2022-02-24T20:16:22.057538+00:00
[2022-02-25 00:16:22,067] {processor.py:171} INFO - Processing /home/airflow/.local/lib/python3.7/site-packages/airflow/example_dags/example_latest_only.py took 0.068 seconds
[2022-02-25 00:16:52,155] {processor.py:163} INFO - Started process (PID=17780) to work on /home/airflow/.local/lib/python3.7/site-packages/airflow/example_dags/example_latest_only.py
[2022-02-25 00:16:52,157] {processor.py:642} INFO - Processing file /home/airflow/.local/lib/python3.7/site-packages/airflow/example_dags/example_latest_only.py for tasks to queue
[2022-02-25 00:16:52,158] {logging_mixin.py:109} INFO - [2022-02-25 00:16:52,158] {dagbag.py:500} INFO - Filling up the DagBag from /home/airflow/.local/lib/python3.7/site-packages/airflow/example_dags/example_latest_only.py
[2022-02-25 00:16:52,185] {processor.py:654} INFO - DAG(s) dict_keys(['latest_only']) retrieved from /home/airflow/.local/lib/python3.7/site-packages/airflow/example_dags/example_latest_only.py
[2022-02-25 00:16:52,195] {logging_mixin.py:109} INFO - [2022-02-25 00:16:52,195] {dag.py:2396} INFO - Sync 1 DAGs
[2022-02-25 00:16:52,210] {logging_mixin.py:109} INFO - [2022-02-25 00:16:52,210] {dag.py:2935} INFO - Setting next_dagrun for latest_only to 2022-02-24T20:16:52.210602+00:00
[2022-02-25 00:16:52,220] {processor.py:171} INFO - Processing /home/airflow/.local/lib/python3.7/site-packages/airflow/example_dags/example_latest_only.py took 0.069 seconds
[2022-02-25 00:17:22,543] {processor.py:163} INFO - Started process (PID=17832) to work on /home/airflow/.local/lib/python3.7/site-packages/airflow/example_dags/example_latest_only.py
[2022-02-25 00:17:22,545] {processor.py:642} INFO - Processing file /home/airflow/.local/lib/python3.7/site-packages/airflow/example_dags/example_latest_only.py for tasks to queue
[2022-02-25 00:17:22,546] {logging_mixin.py:109} INFO - [2022-02-25 00:17:22,546] {dagbag.py:500} INFO - Filling up the DagBag from /home/airflow/.local/lib/python3.7/site-packages/airflow/example_dags/example_latest_only.py
[2022-02-25 00:17:22,573] {processor.py:654} INFO - DAG(s) dict_keys(['latest_only']) retrieved from /home/airflow/.local/lib/python3.7/site-packages/airflow/example_dags/example_latest_only.py
[2022-02-25 00:17:22,583] {logging_mixin.py:109} INFO - [2022-02-25 00:17:22,583] {dag.py:2396} INFO - Sync 1 DAGs
[2022-02-25 00:17:22,598] {logging_mixin.py:109} INFO - [2022-02-25 00:17:22,598] {dag.py:2935} INFO - Setting next_dagrun for latest_only to 2022-02-24T20:17:22.598548+00:00
[2022-02-25 00:17:22,608] {processor.py:171} INFO - Processing /home/airflow/.local/lib/python3.7/site-packages/airflow/example_dags/example_latest_only.py took 0.069 seconds
[2022-02-25 00:17:52,719] {processor.py:163} INFO - Started process (PID=17895) to work on /home/airflow/.local/lib/python3.7/site-packages/airflow/example_dags/example_latest_only.py
[2022-02-25 00:17:52,721] {processor.py:642} INFO - Processing file /home/airflow/.local/lib/python3.7/site-packages/airflow/example_dags/example_latest_only.py for tasks to queue
[2022-02-25 00:17:52,722] {logging_mixin.py:109} INFO - [2022-02-25 00:17:52,722] {dagbag.py:500} INFO - Filling up the DagBag from /home/airflow/.local/lib/python3.7/site-packages/airflow/example_dags/example_latest_only.py
[2022-02-25 00:17:52,748] {processor.py:654} INFO - DAG(s) dict_keys(['latest_only']) retrieved from /home/airflow/.local/lib/python3.7/site-packages/airflow/example_dags/example_latest_only.py
[2022-02-25 00:17:52,756] {logging_mixin.py:109} INFO - [2022-02-25 00:17:52,756] {dag.py:2396} INFO - Sync 1 DAGs
[2022-02-25 00:17:52,770] {logging_mixin.py:109} INFO - [2022-02-25 00:17:52,770] {dag.py:2935} INFO - Setting next_dagrun for latest_only to 2022-02-24T20:17:52.770561+00:00
[2022-02-25 00:17:52,779] {processor.py:171} INFO - Processing /home/airflow/.local/lib/python3.7/site-packages/airflow/example_dags/example_latest_only.py took 0.063 seconds
[2022-02-25 00:18:23,284] {processor.py:163} INFO - Started process (PID=17947) to work on /home/airflow/.local/lib/python3.7/site-packages/airflow/example_dags/example_latest_only.py
[2022-02-25 00:18:23,286] {processor.py:642} INFO - Processing file /home/airflow/.local/lib/python3.7/site-packages/airflow/example_dags/example_latest_only.py for tasks to queue
[2022-02-25 00:18:23,287] {logging_mixin.py:109} INFO - [2022-02-25 00:18:23,287] {dagbag.py:500} INFO - Filling up the DagBag from /home/airflow/.local/lib/python3.7/site-packages/airflow/example_dags/example_latest_only.py
[2022-02-25 00:18:23,314] {processor.py:654} INFO - DAG(s) dict_keys(['latest_only']) retrieved from /home/airflow/.local/lib/python3.7/site-packages/airflow/example_dags/example_latest_only.py
[2022-02-25 00:18:23,325] {logging_mixin.py:109} INFO - [2022-02-25 00:18:23,325] {dag.py:2396} INFO - Sync 1 DAGs
[2022-02-25 00:18:23,342] {logging_mixin.py:109} INFO - [2022-02-25 00:18:23,342] {dag.py:2935} INFO - Setting next_dagrun for latest_only to 2022-02-24T20:18:23.342526+00:00
[2022-02-25 00:18:23,353] {processor.py:171} INFO - Processing /home/airflow/.local/lib/python3.7/site-packages/airflow/example_dags/example_latest_only.py took 0.073 seconds
[2022-02-25 00:18:53,551] {processor.py:163} INFO - Started process (PID=18005) to work on /home/airflow/.local/lib/python3.7/site-packages/airflow/example_dags/example_latest_only.py
[2022-02-25 00:18:53,553] {processor.py:642} INFO - Processing file /home/airflow/.local/lib/python3.7/site-packages/airflow/example_dags/example_latest_only.py for tasks to queue
[2022-02-25 00:18:53,555] {logging_mixin.py:109} INFO - [2022-02-25 00:18:53,554] {dagbag.py:500} INFO - Filling up the DagBag from /home/airflow/.local/lib/python3.7/site-packages/airflow/example_dags/example_latest_only.py
[2022-02-25 00:18:53,583] {processor.py:654} INFO - DAG(s) dict_keys(['latest_only']) retrieved from /home/airflow/.local/lib/python3.7/site-packages/airflow/example_dags/example_latest_only.py
[2022-02-25 00:18:53,593] {logging_mixin.py:109} INFO - [2022-02-25 00:18:53,593] {dag.py:2396} INFO - Sync 1 DAGs
[2022-02-25 00:18:53,610] {logging_mixin.py:109} INFO - [2022-02-25 00:18:53,610] {dag.py:2935} INFO - Setting next_dagrun for latest_only to 2022-02-24T20:18:53.610053+00:00
[2022-02-25 00:18:53,620] {processor.py:171} INFO - Processing /home/airflow/.local/lib/python3.7/site-packages/airflow/example_dags/example_latest_only.py took 0.072 seconds
[2022-02-25 00:19:24,683] {processor.py:163} INFO - Started process (PID=18059) to work on /home/airflow/.local/lib/python3.7/site-packages/airflow/example_dags/example_latest_only.py
[2022-02-25 00:19:24,684] {processor.py:642} INFO - Processing file /home/airflow/.local/lib/python3.7/site-packages/airflow/example_dags/example_latest_only.py for tasks to queue
[2022-02-25 00:19:24,685] {logging_mixin.py:109} INFO - [2022-02-25 00:19:24,685] {dagbag.py:500} INFO - Filling up the DagBag from /home/airflow/.local/lib/python3.7/site-packages/airflow/example_dags/example_latest_only.py
[2022-02-25 00:19:24,715] {processor.py:654} INFO - DAG(s) dict_keys(['latest_only']) retrieved from /home/airflow/.local/lib/python3.7/site-packages/airflow/example_dags/example_latest_only.py
[2022-02-25 00:19:24,725] {logging_mixin.py:109} INFO - [2022-02-25 00:19:24,725] {dag.py:2396} INFO - Sync 1 DAGs
[2022-02-25 00:19:24,741] {logging_mixin.py:109} INFO - [2022-02-25 00:19:24,741] {dag.py:2935} INFO - Setting next_dagrun for latest_only to 2022-02-24T20:19:24.741004+00:00
[2022-02-25 00:19:24,752] {processor.py:171} INFO - Processing /home/airflow/.local/lib/python3.7/site-packages/airflow/example_dags/example_latest_only.py took 0.073 seconds
[2022-02-25 00:19:54,827] {processor.py:163} INFO - Started process (PID=18119) to work on /home/airflow/.local/lib/python3.7/site-packages/airflow/example_dags/example_latest_only.py
[2022-02-25 00:19:54,829] {processor.py:642} INFO - Processing file /home/airflow/.local/lib/python3.7/site-packages/airflow/example_dags/example_latest_only.py for tasks to queue
[2022-02-25 00:19:54,830] {logging_mixin.py:109} INFO - [2022-02-25 00:19:54,830] {dagbag.py:500} INFO - Filling up the DagBag from /home/airflow/.local/lib/python3.7/site-packages/airflow/example_dags/example_latest_only.py
[2022-02-25 00:19:54,858] {processor.py:654} INFO - DAG(s) dict_keys(['latest_only']) retrieved from /home/airflow/.local/lib/python3.7/site-packages/airflow/example_dags/example_latest_only.py
[2022-02-25 00:19:54,868] {logging_mixin.py:109} INFO - [2022-02-25 00:19:54,868] {dag.py:2396} INFO - Sync 1 DAGs
[2022-02-25 00:19:54,885] {logging_mixin.py:109} INFO - [2022-02-25 00:19:54,884] {dag.py:2935} INFO - Setting next_dagrun for latest_only to 2022-02-24T20:19:54.884586+00:00
[2022-02-25 00:19:54,894] {processor.py:171} INFO - Processing /home/airflow/.local/lib/python3.7/site-packages/airflow/example_dags/example_latest_only.py took 0.071 seconds
[2022-02-25 00:20:24,981] {processor.py:163} INFO - Started process (PID=18171) to work on /home/airflow/.local/lib/python3.7/site-packages/airflow/example_dags/example_latest_only.py
[2022-02-25 00:20:24,983] {processor.py:642} INFO - Processing file /home/airflow/.local/lib/python3.7/site-packages/airflow/example_dags/example_latest_only.py for tasks to queue
[2022-02-25 00:20:24,984] {logging_mixin.py:109} INFO - [2022-02-25 00:20:24,984] {dagbag.py:500} INFO - Filling up the DagBag from /home/airflow/.local/lib/python3.7/site-packages/airflow/example_dags/example_latest_only.py
[2022-02-25 00:20:25,012] {processor.py:654} INFO - DAG(s) dict_keys(['latest_only']) retrieved from /home/airflow/.local/lib/python3.7/site-packages/airflow/example_dags/example_latest_only.py
[2022-02-25 00:20:25,023] {logging_mixin.py:109} INFO - [2022-02-25 00:20:25,023] {dag.py:2396} INFO - Sync 1 DAGs
[2022-02-25 00:20:25,040] {logging_mixin.py:109} INFO - [2022-02-25 00:20:25,040] {dag.py:2935} INFO - Setting next_dagrun for latest_only to 2022-02-24T20:20:25.040334+00:00
[2022-02-25 00:20:25,051] {processor.py:171} INFO - Processing /home/airflow/.local/lib/python3.7/site-packages/airflow/example_dags/example_latest_only.py took 0.074 seconds
[2022-02-25 00:20:55,346] {processor.py:163} INFO - Started process (PID=18222) to work on /home/airflow/.local/lib/python3.7/site-packages/airflow/example_dags/example_latest_only.py
[2022-02-25 00:20:55,348] {processor.py:642} INFO - Processing file /home/airflow/.local/lib/python3.7/site-packages/airflow/example_dags/example_latest_only.py for tasks to queue
[2022-02-25 00:20:55,349] {logging_mixin.py:109} INFO - [2022-02-25 00:20:55,349] {dagbag.py:500} INFO - Filling up the DagBag from /home/airflow/.local/lib/python3.7/site-packages/airflow/example_dags/example_latest_only.py
[2022-02-25 00:20:55,375] {processor.py:654} INFO - DAG(s) dict_keys(['latest_only']) retrieved from /home/airflow/.local/lib/python3.7/site-packages/airflow/example_dags/example_latest_only.py
[2022-02-25 00:20:55,385] {logging_mixin.py:109} INFO - [2022-02-25 00:20:55,385] {dag.py:2396} INFO - Sync 1 DAGs
[2022-02-25 00:20:55,400] {logging_mixin.py:109} INFO - [2022-02-25 00:20:55,400] {dag.py:2935} INFO - Setting next_dagrun for latest_only to 2022-02-24T20:20:55.400516+00:00
[2022-02-25 00:20:55,408] {processor.py:171} INFO - Processing /home/airflow/.local/lib/python3.7/site-packages/airflow/example_dags/example_latest_only.py took 0.066 seconds
[2022-02-25 00:21:25,742] {processor.py:163} INFO - Started process (PID=18285) to work on /home/airflow/.local/lib/python3.7/site-packages/airflow/example_dags/example_latest_only.py
[2022-02-25 00:21:25,744] {processor.py:642} INFO - Processing file /home/airflow/.local/lib/python3.7/site-packages/airflow/example_dags/example_latest_only.py for tasks to queue
[2022-02-25 00:21:25,745] {logging_mixin.py:109} INFO - [2022-02-25 00:21:25,745] {dagbag.py:500} INFO - Filling up the DagBag from /home/airflow/.local/lib/python3.7/site-packages/airflow/example_dags/example_latest_only.py
[2022-02-25 00:21:25,772] {processor.py:654} INFO - DAG(s) dict_keys(['latest_only']) retrieved from /home/airflow/.local/lib/python3.7/site-packages/airflow/example_dags/example_latest_only.py
[2022-02-25 00:21:25,781] {logging_mixin.py:109} INFO - [2022-02-25 00:21:25,781] {dag.py:2396} INFO - Sync 1 DAGs
[2022-02-25 00:21:25,797] {logging_mixin.py:109} INFO - [2022-02-25 00:21:25,797] {dag.py:2935} INFO - Setting next_dagrun for latest_only to 2022-02-24T20:21:25.797202+00:00
[2022-02-25 00:21:25,806] {processor.py:171} INFO - Processing /home/airflow/.local/lib/python3.7/site-packages/airflow/example_dags/example_latest_only.py took 0.067 seconds
[2022-02-25 00:21:56,070] {processor.py:163} INFO - Started process (PID=18336) to work on /home/airflow/.local/lib/python3.7/site-packages/airflow/example_dags/example_latest_only.py
[2022-02-25 00:21:56,072] {processor.py:642} INFO - Processing file /home/airflow/.local/lib/python3.7/site-packages/airflow/example_dags/example_latest_only.py for tasks to queue
[2022-02-25 00:21:56,074] {logging_mixin.py:109} INFO - [2022-02-25 00:21:56,074] {dagbag.py:500} INFO - Filling up the DagBag from /home/airflow/.local/lib/python3.7/site-packages/airflow/example_dags/example_latest_only.py
[2022-02-25 00:21:56,102] {processor.py:654} INFO - DAG(s) dict_keys(['latest_only']) retrieved from /home/airflow/.local/lib/python3.7/site-packages/airflow/example_dags/example_latest_only.py
[2022-02-25 00:21:56,115] {logging_mixin.py:109} INFO - [2022-02-25 00:21:56,115] {dag.py:2396} INFO - Sync 1 DAGs
[2022-02-25 00:21:56,138] {logging_mixin.py:109} INFO - [2022-02-25 00:21:56,138] {dag.py:2935} INFO - Setting next_dagrun for latest_only to 2022-02-24T20:21:56.138002+00:00
[2022-02-25 00:21:56,148] {processor.py:171} INFO - Processing /home/airflow/.local/lib/python3.7/site-packages/airflow/example_dags/example_latest_only.py took 0.081 seconds
[2022-02-25 00:22:26,483] {processor.py:163} INFO - Started process (PID=18398) to work on /home/airflow/.local/lib/python3.7/site-packages/airflow/example_dags/example_latest_only.py
[2022-02-25 00:22:26,485] {processor.py:642} INFO - Processing file /home/airflow/.local/lib/python3.7/site-packages/airflow/example_dags/example_latest_only.py for tasks to queue
[2022-02-25 00:22:26,486] {logging_mixin.py:109} INFO - [2022-02-25 00:22:26,486] {dagbag.py:500} INFO - Filling up the DagBag from /home/airflow/.local/lib/python3.7/site-packages/airflow/example_dags/example_latest_only.py
[2022-02-25 00:22:26,512] {processor.py:654} INFO - DAG(s) dict_keys(['latest_only']) retrieved from /home/airflow/.local/lib/python3.7/site-packages/airflow/example_dags/example_latest_only.py
[2022-02-25 00:22:26,522] {logging_mixin.py:109} INFO - [2022-02-25 00:22:26,521] {dag.py:2396} INFO - Sync 1 DAGs
[2022-02-25 00:22:26,538] {logging_mixin.py:109} INFO - [2022-02-25 00:22:26,538] {dag.py:2935} INFO - Setting next_dagrun for latest_only to 2022-02-24T20:22:26.538414+00:00
[2022-02-25 00:22:26,547] {processor.py:171} INFO - Processing /home/airflow/.local/lib/python3.7/site-packages/airflow/example_dags/example_latest_only.py took 0.068 seconds
[2022-02-25 00:22:57,015] {processor.py:163} INFO - Started process (PID=18450) to work on /home/airflow/.local/lib/python3.7/site-packages/airflow/example_dags/example_latest_only.py
[2022-02-25 00:22:57,017] {processor.py:642} INFO - Processing file /home/airflow/.local/lib/python3.7/site-packages/airflow/example_dags/example_latest_only.py for tasks to queue
[2022-02-25 00:22:57,018] {logging_mixin.py:109} INFO - [2022-02-25 00:22:57,018] {dagbag.py:500} INFO - Filling up the DagBag from /home/airflow/.local/lib/python3.7/site-packages/airflow/example_dags/example_latest_only.py
[2022-02-25 00:22:57,046] {processor.py:654} INFO - DAG(s) dict_keys(['latest_only']) retrieved from /home/airflow/.local/lib/python3.7/site-packages/airflow/example_dags/example_latest_only.py
[2022-02-25 00:22:57,056] {logging_mixin.py:109} INFO - [2022-02-25 00:22:57,056] {dag.py:2396} INFO - Sync 1 DAGs
[2022-02-25 00:22:57,075] {logging_mixin.py:109} INFO - [2022-02-25 00:22:57,075] {dag.py:2935} INFO - Setting next_dagrun for latest_only to 2022-02-24T20:22:57.075418+00:00
[2022-02-25 00:22:57,086] {processor.py:171} INFO - Processing /home/airflow/.local/lib/python3.7/site-packages/airflow/example_dags/example_latest_only.py took 0.075 seconds
[2022-02-25 00:23:27,307] {processor.py:163} INFO - Started process (PID=18514) to work on /home/airflow/.local/lib/python3.7/site-packages/airflow/example_dags/example_latest_only.py
[2022-02-25 00:23:27,308] {processor.py:642} INFO - Processing file /home/airflow/.local/lib/python3.7/site-packages/airflow/example_dags/example_latest_only.py for tasks to queue
[2022-02-25 00:23:27,309] {logging_mixin.py:109} INFO - [2022-02-25 00:23:27,309] {dagbag.py:500} INFO - Filling up the DagBag from /home/airflow/.local/lib/python3.7/site-packages/airflow/example_dags/example_latest_only.py
[2022-02-25 00:23:27,338] {processor.py:654} INFO - DAG(s) dict_keys(['latest_only']) retrieved from /home/airflow/.local/lib/python3.7/site-packages/airflow/example_dags/example_latest_only.py
[2022-02-25 00:23:27,352] {logging_mixin.py:109} INFO - [2022-02-25 00:23:27,352] {dag.py:2396} INFO - Sync 1 DAGs
[2022-02-25 00:23:27,368] {logging_mixin.py:109} INFO - [2022-02-25 00:23:27,368] {dag.py:2935} INFO - Setting next_dagrun for latest_only to 2022-02-24T20:23:27.368563+00:00
[2022-02-25 00:23:27,378] {processor.py:171} INFO - Processing /home/airflow/.local/lib/python3.7/site-packages/airflow/example_dags/example_latest_only.py took 0.075 seconds
[2022-02-25 00:23:57,545] {processor.py:163} INFO - Started process (PID=18566) to work on /home/airflow/.local/lib/python3.7/site-packages/airflow/example_dags/example_latest_only.py
[2022-02-25 00:23:57,547] {processor.py:642} INFO - Processing file /home/airflow/.local/lib/python3.7/site-packages/airflow/example_dags/example_latest_only.py for tasks to queue
[2022-02-25 00:23:57,548] {logging_mixin.py:109} INFO - [2022-02-25 00:23:57,548] {dagbag.py:500} INFO - Filling up the DagBag from /home/airflow/.local/lib/python3.7/site-packages/airflow/example_dags/example_latest_only.py
[2022-02-25 00:23:57,576] {processor.py:654} INFO - DAG(s) dict_keys(['latest_only']) retrieved from /home/airflow/.local/lib/python3.7/site-packages/airflow/example_dags/example_latest_only.py
[2022-02-25 00:23:57,586] {logging_mixin.py:109} INFO - [2022-02-25 00:23:57,586] {dag.py:2396} INFO - Sync 1 DAGs
[2022-02-25 00:23:57,602] {logging_mixin.py:109} INFO - [2022-02-25 00:23:57,602] {dag.py:2935} INFO - Setting next_dagrun for latest_only to 2022-02-24T20:23:57.601754+00:00
[2022-02-25 00:23:57,611] {processor.py:171} INFO - Processing /home/airflow/.local/lib/python3.7/site-packages/airflow/example_dags/example_latest_only.py took 0.070 seconds
[2022-02-25 00:24:27,940] {processor.py:163} INFO - Started process (PID=18627) to work on /home/airflow/.local/lib/python3.7/site-packages/airflow/example_dags/example_latest_only.py
[2022-02-25 00:24:27,942] {processor.py:642} INFO - Processing file /home/airflow/.local/lib/python3.7/site-packages/airflow/example_dags/example_latest_only.py for tasks to queue
[2022-02-25 00:24:27,943] {logging_mixin.py:109} INFO - [2022-02-25 00:24:27,943] {dagbag.py:500} INFO - Filling up the DagBag from /home/airflow/.local/lib/python3.7/site-packages/airflow/example_dags/example_latest_only.py
[2022-02-25 00:24:27,971] {processor.py:654} INFO - DAG(s) dict_keys(['latest_only']) retrieved from /home/airflow/.local/lib/python3.7/site-packages/airflow/example_dags/example_latest_only.py
[2022-02-25 00:24:27,981] {logging_mixin.py:109} INFO - [2022-02-25 00:24:27,980] {dag.py:2396} INFO - Sync 1 DAGs
[2022-02-25 00:24:27,996] {logging_mixin.py:109} INFO - [2022-02-25 00:24:27,996] {dag.py:2935} INFO - Setting next_dagrun for latest_only to 2022-02-24T20:24:27.996315+00:00
[2022-02-25 00:24:28,007] {processor.py:171} INFO - Processing /home/airflow/.local/lib/python3.7/site-packages/airflow/example_dags/example_latest_only.py took 0.070 seconds
[2022-02-25 00:24:58,397] {processor.py:163} INFO - Started process (PID=18680) to work on /home/airflow/.local/lib/python3.7/site-packages/airflow/example_dags/example_latest_only.py
[2022-02-25 00:24:58,399] {processor.py:642} INFO - Processing file /home/airflow/.local/lib/python3.7/site-packages/airflow/example_dags/example_latest_only.py for tasks to queue
[2022-02-25 00:24:58,401] {logging_mixin.py:109} INFO - [2022-02-25 00:24:58,401] {dagbag.py:500} INFO - Filling up the DagBag from /home/airflow/.local/lib/python3.7/site-packages/airflow/example_dags/example_latest_only.py
[2022-02-25 00:24:58,430] {processor.py:654} INFO - DAG(s) dict_keys(['latest_only']) retrieved from /home/airflow/.local/lib/python3.7/site-packages/airflow/example_dags/example_latest_only.py
[2022-02-25 00:24:58,442] {logging_mixin.py:109} INFO - [2022-02-25 00:24:58,441] {dag.py:2396} INFO - Sync 1 DAGs
[2022-02-25 00:24:58,466] {logging_mixin.py:109} INFO - [2022-02-25 00:24:58,466] {dag.py:2935} INFO - Setting next_dagrun for latest_only to 2022-02-24T20:24:58.466281+00:00
[2022-02-25 00:24:58,478] {processor.py:171} INFO - Processing /home/airflow/.local/lib/python3.7/site-packages/airflow/example_dags/example_latest_only.py took 0.085 seconds
[2022-02-25 00:25:28,892] {processor.py:163} INFO - Started process (PID=18741) to work on /home/airflow/.local/lib/python3.7/site-packages/airflow/example_dags/example_latest_only.py
[2022-02-25 00:25:28,894] {processor.py:642} INFO - Processing file /home/airflow/.local/lib/python3.7/site-packages/airflow/example_dags/example_latest_only.py for tasks to queue
[2022-02-25 00:25:28,895] {logging_mixin.py:109} INFO - [2022-02-25 00:25:28,895] {dagbag.py:500} INFO - Filling up the DagBag from /home/airflow/.local/lib/python3.7/site-packages/airflow/example_dags/example_latest_only.py
[2022-02-25 00:25:28,940] {processor.py:654} INFO - DAG(s) dict_keys(['latest_only']) retrieved from /home/airflow/.local/lib/python3.7/site-packages/airflow/example_dags/example_latest_only.py
[2022-02-25 00:25:28,954] {logging_mixin.py:109} INFO - [2022-02-25 00:25:28,954] {dag.py:2396} INFO - Sync 1 DAGs
[2022-02-25 00:25:28,973] {logging_mixin.py:109} INFO - [2022-02-25 00:25:28,973] {dag.py:2935} INFO - Setting next_dagrun for latest_only to 2022-02-24T20:25:28.972956+00:00
[2022-02-25 00:25:28,984] {processor.py:171} INFO - Processing /home/airflow/.local/lib/python3.7/site-packages/airflow/example_dags/example_latest_only.py took 0.096 seconds
[2022-02-25 00:25:59,293] {processor.py:163} INFO - Started process (PID=18796) to work on /home/airflow/.local/lib/python3.7/site-packages/airflow/example_dags/example_latest_only.py
[2022-02-25 00:25:59,295] {processor.py:642} INFO - Processing file /home/airflow/.local/lib/python3.7/site-packages/airflow/example_dags/example_latest_only.py for tasks to queue
[2022-02-25 00:25:59,296] {logging_mixin.py:109} INFO - [2022-02-25 00:25:59,296] {dagbag.py:500} INFO - Filling up the DagBag from /home/airflow/.local/lib/python3.7/site-packages/airflow/example_dags/example_latest_only.py
[2022-02-25 00:25:59,324] {processor.py:654} INFO - DAG(s) dict_keys(['latest_only']) retrieved from /home/airflow/.local/lib/python3.7/site-packages/airflow/example_dags/example_latest_only.py
[2022-02-25 00:25:59,334] {logging_mixin.py:109} INFO - [2022-02-25 00:25:59,334] {dag.py:2396} INFO - Sync 1 DAGs
[2022-02-25 00:25:59,354] {logging_mixin.py:109} INFO - [2022-02-25 00:25:59,354] {dag.py:2935} INFO - Setting next_dagrun for latest_only to 2022-02-24T20:25:59.353772+00:00
[2022-02-25 00:25:59,365] {processor.py:171} INFO - Processing /home/airflow/.local/lib/python3.7/site-packages/airflow/example_dags/example_latest_only.py took 0.076 seconds
[2022-02-25 00:26:29,569] {processor.py:163} INFO - Started process (PID=18856) to work on /home/airflow/.local/lib/python3.7/site-packages/airflow/example_dags/example_latest_only.py
[2022-02-25 00:26:29,571] {processor.py:642} INFO - Processing file /home/airflow/.local/lib/python3.7/site-packages/airflow/example_dags/example_latest_only.py for tasks to queue
[2022-02-25 00:26:29,572] {logging_mixin.py:109} INFO - [2022-02-25 00:26:29,572] {dagbag.py:500} INFO - Filling up the DagBag from /home/airflow/.local/lib/python3.7/site-packages/airflow/example_dags/example_latest_only.py
[2022-02-25 00:26:29,603] {processor.py:654} INFO - DAG(s) dict_keys(['latest_only']) retrieved from /home/airflow/.local/lib/python3.7/site-packages/airflow/example_dags/example_latest_only.py
[2022-02-25 00:26:29,614] {logging_mixin.py:109} INFO - [2022-02-25 00:26:29,613] {dag.py:2396} INFO - Sync 1 DAGs
[2022-02-25 00:26:29,632] {logging_mixin.py:109} INFO - [2022-02-25 00:26:29,632] {dag.py:2935} INFO - Setting next_dagrun for latest_only to 2022-02-24T20:26:29.632290+00:00
[2022-02-25 00:26:29,642] {processor.py:171} INFO - Processing /home/airflow/.local/lib/python3.7/site-packages/airflow/example_dags/example_latest_only.py took 0.077 seconds
[2022-02-25 00:27:00,090] {processor.py:163} INFO - Started process (PID=18907) to work on /home/airflow/.local/lib/python3.7/site-packages/airflow/example_dags/example_latest_only.py
[2022-02-25 00:27:00,093] {processor.py:642} INFO - Processing file /home/airflow/.local/lib/python3.7/site-packages/airflow/example_dags/example_latest_only.py for tasks to queue
[2022-02-25 00:27:00,099] {logging_mixin.py:109} INFO - [2022-02-25 00:27:00,099] {dagbag.py:500} INFO - Filling up the DagBag from /home/airflow/.local/lib/python3.7/site-packages/airflow/example_dags/example_latest_only.py
[2022-02-25 00:27:00,133] {processor.py:654} INFO - DAG(s) dict_keys(['latest_only']) retrieved from /home/airflow/.local/lib/python3.7/site-packages/airflow/example_dags/example_latest_only.py
[2022-02-25 00:27:00,144] {logging_mixin.py:109} INFO - [2022-02-25 00:27:00,143] {dag.py:2396} INFO - Sync 1 DAGs
[2022-02-25 00:27:00,161] {logging_mixin.py:109} INFO - [2022-02-25 00:27:00,161] {dag.py:2935} INFO - Setting next_dagrun for latest_only to 2022-02-24T20:27:00.161438+00:00
[2022-02-25 00:27:00,172] {processor.py:171} INFO - Processing /home/airflow/.local/lib/python3.7/site-packages/airflow/example_dags/example_latest_only.py took 0.087 seconds
[2022-02-25 00:27:30,367] {processor.py:163} INFO - Started process (PID=18959) to work on /home/airflow/.local/lib/python3.7/site-packages/airflow/example_dags/example_latest_only.py
[2022-02-25 00:27:30,370] {processor.py:642} INFO - Processing file /home/airflow/.local/lib/python3.7/site-packages/airflow/example_dags/example_latest_only.py for tasks to queue
[2022-02-25 00:27:30,374] {logging_mixin.py:109} INFO - [2022-02-25 00:27:30,373] {dagbag.py:500} INFO - Filling up the DagBag from /home/airflow/.local/lib/python3.7/site-packages/airflow/example_dags/example_latest_only.py
[2022-02-25 00:27:30,424] {processor.py:654} INFO - DAG(s) dict_keys(['latest_only']) retrieved from /home/airflow/.local/lib/python3.7/site-packages/airflow/example_dags/example_latest_only.py
[2022-02-25 00:27:30,450] {logging_mixin.py:109} INFO - [2022-02-25 00:27:30,450] {dag.py:2396} INFO - Sync 1 DAGs
[2022-02-25 00:27:30,482] {logging_mixin.py:109} INFO - [2022-02-25 00:27:30,482] {dag.py:2935} INFO - Setting next_dagrun for latest_only to 2022-02-24T20:27:30.482058+00:00
[2022-02-25 00:27:30,496] {processor.py:171} INFO - Processing /home/airflow/.local/lib/python3.7/site-packages/airflow/example_dags/example_latest_only.py took 0.136 seconds
[2022-02-25 00:28:00,978] {processor.py:163} INFO - Started process (PID=19020) to work on /home/airflow/.local/lib/python3.7/site-packages/airflow/example_dags/example_latest_only.py
[2022-02-25 00:28:00,980] {processor.py:642} INFO - Processing file /home/airflow/.local/lib/python3.7/site-packages/airflow/example_dags/example_latest_only.py for tasks to queue
[2022-02-25 00:28:00,981] {logging_mixin.py:109} INFO - [2022-02-25 00:28:00,981] {dagbag.py:500} INFO - Filling up the DagBag from /home/airflow/.local/lib/python3.7/site-packages/airflow/example_dags/example_latest_only.py
[2022-02-25 00:28:01,009] {processor.py:654} INFO - DAG(s) dict_keys(['latest_only']) retrieved from /home/airflow/.local/lib/python3.7/site-packages/airflow/example_dags/example_latest_only.py
[2022-02-25 00:28:01,019] {logging_mixin.py:109} INFO - [2022-02-25 00:28:01,019] {dag.py:2396} INFO - Sync 1 DAGs
[2022-02-25 00:28:01,036] {logging_mixin.py:109} INFO - [2022-02-25 00:28:01,036] {dag.py:2935} INFO - Setting next_dagrun for latest_only to 2022-02-24T20:28:01.035975+00:00
[2022-02-25 00:28:01,046] {processor.py:171} INFO - Processing /home/airflow/.local/lib/python3.7/site-packages/airflow/example_dags/example_latest_only.py took 0.072 seconds
[2022-02-25 00:28:31,296] {processor.py:163} INFO - Started process (PID=19071) to work on /home/airflow/.local/lib/python3.7/site-packages/airflow/example_dags/example_latest_only.py
[2022-02-25 00:28:31,298] {processor.py:642} INFO - Processing file /home/airflow/.local/lib/python3.7/site-packages/airflow/example_dags/example_latest_only.py for tasks to queue
[2022-02-25 00:28:31,299] {logging_mixin.py:109} INFO - [2022-02-25 00:28:31,299] {dagbag.py:500} INFO - Filling up the DagBag from /home/airflow/.local/lib/python3.7/site-packages/airflow/example_dags/example_latest_only.py
[2022-02-25 00:28:31,325] {processor.py:654} INFO - DAG(s) dict_keys(['latest_only']) retrieved from /home/airflow/.local/lib/python3.7/site-packages/airflow/example_dags/example_latest_only.py
[2022-02-25 00:28:31,335] {logging_mixin.py:109} INFO - [2022-02-25 00:28:31,334] {dag.py:2396} INFO - Sync 1 DAGs
[2022-02-25 00:28:31,350] {logging_mixin.py:109} INFO - [2022-02-25 00:28:31,350] {dag.py:2935} INFO - Setting next_dagrun for latest_only to 2022-02-24T20:28:31.349768+00:00
[2022-02-25 00:28:31,359] {processor.py:171} INFO - Processing /home/airflow/.local/lib/python3.7/site-packages/airflow/example_dags/example_latest_only.py took 0.066 seconds
[2022-02-25 00:29:02,253] {processor.py:163} INFO - Started process (PID=19133) to work on /home/airflow/.local/lib/python3.7/site-packages/airflow/example_dags/example_latest_only.py
[2022-02-25 00:29:02,254] {processor.py:642} INFO - Processing file /home/airflow/.local/lib/python3.7/site-packages/airflow/example_dags/example_latest_only.py for tasks to queue
[2022-02-25 00:29:02,255] {logging_mixin.py:109} INFO - [2022-02-25 00:29:02,255] {dagbag.py:500} INFO - Filling up the DagBag from /home/airflow/.local/lib/python3.7/site-packages/airflow/example_dags/example_latest_only.py
[2022-02-25 00:29:02,282] {processor.py:654} INFO - DAG(s) dict_keys(['latest_only']) retrieved from /home/airflow/.local/lib/python3.7/site-packages/airflow/example_dags/example_latest_only.py
[2022-02-25 00:29:02,292] {logging_mixin.py:109} INFO - [2022-02-25 00:29:02,292] {dag.py:2396} INFO - Sync 1 DAGs
[2022-02-25 00:29:02,309] {logging_mixin.py:109} INFO - [2022-02-25 00:29:02,309] {dag.py:2935} INFO - Setting next_dagrun for latest_only to 2022-02-24T20:29:02.309173+00:00
[2022-02-25 00:29:02,319] {processor.py:171} INFO - Processing /home/airflow/.local/lib/python3.7/site-packages/airflow/example_dags/example_latest_only.py took 0.071 seconds
[2022-02-25 00:29:32,552] {processor.py:163} INFO - Started process (PID=19184) to work on /home/airflow/.local/lib/python3.7/site-packages/airflow/example_dags/example_latest_only.py
[2022-02-25 00:29:32,554] {processor.py:642} INFO - Processing file /home/airflow/.local/lib/python3.7/site-packages/airflow/example_dags/example_latest_only.py for tasks to queue
[2022-02-25 00:29:32,555] {logging_mixin.py:109} INFO - [2022-02-25 00:29:32,555] {dagbag.py:500} INFO - Filling up the DagBag from /home/airflow/.local/lib/python3.7/site-packages/airflow/example_dags/example_latest_only.py
[2022-02-25 00:29:32,583] {processor.py:654} INFO - DAG(s) dict_keys(['latest_only']) retrieved from /home/airflow/.local/lib/python3.7/site-packages/airflow/example_dags/example_latest_only.py
[2022-02-25 00:29:32,593] {logging_mixin.py:109} INFO - [2022-02-25 00:29:32,592] {dag.py:2396} INFO - Sync 1 DAGs
[2022-02-25 00:29:32,609] {logging_mixin.py:109} INFO - [2022-02-25 00:29:32,609] {dag.py:2935} INFO - Setting next_dagrun for latest_only to 2022-02-24T20:29:32.609022+00:00
[2022-02-25 00:29:32,619] {processor.py:171} INFO - Processing /home/airflow/.local/lib/python3.7/site-packages/airflow/example_dags/example_latest_only.py took 0.070 seconds
[2022-02-25 00:30:03,682] {processor.py:163} INFO - Started process (PID=19244) to work on /home/airflow/.local/lib/python3.7/site-packages/airflow/example_dags/example_latest_only.py
[2022-02-25 00:30:03,686] {processor.py:642} INFO - Processing file /home/airflow/.local/lib/python3.7/site-packages/airflow/example_dags/example_latest_only.py for tasks to queue
[2022-02-25 00:30:03,687] {logging_mixin.py:109} INFO - [2022-02-25 00:30:03,687] {dagbag.py:500} INFO - Filling up the DagBag from /home/airflow/.local/lib/python3.7/site-packages/airflow/example_dags/example_latest_only.py
[2022-02-25 00:30:03,715] {processor.py:654} INFO - DAG(s) dict_keys(['latest_only']) retrieved from /home/airflow/.local/lib/python3.7/site-packages/airflow/example_dags/example_latest_only.py
[2022-02-25 00:30:03,724] {logging_mixin.py:109} INFO - [2022-02-25 00:30:03,724] {dag.py:2396} INFO - Sync 1 DAGs
[2022-02-25 00:30:03,743] {logging_mixin.py:109} INFO - [2022-02-25 00:30:03,743] {dag.py:2935} INFO - Setting next_dagrun for latest_only to 2022-02-24T20:30:03.742705+00:00
[2022-02-25 00:30:03,752] {processor.py:171} INFO - Processing /home/airflow/.local/lib/python3.7/site-packages/airflow/example_dags/example_latest_only.py took 0.074 seconds
[2022-02-25 00:30:34,138] {processor.py:163} INFO - Started process (PID=19295) to work on /home/airflow/.local/lib/python3.7/site-packages/airflow/example_dags/example_latest_only.py
[2022-02-25 00:30:34,140] {processor.py:642} INFO - Processing file /home/airflow/.local/lib/python3.7/site-packages/airflow/example_dags/example_latest_only.py for tasks to queue
[2022-02-25 00:30:34,141] {logging_mixin.py:109} INFO - [2022-02-25 00:30:34,141] {dagbag.py:500} INFO - Filling up the DagBag from /home/airflow/.local/lib/python3.7/site-packages/airflow/example_dags/example_latest_only.py
[2022-02-25 00:30:34,172] {processor.py:654} INFO - DAG(s) dict_keys(['latest_only']) retrieved from /home/airflow/.local/lib/python3.7/site-packages/airflow/example_dags/example_latest_only.py
[2022-02-25 00:30:34,189] {logging_mixin.py:109} INFO - [2022-02-25 00:30:34,189] {dag.py:2396} INFO - Sync 1 DAGs
[2022-02-25 00:30:34,211] {logging_mixin.py:109} INFO - [2022-02-25 00:30:34,211] {dag.py:2935} INFO - Setting next_dagrun for latest_only to 2022-02-24T20:30:34.211014+00:00
[2022-02-25 00:30:34,226] {processor.py:171} INFO - Processing /home/airflow/.local/lib/python3.7/site-packages/airflow/example_dags/example_latest_only.py took 0.092 seconds
[2022-02-25 00:31:04,569] {processor.py:163} INFO - Started process (PID=19356) to work on /home/airflow/.local/lib/python3.7/site-packages/airflow/example_dags/example_latest_only.py
[2022-02-25 00:31:04,571] {processor.py:642} INFO - Processing file /home/airflow/.local/lib/python3.7/site-packages/airflow/example_dags/example_latest_only.py for tasks to queue
[2022-02-25 00:31:04,572] {logging_mixin.py:109} INFO - [2022-02-25 00:31:04,572] {dagbag.py:500} INFO - Filling up the DagBag from /home/airflow/.local/lib/python3.7/site-packages/airflow/example_dags/example_latest_only.py
[2022-02-25 00:31:04,599] {processor.py:654} INFO - DAG(s) dict_keys(['latest_only']) retrieved from /home/airflow/.local/lib/python3.7/site-packages/airflow/example_dags/example_latest_only.py
[2022-02-25 00:31:04,609] {logging_mixin.py:109} INFO - [2022-02-25 00:31:04,609] {dag.py:2396} INFO - Sync 1 DAGs
[2022-02-25 00:31:04,626] {logging_mixin.py:109} INFO - [2022-02-25 00:31:04,626] {dag.py:2935} INFO - Setting next_dagrun for latest_only to 2022-02-24T20:31:04.625837+00:00
[2022-02-25 00:31:04,635] {processor.py:171} INFO - Processing /home/airflow/.local/lib/python3.7/site-packages/airflow/example_dags/example_latest_only.py took 0.069 seconds
[2022-02-25 00:31:35,612] {processor.py:163} INFO - Started process (PID=19409) to work on /home/airflow/.local/lib/python3.7/site-packages/airflow/example_dags/example_latest_only.py
[2022-02-25 00:31:35,614] {processor.py:642} INFO - Processing file /home/airflow/.local/lib/python3.7/site-packages/airflow/example_dags/example_latest_only.py for tasks to queue
[2022-02-25 00:31:35,615] {logging_mixin.py:109} INFO - [2022-02-25 00:31:35,614] {dagbag.py:500} INFO - Filling up the DagBag from /home/airflow/.local/lib/python3.7/site-packages/airflow/example_dags/example_latest_only.py
[2022-02-25 00:31:35,641] {processor.py:654} INFO - DAG(s) dict_keys(['latest_only']) retrieved from /home/airflow/.local/lib/python3.7/site-packages/airflow/example_dags/example_latest_only.py
[2022-02-25 00:31:35,651] {logging_mixin.py:109} INFO - [2022-02-25 00:31:35,651] {dag.py:2396} INFO - Sync 1 DAGs
[2022-02-25 00:31:35,667] {logging_mixin.py:109} INFO - [2022-02-25 00:31:35,667] {dag.py:2935} INFO - Setting next_dagrun for latest_only to 2022-02-24T20:31:35.667156+00:00
[2022-02-25 00:31:35,676] {processor.py:171} INFO - Processing /home/airflow/.local/lib/python3.7/site-packages/airflow/example_dags/example_latest_only.py took 0.068 seconds
[2022-02-25 00:32:06,031] {processor.py:163} INFO - Started process (PID=19469) to work on /home/airflow/.local/lib/python3.7/site-packages/airflow/example_dags/example_latest_only.py
[2022-02-25 00:32:06,033] {processor.py:642} INFO - Processing file /home/airflow/.local/lib/python3.7/site-packages/airflow/example_dags/example_latest_only.py for tasks to queue
[2022-02-25 00:32:06,034] {logging_mixin.py:109} INFO - [2022-02-25 00:32:06,034] {dagbag.py:500} INFO - Filling up the DagBag from /home/airflow/.local/lib/python3.7/site-packages/airflow/example_dags/example_latest_only.py
[2022-02-25 00:32:06,074] {processor.py:654} INFO - DAG(s) dict_keys(['latest_only']) retrieved from /home/airflow/.local/lib/python3.7/site-packages/airflow/example_dags/example_latest_only.py
[2022-02-25 00:32:06,089] {logging_mixin.py:109} INFO - [2022-02-25 00:32:06,089] {dag.py:2396} INFO - Sync 1 DAGs
[2022-02-25 00:32:06,107] {logging_mixin.py:109} INFO - [2022-02-25 00:32:06,107] {dag.py:2935} INFO - Setting next_dagrun for latest_only to 2022-02-24T20:32:06.107554+00:00
[2022-02-25 00:32:06,118] {processor.py:171} INFO - Processing /home/airflow/.local/lib/python3.7/site-packages/airflow/example_dags/example_latest_only.py took 0.091 seconds
[2022-02-25 00:32:36,473] {processor.py:163} INFO - Started process (PID=19521) to work on /home/airflow/.local/lib/python3.7/site-packages/airflow/example_dags/example_latest_only.py
[2022-02-25 00:32:36,475] {processor.py:642} INFO - Processing file /home/airflow/.local/lib/python3.7/site-packages/airflow/example_dags/example_latest_only.py for tasks to queue
[2022-02-25 00:32:36,476] {logging_mixin.py:109} INFO - [2022-02-25 00:32:36,476] {dagbag.py:500} INFO - Filling up the DagBag from /home/airflow/.local/lib/python3.7/site-packages/airflow/example_dags/example_latest_only.py
[2022-02-25 00:32:36,508] {processor.py:654} INFO - DAG(s) dict_keys(['latest_only']) retrieved from /home/airflow/.local/lib/python3.7/site-packages/airflow/example_dags/example_latest_only.py
[2022-02-25 00:32:36,518] {logging_mixin.py:109} INFO - [2022-02-25 00:32:36,518] {dag.py:2396} INFO - Sync 1 DAGs
[2022-02-25 00:32:36,534] {logging_mixin.py:109} INFO - [2022-02-25 00:32:36,534] {dag.py:2935} INFO - Setting next_dagrun for latest_only to 2022-02-24T20:32:36.534019+00:00
[2022-02-25 00:32:36,546] {processor.py:171} INFO - Processing /home/airflow/.local/lib/python3.7/site-packages/airflow/example_dags/example_latest_only.py took 0.077 seconds
[2022-02-25 00:33:07,387] {processor.py:163} INFO - Started process (PID=19581) to work on /home/airflow/.local/lib/python3.7/site-packages/airflow/example_dags/example_latest_only.py
[2022-02-25 00:33:07,389] {processor.py:642} INFO - Processing file /home/airflow/.local/lib/python3.7/site-packages/airflow/example_dags/example_latest_only.py for tasks to queue
[2022-02-25 00:33:07,390] {logging_mixin.py:109} INFO - [2022-02-25 00:33:07,390] {dagbag.py:500} INFO - Filling up the DagBag from /home/airflow/.local/lib/python3.7/site-packages/airflow/example_dags/example_latest_only.py
[2022-02-25 00:33:07,417] {processor.py:654} INFO - DAG(s) dict_keys(['latest_only']) retrieved from /home/airflow/.local/lib/python3.7/site-packages/airflow/example_dags/example_latest_only.py
[2022-02-25 00:33:07,429] {logging_mixin.py:109} INFO - [2022-02-25 00:33:07,429] {dag.py:2396} INFO - Sync 1 DAGs
[2022-02-25 00:33:07,453] {logging_mixin.py:109} INFO - [2022-02-25 00:33:07,453] {dag.py:2935} INFO - Setting next_dagrun for latest_only to 2022-02-24T20:33:07.453189+00:00
[2022-02-25 00:33:07,466] {processor.py:171} INFO - Processing /home/airflow/.local/lib/python3.7/site-packages/airflow/example_dags/example_latest_only.py took 0.083 seconds
[2022-02-25 00:33:37,736] {processor.py:163} INFO - Started process (PID=19634) to work on /home/airflow/.local/lib/python3.7/site-packages/airflow/example_dags/example_latest_only.py
[2022-02-25 00:33:37,739] {processor.py:642} INFO - Processing file /home/airflow/.local/lib/python3.7/site-packages/airflow/example_dags/example_latest_only.py for tasks to queue
[2022-02-25 00:33:37,740] {logging_mixin.py:109} INFO - [2022-02-25 00:33:37,740] {dagbag.py:500} INFO - Filling up the DagBag from /home/airflow/.local/lib/python3.7/site-packages/airflow/example_dags/example_latest_only.py
[2022-02-25 00:33:37,772] {processor.py:654} INFO - DAG(s) dict_keys(['latest_only']) retrieved from /home/airflow/.local/lib/python3.7/site-packages/airflow/example_dags/example_latest_only.py
[2022-02-25 00:33:37,785] {logging_mixin.py:109} INFO - [2022-02-25 00:33:37,785] {dag.py:2396} INFO - Sync 1 DAGs
[2022-02-25 00:33:37,805] {logging_mixin.py:109} INFO - [2022-02-25 00:33:37,805] {dag.py:2935} INFO - Setting next_dagrun for latest_only to 2022-02-24T20:33:37.805594+00:00
[2022-02-25 00:33:37,818] {processor.py:171} INFO - Processing /home/airflow/.local/lib/python3.7/site-packages/airflow/example_dags/example_latest_only.py took 0.086 seconds
[2022-02-25 00:34:07,996] {processor.py:163} INFO - Started process (PID=19695) to work on /home/airflow/.local/lib/python3.7/site-packages/airflow/example_dags/example_latest_only.py
[2022-02-25 00:34:07,998] {processor.py:642} INFO - Processing file /home/airflow/.local/lib/python3.7/site-packages/airflow/example_dags/example_latest_only.py for tasks to queue
[2022-02-25 00:34:07,999] {logging_mixin.py:109} INFO - [2022-02-25 00:34:07,999] {dagbag.py:500} INFO - Filling up the DagBag from /home/airflow/.local/lib/python3.7/site-packages/airflow/example_dags/example_latest_only.py
[2022-02-25 00:34:08,026] {processor.py:654} INFO - DAG(s) dict_keys(['latest_only']) retrieved from /home/airflow/.local/lib/python3.7/site-packages/airflow/example_dags/example_latest_only.py
[2022-02-25 00:34:08,035] {logging_mixin.py:109} INFO - [2022-02-25 00:34:08,035] {dag.py:2396} INFO - Sync 1 DAGs
[2022-02-25 00:34:08,052] {logging_mixin.py:109} INFO - [2022-02-25 00:34:08,052] {dag.py:2935} INFO - Setting next_dagrun for latest_only to 2022-02-24T20:34:08.051898+00:00
[2022-02-25 00:34:08,060] {processor.py:171} INFO - Processing /home/airflow/.local/lib/python3.7/site-packages/airflow/example_dags/example_latest_only.py took 0.068 seconds
[2022-02-25 00:34:38,350] {processor.py:163} INFO - Started process (PID=19746) to work on /home/airflow/.local/lib/python3.7/site-packages/airflow/example_dags/example_latest_only.py
[2022-02-25 00:34:38,352] {processor.py:642} INFO - Processing file /home/airflow/.local/lib/python3.7/site-packages/airflow/example_dags/example_latest_only.py for tasks to queue
[2022-02-25 00:34:38,353] {logging_mixin.py:109} INFO - [2022-02-25 00:34:38,353] {dagbag.py:500} INFO - Filling up the DagBag from /home/airflow/.local/lib/python3.7/site-packages/airflow/example_dags/example_latest_only.py
[2022-02-25 00:34:38,380] {processor.py:654} INFO - DAG(s) dict_keys(['latest_only']) retrieved from /home/airflow/.local/lib/python3.7/site-packages/airflow/example_dags/example_latest_only.py
[2022-02-25 00:34:38,390] {logging_mixin.py:109} INFO - [2022-02-25 00:34:38,390] {dag.py:2396} INFO - Sync 1 DAGs
[2022-02-25 00:34:38,407] {logging_mixin.py:109} INFO - [2022-02-25 00:34:38,407] {dag.py:2935} INFO - Setting next_dagrun for latest_only to 2022-02-24T20:34:38.406897+00:00
[2022-02-25 00:34:38,416] {processor.py:171} INFO - Processing /home/airflow/.local/lib/python3.7/site-packages/airflow/example_dags/example_latest_only.py took 0.070 seconds
[2022-02-25 00:35:08,882] {processor.py:163} INFO - Started process (PID=19808) to work on /home/airflow/.local/lib/python3.7/site-packages/airflow/example_dags/example_latest_only.py
[2022-02-25 00:35:08,884] {processor.py:642} INFO - Processing file /home/airflow/.local/lib/python3.7/site-packages/airflow/example_dags/example_latest_only.py for tasks to queue
[2022-02-25 00:35:08,885] {logging_mixin.py:109} INFO - [2022-02-25 00:35:08,885] {dagbag.py:500} INFO - Filling up the DagBag from /home/airflow/.local/lib/python3.7/site-packages/airflow/example_dags/example_latest_only.py
[2022-02-25 00:35:08,931] {processor.py:654} INFO - DAG(s) dict_keys(['latest_only']) retrieved from /home/airflow/.local/lib/python3.7/site-packages/airflow/example_dags/example_latest_only.py
[2022-02-25 00:35:08,950] {logging_mixin.py:109} INFO - [2022-02-25 00:35:08,950] {dag.py:2396} INFO - Sync 1 DAGs
[2022-02-25 00:35:08,970] {logging_mixin.py:109} INFO - [2022-02-25 00:35:08,970] {dag.py:2935} INFO - Setting next_dagrun for latest_only to 2022-02-24T20:35:08.970454+00:00
[2022-02-25 00:35:08,982] {processor.py:171} INFO - Processing /home/airflow/.local/lib/python3.7/site-packages/airflow/example_dags/example_latest_only.py took 0.104 seconds
[2022-02-25 00:35:39,181] {processor.py:163} INFO - Started process (PID=19860) to work on /home/airflow/.local/lib/python3.7/site-packages/airflow/example_dags/example_latest_only.py
[2022-02-25 00:35:39,182] {processor.py:642} INFO - Processing file /home/airflow/.local/lib/python3.7/site-packages/airflow/example_dags/example_latest_only.py for tasks to queue
[2022-02-25 00:35:39,183] {logging_mixin.py:109} INFO - [2022-02-25 00:35:39,183] {dagbag.py:500} INFO - Filling up the DagBag from /home/airflow/.local/lib/python3.7/site-packages/airflow/example_dags/example_latest_only.py
[2022-02-25 00:35:39,211] {processor.py:654} INFO - DAG(s) dict_keys(['latest_only']) retrieved from /home/airflow/.local/lib/python3.7/site-packages/airflow/example_dags/example_latest_only.py
[2022-02-25 00:35:39,222] {logging_mixin.py:109} INFO - [2022-02-25 00:35:39,221] {dag.py:2396} INFO - Sync 1 DAGs
[2022-02-25 00:35:39,238] {logging_mixin.py:109} INFO - [2022-02-25 00:35:39,238] {dag.py:2935} INFO - Setting next_dagrun for latest_only to 2022-02-24T20:35:39.238368+00:00
[2022-02-25 00:35:39,249] {processor.py:171} INFO - Processing /home/airflow/.local/lib/python3.7/site-packages/airflow/example_dags/example_latest_only.py took 0.072 seconds
[2022-02-25 00:36:09,607] {processor.py:163} INFO - Started process (PID=19920) to work on /home/airflow/.local/lib/python3.7/site-packages/airflow/example_dags/example_latest_only.py
[2022-02-25 00:36:09,609] {processor.py:642} INFO - Processing file /home/airflow/.local/lib/python3.7/site-packages/airflow/example_dags/example_latest_only.py for tasks to queue
[2022-02-25 00:36:09,611] {logging_mixin.py:109} INFO - [2022-02-25 00:36:09,610] {dagbag.py:500} INFO - Filling up the DagBag from /home/airflow/.local/lib/python3.7/site-packages/airflow/example_dags/example_latest_only.py
[2022-02-25 00:36:09,643] {processor.py:654} INFO - DAG(s) dict_keys(['latest_only']) retrieved from /home/airflow/.local/lib/python3.7/site-packages/airflow/example_dags/example_latest_only.py
[2022-02-25 00:36:09,655] {logging_mixin.py:109} INFO - [2022-02-25 00:36:09,655] {dag.py:2396} INFO - Sync 1 DAGs
[2022-02-25 00:36:09,678] {logging_mixin.py:109} INFO - [2022-02-25 00:36:09,677] {dag.py:2935} INFO - Setting next_dagrun for latest_only to 2022-02-24T20:36:09.677646+00:00
[2022-02-25 00:36:09,690] {processor.py:171} INFO - Processing /home/airflow/.local/lib/python3.7/site-packages/airflow/example_dags/example_latest_only.py took 0.088 seconds
[2022-02-25 00:36:40,155] {processor.py:163} INFO - Started process (PID=19971) to work on /home/airflow/.local/lib/python3.7/site-packages/airflow/example_dags/example_latest_only.py
[2022-02-25 00:36:40,157] {processor.py:642} INFO - Processing file /home/airflow/.local/lib/python3.7/site-packages/airflow/example_dags/example_latest_only.py for tasks to queue
[2022-02-25 00:36:40,159] {logging_mixin.py:109} INFO - [2022-02-25 00:36:40,158] {dagbag.py:500} INFO - Filling up the DagBag from /home/airflow/.local/lib/python3.7/site-packages/airflow/example_dags/example_latest_only.py
[2022-02-25 00:36:40,186] {processor.py:654} INFO - DAG(s) dict_keys(['latest_only']) retrieved from /home/airflow/.local/lib/python3.7/site-packages/airflow/example_dags/example_latest_only.py
[2022-02-25 00:36:40,196] {logging_mixin.py:109} INFO - [2022-02-25 00:36:40,196] {dag.py:2396} INFO - Sync 1 DAGs
[2022-02-25 00:36:40,213] {logging_mixin.py:109} INFO - [2022-02-25 00:36:40,213] {dag.py:2935} INFO - Setting next_dagrun for latest_only to 2022-02-24T20:36:40.213135+00:00
[2022-02-25 00:36:40,223] {processor.py:171} INFO - Processing /home/airflow/.local/lib/python3.7/site-packages/airflow/example_dags/example_latest_only.py took 0.072 seconds
[2022-02-25 00:37:10,526] {processor.py:163} INFO - Started process (PID=20023) to work on /home/airflow/.local/lib/python3.7/site-packages/airflow/example_dags/example_latest_only.py
[2022-02-25 00:37:10,528] {processor.py:642} INFO - Processing file /home/airflow/.local/lib/python3.7/site-packages/airflow/example_dags/example_latest_only.py for tasks to queue
[2022-02-25 00:37:10,529] {logging_mixin.py:109} INFO - [2022-02-25 00:37:10,529] {dagbag.py:500} INFO - Filling up the DagBag from /home/airflow/.local/lib/python3.7/site-packages/airflow/example_dags/example_latest_only.py
[2022-02-25 00:37:10,556] {processor.py:654} INFO - DAG(s) dict_keys(['latest_only']) retrieved from /home/airflow/.local/lib/python3.7/site-packages/airflow/example_dags/example_latest_only.py
[2022-02-25 00:37:10,566] {logging_mixin.py:109} INFO - [2022-02-25 00:37:10,566] {dag.py:2396} INFO - Sync 1 DAGs
[2022-02-25 00:37:10,581] {logging_mixin.py:109} INFO - [2022-02-25 00:37:10,581] {dag.py:2935} INFO - Setting next_dagrun for latest_only to 2022-02-24T20:37:10.581383+00:00
[2022-02-25 00:37:10,589] {processor.py:171} INFO - Processing /home/airflow/.local/lib/python3.7/site-packages/airflow/example_dags/example_latest_only.py took 0.066 seconds
[2022-02-25 00:37:40,865] {processor.py:163} INFO - Started process (PID=20085) to work on /home/airflow/.local/lib/python3.7/site-packages/airflow/example_dags/example_latest_only.py
[2022-02-25 00:37:40,867] {processor.py:642} INFO - Processing file /home/airflow/.local/lib/python3.7/site-packages/airflow/example_dags/example_latest_only.py for tasks to queue
[2022-02-25 00:37:40,868] {logging_mixin.py:109} INFO - [2022-02-25 00:37:40,868] {dagbag.py:500} INFO - Filling up the DagBag from /home/airflow/.local/lib/python3.7/site-packages/airflow/example_dags/example_latest_only.py
[2022-02-25 00:37:40,896] {processor.py:654} INFO - DAG(s) dict_keys(['latest_only']) retrieved from /home/airflow/.local/lib/python3.7/site-packages/airflow/example_dags/example_latest_only.py
[2022-02-25 00:37:40,906] {logging_mixin.py:109} INFO - [2022-02-25 00:37:40,906] {dag.py:2396} INFO - Sync 1 DAGs
[2022-02-25 00:37:40,923] {logging_mixin.py:109} INFO - [2022-02-25 00:37:40,922] {dag.py:2935} INFO - Setting next_dagrun for latest_only to 2022-02-24T20:37:40.922686+00:00
[2022-02-25 00:37:40,943] {processor.py:171} INFO - Processing /home/airflow/.local/lib/python3.7/site-packages/airflow/example_dags/example_latest_only.py took 0.082 seconds
[2022-02-25 00:57:10,444] {processor.py:163} INFO - Started process (PID=22265) to work on /home/airflow/.local/lib/python3.7/site-packages/airflow/example_dags/example_latest_only.py
[2022-02-25 00:57:10,446] {processor.py:642} INFO - Processing file /home/airflow/.local/lib/python3.7/site-packages/airflow/example_dags/example_latest_only.py for tasks to queue
[2022-02-25 00:57:10,447] {logging_mixin.py:109} INFO - [2022-02-25 00:57:10,447] {dagbag.py:500} INFO - Filling up the DagBag from /home/airflow/.local/lib/python3.7/site-packages/airflow/example_dags/example_latest_only.py
[2022-02-25 00:57:10,469] {processor.py:654} INFO - DAG(s) dict_keys(['latest_only']) retrieved from /home/airflow/.local/lib/python3.7/site-packages/airflow/example_dags/example_latest_only.py
[2022-02-25 00:57:10,480] {logging_mixin.py:109} INFO - [2022-02-25 00:57:10,480] {dag.py:2396} INFO - Sync 1 DAGs
[2022-02-25 00:57:10,498] {logging_mixin.py:109} INFO - [2022-02-25 00:57:10,498] {dag.py:2935} INFO - Setting next_dagrun for latest_only to 2022-02-24T20:57:10.498347+00:00
[2022-02-25 00:57:10,509] {processor.py:171} INFO - Processing /home/airflow/.local/lib/python3.7/site-packages/airflow/example_dags/example_latest_only.py took 0.069 seconds
