[2022-02-25 00:00:28,123] {processor.py:163} INFO - Started process (PID=15951) to work on /home/airflow/.local/lib/python3.7/site-packages/airflow/example_dags/example_trigger_controller_dag.py
[2022-02-25 00:00:28,124] {processor.py:642} INFO - Processing file /home/airflow/.local/lib/python3.7/site-packages/airflow/example_dags/example_trigger_controller_dag.py for tasks to queue
[2022-02-25 00:00:28,125] {logging_mixin.py:109} INFO - [2022-02-25 00:00:28,125] {dagbag.py:500} INFO - Filling up the DagBag from /home/airflow/.local/lib/python3.7/site-packages/airflow/example_dags/example_trigger_controller_dag.py
[2022-02-25 00:00:28,152] {processor.py:654} INFO - DAG(s) dict_keys(['example_trigger_controller_dag']) retrieved from /home/airflow/.local/lib/python3.7/site-packages/airflow/example_dags/example_trigger_controller_dag.py
[2022-02-25 00:00:28,162] {logging_mixin.py:109} INFO - [2022-02-25 00:00:28,161] {dag.py:2396} INFO - Sync 1 DAGs
[2022-02-25 00:00:28,177] {logging_mixin.py:109} INFO - [2022-02-25 00:00:28,176] {dag.py:2935} INFO - Setting next_dagrun for example_trigger_controller_dag to 2021-01-01T00:00:00+00:00
[2022-02-25 00:00:28,184] {processor.py:171} INFO - Processing /home/airflow/.local/lib/python3.7/site-packages/airflow/example_dags/example_trigger_controller_dag.py took 0.065 seconds
[2022-02-25 00:00:58,672] {processor.py:163} INFO - Started process (PID=16011) to work on /home/airflow/.local/lib/python3.7/site-packages/airflow/example_dags/example_trigger_controller_dag.py
[2022-02-25 00:00:58,674] {processor.py:642} INFO - Processing file /home/airflow/.local/lib/python3.7/site-packages/airflow/example_dags/example_trigger_controller_dag.py for tasks to queue
[2022-02-25 00:00:58,675] {logging_mixin.py:109} INFO - [2022-02-25 00:00:58,675] {dagbag.py:500} INFO - Filling up the DagBag from /home/airflow/.local/lib/python3.7/site-packages/airflow/example_dags/example_trigger_controller_dag.py
[2022-02-25 00:00:58,700] {processor.py:654} INFO - DAG(s) dict_keys(['example_trigger_controller_dag']) retrieved from /home/airflow/.local/lib/python3.7/site-packages/airflow/example_dags/example_trigger_controller_dag.py
[2022-02-25 00:00:58,710] {logging_mixin.py:109} INFO - [2022-02-25 00:00:58,709] {dag.py:2396} INFO - Sync 1 DAGs
[2022-02-25 00:00:58,726] {logging_mixin.py:109} INFO - [2022-02-25 00:00:58,725] {dag.py:2935} INFO - Setting next_dagrun for example_trigger_controller_dag to 2021-01-01T00:00:00+00:00
[2022-02-25 00:00:58,735] {processor.py:171} INFO - Processing /home/airflow/.local/lib/python3.7/site-packages/airflow/example_dags/example_trigger_controller_dag.py took 0.067 seconds
[2022-02-25 00:01:29,098] {processor.py:163} INFO - Started process (PID=16063) to work on /home/airflow/.local/lib/python3.7/site-packages/airflow/example_dags/example_trigger_controller_dag.py
[2022-02-25 00:01:29,100] {processor.py:642} INFO - Processing file /home/airflow/.local/lib/python3.7/site-packages/airflow/example_dags/example_trigger_controller_dag.py for tasks to queue
[2022-02-25 00:01:29,101] {logging_mixin.py:109} INFO - [2022-02-25 00:01:29,101] {dagbag.py:500} INFO - Filling up the DagBag from /home/airflow/.local/lib/python3.7/site-packages/airflow/example_dags/example_trigger_controller_dag.py
[2022-02-25 00:01:29,128] {processor.py:654} INFO - DAG(s) dict_keys(['example_trigger_controller_dag']) retrieved from /home/airflow/.local/lib/python3.7/site-packages/airflow/example_dags/example_trigger_controller_dag.py
[2022-02-25 00:01:29,137] {logging_mixin.py:109} INFO - [2022-02-25 00:01:29,137] {dag.py:2396} INFO - Sync 1 DAGs
[2022-02-25 00:01:29,152] {logging_mixin.py:109} INFO - [2022-02-25 00:01:29,152] {dag.py:2935} INFO - Setting next_dagrun for example_trigger_controller_dag to 2021-01-01T00:00:00+00:00
[2022-02-25 00:01:29,160] {processor.py:171} INFO - Processing /home/airflow/.local/lib/python3.7/site-packages/airflow/example_dags/example_trigger_controller_dag.py took 0.066 seconds
[2022-02-25 00:01:59,453] {processor.py:163} INFO - Started process (PID=16123) to work on /home/airflow/.local/lib/python3.7/site-packages/airflow/example_dags/example_trigger_controller_dag.py
[2022-02-25 00:01:59,455] {processor.py:642} INFO - Processing file /home/airflow/.local/lib/python3.7/site-packages/airflow/example_dags/example_trigger_controller_dag.py for tasks to queue
[2022-02-25 00:01:59,457] {logging_mixin.py:109} INFO - [2022-02-25 00:01:59,456] {dagbag.py:500} INFO - Filling up the DagBag from /home/airflow/.local/lib/python3.7/site-packages/airflow/example_dags/example_trigger_controller_dag.py
[2022-02-25 00:01:59,484] {processor.py:654} INFO - DAG(s) dict_keys(['example_trigger_controller_dag']) retrieved from /home/airflow/.local/lib/python3.7/site-packages/airflow/example_dags/example_trigger_controller_dag.py
[2022-02-25 00:01:59,493] {logging_mixin.py:109} INFO - [2022-02-25 00:01:59,493] {dag.py:2396} INFO - Sync 1 DAGs
[2022-02-25 00:01:59,509] {logging_mixin.py:109} INFO - [2022-02-25 00:01:59,509] {dag.py:2935} INFO - Setting next_dagrun for example_trigger_controller_dag to 2021-01-01T00:00:00+00:00
[2022-02-25 00:01:59,518] {processor.py:171} INFO - Processing /home/airflow/.local/lib/python3.7/site-packages/airflow/example_dags/example_trigger_controller_dag.py took 0.069 seconds
[2022-02-25 00:02:29,927] {processor.py:163} INFO - Started process (PID=16175) to work on /home/airflow/.local/lib/python3.7/site-packages/airflow/example_dags/example_trigger_controller_dag.py
[2022-02-25 00:02:29,929] {processor.py:642} INFO - Processing file /home/airflow/.local/lib/python3.7/site-packages/airflow/example_dags/example_trigger_controller_dag.py for tasks to queue
[2022-02-25 00:02:29,930] {logging_mixin.py:109} INFO - [2022-02-25 00:02:29,930] {dagbag.py:500} INFO - Filling up the DagBag from /home/airflow/.local/lib/python3.7/site-packages/airflow/example_dags/example_trigger_controller_dag.py
[2022-02-25 00:02:29,956] {processor.py:654} INFO - DAG(s) dict_keys(['example_trigger_controller_dag']) retrieved from /home/airflow/.local/lib/python3.7/site-packages/airflow/example_dags/example_trigger_controller_dag.py
[2022-02-25 00:02:29,966] {logging_mixin.py:109} INFO - [2022-02-25 00:02:29,966] {dag.py:2396} INFO - Sync 1 DAGs
[2022-02-25 00:02:29,981] {logging_mixin.py:109} INFO - [2022-02-25 00:02:29,981] {dag.py:2935} INFO - Setting next_dagrun for example_trigger_controller_dag to 2021-01-01T00:00:00+00:00
[2022-02-25 00:02:29,988] {processor.py:171} INFO - Processing /home/airflow/.local/lib/python3.7/site-packages/airflow/example_dags/example_trigger_controller_dag.py took 0.065 seconds
[2022-02-25 00:03:00,259] {processor.py:163} INFO - Started process (PID=16236) to work on /home/airflow/.local/lib/python3.7/site-packages/airflow/example_dags/example_trigger_controller_dag.py
[2022-02-25 00:03:00,261] {processor.py:642} INFO - Processing file /home/airflow/.local/lib/python3.7/site-packages/airflow/example_dags/example_trigger_controller_dag.py for tasks to queue
[2022-02-25 00:03:00,262] {logging_mixin.py:109} INFO - [2022-02-25 00:03:00,262] {dagbag.py:500} INFO - Filling up the DagBag from /home/airflow/.local/lib/python3.7/site-packages/airflow/example_dags/example_trigger_controller_dag.py
[2022-02-25 00:03:00,285] {processor.py:654} INFO - DAG(s) dict_keys(['example_trigger_controller_dag']) retrieved from /home/airflow/.local/lib/python3.7/site-packages/airflow/example_dags/example_trigger_controller_dag.py
[2022-02-25 00:03:00,293] {logging_mixin.py:109} INFO - [2022-02-25 00:03:00,293] {dag.py:2396} INFO - Sync 1 DAGs
[2022-02-25 00:03:00,307] {logging_mixin.py:109} INFO - [2022-02-25 00:03:00,307] {dag.py:2935} INFO - Setting next_dagrun for example_trigger_controller_dag to 2021-01-01T00:00:00+00:00
[2022-02-25 00:03:00,316] {processor.py:171} INFO - Processing /home/airflow/.local/lib/python3.7/site-packages/airflow/example_dags/example_trigger_controller_dag.py took 0.060 seconds
[2022-02-25 00:03:30,888] {processor.py:163} INFO - Started process (PID=16287) to work on /home/airflow/.local/lib/python3.7/site-packages/airflow/example_dags/example_trigger_controller_dag.py
[2022-02-25 00:03:30,891] {processor.py:642} INFO - Processing file /home/airflow/.local/lib/python3.7/site-packages/airflow/example_dags/example_trigger_controller_dag.py for tasks to queue
[2022-02-25 00:03:30,892] {logging_mixin.py:109} INFO - [2022-02-25 00:03:30,892] {dagbag.py:500} INFO - Filling up the DagBag from /home/airflow/.local/lib/python3.7/site-packages/airflow/example_dags/example_trigger_controller_dag.py
[2022-02-25 00:03:30,920] {processor.py:654} INFO - DAG(s) dict_keys(['example_trigger_controller_dag']) retrieved from /home/airflow/.local/lib/python3.7/site-packages/airflow/example_dags/example_trigger_controller_dag.py
[2022-02-25 00:03:30,930] {logging_mixin.py:109} INFO - [2022-02-25 00:03:30,930] {dag.py:2396} INFO - Sync 1 DAGs
[2022-02-25 00:03:30,945] {logging_mixin.py:109} INFO - [2022-02-25 00:03:30,945] {dag.py:2935} INFO - Setting next_dagrun for example_trigger_controller_dag to 2021-01-01T00:00:00+00:00
[2022-02-25 00:03:30,953] {processor.py:171} INFO - Processing /home/airflow/.local/lib/python3.7/site-packages/airflow/example_dags/example_trigger_controller_dag.py took 0.068 seconds
[2022-02-25 00:04:01,022] {processor.py:163} INFO - Started process (PID=16348) to work on /home/airflow/.local/lib/python3.7/site-packages/airflow/example_dags/example_trigger_controller_dag.py
[2022-02-25 00:04:01,024] {processor.py:642} INFO - Processing file /home/airflow/.local/lib/python3.7/site-packages/airflow/example_dags/example_trigger_controller_dag.py for tasks to queue
[2022-02-25 00:04:01,025] {logging_mixin.py:109} INFO - [2022-02-25 00:04:01,025] {dagbag.py:500} INFO - Filling up the DagBag from /home/airflow/.local/lib/python3.7/site-packages/airflow/example_dags/example_trigger_controller_dag.py
[2022-02-25 00:04:01,051] {processor.py:654} INFO - DAG(s) dict_keys(['example_trigger_controller_dag']) retrieved from /home/airflow/.local/lib/python3.7/site-packages/airflow/example_dags/example_trigger_controller_dag.py
[2022-02-25 00:04:01,061] {logging_mixin.py:109} INFO - [2022-02-25 00:04:01,061] {dag.py:2396} INFO - Sync 1 DAGs
[2022-02-25 00:04:01,074] {logging_mixin.py:109} INFO - [2022-02-25 00:04:01,074] {dag.py:2935} INFO - Setting next_dagrun for example_trigger_controller_dag to 2021-01-01T00:00:00+00:00
[2022-02-25 00:04:01,083] {processor.py:171} INFO - Processing /home/airflow/.local/lib/python3.7/site-packages/airflow/example_dags/example_trigger_controller_dag.py took 0.064 seconds
[2022-02-25 00:04:31,484] {processor.py:163} INFO - Started process (PID=16399) to work on /home/airflow/.local/lib/python3.7/site-packages/airflow/example_dags/example_trigger_controller_dag.py
[2022-02-25 00:04:31,485] {processor.py:642} INFO - Processing file /home/airflow/.local/lib/python3.7/site-packages/airflow/example_dags/example_trigger_controller_dag.py for tasks to queue
[2022-02-25 00:04:31,486] {logging_mixin.py:109} INFO - [2022-02-25 00:04:31,486] {dagbag.py:500} INFO - Filling up the DagBag from /home/airflow/.local/lib/python3.7/site-packages/airflow/example_dags/example_trigger_controller_dag.py
[2022-02-25 00:04:31,514] {processor.py:654} INFO - DAG(s) dict_keys(['example_trigger_controller_dag']) retrieved from /home/airflow/.local/lib/python3.7/site-packages/airflow/example_dags/example_trigger_controller_dag.py
[2022-02-25 00:04:31,524] {logging_mixin.py:109} INFO - [2022-02-25 00:04:31,524] {dag.py:2396} INFO - Sync 1 DAGs
[2022-02-25 00:04:31,540] {logging_mixin.py:109} INFO - [2022-02-25 00:04:31,540] {dag.py:2935} INFO - Setting next_dagrun for example_trigger_controller_dag to 2021-01-01T00:00:00+00:00
[2022-02-25 00:04:31,550] {processor.py:171} INFO - Processing /home/airflow/.local/lib/python3.7/site-packages/airflow/example_dags/example_trigger_controller_dag.py took 0.070 seconds
[2022-02-25 00:05:01,786] {processor.py:163} INFO - Started process (PID=16460) to work on /home/airflow/.local/lib/python3.7/site-packages/airflow/example_dags/example_trigger_controller_dag.py
[2022-02-25 00:05:01,788] {processor.py:642} INFO - Processing file /home/airflow/.local/lib/python3.7/site-packages/airflow/example_dags/example_trigger_controller_dag.py for tasks to queue
[2022-02-25 00:05:01,789] {logging_mixin.py:109} INFO - [2022-02-25 00:05:01,789] {dagbag.py:500} INFO - Filling up the DagBag from /home/airflow/.local/lib/python3.7/site-packages/airflow/example_dags/example_trigger_controller_dag.py
[2022-02-25 00:05:01,814] {processor.py:654} INFO - DAG(s) dict_keys(['example_trigger_controller_dag']) retrieved from /home/airflow/.local/lib/python3.7/site-packages/airflow/example_dags/example_trigger_controller_dag.py
[2022-02-25 00:05:01,824] {logging_mixin.py:109} INFO - [2022-02-25 00:05:01,824] {dag.py:2396} INFO - Sync 1 DAGs
[2022-02-25 00:05:01,840] {logging_mixin.py:109} INFO - [2022-02-25 00:05:01,840] {dag.py:2935} INFO - Setting next_dagrun for example_trigger_controller_dag to 2021-01-01T00:00:00+00:00
[2022-02-25 00:05:01,848] {processor.py:171} INFO - Processing /home/airflow/.local/lib/python3.7/site-packages/airflow/example_dags/example_trigger_controller_dag.py took 0.066 seconds
[2022-02-25 00:05:32,042] {processor.py:163} INFO - Started process (PID=16513) to work on /home/airflow/.local/lib/python3.7/site-packages/airflow/example_dags/example_trigger_controller_dag.py
[2022-02-25 00:05:32,044] {processor.py:642} INFO - Processing file /home/airflow/.local/lib/python3.7/site-packages/airflow/example_dags/example_trigger_controller_dag.py for tasks to queue
[2022-02-25 00:05:32,045] {logging_mixin.py:109} INFO - [2022-02-25 00:05:32,045] {dagbag.py:500} INFO - Filling up the DagBag from /home/airflow/.local/lib/python3.7/site-packages/airflow/example_dags/example_trigger_controller_dag.py
[2022-02-25 00:05:32,071] {processor.py:654} INFO - DAG(s) dict_keys(['example_trigger_controller_dag']) retrieved from /home/airflow/.local/lib/python3.7/site-packages/airflow/example_dags/example_trigger_controller_dag.py
[2022-02-25 00:05:32,081] {logging_mixin.py:109} INFO - [2022-02-25 00:05:32,081] {dag.py:2396} INFO - Sync 1 DAGs
[2022-02-25 00:05:32,096] {logging_mixin.py:109} INFO - [2022-02-25 00:05:32,096] {dag.py:2935} INFO - Setting next_dagrun for example_trigger_controller_dag to 2021-01-01T00:00:00+00:00
[2022-02-25 00:05:32,106] {processor.py:171} INFO - Processing /home/airflow/.local/lib/python3.7/site-packages/airflow/example_dags/example_trigger_controller_dag.py took 0.067 seconds
[2022-02-25 00:06:02,177] {processor.py:163} INFO - Started process (PID=16564) to work on /home/airflow/.local/lib/python3.7/site-packages/airflow/example_dags/example_trigger_controller_dag.py
[2022-02-25 00:06:02,179] {processor.py:642} INFO - Processing file /home/airflow/.local/lib/python3.7/site-packages/airflow/example_dags/example_trigger_controller_dag.py for tasks to queue
[2022-02-25 00:06:02,182] {logging_mixin.py:109} INFO - [2022-02-25 00:06:02,181] {dagbag.py:500} INFO - Filling up the DagBag from /home/airflow/.local/lib/python3.7/site-packages/airflow/example_dags/example_trigger_controller_dag.py
[2022-02-25 00:06:02,213] {processor.py:654} INFO - DAG(s) dict_keys(['example_trigger_controller_dag']) retrieved from /home/airflow/.local/lib/python3.7/site-packages/airflow/example_dags/example_trigger_controller_dag.py
[2022-02-25 00:06:02,223] {logging_mixin.py:109} INFO - [2022-02-25 00:06:02,223] {dag.py:2396} INFO - Sync 1 DAGs
[2022-02-25 00:06:02,241] {logging_mixin.py:109} INFO - [2022-02-25 00:06:02,241] {dag.py:2935} INFO - Setting next_dagrun for example_trigger_controller_dag to 2021-01-01T00:00:00+00:00
[2022-02-25 00:06:02,251] {processor.py:171} INFO - Processing /home/airflow/.local/lib/python3.7/site-packages/airflow/example_dags/example_trigger_controller_dag.py took 0.078 seconds
[2022-02-25 00:06:32,610] {processor.py:163} INFO - Started process (PID=16626) to work on /home/airflow/.local/lib/python3.7/site-packages/airflow/example_dags/example_trigger_controller_dag.py
[2022-02-25 00:06:32,612] {processor.py:642} INFO - Processing file /home/airflow/.local/lib/python3.7/site-packages/airflow/example_dags/example_trigger_controller_dag.py for tasks to queue
[2022-02-25 00:06:32,614] {logging_mixin.py:109} INFO - [2022-02-25 00:06:32,614] {dagbag.py:500} INFO - Filling up the DagBag from /home/airflow/.local/lib/python3.7/site-packages/airflow/example_dags/example_trigger_controller_dag.py
[2022-02-25 00:06:32,640] {processor.py:654} INFO - DAG(s) dict_keys(['example_trigger_controller_dag']) retrieved from /home/airflow/.local/lib/python3.7/site-packages/airflow/example_dags/example_trigger_controller_dag.py
[2022-02-25 00:06:32,649] {logging_mixin.py:109} INFO - [2022-02-25 00:06:32,649] {dag.py:2396} INFO - Sync 1 DAGs
[2022-02-25 00:06:32,664] {logging_mixin.py:109} INFO - [2022-02-25 00:06:32,664] {dag.py:2935} INFO - Setting next_dagrun for example_trigger_controller_dag to 2021-01-01T00:00:00+00:00
[2022-02-25 00:06:32,673] {processor.py:171} INFO - Processing /home/airflow/.local/lib/python3.7/site-packages/airflow/example_dags/example_trigger_controller_dag.py took 0.066 seconds
[2022-02-25 00:07:02,891] {processor.py:163} INFO - Started process (PID=16679) to work on /home/airflow/.local/lib/python3.7/site-packages/airflow/example_dags/example_trigger_controller_dag.py
[2022-02-25 00:07:02,893] {processor.py:642} INFO - Processing file /home/airflow/.local/lib/python3.7/site-packages/airflow/example_dags/example_trigger_controller_dag.py for tasks to queue
[2022-02-25 00:07:02,894] {logging_mixin.py:109} INFO - [2022-02-25 00:07:02,893] {dagbag.py:500} INFO - Filling up the DagBag from /home/airflow/.local/lib/python3.7/site-packages/airflow/example_dags/example_trigger_controller_dag.py
[2022-02-25 00:07:02,920] {processor.py:654} INFO - DAG(s) dict_keys(['example_trigger_controller_dag']) retrieved from /home/airflow/.local/lib/python3.7/site-packages/airflow/example_dags/example_trigger_controller_dag.py
[2022-02-25 00:07:02,930] {logging_mixin.py:109} INFO - [2022-02-25 00:07:02,929] {dag.py:2396} INFO - Sync 1 DAGs
[2022-02-25 00:07:02,944] {logging_mixin.py:109} INFO - [2022-02-25 00:07:02,944] {dag.py:2935} INFO - Setting next_dagrun for example_trigger_controller_dag to 2021-01-01T00:00:00+00:00
[2022-02-25 00:07:02,952] {processor.py:171} INFO - Processing /home/airflow/.local/lib/python3.7/site-packages/airflow/example_dags/example_trigger_controller_dag.py took 0.065 seconds
[2022-02-25 00:07:33,258] {processor.py:163} INFO - Started process (PID=16739) to work on /home/airflow/.local/lib/python3.7/site-packages/airflow/example_dags/example_trigger_controller_dag.py
[2022-02-25 00:07:33,260] {processor.py:642} INFO - Processing file /home/airflow/.local/lib/python3.7/site-packages/airflow/example_dags/example_trigger_controller_dag.py for tasks to queue
[2022-02-25 00:07:33,261] {logging_mixin.py:109} INFO - [2022-02-25 00:07:33,261] {dagbag.py:500} INFO - Filling up the DagBag from /home/airflow/.local/lib/python3.7/site-packages/airflow/example_dags/example_trigger_controller_dag.py
[2022-02-25 00:07:33,287] {processor.py:654} INFO - DAG(s) dict_keys(['example_trigger_controller_dag']) retrieved from /home/airflow/.local/lib/python3.7/site-packages/airflow/example_dags/example_trigger_controller_dag.py
[2022-02-25 00:07:33,296] {logging_mixin.py:109} INFO - [2022-02-25 00:07:33,296] {dag.py:2396} INFO - Sync 1 DAGs
[2022-02-25 00:07:33,312] {logging_mixin.py:109} INFO - [2022-02-25 00:07:33,312] {dag.py:2935} INFO - Setting next_dagrun for example_trigger_controller_dag to 2021-01-01T00:00:00+00:00
[2022-02-25 00:07:33,320] {processor.py:171} INFO - Processing /home/airflow/.local/lib/python3.7/site-packages/airflow/example_dags/example_trigger_controller_dag.py took 0.066 seconds
[2022-02-25 00:08:03,393] {processor.py:163} INFO - Started process (PID=16791) to work on /home/airflow/.local/lib/python3.7/site-packages/airflow/example_dags/example_trigger_controller_dag.py
[2022-02-25 00:08:03,395] {processor.py:642} INFO - Processing file /home/airflow/.local/lib/python3.7/site-packages/airflow/example_dags/example_trigger_controller_dag.py for tasks to queue
[2022-02-25 00:08:03,396] {logging_mixin.py:109} INFO - [2022-02-25 00:08:03,396] {dagbag.py:500} INFO - Filling up the DagBag from /home/airflow/.local/lib/python3.7/site-packages/airflow/example_dags/example_trigger_controller_dag.py
[2022-02-25 00:08:03,427] {processor.py:654} INFO - DAG(s) dict_keys(['example_trigger_controller_dag']) retrieved from /home/airflow/.local/lib/python3.7/site-packages/airflow/example_dags/example_trigger_controller_dag.py
[2022-02-25 00:08:03,439] {logging_mixin.py:109} INFO - [2022-02-25 00:08:03,439] {dag.py:2396} INFO - Sync 1 DAGs
[2022-02-25 00:08:03,458] {logging_mixin.py:109} INFO - [2022-02-25 00:08:03,458] {dag.py:2935} INFO - Setting next_dagrun for example_trigger_controller_dag to 2021-01-01T00:00:00+00:00
[2022-02-25 00:08:03,469] {processor.py:171} INFO - Processing /home/airflow/.local/lib/python3.7/site-packages/airflow/example_dags/example_trigger_controller_dag.py took 0.081 seconds
[2022-02-25 00:08:33,530] {processor.py:163} INFO - Started process (PID=16852) to work on /home/airflow/.local/lib/python3.7/site-packages/airflow/example_dags/example_trigger_controller_dag.py
[2022-02-25 00:08:33,532] {processor.py:642} INFO - Processing file /home/airflow/.local/lib/python3.7/site-packages/airflow/example_dags/example_trigger_controller_dag.py for tasks to queue
[2022-02-25 00:08:33,533] {logging_mixin.py:109} INFO - [2022-02-25 00:08:33,533] {dagbag.py:500} INFO - Filling up the DagBag from /home/airflow/.local/lib/python3.7/site-packages/airflow/example_dags/example_trigger_controller_dag.py
[2022-02-25 00:08:33,560] {processor.py:654} INFO - DAG(s) dict_keys(['example_trigger_controller_dag']) retrieved from /home/airflow/.local/lib/python3.7/site-packages/airflow/example_dags/example_trigger_controller_dag.py
[2022-02-25 00:08:33,570] {logging_mixin.py:109} INFO - [2022-02-25 00:08:33,570] {dag.py:2396} INFO - Sync 1 DAGs
[2022-02-25 00:08:33,586] {logging_mixin.py:109} INFO - [2022-02-25 00:08:33,586] {dag.py:2935} INFO - Setting next_dagrun for example_trigger_controller_dag to 2021-01-01T00:00:00+00:00
[2022-02-25 00:08:33,595] {processor.py:171} INFO - Processing /home/airflow/.local/lib/python3.7/site-packages/airflow/example_dags/example_trigger_controller_dag.py took 0.069 seconds
[2022-02-25 00:09:04,515] {processor.py:163} INFO - Started process (PID=16903) to work on /home/airflow/.local/lib/python3.7/site-packages/airflow/example_dags/example_trigger_controller_dag.py
[2022-02-25 00:09:04,517] {processor.py:642} INFO - Processing file /home/airflow/.local/lib/python3.7/site-packages/airflow/example_dags/example_trigger_controller_dag.py for tasks to queue
[2022-02-25 00:09:04,518] {logging_mixin.py:109} INFO - [2022-02-25 00:09:04,518] {dagbag.py:500} INFO - Filling up the DagBag from /home/airflow/.local/lib/python3.7/site-packages/airflow/example_dags/example_trigger_controller_dag.py
[2022-02-25 00:09:04,545] {processor.py:654} INFO - DAG(s) dict_keys(['example_trigger_controller_dag']) retrieved from /home/airflow/.local/lib/python3.7/site-packages/airflow/example_dags/example_trigger_controller_dag.py
[2022-02-25 00:09:04,559] {logging_mixin.py:109} INFO - [2022-02-25 00:09:04,559] {dag.py:2396} INFO - Sync 1 DAGs
[2022-02-25 00:09:04,578] {logging_mixin.py:109} INFO - [2022-02-25 00:09:04,578] {dag.py:2935} INFO - Setting next_dagrun for example_trigger_controller_dag to 2021-01-01T00:00:00+00:00
[2022-02-25 00:09:04,589] {processor.py:171} INFO - Processing /home/airflow/.local/lib/python3.7/site-packages/airflow/example_dags/example_trigger_controller_dag.py took 0.077 seconds
[2022-02-25 00:09:34,844] {processor.py:163} INFO - Started process (PID=16965) to work on /home/airflow/.local/lib/python3.7/site-packages/airflow/example_dags/example_trigger_controller_dag.py
[2022-02-25 00:09:34,846] {processor.py:642} INFO - Processing file /home/airflow/.local/lib/python3.7/site-packages/airflow/example_dags/example_trigger_controller_dag.py for tasks to queue
[2022-02-25 00:09:34,847] {logging_mixin.py:109} INFO - [2022-02-25 00:09:34,847] {dagbag.py:500} INFO - Filling up the DagBag from /home/airflow/.local/lib/python3.7/site-packages/airflow/example_dags/example_trigger_controller_dag.py
[2022-02-25 00:09:34,875] {processor.py:654} INFO - DAG(s) dict_keys(['example_trigger_controller_dag']) retrieved from /home/airflow/.local/lib/python3.7/site-packages/airflow/example_dags/example_trigger_controller_dag.py
[2022-02-25 00:09:34,885] {logging_mixin.py:109} INFO - [2022-02-25 00:09:34,885] {dag.py:2396} INFO - Sync 1 DAGs
[2022-02-25 00:09:34,901] {logging_mixin.py:109} INFO - [2022-02-25 00:09:34,901] {dag.py:2935} INFO - Setting next_dagrun for example_trigger_controller_dag to 2021-01-01T00:00:00+00:00
[2022-02-25 00:09:34,909] {processor.py:171} INFO - Processing /home/airflow/.local/lib/python3.7/site-packages/airflow/example_dags/example_trigger_controller_dag.py took 0.069 seconds
[2022-02-25 00:10:05,137] {processor.py:163} INFO - Started process (PID=17020) to work on /home/airflow/.local/lib/python3.7/site-packages/airflow/example_dags/example_trigger_controller_dag.py
[2022-02-25 00:10:05,139] {processor.py:642} INFO - Processing file /home/airflow/.local/lib/python3.7/site-packages/airflow/example_dags/example_trigger_controller_dag.py for tasks to queue
[2022-02-25 00:10:05,140] {logging_mixin.py:109} INFO - [2022-02-25 00:10:05,140] {dagbag.py:500} INFO - Filling up the DagBag from /home/airflow/.local/lib/python3.7/site-packages/airflow/example_dags/example_trigger_controller_dag.py
[2022-02-25 00:10:05,170] {processor.py:654} INFO - DAG(s) dict_keys(['example_trigger_controller_dag']) retrieved from /home/airflow/.local/lib/python3.7/site-packages/airflow/example_dags/example_trigger_controller_dag.py
[2022-02-25 00:10:05,180] {logging_mixin.py:109} INFO - [2022-02-25 00:10:05,180] {dag.py:2396} INFO - Sync 1 DAGs
[2022-02-25 00:10:05,194] {logging_mixin.py:109} INFO - [2022-02-25 00:10:05,194] {dag.py:2935} INFO - Setting next_dagrun for example_trigger_controller_dag to 2021-01-01T00:00:00+00:00
[2022-02-25 00:10:05,202] {processor.py:171} INFO - Processing /home/airflow/.local/lib/python3.7/site-packages/airflow/example_dags/example_trigger_controller_dag.py took 0.068 seconds
[2022-02-25 00:10:35,472] {processor.py:163} INFO - Started process (PID=17082) to work on /home/airflow/.local/lib/python3.7/site-packages/airflow/example_dags/example_trigger_controller_dag.py
[2022-02-25 00:10:35,474] {processor.py:642} INFO - Processing file /home/airflow/.local/lib/python3.7/site-packages/airflow/example_dags/example_trigger_controller_dag.py for tasks to queue
[2022-02-25 00:10:35,475] {logging_mixin.py:109} INFO - [2022-02-25 00:10:35,475] {dagbag.py:500} INFO - Filling up the DagBag from /home/airflow/.local/lib/python3.7/site-packages/airflow/example_dags/example_trigger_controller_dag.py
[2022-02-25 00:10:35,501] {processor.py:654} INFO - DAG(s) dict_keys(['example_trigger_controller_dag']) retrieved from /home/airflow/.local/lib/python3.7/site-packages/airflow/example_dags/example_trigger_controller_dag.py
[2022-02-25 00:10:35,511] {logging_mixin.py:109} INFO - [2022-02-25 00:10:35,511] {dag.py:2396} INFO - Sync 1 DAGs
[2022-02-25 00:10:35,527] {logging_mixin.py:109} INFO - [2022-02-25 00:10:35,527] {dag.py:2935} INFO - Setting next_dagrun for example_trigger_controller_dag to 2021-01-01T00:00:00+00:00
[2022-02-25 00:10:35,536] {processor.py:171} INFO - Processing /home/airflow/.local/lib/python3.7/site-packages/airflow/example_dags/example_trigger_controller_dag.py took 0.071 seconds
[2022-02-25 00:11:05,875] {processor.py:163} INFO - Started process (PID=17134) to work on /home/airflow/.local/lib/python3.7/site-packages/airflow/example_dags/example_trigger_controller_dag.py
[2022-02-25 00:11:05,877] {processor.py:642} INFO - Processing file /home/airflow/.local/lib/python3.7/site-packages/airflow/example_dags/example_trigger_controller_dag.py for tasks to queue
[2022-02-25 00:11:05,878] {logging_mixin.py:109} INFO - [2022-02-25 00:11:05,878] {dagbag.py:500} INFO - Filling up the DagBag from /home/airflow/.local/lib/python3.7/site-packages/airflow/example_dags/example_trigger_controller_dag.py
[2022-02-25 00:11:05,907] {processor.py:654} INFO - DAG(s) dict_keys(['example_trigger_controller_dag']) retrieved from /home/airflow/.local/lib/python3.7/site-packages/airflow/example_dags/example_trigger_controller_dag.py
[2022-02-25 00:11:05,921] {logging_mixin.py:109} INFO - [2022-02-25 00:11:05,921] {dag.py:2396} INFO - Sync 1 DAGs
[2022-02-25 00:11:05,939] {logging_mixin.py:109} INFO - [2022-02-25 00:11:05,939] {dag.py:2935} INFO - Setting next_dagrun for example_trigger_controller_dag to 2021-01-01T00:00:00+00:00
[2022-02-25 00:11:05,948] {processor.py:171} INFO - Processing /home/airflow/.local/lib/python3.7/site-packages/airflow/example_dags/example_trigger_controller_dag.py took 0.078 seconds
[2022-02-25 00:11:36,160] {processor.py:163} INFO - Started process (PID=17194) to work on /home/airflow/.local/lib/python3.7/site-packages/airflow/example_dags/example_trigger_controller_dag.py
[2022-02-25 00:11:36,162] {processor.py:642} INFO - Processing file /home/airflow/.local/lib/python3.7/site-packages/airflow/example_dags/example_trigger_controller_dag.py for tasks to queue
[2022-02-25 00:11:36,163] {logging_mixin.py:109} INFO - [2022-02-25 00:11:36,163] {dagbag.py:500} INFO - Filling up the DagBag from /home/airflow/.local/lib/python3.7/site-packages/airflow/example_dags/example_trigger_controller_dag.py
[2022-02-25 00:11:36,189] {processor.py:654} INFO - DAG(s) dict_keys(['example_trigger_controller_dag']) retrieved from /home/airflow/.local/lib/python3.7/site-packages/airflow/example_dags/example_trigger_controller_dag.py
[2022-02-25 00:11:36,199] {logging_mixin.py:109} INFO - [2022-02-25 00:11:36,198] {dag.py:2396} INFO - Sync 1 DAGs
[2022-02-25 00:11:36,214] {logging_mixin.py:109} INFO - [2022-02-25 00:11:36,214] {dag.py:2935} INFO - Setting next_dagrun for example_trigger_controller_dag to 2021-01-01T00:00:00+00:00
[2022-02-25 00:11:36,223] {processor.py:171} INFO - Processing /home/airflow/.local/lib/python3.7/site-packages/airflow/example_dags/example_trigger_controller_dag.py took 0.066 seconds
[2022-02-25 00:12:06,520] {processor.py:163} INFO - Started process (PID=17246) to work on /home/airflow/.local/lib/python3.7/site-packages/airflow/example_dags/example_trigger_controller_dag.py
[2022-02-25 00:12:06,522] {processor.py:642} INFO - Processing file /home/airflow/.local/lib/python3.7/site-packages/airflow/example_dags/example_trigger_controller_dag.py for tasks to queue
[2022-02-25 00:12:06,523] {logging_mixin.py:109} INFO - [2022-02-25 00:12:06,523] {dagbag.py:500} INFO - Filling up the DagBag from /home/airflow/.local/lib/python3.7/site-packages/airflow/example_dags/example_trigger_controller_dag.py
[2022-02-25 00:12:06,549] {processor.py:654} INFO - DAG(s) dict_keys(['example_trigger_controller_dag']) retrieved from /home/airflow/.local/lib/python3.7/site-packages/airflow/example_dags/example_trigger_controller_dag.py
[2022-02-25 00:12:06,559] {logging_mixin.py:109} INFO - [2022-02-25 00:12:06,559] {dag.py:2396} INFO - Sync 1 DAGs
[2022-02-25 00:12:06,574] {logging_mixin.py:109} INFO - [2022-02-25 00:12:06,574] {dag.py:2935} INFO - Setting next_dagrun for example_trigger_controller_dag to 2021-01-01T00:00:00+00:00
[2022-02-25 00:12:06,583] {processor.py:171} INFO - Processing /home/airflow/.local/lib/python3.7/site-packages/airflow/example_dags/example_trigger_controller_dag.py took 0.067 seconds
[2022-02-25 00:12:36,847] {processor.py:163} INFO - Started process (PID=17309) to work on /home/airflow/.local/lib/python3.7/site-packages/airflow/example_dags/example_trigger_controller_dag.py
[2022-02-25 00:12:36,849] {processor.py:642} INFO - Processing file /home/airflow/.local/lib/python3.7/site-packages/airflow/example_dags/example_trigger_controller_dag.py for tasks to queue
[2022-02-25 00:12:36,851] {logging_mixin.py:109} INFO - [2022-02-25 00:12:36,850] {dagbag.py:500} INFO - Filling up the DagBag from /home/airflow/.local/lib/python3.7/site-packages/airflow/example_dags/example_trigger_controller_dag.py
[2022-02-25 00:12:36,878] {processor.py:654} INFO - DAG(s) dict_keys(['example_trigger_controller_dag']) retrieved from /home/airflow/.local/lib/python3.7/site-packages/airflow/example_dags/example_trigger_controller_dag.py
[2022-02-25 00:12:36,890] {logging_mixin.py:109} INFO - [2022-02-25 00:12:36,890] {dag.py:2396} INFO - Sync 1 DAGs
[2022-02-25 00:12:36,907] {logging_mixin.py:109} INFO - [2022-02-25 00:12:36,907] {dag.py:2935} INFO - Setting next_dagrun for example_trigger_controller_dag to 2021-01-01T00:00:00+00:00
[2022-02-25 00:12:36,916] {processor.py:171} INFO - Processing /home/airflow/.local/lib/python3.7/site-packages/airflow/example_dags/example_trigger_controller_dag.py took 0.074 seconds
[2022-02-25 00:13:07,332] {processor.py:163} INFO - Started process (PID=17361) to work on /home/airflow/.local/lib/python3.7/site-packages/airflow/example_dags/example_trigger_controller_dag.py
[2022-02-25 00:13:07,334] {processor.py:642} INFO - Processing file /home/airflow/.local/lib/python3.7/site-packages/airflow/example_dags/example_trigger_controller_dag.py for tasks to queue
[2022-02-25 00:13:07,336] {logging_mixin.py:109} INFO - [2022-02-25 00:13:07,336] {dagbag.py:500} INFO - Filling up the DagBag from /home/airflow/.local/lib/python3.7/site-packages/airflow/example_dags/example_trigger_controller_dag.py
[2022-02-25 00:13:07,363] {processor.py:654} INFO - DAG(s) dict_keys(['example_trigger_controller_dag']) retrieved from /home/airflow/.local/lib/python3.7/site-packages/airflow/example_dags/example_trigger_controller_dag.py
[2022-02-25 00:13:07,373] {logging_mixin.py:109} INFO - [2022-02-25 00:13:07,373] {dag.py:2396} INFO - Sync 1 DAGs
[2022-02-25 00:13:07,389] {logging_mixin.py:109} INFO - [2022-02-25 00:13:07,389] {dag.py:2935} INFO - Setting next_dagrun for example_trigger_controller_dag to 2021-01-01T00:00:00+00:00
[2022-02-25 00:13:07,399] {processor.py:171} INFO - Processing /home/airflow/.local/lib/python3.7/site-packages/airflow/example_dags/example_trigger_controller_dag.py took 0.071 seconds
[2022-02-25 00:13:37,626] {processor.py:163} INFO - Started process (PID=17421) to work on /home/airflow/.local/lib/python3.7/site-packages/airflow/example_dags/example_trigger_controller_dag.py
[2022-02-25 00:13:37,627] {processor.py:642} INFO - Processing file /home/airflow/.local/lib/python3.7/site-packages/airflow/example_dags/example_trigger_controller_dag.py for tasks to queue
[2022-02-25 00:13:37,629] {logging_mixin.py:109} INFO - [2022-02-25 00:13:37,628] {dagbag.py:500} INFO - Filling up the DagBag from /home/airflow/.local/lib/python3.7/site-packages/airflow/example_dags/example_trigger_controller_dag.py
[2022-02-25 00:13:37,654] {processor.py:654} INFO - DAG(s) dict_keys(['example_trigger_controller_dag']) retrieved from /home/airflow/.local/lib/python3.7/site-packages/airflow/example_dags/example_trigger_controller_dag.py
[2022-02-25 00:13:37,664] {logging_mixin.py:109} INFO - [2022-02-25 00:13:37,664] {dag.py:2396} INFO - Sync 1 DAGs
[2022-02-25 00:13:37,679] {logging_mixin.py:109} INFO - [2022-02-25 00:13:37,679] {dag.py:2935} INFO - Setting next_dagrun for example_trigger_controller_dag to 2021-01-01T00:00:00+00:00
[2022-02-25 00:13:37,689] {processor.py:171} INFO - Processing /home/airflow/.local/lib/python3.7/site-packages/airflow/example_dags/example_trigger_controller_dag.py took 0.066 seconds
[2022-02-25 00:14:07,905] {processor.py:163} INFO - Started process (PID=17472) to work on /home/airflow/.local/lib/python3.7/site-packages/airflow/example_dags/example_trigger_controller_dag.py
[2022-02-25 00:14:07,907] {processor.py:642} INFO - Processing file /home/airflow/.local/lib/python3.7/site-packages/airflow/example_dags/example_trigger_controller_dag.py for tasks to queue
[2022-02-25 00:14:07,908] {logging_mixin.py:109} INFO - [2022-02-25 00:14:07,908] {dagbag.py:500} INFO - Filling up the DagBag from /home/airflow/.local/lib/python3.7/site-packages/airflow/example_dags/example_trigger_controller_dag.py
[2022-02-25 00:14:07,935] {processor.py:654} INFO - DAG(s) dict_keys(['example_trigger_controller_dag']) retrieved from /home/airflow/.local/lib/python3.7/site-packages/airflow/example_dags/example_trigger_controller_dag.py
[2022-02-25 00:14:07,945] {logging_mixin.py:109} INFO - [2022-02-25 00:14:07,945] {dag.py:2396} INFO - Sync 1 DAGs
[2022-02-25 00:14:07,961] {logging_mixin.py:109} INFO - [2022-02-25 00:14:07,961] {dag.py:2935} INFO - Setting next_dagrun for example_trigger_controller_dag to 2021-01-01T00:00:00+00:00
[2022-02-25 00:14:07,970] {processor.py:171} INFO - Processing /home/airflow/.local/lib/python3.7/site-packages/airflow/example_dags/example_trigger_controller_dag.py took 0.068 seconds
[2022-02-25 00:14:38,405] {processor.py:163} INFO - Started process (PID=17532) to work on /home/airflow/.local/lib/python3.7/site-packages/airflow/example_dags/example_trigger_controller_dag.py
[2022-02-25 00:14:38,407] {processor.py:642} INFO - Processing file /home/airflow/.local/lib/python3.7/site-packages/airflow/example_dags/example_trigger_controller_dag.py for tasks to queue
[2022-02-25 00:14:38,408] {logging_mixin.py:109} INFO - [2022-02-25 00:14:38,408] {dagbag.py:500} INFO - Filling up the DagBag from /home/airflow/.local/lib/python3.7/site-packages/airflow/example_dags/example_trigger_controller_dag.py
[2022-02-25 00:14:38,433] {processor.py:654} INFO - DAG(s) dict_keys(['example_trigger_controller_dag']) retrieved from /home/airflow/.local/lib/python3.7/site-packages/airflow/example_dags/example_trigger_controller_dag.py
[2022-02-25 00:14:38,442] {logging_mixin.py:109} INFO - [2022-02-25 00:14:38,442] {dag.py:2396} INFO - Sync 1 DAGs
[2022-02-25 00:14:38,458] {logging_mixin.py:109} INFO - [2022-02-25 00:14:38,457] {dag.py:2935} INFO - Setting next_dagrun for example_trigger_controller_dag to 2021-01-01T00:00:00+00:00
[2022-02-25 00:14:38,466] {processor.py:171} INFO - Processing /home/airflow/.local/lib/python3.7/site-packages/airflow/example_dags/example_trigger_controller_dag.py took 0.064 seconds
[2022-02-25 00:15:08,672] {processor.py:163} INFO - Started process (PID=17584) to work on /home/airflow/.local/lib/python3.7/site-packages/airflow/example_dags/example_trigger_controller_dag.py
[2022-02-25 00:15:08,674] {processor.py:642} INFO - Processing file /home/airflow/.local/lib/python3.7/site-packages/airflow/example_dags/example_trigger_controller_dag.py for tasks to queue
[2022-02-25 00:15:08,675] {logging_mixin.py:109} INFO - [2022-02-25 00:15:08,675] {dagbag.py:500} INFO - Filling up the DagBag from /home/airflow/.local/lib/python3.7/site-packages/airflow/example_dags/example_trigger_controller_dag.py
[2022-02-25 00:15:08,702] {processor.py:654} INFO - DAG(s) dict_keys(['example_trigger_controller_dag']) retrieved from /home/airflow/.local/lib/python3.7/site-packages/airflow/example_dags/example_trigger_controller_dag.py
[2022-02-25 00:15:08,712] {logging_mixin.py:109} INFO - [2022-02-25 00:15:08,712] {dag.py:2396} INFO - Sync 1 DAGs
[2022-02-25 00:15:08,727] {logging_mixin.py:109} INFO - [2022-02-25 00:15:08,727] {dag.py:2935} INFO - Setting next_dagrun for example_trigger_controller_dag to 2021-01-01T00:00:00+00:00
[2022-02-25 00:15:08,736] {processor.py:171} INFO - Processing /home/airflow/.local/lib/python3.7/site-packages/airflow/example_dags/example_trigger_controller_dag.py took 0.067 seconds
[2022-02-25 00:15:39,134] {processor.py:163} INFO - Started process (PID=17645) to work on /home/airflow/.local/lib/python3.7/site-packages/airflow/example_dags/example_trigger_controller_dag.py
[2022-02-25 00:15:39,136] {processor.py:642} INFO - Processing file /home/airflow/.local/lib/python3.7/site-packages/airflow/example_dags/example_trigger_controller_dag.py for tasks to queue
[2022-02-25 00:15:39,137] {logging_mixin.py:109} INFO - [2022-02-25 00:15:39,137] {dagbag.py:500} INFO - Filling up the DagBag from /home/airflow/.local/lib/python3.7/site-packages/airflow/example_dags/example_trigger_controller_dag.py
[2022-02-25 00:15:39,165] {processor.py:654} INFO - DAG(s) dict_keys(['example_trigger_controller_dag']) retrieved from /home/airflow/.local/lib/python3.7/site-packages/airflow/example_dags/example_trigger_controller_dag.py
[2022-02-25 00:15:39,178] {logging_mixin.py:109} INFO - [2022-02-25 00:15:39,178] {dag.py:2396} INFO - Sync 1 DAGs
[2022-02-25 00:15:39,197] {logging_mixin.py:109} INFO - [2022-02-25 00:15:39,196] {dag.py:2935} INFO - Setting next_dagrun for example_trigger_controller_dag to 2021-01-01T00:00:00+00:00
[2022-02-25 00:15:39,206] {processor.py:171} INFO - Processing /home/airflow/.local/lib/python3.7/site-packages/airflow/example_dags/example_trigger_controller_dag.py took 0.076 seconds
[2022-02-25 00:16:09,372] {processor.py:163} INFO - Started process (PID=17698) to work on /home/airflow/.local/lib/python3.7/site-packages/airflow/example_dags/example_trigger_controller_dag.py
[2022-02-25 00:16:09,374] {processor.py:642} INFO - Processing file /home/airflow/.local/lib/python3.7/site-packages/airflow/example_dags/example_trigger_controller_dag.py for tasks to queue
[2022-02-25 00:16:09,375] {logging_mixin.py:109} INFO - [2022-02-25 00:16:09,375] {dagbag.py:500} INFO - Filling up the DagBag from /home/airflow/.local/lib/python3.7/site-packages/airflow/example_dags/example_trigger_controller_dag.py
[2022-02-25 00:16:09,402] {processor.py:654} INFO - DAG(s) dict_keys(['example_trigger_controller_dag']) retrieved from /home/airflow/.local/lib/python3.7/site-packages/airflow/example_dags/example_trigger_controller_dag.py
[2022-02-25 00:16:09,412] {logging_mixin.py:109} INFO - [2022-02-25 00:16:09,412] {dag.py:2396} INFO - Sync 1 DAGs
[2022-02-25 00:16:09,427] {logging_mixin.py:109} INFO - [2022-02-25 00:16:09,427] {dag.py:2935} INFO - Setting next_dagrun for example_trigger_controller_dag to 2021-01-01T00:00:00+00:00
[2022-02-25 00:16:09,435] {processor.py:171} INFO - Processing /home/airflow/.local/lib/python3.7/site-packages/airflow/example_dags/example_trigger_controller_dag.py took 0.067 seconds
[2022-02-25 00:16:39,501] {processor.py:163} INFO - Started process (PID=17759) to work on /home/airflow/.local/lib/python3.7/site-packages/airflow/example_dags/example_trigger_controller_dag.py
[2022-02-25 00:16:39,503] {processor.py:642} INFO - Processing file /home/airflow/.local/lib/python3.7/site-packages/airflow/example_dags/example_trigger_controller_dag.py for tasks to queue
[2022-02-25 00:16:39,504] {logging_mixin.py:109} INFO - [2022-02-25 00:16:39,504] {dagbag.py:500} INFO - Filling up the DagBag from /home/airflow/.local/lib/python3.7/site-packages/airflow/example_dags/example_trigger_controller_dag.py
[2022-02-25 00:16:39,530] {processor.py:654} INFO - DAG(s) dict_keys(['example_trigger_controller_dag']) retrieved from /home/airflow/.local/lib/python3.7/site-packages/airflow/example_dags/example_trigger_controller_dag.py
[2022-02-25 00:16:39,540] {logging_mixin.py:109} INFO - [2022-02-25 00:16:39,540] {dag.py:2396} INFO - Sync 1 DAGs
[2022-02-25 00:16:39,555] {logging_mixin.py:109} INFO - [2022-02-25 00:16:39,555] {dag.py:2935} INFO - Setting next_dagrun for example_trigger_controller_dag to 2021-01-01T00:00:00+00:00
[2022-02-25 00:16:39,563] {processor.py:171} INFO - Processing /home/airflow/.local/lib/python3.7/site-packages/airflow/example_dags/example_trigger_controller_dag.py took 0.066 seconds
[2022-02-25 00:17:09,966] {processor.py:163} INFO - Started process (PID=17811) to work on /home/airflow/.local/lib/python3.7/site-packages/airflow/example_dags/example_trigger_controller_dag.py
[2022-02-25 00:17:09,967] {processor.py:642} INFO - Processing file /home/airflow/.local/lib/python3.7/site-packages/airflow/example_dags/example_trigger_controller_dag.py for tasks to queue
[2022-02-25 00:17:09,969] {logging_mixin.py:109} INFO - [2022-02-25 00:17:09,969] {dagbag.py:500} INFO - Filling up the DagBag from /home/airflow/.local/lib/python3.7/site-packages/airflow/example_dags/example_trigger_controller_dag.py
[2022-02-25 00:17:09,995] {processor.py:654} INFO - DAG(s) dict_keys(['example_trigger_controller_dag']) retrieved from /home/airflow/.local/lib/python3.7/site-packages/airflow/example_dags/example_trigger_controller_dag.py
[2022-02-25 00:17:10,004] {logging_mixin.py:109} INFO - [2022-02-25 00:17:10,004] {dag.py:2396} INFO - Sync 1 DAGs
[2022-02-25 00:17:10,019] {logging_mixin.py:109} INFO - [2022-02-25 00:17:10,019] {dag.py:2935} INFO - Setting next_dagrun for example_trigger_controller_dag to 2021-01-01T00:00:00+00:00
[2022-02-25 00:17:10,028] {processor.py:171} INFO - Processing /home/airflow/.local/lib/python3.7/site-packages/airflow/example_dags/example_trigger_controller_dag.py took 0.065 seconds
[2022-02-25 00:17:40,130] {processor.py:163} INFO - Started process (PID=17873) to work on /home/airflow/.local/lib/python3.7/site-packages/airflow/example_dags/example_trigger_controller_dag.py
[2022-02-25 00:17:40,132] {processor.py:642} INFO - Processing file /home/airflow/.local/lib/python3.7/site-packages/airflow/example_dags/example_trigger_controller_dag.py for tasks to queue
[2022-02-25 00:17:40,133] {logging_mixin.py:109} INFO - [2022-02-25 00:17:40,133] {dagbag.py:500} INFO - Filling up the DagBag from /home/airflow/.local/lib/python3.7/site-packages/airflow/example_dags/example_trigger_controller_dag.py
[2022-02-25 00:17:40,162] {processor.py:654} INFO - DAG(s) dict_keys(['example_trigger_controller_dag']) retrieved from /home/airflow/.local/lib/python3.7/site-packages/airflow/example_dags/example_trigger_controller_dag.py
[2022-02-25 00:17:40,172] {logging_mixin.py:109} INFO - [2022-02-25 00:17:40,172] {dag.py:2396} INFO - Sync 1 DAGs
[2022-02-25 00:17:40,188] {logging_mixin.py:109} INFO - [2022-02-25 00:17:40,188] {dag.py:2935} INFO - Setting next_dagrun for example_trigger_controller_dag to 2021-01-01T00:00:00+00:00
[2022-02-25 00:17:40,197] {processor.py:171} INFO - Processing /home/airflow/.local/lib/python3.7/site-packages/airflow/example_dags/example_trigger_controller_dag.py took 0.071 seconds
[2022-02-25 00:18:10,680] {processor.py:163} INFO - Started process (PID=17927) to work on /home/airflow/.local/lib/python3.7/site-packages/airflow/example_dags/example_trigger_controller_dag.py
[2022-02-25 00:18:10,682] {processor.py:642} INFO - Processing file /home/airflow/.local/lib/python3.7/site-packages/airflow/example_dags/example_trigger_controller_dag.py for tasks to queue
[2022-02-25 00:18:10,683] {logging_mixin.py:109} INFO - [2022-02-25 00:18:10,683] {dagbag.py:500} INFO - Filling up the DagBag from /home/airflow/.local/lib/python3.7/site-packages/airflow/example_dags/example_trigger_controller_dag.py
[2022-02-25 00:18:10,709] {processor.py:654} INFO - DAG(s) dict_keys(['example_trigger_controller_dag']) retrieved from /home/airflow/.local/lib/python3.7/site-packages/airflow/example_dags/example_trigger_controller_dag.py
[2022-02-25 00:18:10,719] {logging_mixin.py:109} INFO - [2022-02-25 00:18:10,719] {dag.py:2396} INFO - Sync 1 DAGs
[2022-02-25 00:18:10,736] {logging_mixin.py:109} INFO - [2022-02-25 00:18:10,736] {dag.py:2935} INFO - Setting next_dagrun for example_trigger_controller_dag to 2021-01-01T00:00:00+00:00
[2022-02-25 00:18:10,745] {processor.py:171} INFO - Processing /home/airflow/.local/lib/python3.7/site-packages/airflow/example_dags/example_trigger_controller_dag.py took 0.069 seconds
[2022-02-25 00:18:40,971] {processor.py:163} INFO - Started process (PID=17978) to work on /home/airflow/.local/lib/python3.7/site-packages/airflow/example_dags/example_trigger_controller_dag.py
[2022-02-25 00:18:40,973] {processor.py:642} INFO - Processing file /home/airflow/.local/lib/python3.7/site-packages/airflow/example_dags/example_trigger_controller_dag.py for tasks to queue
[2022-02-25 00:18:40,974] {logging_mixin.py:109} INFO - [2022-02-25 00:18:40,974] {dagbag.py:500} INFO - Filling up the DagBag from /home/airflow/.local/lib/python3.7/site-packages/airflow/example_dags/example_trigger_controller_dag.py
[2022-02-25 00:18:41,000] {processor.py:654} INFO - DAG(s) dict_keys(['example_trigger_controller_dag']) retrieved from /home/airflow/.local/lib/python3.7/site-packages/airflow/example_dags/example_trigger_controller_dag.py
[2022-02-25 00:18:41,009] {logging_mixin.py:109} INFO - [2022-02-25 00:18:41,009] {dag.py:2396} INFO - Sync 1 DAGs
[2022-02-25 00:18:41,024] {logging_mixin.py:109} INFO - [2022-02-25 00:18:41,024] {dag.py:2935} INFO - Setting next_dagrun for example_trigger_controller_dag to 2021-01-01T00:00:00+00:00
[2022-02-25 00:18:41,034] {processor.py:171} INFO - Processing /home/airflow/.local/lib/python3.7/site-packages/airflow/example_dags/example_trigger_controller_dag.py took 0.067 seconds
[2022-02-25 00:19:12,006] {processor.py:163} INFO - Started process (PID=18038) to work on /home/airflow/.local/lib/python3.7/site-packages/airflow/example_dags/example_trigger_controller_dag.py
[2022-02-25 00:19:12,008] {processor.py:642} INFO - Processing file /home/airflow/.local/lib/python3.7/site-packages/airflow/example_dags/example_trigger_controller_dag.py for tasks to queue
[2022-02-25 00:19:12,009] {logging_mixin.py:109} INFO - [2022-02-25 00:19:12,009] {dagbag.py:500} INFO - Filling up the DagBag from /home/airflow/.local/lib/python3.7/site-packages/airflow/example_dags/example_trigger_controller_dag.py
[2022-02-25 00:19:12,036] {processor.py:654} INFO - DAG(s) dict_keys(['example_trigger_controller_dag']) retrieved from /home/airflow/.local/lib/python3.7/site-packages/airflow/example_dags/example_trigger_controller_dag.py
[2022-02-25 00:19:12,046] {logging_mixin.py:109} INFO - [2022-02-25 00:19:12,046] {dag.py:2396} INFO - Sync 1 DAGs
[2022-02-25 00:19:12,062] {logging_mixin.py:109} INFO - [2022-02-25 00:19:12,062] {dag.py:2935} INFO - Setting next_dagrun for example_trigger_controller_dag to 2021-01-01T00:00:00+00:00
[2022-02-25 00:19:12,071] {processor.py:171} INFO - Processing /home/airflow/.local/lib/python3.7/site-packages/airflow/example_dags/example_trigger_controller_dag.py took 0.068 seconds
[2022-02-25 00:19:42,127] {processor.py:163} INFO - Started process (PID=18089) to work on /home/airflow/.local/lib/python3.7/site-packages/airflow/example_dags/example_trigger_controller_dag.py
[2022-02-25 00:19:42,129] {processor.py:642} INFO - Processing file /home/airflow/.local/lib/python3.7/site-packages/airflow/example_dags/example_trigger_controller_dag.py for tasks to queue
[2022-02-25 00:19:42,131] {logging_mixin.py:109} INFO - [2022-02-25 00:19:42,130] {dagbag.py:500} INFO - Filling up the DagBag from /home/airflow/.local/lib/python3.7/site-packages/airflow/example_dags/example_trigger_controller_dag.py
[2022-02-25 00:19:42,157] {processor.py:654} INFO - DAG(s) dict_keys(['example_trigger_controller_dag']) retrieved from /home/airflow/.local/lib/python3.7/site-packages/airflow/example_dags/example_trigger_controller_dag.py
[2022-02-25 00:19:42,166] {logging_mixin.py:109} INFO - [2022-02-25 00:19:42,166] {dag.py:2396} INFO - Sync 1 DAGs
[2022-02-25 00:19:42,182] {logging_mixin.py:109} INFO - [2022-02-25 00:19:42,182] {dag.py:2935} INFO - Setting next_dagrun for example_trigger_controller_dag to 2021-01-01T00:00:00+00:00
[2022-02-25 00:19:42,191] {processor.py:171} INFO - Processing /home/airflow/.local/lib/python3.7/site-packages/airflow/example_dags/example_trigger_controller_dag.py took 0.067 seconds
[2022-02-25 00:20:12,370] {processor.py:163} INFO - Started process (PID=18151) to work on /home/airflow/.local/lib/python3.7/site-packages/airflow/example_dags/example_trigger_controller_dag.py
[2022-02-25 00:20:12,372] {processor.py:642} INFO - Processing file /home/airflow/.local/lib/python3.7/site-packages/airflow/example_dags/example_trigger_controller_dag.py for tasks to queue
[2022-02-25 00:20:12,373] {logging_mixin.py:109} INFO - [2022-02-25 00:20:12,373] {dagbag.py:500} INFO - Filling up the DagBag from /home/airflow/.local/lib/python3.7/site-packages/airflow/example_dags/example_trigger_controller_dag.py
[2022-02-25 00:20:12,401] {processor.py:654} INFO - DAG(s) dict_keys(['example_trigger_controller_dag']) retrieved from /home/airflow/.local/lib/python3.7/site-packages/airflow/example_dags/example_trigger_controller_dag.py
[2022-02-25 00:20:12,411] {logging_mixin.py:109} INFO - [2022-02-25 00:20:12,411] {dag.py:2396} INFO - Sync 1 DAGs
[2022-02-25 00:20:12,428] {logging_mixin.py:109} INFO - [2022-02-25 00:20:12,427] {dag.py:2935} INFO - Setting next_dagrun for example_trigger_controller_dag to 2021-01-01T00:00:00+00:00
[2022-02-25 00:20:12,438] {processor.py:171} INFO - Processing /home/airflow/.local/lib/python3.7/site-packages/airflow/example_dags/example_trigger_controller_dag.py took 0.073 seconds
[2022-02-25 00:20:42,688] {processor.py:163} INFO - Started process (PID=18202) to work on /home/airflow/.local/lib/python3.7/site-packages/airflow/example_dags/example_trigger_controller_dag.py
[2022-02-25 00:20:42,690] {processor.py:642} INFO - Processing file /home/airflow/.local/lib/python3.7/site-packages/airflow/example_dags/example_trigger_controller_dag.py for tasks to queue
[2022-02-25 00:20:42,691] {logging_mixin.py:109} INFO - [2022-02-25 00:20:42,691] {dagbag.py:500} INFO - Filling up the DagBag from /home/airflow/.local/lib/python3.7/site-packages/airflow/example_dags/example_trigger_controller_dag.py
[2022-02-25 00:20:42,719] {processor.py:654} INFO - DAG(s) dict_keys(['example_trigger_controller_dag']) retrieved from /home/airflow/.local/lib/python3.7/site-packages/airflow/example_dags/example_trigger_controller_dag.py
[2022-02-25 00:20:42,729] {logging_mixin.py:109} INFO - [2022-02-25 00:20:42,729] {dag.py:2396} INFO - Sync 1 DAGs
[2022-02-25 00:20:42,744] {logging_mixin.py:109} INFO - [2022-02-25 00:20:42,744] {dag.py:2935} INFO - Setting next_dagrun for example_trigger_controller_dag to 2021-01-01T00:00:00+00:00
[2022-02-25 00:20:42,753] {processor.py:171} INFO - Processing /home/airflow/.local/lib/python3.7/site-packages/airflow/example_dags/example_trigger_controller_dag.py took 0.069 seconds
[2022-02-25 00:21:13,074] {processor.py:163} INFO - Started process (PID=18265) to work on /home/airflow/.local/lib/python3.7/site-packages/airflow/example_dags/example_trigger_controller_dag.py
[2022-02-25 00:21:13,076] {processor.py:642} INFO - Processing file /home/airflow/.local/lib/python3.7/site-packages/airflow/example_dags/example_trigger_controller_dag.py for tasks to queue
[2022-02-25 00:21:13,077] {logging_mixin.py:109} INFO - [2022-02-25 00:21:13,077] {dagbag.py:500} INFO - Filling up the DagBag from /home/airflow/.local/lib/python3.7/site-packages/airflow/example_dags/example_trigger_controller_dag.py
[2022-02-25 00:21:13,103] {processor.py:654} INFO - DAG(s) dict_keys(['example_trigger_controller_dag']) retrieved from /home/airflow/.local/lib/python3.7/site-packages/airflow/example_dags/example_trigger_controller_dag.py
[2022-02-25 00:21:13,116] {logging_mixin.py:109} INFO - [2022-02-25 00:21:13,116] {dag.py:2396} INFO - Sync 1 DAGs
[2022-02-25 00:21:13,138] {logging_mixin.py:109} INFO - [2022-02-25 00:21:13,138] {dag.py:2935} INFO - Setting next_dagrun for example_trigger_controller_dag to 2021-01-01T00:00:00+00:00
[2022-02-25 00:21:13,152] {processor.py:171} INFO - Processing /home/airflow/.local/lib/python3.7/site-packages/airflow/example_dags/example_trigger_controller_dag.py took 0.081 seconds
[2022-02-25 00:21:43,573] {processor.py:163} INFO - Started process (PID=18316) to work on /home/airflow/.local/lib/python3.7/site-packages/airflow/example_dags/example_trigger_controller_dag.py
[2022-02-25 00:21:43,575] {processor.py:642} INFO - Processing file /home/airflow/.local/lib/python3.7/site-packages/airflow/example_dags/example_trigger_controller_dag.py for tasks to queue
[2022-02-25 00:21:43,576] {logging_mixin.py:109} INFO - [2022-02-25 00:21:43,576] {dagbag.py:500} INFO - Filling up the DagBag from /home/airflow/.local/lib/python3.7/site-packages/airflow/example_dags/example_trigger_controller_dag.py
[2022-02-25 00:21:43,601] {processor.py:654} INFO - DAG(s) dict_keys(['example_trigger_controller_dag']) retrieved from /home/airflow/.local/lib/python3.7/site-packages/airflow/example_dags/example_trigger_controller_dag.py
[2022-02-25 00:21:43,610] {logging_mixin.py:109} INFO - [2022-02-25 00:21:43,610] {dag.py:2396} INFO - Sync 1 DAGs
[2022-02-25 00:21:43,627] {logging_mixin.py:109} INFO - [2022-02-25 00:21:43,627] {dag.py:2935} INFO - Setting next_dagrun for example_trigger_controller_dag to 2021-01-01T00:00:00+00:00
[2022-02-25 00:21:43,638] {processor.py:171} INFO - Processing /home/airflow/.local/lib/python3.7/site-packages/airflow/example_dags/example_trigger_controller_dag.py took 0.072 seconds
[2022-02-25 00:22:13,855] {processor.py:163} INFO - Started process (PID=18378) to work on /home/airflow/.local/lib/python3.7/site-packages/airflow/example_dags/example_trigger_controller_dag.py
[2022-02-25 00:22:13,856] {processor.py:642} INFO - Processing file /home/airflow/.local/lib/python3.7/site-packages/airflow/example_dags/example_trigger_controller_dag.py for tasks to queue
[2022-02-25 00:22:13,857] {logging_mixin.py:109} INFO - [2022-02-25 00:22:13,857] {dagbag.py:500} INFO - Filling up the DagBag from /home/airflow/.local/lib/python3.7/site-packages/airflow/example_dags/example_trigger_controller_dag.py
[2022-02-25 00:22:13,884] {processor.py:654} INFO - DAG(s) dict_keys(['example_trigger_controller_dag']) retrieved from /home/airflow/.local/lib/python3.7/site-packages/airflow/example_dags/example_trigger_controller_dag.py
[2022-02-25 00:22:13,895] {logging_mixin.py:109} INFO - [2022-02-25 00:22:13,895] {dag.py:2396} INFO - Sync 1 DAGs
[2022-02-25 00:22:13,912] {logging_mixin.py:109} INFO - [2022-02-25 00:22:13,912] {dag.py:2935} INFO - Setting next_dagrun for example_trigger_controller_dag to 2021-01-01T00:00:00+00:00
[2022-02-25 00:22:13,921] {processor.py:171} INFO - Processing /home/airflow/.local/lib/python3.7/site-packages/airflow/example_dags/example_trigger_controller_dag.py took 0.070 seconds
[2022-02-25 00:22:44,144] {processor.py:163} INFO - Started process (PID=18429) to work on /home/airflow/.local/lib/python3.7/site-packages/airflow/example_dags/example_trigger_controller_dag.py
[2022-02-25 00:22:44,145] {processor.py:642} INFO - Processing file /home/airflow/.local/lib/python3.7/site-packages/airflow/example_dags/example_trigger_controller_dag.py for tasks to queue
[2022-02-25 00:22:44,146] {logging_mixin.py:109} INFO - [2022-02-25 00:22:44,146] {dagbag.py:500} INFO - Filling up the DagBag from /home/airflow/.local/lib/python3.7/site-packages/airflow/example_dags/example_trigger_controller_dag.py
[2022-02-25 00:22:44,173] {processor.py:654} INFO - DAG(s) dict_keys(['example_trigger_controller_dag']) retrieved from /home/airflow/.local/lib/python3.7/site-packages/airflow/example_dags/example_trigger_controller_dag.py
[2022-02-25 00:22:44,184] {logging_mixin.py:109} INFO - [2022-02-25 00:22:44,184] {dag.py:2396} INFO - Sync 1 DAGs
[2022-02-25 00:22:44,200] {logging_mixin.py:109} INFO - [2022-02-25 00:22:44,199] {dag.py:2935} INFO - Setting next_dagrun for example_trigger_controller_dag to 2021-01-01T00:00:00+00:00
[2022-02-25 00:22:44,209] {processor.py:171} INFO - Processing /home/airflow/.local/lib/python3.7/site-packages/airflow/example_dags/example_trigger_controller_dag.py took 0.069 seconds
[2022-02-25 00:23:14,789] {processor.py:163} INFO - Started process (PID=18493) to work on /home/airflow/.local/lib/python3.7/site-packages/airflow/example_dags/example_trigger_controller_dag.py
[2022-02-25 00:23:14,791] {processor.py:642} INFO - Processing file /home/airflow/.local/lib/python3.7/site-packages/airflow/example_dags/example_trigger_controller_dag.py for tasks to queue
[2022-02-25 00:23:14,792] {logging_mixin.py:109} INFO - [2022-02-25 00:23:14,792] {dagbag.py:500} INFO - Filling up the DagBag from /home/airflow/.local/lib/python3.7/site-packages/airflow/example_dags/example_trigger_controller_dag.py
[2022-02-25 00:23:14,822] {processor.py:654} INFO - DAG(s) dict_keys(['example_trigger_controller_dag']) retrieved from /home/airflow/.local/lib/python3.7/site-packages/airflow/example_dags/example_trigger_controller_dag.py
[2022-02-25 00:23:14,832] {logging_mixin.py:109} INFO - [2022-02-25 00:23:14,832] {dag.py:2396} INFO - Sync 1 DAGs
[2022-02-25 00:23:14,848] {logging_mixin.py:109} INFO - [2022-02-25 00:23:14,848] {dag.py:2935} INFO - Setting next_dagrun for example_trigger_controller_dag to 2021-01-01T00:00:00+00:00
[2022-02-25 00:23:14,857] {processor.py:171} INFO - Processing /home/airflow/.local/lib/python3.7/site-packages/airflow/example_dags/example_trigger_controller_dag.py took 0.072 seconds
[2022-02-25 00:23:44,918] {processor.py:163} INFO - Started process (PID=18546) to work on /home/airflow/.local/lib/python3.7/site-packages/airflow/example_dags/example_trigger_controller_dag.py
[2022-02-25 00:23:44,920] {processor.py:642} INFO - Processing file /home/airflow/.local/lib/python3.7/site-packages/airflow/example_dags/example_trigger_controller_dag.py for tasks to queue
[2022-02-25 00:23:44,921] {logging_mixin.py:109} INFO - [2022-02-25 00:23:44,921] {dagbag.py:500} INFO - Filling up the DagBag from /home/airflow/.local/lib/python3.7/site-packages/airflow/example_dags/example_trigger_controller_dag.py
[2022-02-25 00:23:44,949] {processor.py:654} INFO - DAG(s) dict_keys(['example_trigger_controller_dag']) retrieved from /home/airflow/.local/lib/python3.7/site-packages/airflow/example_dags/example_trigger_controller_dag.py
[2022-02-25 00:23:44,959] {logging_mixin.py:109} INFO - [2022-02-25 00:23:44,958] {dag.py:2396} INFO - Sync 1 DAGs
[2022-02-25 00:23:44,975] {logging_mixin.py:109} INFO - [2022-02-25 00:23:44,975] {dag.py:2935} INFO - Setting next_dagrun for example_trigger_controller_dag to 2021-01-01T00:00:00+00:00
[2022-02-25 00:23:44,985] {processor.py:171} INFO - Processing /home/airflow/.local/lib/python3.7/site-packages/airflow/example_dags/example_trigger_controller_dag.py took 0.070 seconds
[2022-02-25 00:24:15,330] {processor.py:163} INFO - Started process (PID=18607) to work on /home/airflow/.local/lib/python3.7/site-packages/airflow/example_dags/example_trigger_controller_dag.py
[2022-02-25 00:24:15,332] {processor.py:642} INFO - Processing file /home/airflow/.local/lib/python3.7/site-packages/airflow/example_dags/example_trigger_controller_dag.py for tasks to queue
[2022-02-25 00:24:15,333] {logging_mixin.py:109} INFO - [2022-02-25 00:24:15,333] {dagbag.py:500} INFO - Filling up the DagBag from /home/airflow/.local/lib/python3.7/site-packages/airflow/example_dags/example_trigger_controller_dag.py
[2022-02-25 00:24:15,360] {processor.py:654} INFO - DAG(s) dict_keys(['example_trigger_controller_dag']) retrieved from /home/airflow/.local/lib/python3.7/site-packages/airflow/example_dags/example_trigger_controller_dag.py
[2022-02-25 00:24:15,369] {logging_mixin.py:109} INFO - [2022-02-25 00:24:15,369] {dag.py:2396} INFO - Sync 1 DAGs
[2022-02-25 00:24:15,385] {logging_mixin.py:109} INFO - [2022-02-25 00:24:15,385] {dag.py:2935} INFO - Setting next_dagrun for example_trigger_controller_dag to 2021-01-01T00:00:00+00:00
[2022-02-25 00:24:15,393] {processor.py:171} INFO - Processing /home/airflow/.local/lib/python3.7/site-packages/airflow/example_dags/example_trigger_controller_dag.py took 0.067 seconds
[2022-02-25 00:24:45,830] {processor.py:163} INFO - Started process (PID=18659) to work on /home/airflow/.local/lib/python3.7/site-packages/airflow/example_dags/example_trigger_controller_dag.py
[2022-02-25 00:24:45,832] {processor.py:642} INFO - Processing file /home/airflow/.local/lib/python3.7/site-packages/airflow/example_dags/example_trigger_controller_dag.py for tasks to queue
[2022-02-25 00:24:45,833] {logging_mixin.py:109} INFO - [2022-02-25 00:24:45,833] {dagbag.py:500} INFO - Filling up the DagBag from /home/airflow/.local/lib/python3.7/site-packages/airflow/example_dags/example_trigger_controller_dag.py
[2022-02-25 00:24:45,860] {processor.py:654} INFO - DAG(s) dict_keys(['example_trigger_controller_dag']) retrieved from /home/airflow/.local/lib/python3.7/site-packages/airflow/example_dags/example_trigger_controller_dag.py
[2022-02-25 00:24:45,871] {logging_mixin.py:109} INFO - [2022-02-25 00:24:45,871] {dag.py:2396} INFO - Sync 1 DAGs
[2022-02-25 00:24:45,891] {logging_mixin.py:109} INFO - [2022-02-25 00:24:45,890] {dag.py:2935} INFO - Setting next_dagrun for example_trigger_controller_dag to 2021-01-01T00:00:00+00:00
[2022-02-25 00:24:45,901] {processor.py:171} INFO - Processing /home/airflow/.local/lib/python3.7/site-packages/airflow/example_dags/example_trigger_controller_dag.py took 0.075 seconds
[2022-02-25 00:25:16,151] {processor.py:163} INFO - Started process (PID=18720) to work on /home/airflow/.local/lib/python3.7/site-packages/airflow/example_dags/example_trigger_controller_dag.py
[2022-02-25 00:25:16,153] {processor.py:642} INFO - Processing file /home/airflow/.local/lib/python3.7/site-packages/airflow/example_dags/example_trigger_controller_dag.py for tasks to queue
[2022-02-25 00:25:16,154] {logging_mixin.py:109} INFO - [2022-02-25 00:25:16,154] {dagbag.py:500} INFO - Filling up the DagBag from /home/airflow/.local/lib/python3.7/site-packages/airflow/example_dags/example_trigger_controller_dag.py
[2022-02-25 00:25:16,181] {processor.py:654} INFO - DAG(s) dict_keys(['example_trigger_controller_dag']) retrieved from /home/airflow/.local/lib/python3.7/site-packages/airflow/example_dags/example_trigger_controller_dag.py
[2022-02-25 00:25:16,191] {logging_mixin.py:109} INFO - [2022-02-25 00:25:16,191] {dag.py:2396} INFO - Sync 1 DAGs
[2022-02-25 00:25:16,207] {logging_mixin.py:109} INFO - [2022-02-25 00:25:16,207] {dag.py:2935} INFO - Setting next_dagrun for example_trigger_controller_dag to 2021-01-01T00:00:00+00:00
[2022-02-25 00:25:16,216] {processor.py:171} INFO - Processing /home/airflow/.local/lib/python3.7/site-packages/airflow/example_dags/example_trigger_controller_dag.py took 0.069 seconds
[2022-02-25 00:25:46,613] {processor.py:163} INFO - Started process (PID=18775) to work on /home/airflow/.local/lib/python3.7/site-packages/airflow/example_dags/example_trigger_controller_dag.py
[2022-02-25 00:25:46,615] {processor.py:642} INFO - Processing file /home/airflow/.local/lib/python3.7/site-packages/airflow/example_dags/example_trigger_controller_dag.py for tasks to queue
[2022-02-25 00:25:46,617] {logging_mixin.py:109} INFO - [2022-02-25 00:25:46,616] {dagbag.py:500} INFO - Filling up the DagBag from /home/airflow/.local/lib/python3.7/site-packages/airflow/example_dags/example_trigger_controller_dag.py
[2022-02-25 00:25:46,652] {processor.py:654} INFO - DAG(s) dict_keys(['example_trigger_controller_dag']) retrieved from /home/airflow/.local/lib/python3.7/site-packages/airflow/example_dags/example_trigger_controller_dag.py
[2022-02-25 00:25:46,665] {logging_mixin.py:109} INFO - [2022-02-25 00:25:46,665] {dag.py:2396} INFO - Sync 1 DAGs
[2022-02-25 00:25:46,685] {logging_mixin.py:109} INFO - [2022-02-25 00:25:46,685] {dag.py:2935} INFO - Setting next_dagrun for example_trigger_controller_dag to 2021-01-01T00:00:00+00:00
[2022-02-25 00:25:46,695] {processor.py:171} INFO - Processing /home/airflow/.local/lib/python3.7/site-packages/airflow/example_dags/example_trigger_controller_dag.py took 0.087 seconds
[2022-02-25 00:26:16,783] {processor.py:163} INFO - Started process (PID=18836) to work on /home/airflow/.local/lib/python3.7/site-packages/airflow/example_dags/example_trigger_controller_dag.py
[2022-02-25 00:26:16,789] {processor.py:642} INFO - Processing file /home/airflow/.local/lib/python3.7/site-packages/airflow/example_dags/example_trigger_controller_dag.py for tasks to queue
[2022-02-25 00:26:16,791] {logging_mixin.py:109} INFO - [2022-02-25 00:26:16,791] {dagbag.py:500} INFO - Filling up the DagBag from /home/airflow/.local/lib/python3.7/site-packages/airflow/example_dags/example_trigger_controller_dag.py
[2022-02-25 00:26:16,832] {processor.py:654} INFO - DAG(s) dict_keys(['example_trigger_controller_dag']) retrieved from /home/airflow/.local/lib/python3.7/site-packages/airflow/example_dags/example_trigger_controller_dag.py
[2022-02-25 00:26:16,846] {logging_mixin.py:109} INFO - [2022-02-25 00:26:16,846] {dag.py:2396} INFO - Sync 1 DAGs
[2022-02-25 00:26:16,873] {logging_mixin.py:109} INFO - [2022-02-25 00:26:16,872] {dag.py:2935} INFO - Setting next_dagrun for example_trigger_controller_dag to 2021-01-01T00:00:00+00:00
[2022-02-25 00:26:16,885] {processor.py:171} INFO - Processing /home/airflow/.local/lib/python3.7/site-packages/airflow/example_dags/example_trigger_controller_dag.py took 0.108 seconds
[2022-02-25 00:26:47,466] {processor.py:163} INFO - Started process (PID=18887) to work on /home/airflow/.local/lib/python3.7/site-packages/airflow/example_dags/example_trigger_controller_dag.py
[2022-02-25 00:26:47,469] {processor.py:642} INFO - Processing file /home/airflow/.local/lib/python3.7/site-packages/airflow/example_dags/example_trigger_controller_dag.py for tasks to queue
[2022-02-25 00:26:47,472] {logging_mixin.py:109} INFO - [2022-02-25 00:26:47,471] {dagbag.py:500} INFO - Filling up the DagBag from /home/airflow/.local/lib/python3.7/site-packages/airflow/example_dags/example_trigger_controller_dag.py
[2022-02-25 00:26:47,500] {processor.py:654} INFO - DAG(s) dict_keys(['example_trigger_controller_dag']) retrieved from /home/airflow/.local/lib/python3.7/site-packages/airflow/example_dags/example_trigger_controller_dag.py
[2022-02-25 00:26:47,509] {logging_mixin.py:109} INFO - [2022-02-25 00:26:47,509] {dag.py:2396} INFO - Sync 1 DAGs
[2022-02-25 00:26:47,526] {logging_mixin.py:109} INFO - [2022-02-25 00:26:47,526] {dag.py:2935} INFO - Setting next_dagrun for example_trigger_controller_dag to 2021-01-01T00:00:00+00:00
[2022-02-25 00:26:47,536] {processor.py:171} INFO - Processing /home/airflow/.local/lib/python3.7/site-packages/airflow/example_dags/example_trigger_controller_dag.py took 0.078 seconds
[2022-02-25 00:27:17,737] {processor.py:163} INFO - Started process (PID=18938) to work on /home/airflow/.local/lib/python3.7/site-packages/airflow/example_dags/example_trigger_controller_dag.py
[2022-02-25 00:27:17,739] {processor.py:642} INFO - Processing file /home/airflow/.local/lib/python3.7/site-packages/airflow/example_dags/example_trigger_controller_dag.py for tasks to queue
[2022-02-25 00:27:17,740] {logging_mixin.py:109} INFO - [2022-02-25 00:27:17,740] {dagbag.py:500} INFO - Filling up the DagBag from /home/airflow/.local/lib/python3.7/site-packages/airflow/example_dags/example_trigger_controller_dag.py
[2022-02-25 00:27:17,767] {processor.py:654} INFO - DAG(s) dict_keys(['example_trigger_controller_dag']) retrieved from /home/airflow/.local/lib/python3.7/site-packages/airflow/example_dags/example_trigger_controller_dag.py
[2022-02-25 00:27:17,777] {logging_mixin.py:109} INFO - [2022-02-25 00:27:17,777] {dag.py:2396} INFO - Sync 1 DAGs
[2022-02-25 00:27:17,793] {logging_mixin.py:109} INFO - [2022-02-25 00:27:17,793] {dag.py:2935} INFO - Setting next_dagrun for example_trigger_controller_dag to 2021-01-01T00:00:00+00:00
[2022-02-25 00:27:17,808] {processor.py:171} INFO - Processing /home/airflow/.local/lib/python3.7/site-packages/airflow/example_dags/example_trigger_controller_dag.py took 0.075 seconds
[2022-02-25 00:27:48,216] {processor.py:163} INFO - Started process (PID=19000) to work on /home/airflow/.local/lib/python3.7/site-packages/airflow/example_dags/example_trigger_controller_dag.py
[2022-02-25 00:27:48,218] {processor.py:642} INFO - Processing file /home/airflow/.local/lib/python3.7/site-packages/airflow/example_dags/example_trigger_controller_dag.py for tasks to queue
[2022-02-25 00:27:48,219] {logging_mixin.py:109} INFO - [2022-02-25 00:27:48,219] {dagbag.py:500} INFO - Filling up the DagBag from /home/airflow/.local/lib/python3.7/site-packages/airflow/example_dags/example_trigger_controller_dag.py
[2022-02-25 00:27:48,252] {processor.py:654} INFO - DAG(s) dict_keys(['example_trigger_controller_dag']) retrieved from /home/airflow/.local/lib/python3.7/site-packages/airflow/example_dags/example_trigger_controller_dag.py
[2022-02-25 00:27:48,262] {logging_mixin.py:109} INFO - [2022-02-25 00:27:48,262] {dag.py:2396} INFO - Sync 1 DAGs
[2022-02-25 00:27:48,278] {logging_mixin.py:109} INFO - [2022-02-25 00:27:48,278] {dag.py:2935} INFO - Setting next_dagrun for example_trigger_controller_dag to 2021-01-01T00:00:00+00:00
[2022-02-25 00:27:48,288] {processor.py:171} INFO - Processing /home/airflow/.local/lib/python3.7/site-packages/airflow/example_dags/example_trigger_controller_dag.py took 0.076 seconds
[2022-02-25 00:28:18,689] {processor.py:163} INFO - Started process (PID=19051) to work on /home/airflow/.local/lib/python3.7/site-packages/airflow/example_dags/example_trigger_controller_dag.py
[2022-02-25 00:28:18,691] {processor.py:642} INFO - Processing file /home/airflow/.local/lib/python3.7/site-packages/airflow/example_dags/example_trigger_controller_dag.py for tasks to queue
[2022-02-25 00:28:18,693] {logging_mixin.py:109} INFO - [2022-02-25 00:28:18,693] {dagbag.py:500} INFO - Filling up the DagBag from /home/airflow/.local/lib/python3.7/site-packages/airflow/example_dags/example_trigger_controller_dag.py
[2022-02-25 00:28:18,719] {processor.py:654} INFO - DAG(s) dict_keys(['example_trigger_controller_dag']) retrieved from /home/airflow/.local/lib/python3.7/site-packages/airflow/example_dags/example_trigger_controller_dag.py
[2022-02-25 00:28:18,730] {logging_mixin.py:109} INFO - [2022-02-25 00:28:18,729] {dag.py:2396} INFO - Sync 1 DAGs
[2022-02-25 00:28:18,745] {logging_mixin.py:109} INFO - [2022-02-25 00:28:18,745] {dag.py:2935} INFO - Setting next_dagrun for example_trigger_controller_dag to 2021-01-01T00:00:00+00:00
[2022-02-25 00:28:18,754] {processor.py:171} INFO - Processing /home/airflow/.local/lib/python3.7/site-packages/airflow/example_dags/example_trigger_controller_dag.py took 0.071 seconds
[2022-02-25 00:28:49,669] {processor.py:163} INFO - Started process (PID=19112) to work on /home/airflow/.local/lib/python3.7/site-packages/airflow/example_dags/example_trigger_controller_dag.py
[2022-02-25 00:28:49,671] {processor.py:642} INFO - Processing file /home/airflow/.local/lib/python3.7/site-packages/airflow/example_dags/example_trigger_controller_dag.py for tasks to queue
[2022-02-25 00:28:49,672] {logging_mixin.py:109} INFO - [2022-02-25 00:28:49,672] {dagbag.py:500} INFO - Filling up the DagBag from /home/airflow/.local/lib/python3.7/site-packages/airflow/example_dags/example_trigger_controller_dag.py
[2022-02-25 00:28:49,698] {processor.py:654} INFO - DAG(s) dict_keys(['example_trigger_controller_dag']) retrieved from /home/airflow/.local/lib/python3.7/site-packages/airflow/example_dags/example_trigger_controller_dag.py
[2022-02-25 00:28:49,709] {logging_mixin.py:109} INFO - [2022-02-25 00:28:49,708] {dag.py:2396} INFO - Sync 1 DAGs
[2022-02-25 00:28:49,725] {logging_mixin.py:109} INFO - [2022-02-25 00:28:49,724] {dag.py:2935} INFO - Setting next_dagrun for example_trigger_controller_dag to 2021-01-01T00:00:00+00:00
[2022-02-25 00:28:49,734] {processor.py:171} INFO - Processing /home/airflow/.local/lib/python3.7/site-packages/airflow/example_dags/example_trigger_controller_dag.py took 0.068 seconds
[2022-02-25 00:29:19,944] {processor.py:163} INFO - Started process (PID=19164) to work on /home/airflow/.local/lib/python3.7/site-packages/airflow/example_dags/example_trigger_controller_dag.py
[2022-02-25 00:29:19,946] {processor.py:642} INFO - Processing file /home/airflow/.local/lib/python3.7/site-packages/airflow/example_dags/example_trigger_controller_dag.py for tasks to queue
[2022-02-25 00:29:19,947] {logging_mixin.py:109} INFO - [2022-02-25 00:29:19,947] {dagbag.py:500} INFO - Filling up the DagBag from /home/airflow/.local/lib/python3.7/site-packages/airflow/example_dags/example_trigger_controller_dag.py
[2022-02-25 00:29:19,980] {processor.py:654} INFO - DAG(s) dict_keys(['example_trigger_controller_dag']) retrieved from /home/airflow/.local/lib/python3.7/site-packages/airflow/example_dags/example_trigger_controller_dag.py
[2022-02-25 00:29:19,991] {logging_mixin.py:109} INFO - [2022-02-25 00:29:19,990] {dag.py:2396} INFO - Sync 1 DAGs
[2022-02-25 00:29:20,009] {logging_mixin.py:109} INFO - [2022-02-25 00:29:20,009] {dag.py:2935} INFO - Setting next_dagrun for example_trigger_controller_dag to 2021-01-01T00:00:00+00:00
[2022-02-25 00:29:20,020] {processor.py:171} INFO - Processing /home/airflow/.local/lib/python3.7/site-packages/airflow/example_dags/example_trigger_controller_dag.py took 0.080 seconds
[2022-02-25 00:29:50,922] {processor.py:163} INFO - Started process (PID=19224) to work on /home/airflow/.local/lib/python3.7/site-packages/airflow/example_dags/example_trigger_controller_dag.py
[2022-02-25 00:29:50,924] {processor.py:642} INFO - Processing file /home/airflow/.local/lib/python3.7/site-packages/airflow/example_dags/example_trigger_controller_dag.py for tasks to queue
[2022-02-25 00:29:50,926] {logging_mixin.py:109} INFO - [2022-02-25 00:29:50,925] {dagbag.py:500} INFO - Filling up the DagBag from /home/airflow/.local/lib/python3.7/site-packages/airflow/example_dags/example_trigger_controller_dag.py
[2022-02-25 00:29:50,955] {processor.py:654} INFO - DAG(s) dict_keys(['example_trigger_controller_dag']) retrieved from /home/airflow/.local/lib/python3.7/site-packages/airflow/example_dags/example_trigger_controller_dag.py
[2022-02-25 00:29:50,966] {logging_mixin.py:109} INFO - [2022-02-25 00:29:50,966] {dag.py:2396} INFO - Sync 1 DAGs
[2022-02-25 00:29:50,984] {logging_mixin.py:109} INFO - [2022-02-25 00:29:50,984] {dag.py:2935} INFO - Setting next_dagrun for example_trigger_controller_dag to 2021-01-01T00:00:00+00:00
[2022-02-25 00:29:50,994] {processor.py:171} INFO - Processing /home/airflow/.local/lib/python3.7/site-packages/airflow/example_dags/example_trigger_controller_dag.py took 0.076 seconds
[2022-02-25 00:30:21,459] {processor.py:163} INFO - Started process (PID=19275) to work on /home/airflow/.local/lib/python3.7/site-packages/airflow/example_dags/example_trigger_controller_dag.py
[2022-02-25 00:30:21,461] {processor.py:642} INFO - Processing file /home/airflow/.local/lib/python3.7/site-packages/airflow/example_dags/example_trigger_controller_dag.py for tasks to queue
[2022-02-25 00:30:21,462] {logging_mixin.py:109} INFO - [2022-02-25 00:30:21,462] {dagbag.py:500} INFO - Filling up the DagBag from /home/airflow/.local/lib/python3.7/site-packages/airflow/example_dags/example_trigger_controller_dag.py
[2022-02-25 00:30:21,494] {processor.py:654} INFO - DAG(s) dict_keys(['example_trigger_controller_dag']) retrieved from /home/airflow/.local/lib/python3.7/site-packages/airflow/example_dags/example_trigger_controller_dag.py
[2022-02-25 00:30:21,514] {logging_mixin.py:109} INFO - [2022-02-25 00:30:21,513] {dag.py:2396} INFO - Sync 1 DAGs
[2022-02-25 00:30:21,545] {logging_mixin.py:109} INFO - [2022-02-25 00:30:21,545] {dag.py:2935} INFO - Setting next_dagrun for example_trigger_controller_dag to 2021-01-01T00:00:00+00:00
[2022-02-25 00:30:21,560] {processor.py:171} INFO - Processing /home/airflow/.local/lib/python3.7/site-packages/airflow/example_dags/example_trigger_controller_dag.py took 0.106 seconds
[2022-02-25 00:30:52,012] {processor.py:163} INFO - Started process (PID=19336) to work on /home/airflow/.local/lib/python3.7/site-packages/airflow/example_dags/example_trigger_controller_dag.py
[2022-02-25 00:30:52,014] {processor.py:642} INFO - Processing file /home/airflow/.local/lib/python3.7/site-packages/airflow/example_dags/example_trigger_controller_dag.py for tasks to queue
[2022-02-25 00:30:52,015] {logging_mixin.py:109} INFO - [2022-02-25 00:30:52,015] {dagbag.py:500} INFO - Filling up the DagBag from /home/airflow/.local/lib/python3.7/site-packages/airflow/example_dags/example_trigger_controller_dag.py
[2022-02-25 00:30:52,045] {processor.py:654} INFO - DAG(s) dict_keys(['example_trigger_controller_dag']) retrieved from /home/airflow/.local/lib/python3.7/site-packages/airflow/example_dags/example_trigger_controller_dag.py
[2022-02-25 00:30:52,056] {logging_mixin.py:109} INFO - [2022-02-25 00:30:52,056] {dag.py:2396} INFO - Sync 1 DAGs
[2022-02-25 00:30:52,073] {logging_mixin.py:109} INFO - [2022-02-25 00:30:52,072] {dag.py:2935} INFO - Setting next_dagrun for example_trigger_controller_dag to 2021-01-01T00:00:00+00:00
[2022-02-25 00:30:52,082] {processor.py:171} INFO - Processing /home/airflow/.local/lib/python3.7/site-packages/airflow/example_dags/example_trigger_controller_dag.py took 0.074 seconds
[2022-02-25 00:31:22,980] {processor.py:163} INFO - Started process (PID=19389) to work on /home/airflow/.local/lib/python3.7/site-packages/airflow/example_dags/example_trigger_controller_dag.py
[2022-02-25 00:31:22,982] {processor.py:642} INFO - Processing file /home/airflow/.local/lib/python3.7/site-packages/airflow/example_dags/example_trigger_controller_dag.py for tasks to queue
[2022-02-25 00:31:22,983] {logging_mixin.py:109} INFO - [2022-02-25 00:31:22,983] {dagbag.py:500} INFO - Filling up the DagBag from /home/airflow/.local/lib/python3.7/site-packages/airflow/example_dags/example_trigger_controller_dag.py
[2022-02-25 00:31:23,012] {processor.py:654} INFO - DAG(s) dict_keys(['example_trigger_controller_dag']) retrieved from /home/airflow/.local/lib/python3.7/site-packages/airflow/example_dags/example_trigger_controller_dag.py
[2022-02-25 00:31:23,024] {logging_mixin.py:109} INFO - [2022-02-25 00:31:23,024] {dag.py:2396} INFO - Sync 1 DAGs
[2022-02-25 00:31:23,045] {logging_mixin.py:109} INFO - [2022-02-25 00:31:23,045] {dag.py:2935} INFO - Setting next_dagrun for example_trigger_controller_dag to 2021-01-01T00:00:00+00:00
[2022-02-25 00:31:23,056] {processor.py:171} INFO - Processing /home/airflow/.local/lib/python3.7/site-packages/airflow/example_dags/example_trigger_controller_dag.py took 0.079 seconds
[2022-02-25 00:31:53,297] {processor.py:163} INFO - Started process (PID=19449) to work on /home/airflow/.local/lib/python3.7/site-packages/airflow/example_dags/example_trigger_controller_dag.py
[2022-02-25 00:31:53,299] {processor.py:642} INFO - Processing file /home/airflow/.local/lib/python3.7/site-packages/airflow/example_dags/example_trigger_controller_dag.py for tasks to queue
[2022-02-25 00:31:53,300] {logging_mixin.py:109} INFO - [2022-02-25 00:31:53,300] {dagbag.py:500} INFO - Filling up the DagBag from /home/airflow/.local/lib/python3.7/site-packages/airflow/example_dags/example_trigger_controller_dag.py
[2022-02-25 00:31:53,335] {processor.py:654} INFO - DAG(s) dict_keys(['example_trigger_controller_dag']) retrieved from /home/airflow/.local/lib/python3.7/site-packages/airflow/example_dags/example_trigger_controller_dag.py
[2022-02-25 00:31:53,348] {logging_mixin.py:109} INFO - [2022-02-25 00:31:53,348] {dag.py:2396} INFO - Sync 1 DAGs
[2022-02-25 00:31:53,376] {logging_mixin.py:109} INFO - [2022-02-25 00:31:53,376] {dag.py:2935} INFO - Setting next_dagrun for example_trigger_controller_dag to 2021-01-01T00:00:00+00:00
[2022-02-25 00:31:53,396] {processor.py:171} INFO - Processing /home/airflow/.local/lib/python3.7/site-packages/airflow/example_dags/example_trigger_controller_dag.py took 0.103 seconds
[2022-02-25 00:32:23,787] {processor.py:163} INFO - Started process (PID=19500) to work on /home/airflow/.local/lib/python3.7/site-packages/airflow/example_dags/example_trigger_controller_dag.py
[2022-02-25 00:32:23,789] {processor.py:642} INFO - Processing file /home/airflow/.local/lib/python3.7/site-packages/airflow/example_dags/example_trigger_controller_dag.py for tasks to queue
[2022-02-25 00:32:23,790] {logging_mixin.py:109} INFO - [2022-02-25 00:32:23,790] {dagbag.py:500} INFO - Filling up the DagBag from /home/airflow/.local/lib/python3.7/site-packages/airflow/example_dags/example_trigger_controller_dag.py
[2022-02-25 00:32:23,817] {processor.py:654} INFO - DAG(s) dict_keys(['example_trigger_controller_dag']) retrieved from /home/airflow/.local/lib/python3.7/site-packages/airflow/example_dags/example_trigger_controller_dag.py
[2022-02-25 00:32:23,826] {logging_mixin.py:109} INFO - [2022-02-25 00:32:23,826] {dag.py:2396} INFO - Sync 1 DAGs
[2022-02-25 00:32:23,842] {logging_mixin.py:109} INFO - [2022-02-25 00:32:23,842] {dag.py:2935} INFO - Setting next_dagrun for example_trigger_controller_dag to 2021-01-01T00:00:00+00:00
[2022-02-25 00:32:23,852] {processor.py:171} INFO - Processing /home/airflow/.local/lib/python3.7/site-packages/airflow/example_dags/example_trigger_controller_dag.py took 0.069 seconds
[2022-02-25 00:32:54,771] {processor.py:163} INFO - Started process (PID=19561) to work on /home/airflow/.local/lib/python3.7/site-packages/airflow/example_dags/example_trigger_controller_dag.py
[2022-02-25 00:32:54,773] {processor.py:642} INFO - Processing file /home/airflow/.local/lib/python3.7/site-packages/airflow/example_dags/example_trigger_controller_dag.py for tasks to queue
[2022-02-25 00:32:54,774] {logging_mixin.py:109} INFO - [2022-02-25 00:32:54,774] {dagbag.py:500} INFO - Filling up the DagBag from /home/airflow/.local/lib/python3.7/site-packages/airflow/example_dags/example_trigger_controller_dag.py
[2022-02-25 00:32:54,801] {processor.py:654} INFO - DAG(s) dict_keys(['example_trigger_controller_dag']) retrieved from /home/airflow/.local/lib/python3.7/site-packages/airflow/example_dags/example_trigger_controller_dag.py
[2022-02-25 00:32:54,811] {logging_mixin.py:109} INFO - [2022-02-25 00:32:54,811] {dag.py:2396} INFO - Sync 1 DAGs
[2022-02-25 00:32:54,827] {logging_mixin.py:109} INFO - [2022-02-25 00:32:54,827] {dag.py:2935} INFO - Setting next_dagrun for example_trigger_controller_dag to 2021-01-01T00:00:00+00:00
[2022-02-25 00:32:54,837] {processor.py:171} INFO - Processing /home/airflow/.local/lib/python3.7/site-packages/airflow/example_dags/example_trigger_controller_dag.py took 0.070 seconds
