[2022-02-25 00:00:05,369] {processor.py:163} INFO - Started process (PID=15920) to work on /home/airflow/.local/lib/python3.7/site-packages/airflow/example_dags/example_complex.py
[2022-02-25 00:00:05,371] {processor.py:642} INFO - Processing file /home/airflow/.local/lib/python3.7/site-packages/airflow/example_dags/example_complex.py for tasks to queue
[2022-02-25 00:00:05,372] {logging_mixin.py:109} INFO - [2022-02-25 00:00:05,372] {dagbag.py:500} INFO - Filling up the DagBag from /home/airflow/.local/lib/python3.7/site-packages/airflow/example_dags/example_complex.py
[2022-02-25 00:00:05,409] {processor.py:654} INFO - DAG(s) dict_keys(['example_complex']) retrieved from /home/airflow/.local/lib/python3.7/site-packages/airflow/example_dags/example_complex.py
[2022-02-25 00:00:05,425] {logging_mixin.py:109} INFO - [2022-02-25 00:00:05,425] {dag.py:2396} INFO - Sync 1 DAGs
[2022-02-25 00:00:05,445] {logging_mixin.py:109} INFO - [2022-02-25 00:00:05,445] {dag.py:2935} INFO - Setting next_dagrun for example_complex to None
[2022-02-25 00:00:05,455] {processor.py:171} INFO - Processing /home/airflow/.local/lib/python3.7/site-packages/airflow/example_dags/example_complex.py took 0.089 seconds
[2022-02-25 00:00:35,658] {processor.py:163} INFO - Started process (PID=15980) to work on /home/airflow/.local/lib/python3.7/site-packages/airflow/example_dags/example_complex.py
[2022-02-25 00:00:35,660] {processor.py:642} INFO - Processing file /home/airflow/.local/lib/python3.7/site-packages/airflow/example_dags/example_complex.py for tasks to queue
[2022-02-25 00:00:35,662] {logging_mixin.py:109} INFO - [2022-02-25 00:00:35,662] {dagbag.py:500} INFO - Filling up the DagBag from /home/airflow/.local/lib/python3.7/site-packages/airflow/example_dags/example_complex.py
[2022-02-25 00:00:35,700] {processor.py:654} INFO - DAG(s) dict_keys(['example_complex']) retrieved from /home/airflow/.local/lib/python3.7/site-packages/airflow/example_dags/example_complex.py
[2022-02-25 00:00:35,719] {logging_mixin.py:109} INFO - [2022-02-25 00:00:35,719] {dag.py:2396} INFO - Sync 1 DAGs
[2022-02-25 00:00:35,736] {logging_mixin.py:109} INFO - [2022-02-25 00:00:35,736] {dag.py:2935} INFO - Setting next_dagrun for example_complex to None
[2022-02-25 00:00:35,745] {processor.py:171} INFO - Processing /home/airflow/.local/lib/python3.7/site-packages/airflow/example_dags/example_complex.py took 0.090 seconds
[2022-02-25 00:01:06,055] {processor.py:163} INFO - Started process (PID=16031) to work on /home/airflow/.local/lib/python3.7/site-packages/airflow/example_dags/example_complex.py
[2022-02-25 00:01:06,058] {processor.py:642} INFO - Processing file /home/airflow/.local/lib/python3.7/site-packages/airflow/example_dags/example_complex.py for tasks to queue
[2022-02-25 00:01:06,059] {logging_mixin.py:109} INFO - [2022-02-25 00:01:06,059] {dagbag.py:500} INFO - Filling up the DagBag from /home/airflow/.local/lib/python3.7/site-packages/airflow/example_dags/example_complex.py
[2022-02-25 00:01:06,098] {processor.py:654} INFO - DAG(s) dict_keys(['example_complex']) retrieved from /home/airflow/.local/lib/python3.7/site-packages/airflow/example_dags/example_complex.py
[2022-02-25 00:01:06,116] {logging_mixin.py:109} INFO - [2022-02-25 00:01:06,116] {dag.py:2396} INFO - Sync 1 DAGs
[2022-02-25 00:01:06,133] {logging_mixin.py:109} INFO - [2022-02-25 00:01:06,132] {dag.py:2935} INFO - Setting next_dagrun for example_complex to None
[2022-02-25 00:01:06,142] {processor.py:171} INFO - Processing /home/airflow/.local/lib/python3.7/site-packages/airflow/example_dags/example_complex.py took 0.090 seconds
[2022-02-25 00:01:36,557] {processor.py:163} INFO - Started process (PID=16092) to work on /home/airflow/.local/lib/python3.7/site-packages/airflow/example_dags/example_complex.py
[2022-02-25 00:01:36,559] {processor.py:642} INFO - Processing file /home/airflow/.local/lib/python3.7/site-packages/airflow/example_dags/example_complex.py for tasks to queue
[2022-02-25 00:01:36,560] {logging_mixin.py:109} INFO - [2022-02-25 00:01:36,560] {dagbag.py:500} INFO - Filling up the DagBag from /home/airflow/.local/lib/python3.7/site-packages/airflow/example_dags/example_complex.py
[2022-02-25 00:01:36,595] {processor.py:654} INFO - DAG(s) dict_keys(['example_complex']) retrieved from /home/airflow/.local/lib/python3.7/site-packages/airflow/example_dags/example_complex.py
[2022-02-25 00:01:36,611] {logging_mixin.py:109} INFO - [2022-02-25 00:01:36,611] {dag.py:2396} INFO - Sync 1 DAGs
[2022-02-25 00:01:36,627] {logging_mixin.py:109} INFO - [2022-02-25 00:01:36,627] {dag.py:2935} INFO - Setting next_dagrun for example_complex to None
[2022-02-25 00:01:36,637] {processor.py:171} INFO - Processing /home/airflow/.local/lib/python3.7/site-packages/airflow/example_dags/example_complex.py took 0.083 seconds
[2022-02-25 00:02:06,858] {processor.py:163} INFO - Started process (PID=16143) to work on /home/airflow/.local/lib/python3.7/site-packages/airflow/example_dags/example_complex.py
[2022-02-25 00:02:06,860] {processor.py:642} INFO - Processing file /home/airflow/.local/lib/python3.7/site-packages/airflow/example_dags/example_complex.py for tasks to queue
[2022-02-25 00:02:06,861] {logging_mixin.py:109} INFO - [2022-02-25 00:02:06,861] {dagbag.py:500} INFO - Filling up the DagBag from /home/airflow/.local/lib/python3.7/site-packages/airflow/example_dags/example_complex.py
[2022-02-25 00:02:06,897] {processor.py:654} INFO - DAG(s) dict_keys(['example_complex']) retrieved from /home/airflow/.local/lib/python3.7/site-packages/airflow/example_dags/example_complex.py
[2022-02-25 00:02:06,917] {logging_mixin.py:109} INFO - [2022-02-25 00:02:06,916] {dag.py:2396} INFO - Sync 1 DAGs
[2022-02-25 00:02:06,933] {logging_mixin.py:109} INFO - [2022-02-25 00:02:06,933] {dag.py:2935} INFO - Setting next_dagrun for example_complex to None
[2022-02-25 00:02:06,947] {processor.py:171} INFO - Processing /home/airflow/.local/lib/python3.7/site-packages/airflow/example_dags/example_complex.py took 0.093 seconds
[2022-02-25 00:02:37,188] {processor.py:163} INFO - Started process (PID=16205) to work on /home/airflow/.local/lib/python3.7/site-packages/airflow/example_dags/example_complex.py
[2022-02-25 00:02:37,190] {processor.py:642} INFO - Processing file /home/airflow/.local/lib/python3.7/site-packages/airflow/example_dags/example_complex.py for tasks to queue
[2022-02-25 00:02:37,192] {logging_mixin.py:109} INFO - [2022-02-25 00:02:37,192] {dagbag.py:500} INFO - Filling up the DagBag from /home/airflow/.local/lib/python3.7/site-packages/airflow/example_dags/example_complex.py
[2022-02-25 00:02:37,227] {processor.py:654} INFO - DAG(s) dict_keys(['example_complex']) retrieved from /home/airflow/.local/lib/python3.7/site-packages/airflow/example_dags/example_complex.py
[2022-02-25 00:02:37,243] {logging_mixin.py:109} INFO - [2022-02-25 00:02:37,243] {dag.py:2396} INFO - Sync 1 DAGs
[2022-02-25 00:02:37,261] {logging_mixin.py:109} INFO - [2022-02-25 00:02:37,261] {dag.py:2935} INFO - Setting next_dagrun for example_complex to None
[2022-02-25 00:02:37,271] {processor.py:171} INFO - Processing /home/airflow/.local/lib/python3.7/site-packages/airflow/example_dags/example_complex.py took 0.086 seconds
[2022-02-25 00:03:07,792] {processor.py:163} INFO - Started process (PID=16256) to work on /home/airflow/.local/lib/python3.7/site-packages/airflow/example_dags/example_complex.py
[2022-02-25 00:03:07,794] {processor.py:642} INFO - Processing file /home/airflow/.local/lib/python3.7/site-packages/airflow/example_dags/example_complex.py for tasks to queue
[2022-02-25 00:03:07,796] {logging_mixin.py:109} INFO - [2022-02-25 00:03:07,795] {dagbag.py:500} INFO - Filling up the DagBag from /home/airflow/.local/lib/python3.7/site-packages/airflow/example_dags/example_complex.py
[2022-02-25 00:03:07,833] {processor.py:654} INFO - DAG(s) dict_keys(['example_complex']) retrieved from /home/airflow/.local/lib/python3.7/site-packages/airflow/example_dags/example_complex.py
[2022-02-25 00:03:07,851] {logging_mixin.py:109} INFO - [2022-02-25 00:03:07,851] {dag.py:2396} INFO - Sync 1 DAGs
[2022-02-25 00:03:07,868] {logging_mixin.py:109} INFO - [2022-02-25 00:03:07,868] {dag.py:2935} INFO - Setting next_dagrun for example_complex to None
[2022-02-25 00:03:07,878] {processor.py:171} INFO - Processing /home/airflow/.local/lib/python3.7/site-packages/airflow/example_dags/example_complex.py took 0.089 seconds
[2022-02-25 00:03:38,010] {processor.py:163} INFO - Started process (PID=16316) to work on /home/airflow/.local/lib/python3.7/site-packages/airflow/example_dags/example_complex.py
[2022-02-25 00:03:38,012] {processor.py:642} INFO - Processing file /home/airflow/.local/lib/python3.7/site-packages/airflow/example_dags/example_complex.py for tasks to queue
[2022-02-25 00:03:38,013] {logging_mixin.py:109} INFO - [2022-02-25 00:03:38,013] {dagbag.py:500} INFO - Filling up the DagBag from /home/airflow/.local/lib/python3.7/site-packages/airflow/example_dags/example_complex.py
[2022-02-25 00:03:38,049] {processor.py:654} INFO - DAG(s) dict_keys(['example_complex']) retrieved from /home/airflow/.local/lib/python3.7/site-packages/airflow/example_dags/example_complex.py
[2022-02-25 00:03:38,065] {logging_mixin.py:109} INFO - [2022-02-25 00:03:38,065] {dag.py:2396} INFO - Sync 1 DAGs
[2022-02-25 00:03:38,083] {logging_mixin.py:109} INFO - [2022-02-25 00:03:38,083] {dag.py:2935} INFO - Setting next_dagrun for example_complex to None
[2022-02-25 00:03:38,093] {processor.py:171} INFO - Processing /home/airflow/.local/lib/python3.7/site-packages/airflow/example_dags/example_complex.py took 0.087 seconds
[2022-02-25 00:04:08,441] {processor.py:163} INFO - Started process (PID=16368) to work on /home/airflow/.local/lib/python3.7/site-packages/airflow/example_dags/example_complex.py
[2022-02-25 00:04:08,443] {processor.py:642} INFO - Processing file /home/airflow/.local/lib/python3.7/site-packages/airflow/example_dags/example_complex.py for tasks to queue
[2022-02-25 00:04:08,444] {logging_mixin.py:109} INFO - [2022-02-25 00:04:08,444] {dagbag.py:500} INFO - Filling up the DagBag from /home/airflow/.local/lib/python3.7/site-packages/airflow/example_dags/example_complex.py
[2022-02-25 00:04:08,486] {processor.py:654} INFO - DAG(s) dict_keys(['example_complex']) retrieved from /home/airflow/.local/lib/python3.7/site-packages/airflow/example_dags/example_complex.py
[2022-02-25 00:04:08,504] {logging_mixin.py:109} INFO - [2022-02-25 00:04:08,504] {dag.py:2396} INFO - Sync 1 DAGs
[2022-02-25 00:04:08,521] {logging_mixin.py:109} INFO - [2022-02-25 00:04:08,521] {dag.py:2935} INFO - Setting next_dagrun for example_complex to None
[2022-02-25 00:04:08,530] {processor.py:171} INFO - Processing /home/airflow/.local/lib/python3.7/site-packages/airflow/example_dags/example_complex.py took 0.093 seconds
[2022-02-25 00:04:38,965] {processor.py:163} INFO - Started process (PID=16429) to work on /home/airflow/.local/lib/python3.7/site-packages/airflow/example_dags/example_complex.py
[2022-02-25 00:04:38,967] {processor.py:642} INFO - Processing file /home/airflow/.local/lib/python3.7/site-packages/airflow/example_dags/example_complex.py for tasks to queue
[2022-02-25 00:04:38,968] {logging_mixin.py:109} INFO - [2022-02-25 00:04:38,968] {dagbag.py:500} INFO - Filling up the DagBag from /home/airflow/.local/lib/python3.7/site-packages/airflow/example_dags/example_complex.py
[2022-02-25 00:04:39,004] {processor.py:654} INFO - DAG(s) dict_keys(['example_complex']) retrieved from /home/airflow/.local/lib/python3.7/site-packages/airflow/example_dags/example_complex.py
[2022-02-25 00:04:39,021] {logging_mixin.py:109} INFO - [2022-02-25 00:04:39,021] {dag.py:2396} INFO - Sync 1 DAGs
[2022-02-25 00:04:39,038] {logging_mixin.py:109} INFO - [2022-02-25 00:04:39,038] {dag.py:2935} INFO - Setting next_dagrun for example_complex to None
[2022-02-25 00:04:39,050] {processor.py:171} INFO - Processing /home/airflow/.local/lib/python3.7/site-packages/airflow/example_dags/example_complex.py took 0.088 seconds
[2022-02-25 00:05:09,989] {processor.py:163} INFO - Started process (PID=16480) to work on /home/airflow/.local/lib/python3.7/site-packages/airflow/example_dags/example_complex.py
[2022-02-25 00:05:09,992] {processor.py:642} INFO - Processing file /home/airflow/.local/lib/python3.7/site-packages/airflow/example_dags/example_complex.py for tasks to queue
[2022-02-25 00:05:09,993] {logging_mixin.py:109} INFO - [2022-02-25 00:05:09,993] {dagbag.py:500} INFO - Filling up the DagBag from /home/airflow/.local/lib/python3.7/site-packages/airflow/example_dags/example_complex.py
[2022-02-25 00:05:10,030] {processor.py:654} INFO - DAG(s) dict_keys(['example_complex']) retrieved from /home/airflow/.local/lib/python3.7/site-packages/airflow/example_dags/example_complex.py
[2022-02-25 00:05:10,045] {logging_mixin.py:109} INFO - [2022-02-25 00:05:10,045] {dag.py:2396} INFO - Sync 1 DAGs
[2022-02-25 00:05:10,062] {logging_mixin.py:109} INFO - [2022-02-25 00:05:10,062] {dag.py:2935} INFO - Setting next_dagrun for example_complex to None
[2022-02-25 00:05:10,071] {processor.py:171} INFO - Processing /home/airflow/.local/lib/python3.7/site-packages/airflow/example_dags/example_complex.py took 0.086 seconds
[2022-02-25 00:05:40,397] {processor.py:163} INFO - Started process (PID=16542) to work on /home/airflow/.local/lib/python3.7/site-packages/airflow/example_dags/example_complex.py
[2022-02-25 00:05:40,399] {processor.py:642} INFO - Processing file /home/airflow/.local/lib/python3.7/site-packages/airflow/example_dags/example_complex.py for tasks to queue
[2022-02-25 00:05:40,400] {logging_mixin.py:109} INFO - [2022-02-25 00:05:40,400] {dagbag.py:500} INFO - Filling up the DagBag from /home/airflow/.local/lib/python3.7/site-packages/airflow/example_dags/example_complex.py
[2022-02-25 00:05:40,441] {processor.py:654} INFO - DAG(s) dict_keys(['example_complex']) retrieved from /home/airflow/.local/lib/python3.7/site-packages/airflow/example_dags/example_complex.py
[2022-02-25 00:05:40,458] {logging_mixin.py:109} INFO - [2022-02-25 00:05:40,458] {dag.py:2396} INFO - Sync 1 DAGs
[2022-02-25 00:05:40,475] {logging_mixin.py:109} INFO - [2022-02-25 00:05:40,475] {dag.py:2935} INFO - Setting next_dagrun for example_complex to None
[2022-02-25 00:05:40,483] {processor.py:171} INFO - Processing /home/airflow/.local/lib/python3.7/site-packages/airflow/example_dags/example_complex.py took 0.091 seconds
[2022-02-25 00:06:10,626] {processor.py:163} INFO - Started process (PID=16593) to work on /home/airflow/.local/lib/python3.7/site-packages/airflow/example_dags/example_complex.py
[2022-02-25 00:06:10,628] {processor.py:642} INFO - Processing file /home/airflow/.local/lib/python3.7/site-packages/airflow/example_dags/example_complex.py for tasks to queue
[2022-02-25 00:06:10,629] {logging_mixin.py:109} INFO - [2022-02-25 00:06:10,629] {dagbag.py:500} INFO - Filling up the DagBag from /home/airflow/.local/lib/python3.7/site-packages/airflow/example_dags/example_complex.py
[2022-02-25 00:06:10,667] {processor.py:654} INFO - DAG(s) dict_keys(['example_complex']) retrieved from /home/airflow/.local/lib/python3.7/site-packages/airflow/example_dags/example_complex.py
[2022-02-25 00:06:10,683] {logging_mixin.py:109} INFO - [2022-02-25 00:06:10,683] {dag.py:2396} INFO - Sync 1 DAGs
[2022-02-25 00:06:10,700] {logging_mixin.py:109} INFO - [2022-02-25 00:06:10,700] {dag.py:2935} INFO - Setting next_dagrun for example_complex to None
[2022-02-25 00:06:10,709] {processor.py:171} INFO - Processing /home/airflow/.local/lib/python3.7/site-packages/airflow/example_dags/example_complex.py took 0.086 seconds
[2022-02-25 00:06:41,949] {processor.py:163} INFO - Started process (PID=16656) to work on /home/airflow/.local/lib/python3.7/site-packages/airflow/example_dags/example_complex.py
[2022-02-25 00:06:41,951] {processor.py:642} INFO - Processing file /home/airflow/.local/lib/python3.7/site-packages/airflow/example_dags/example_complex.py for tasks to queue
[2022-02-25 00:06:41,953] {logging_mixin.py:109} INFO - [2022-02-25 00:06:41,952] {dagbag.py:500} INFO - Filling up the DagBag from /home/airflow/.local/lib/python3.7/site-packages/airflow/example_dags/example_complex.py
[2022-02-25 00:06:41,990] {processor.py:654} INFO - DAG(s) dict_keys(['example_complex']) retrieved from /home/airflow/.local/lib/python3.7/site-packages/airflow/example_dags/example_complex.py
[2022-02-25 00:06:42,007] {logging_mixin.py:109} INFO - [2022-02-25 00:06:42,006] {dag.py:2396} INFO - Sync 1 DAGs
[2022-02-25 00:06:42,027] {logging_mixin.py:109} INFO - [2022-02-25 00:06:42,026] {dag.py:2935} INFO - Setting next_dagrun for example_complex to None
[2022-02-25 00:06:42,037] {processor.py:171} INFO - Processing /home/airflow/.local/lib/python3.7/site-packages/airflow/example_dags/example_complex.py took 0.091 seconds
[2022-02-25 00:07:13,172] {processor.py:163} INFO - Started process (PID=16708) to work on /home/airflow/.local/lib/python3.7/site-packages/airflow/example_dags/example_complex.py
[2022-02-25 00:07:13,173] {processor.py:642} INFO - Processing file /home/airflow/.local/lib/python3.7/site-packages/airflow/example_dags/example_complex.py for tasks to queue
[2022-02-25 00:07:13,175] {logging_mixin.py:109} INFO - [2022-02-25 00:07:13,175] {dagbag.py:500} INFO - Filling up the DagBag from /home/airflow/.local/lib/python3.7/site-packages/airflow/example_dags/example_complex.py
[2022-02-25 00:07:13,214] {processor.py:654} INFO - DAG(s) dict_keys(['example_complex']) retrieved from /home/airflow/.local/lib/python3.7/site-packages/airflow/example_dags/example_complex.py
[2022-02-25 00:07:13,233] {logging_mixin.py:109} INFO - [2022-02-25 00:07:13,233] {dag.py:2396} INFO - Sync 1 DAGs
[2022-02-25 00:07:13,253] {logging_mixin.py:109} INFO - [2022-02-25 00:07:13,253] {dag.py:2935} INFO - Setting next_dagrun for example_complex to None
[2022-02-25 00:07:13,263] {processor.py:171} INFO - Processing /home/airflow/.local/lib/python3.7/site-packages/airflow/example_dags/example_complex.py took 0.095 seconds
[2022-02-25 00:07:43,436] {processor.py:163} INFO - Started process (PID=16769) to work on /home/airflow/.local/lib/python3.7/site-packages/airflow/example_dags/example_complex.py
[2022-02-25 00:07:43,438] {processor.py:642} INFO - Processing file /home/airflow/.local/lib/python3.7/site-packages/airflow/example_dags/example_complex.py for tasks to queue
[2022-02-25 00:07:43,439] {logging_mixin.py:109} INFO - [2022-02-25 00:07:43,439] {dagbag.py:500} INFO - Filling up the DagBag from /home/airflow/.local/lib/python3.7/site-packages/airflow/example_dags/example_complex.py
[2022-02-25 00:07:43,477] {processor.py:654} INFO - DAG(s) dict_keys(['example_complex']) retrieved from /home/airflow/.local/lib/python3.7/site-packages/airflow/example_dags/example_complex.py
[2022-02-25 00:07:43,494] {logging_mixin.py:109} INFO - [2022-02-25 00:07:43,494] {dag.py:2396} INFO - Sync 1 DAGs
[2022-02-25 00:07:43,510] {logging_mixin.py:109} INFO - [2022-02-25 00:07:43,510] {dag.py:2935} INFO - Setting next_dagrun for example_complex to None
[2022-02-25 00:07:43,521] {processor.py:171} INFO - Processing /home/airflow/.local/lib/python3.7/site-packages/airflow/example_dags/example_complex.py took 0.089 seconds
[2022-02-25 00:08:14,553] {processor.py:163} INFO - Started process (PID=16820) to work on /home/airflow/.local/lib/python3.7/site-packages/airflow/example_dags/example_complex.py
[2022-02-25 00:08:14,555] {processor.py:642} INFO - Processing file /home/airflow/.local/lib/python3.7/site-packages/airflow/example_dags/example_complex.py for tasks to queue
[2022-02-25 00:08:14,556] {logging_mixin.py:109} INFO - [2022-02-25 00:08:14,556] {dagbag.py:500} INFO - Filling up the DagBag from /home/airflow/.local/lib/python3.7/site-packages/airflow/example_dags/example_complex.py
[2022-02-25 00:08:14,594] {processor.py:654} INFO - DAG(s) dict_keys(['example_complex']) retrieved from /home/airflow/.local/lib/python3.7/site-packages/airflow/example_dags/example_complex.py
[2022-02-25 00:08:14,610] {logging_mixin.py:109} INFO - [2022-02-25 00:08:14,610] {dag.py:2396} INFO - Sync 1 DAGs
[2022-02-25 00:08:14,627] {logging_mixin.py:109} INFO - [2022-02-25 00:08:14,627] {dag.py:2935} INFO - Setting next_dagrun for example_complex to None
[2022-02-25 00:08:14,636] {processor.py:171} INFO - Processing /home/airflow/.local/lib/python3.7/site-packages/airflow/example_dags/example_complex.py took 0.087 seconds
[2022-02-25 00:08:45,597] {processor.py:163} INFO - Started process (PID=16881) to work on /home/airflow/.local/lib/python3.7/site-packages/airflow/example_dags/example_complex.py
[2022-02-25 00:08:45,599] {processor.py:642} INFO - Processing file /home/airflow/.local/lib/python3.7/site-packages/airflow/example_dags/example_complex.py for tasks to queue
[2022-02-25 00:08:45,600] {logging_mixin.py:109} INFO - [2022-02-25 00:08:45,600] {dagbag.py:500} INFO - Filling up the DagBag from /home/airflow/.local/lib/python3.7/site-packages/airflow/example_dags/example_complex.py
[2022-02-25 00:08:45,637] {processor.py:654} INFO - DAG(s) dict_keys(['example_complex']) retrieved from /home/airflow/.local/lib/python3.7/site-packages/airflow/example_dags/example_complex.py
[2022-02-25 00:08:45,654] {logging_mixin.py:109} INFO - [2022-02-25 00:08:45,654] {dag.py:2396} INFO - Sync 1 DAGs
[2022-02-25 00:08:45,670] {logging_mixin.py:109} INFO - [2022-02-25 00:08:45,670] {dag.py:2935} INFO - Setting next_dagrun for example_complex to None
[2022-02-25 00:08:45,679] {processor.py:171} INFO - Processing /home/airflow/.local/lib/python3.7/site-packages/airflow/example_dags/example_complex.py took 0.086 seconds
[2022-02-25 00:09:16,875] {processor.py:163} INFO - Started process (PID=16933) to work on /home/airflow/.local/lib/python3.7/site-packages/airflow/example_dags/example_complex.py
[2022-02-25 00:09:16,877] {processor.py:642} INFO - Processing file /home/airflow/.local/lib/python3.7/site-packages/airflow/example_dags/example_complex.py for tasks to queue
[2022-02-25 00:09:16,878] {logging_mixin.py:109} INFO - [2022-02-25 00:09:16,878] {dagbag.py:500} INFO - Filling up the DagBag from /home/airflow/.local/lib/python3.7/site-packages/airflow/example_dags/example_complex.py
[2022-02-25 00:09:16,916] {processor.py:654} INFO - DAG(s) dict_keys(['example_complex']) retrieved from /home/airflow/.local/lib/python3.7/site-packages/airflow/example_dags/example_complex.py
[2022-02-25 00:09:16,935] {logging_mixin.py:109} INFO - [2022-02-25 00:09:16,935] {dag.py:2396} INFO - Sync 1 DAGs
[2022-02-25 00:09:16,960] {logging_mixin.py:109} INFO - [2022-02-25 00:09:16,959] {dag.py:2935} INFO - Setting next_dagrun for example_complex to None
[2022-02-25 00:09:16,971] {processor.py:171} INFO - Processing /home/airflow/.local/lib/python3.7/site-packages/airflow/example_dags/example_complex.py took 0.100 seconds
[2022-02-25 00:09:47,212] {processor.py:163} INFO - Started process (PID=16996) to work on /home/airflow/.local/lib/python3.7/site-packages/airflow/example_dags/example_complex.py
[2022-02-25 00:09:47,214] {processor.py:642} INFO - Processing file /home/airflow/.local/lib/python3.7/site-packages/airflow/example_dags/example_complex.py for tasks to queue
[2022-02-25 00:09:47,215] {logging_mixin.py:109} INFO - [2022-02-25 00:09:47,215] {dagbag.py:500} INFO - Filling up the DagBag from /home/airflow/.local/lib/python3.7/site-packages/airflow/example_dags/example_complex.py
[2022-02-25 00:09:47,250] {processor.py:654} INFO - DAG(s) dict_keys(['example_complex']) retrieved from /home/airflow/.local/lib/python3.7/site-packages/airflow/example_dags/example_complex.py
[2022-02-25 00:09:47,266] {logging_mixin.py:109} INFO - [2022-02-25 00:09:47,265] {dag.py:2396} INFO - Sync 1 DAGs
[2022-02-25 00:09:47,281] {logging_mixin.py:109} INFO - [2022-02-25 00:09:47,281] {dag.py:2935} INFO - Setting next_dagrun for example_complex to None
[2022-02-25 00:09:47,290] {processor.py:171} INFO - Processing /home/airflow/.local/lib/python3.7/site-packages/airflow/example_dags/example_complex.py took 0.082 seconds
[2022-02-25 00:10:18,614] {processor.py:163} INFO - Started process (PID=17049) to work on /home/airflow/.local/lib/python3.7/site-packages/airflow/example_dags/example_complex.py
[2022-02-25 00:10:18,616] {processor.py:642} INFO - Processing file /home/airflow/.local/lib/python3.7/site-packages/airflow/example_dags/example_complex.py for tasks to queue
[2022-02-25 00:10:18,617] {logging_mixin.py:109} INFO - [2022-02-25 00:10:18,617] {dagbag.py:500} INFO - Filling up the DagBag from /home/airflow/.local/lib/python3.7/site-packages/airflow/example_dags/example_complex.py
[2022-02-25 00:10:18,656] {processor.py:654} INFO - DAG(s) dict_keys(['example_complex']) retrieved from /home/airflow/.local/lib/python3.7/site-packages/airflow/example_dags/example_complex.py
[2022-02-25 00:10:18,674] {logging_mixin.py:109} INFO - [2022-02-25 00:10:18,674] {dag.py:2396} INFO - Sync 1 DAGs
[2022-02-25 00:10:18,690] {logging_mixin.py:109} INFO - [2022-02-25 00:10:18,690] {dag.py:2935} INFO - Setting next_dagrun for example_complex to None
[2022-02-25 00:10:18,699] {processor.py:171} INFO - Processing /home/airflow/.local/lib/python3.7/site-packages/airflow/example_dags/example_complex.py took 0.089 seconds
[2022-02-25 00:10:48,866] {processor.py:163} INFO - Started process (PID=17111) to work on /home/airflow/.local/lib/python3.7/site-packages/airflow/example_dags/example_complex.py
[2022-02-25 00:10:48,868] {processor.py:642} INFO - Processing file /home/airflow/.local/lib/python3.7/site-packages/airflow/example_dags/example_complex.py for tasks to queue
[2022-02-25 00:10:48,869] {logging_mixin.py:109} INFO - [2022-02-25 00:10:48,869] {dagbag.py:500} INFO - Filling up the DagBag from /home/airflow/.local/lib/python3.7/site-packages/airflow/example_dags/example_complex.py
[2022-02-25 00:10:48,905] {processor.py:654} INFO - DAG(s) dict_keys(['example_complex']) retrieved from /home/airflow/.local/lib/python3.7/site-packages/airflow/example_dags/example_complex.py
[2022-02-25 00:10:48,923] {logging_mixin.py:109} INFO - [2022-02-25 00:10:48,923] {dag.py:2396} INFO - Sync 1 DAGs
[2022-02-25 00:10:48,939] {logging_mixin.py:109} INFO - [2022-02-25 00:10:48,938] {dag.py:2935} INFO - Setting next_dagrun for example_complex to None
[2022-02-25 00:10:48,948] {processor.py:171} INFO - Processing /home/airflow/.local/lib/python3.7/site-packages/airflow/example_dags/example_complex.py took 0.086 seconds
[2022-02-25 00:11:19,270] {processor.py:163} INFO - Started process (PID=17163) to work on /home/airflow/.local/lib/python3.7/site-packages/airflow/example_dags/example_complex.py
[2022-02-25 00:11:19,272] {processor.py:642} INFO - Processing file /home/airflow/.local/lib/python3.7/site-packages/airflow/example_dags/example_complex.py for tasks to queue
[2022-02-25 00:11:19,273] {logging_mixin.py:109} INFO - [2022-02-25 00:11:19,273] {dagbag.py:500} INFO - Filling up the DagBag from /home/airflow/.local/lib/python3.7/site-packages/airflow/example_dags/example_complex.py
[2022-02-25 00:11:19,312] {processor.py:654} INFO - DAG(s) dict_keys(['example_complex']) retrieved from /home/airflow/.local/lib/python3.7/site-packages/airflow/example_dags/example_complex.py
[2022-02-25 00:11:19,330] {logging_mixin.py:109} INFO - [2022-02-25 00:11:19,330] {dag.py:2396} INFO - Sync 1 DAGs
[2022-02-25 00:11:19,348] {logging_mixin.py:109} INFO - [2022-02-25 00:11:19,348] {dag.py:2935} INFO - Setting next_dagrun for example_complex to None
[2022-02-25 00:11:19,359] {processor.py:171} INFO - Processing /home/airflow/.local/lib/python3.7/site-packages/airflow/example_dags/example_complex.py took 0.094 seconds
[2022-02-25 00:11:49,617] {processor.py:163} INFO - Started process (PID=17224) to work on /home/airflow/.local/lib/python3.7/site-packages/airflow/example_dags/example_complex.py
[2022-02-25 00:11:49,619] {processor.py:642} INFO - Processing file /home/airflow/.local/lib/python3.7/site-packages/airflow/example_dags/example_complex.py for tasks to queue
[2022-02-25 00:11:49,620] {logging_mixin.py:109} INFO - [2022-02-25 00:11:49,620] {dagbag.py:500} INFO - Filling up the DagBag from /home/airflow/.local/lib/python3.7/site-packages/airflow/example_dags/example_complex.py
[2022-02-25 00:11:49,654] {processor.py:654} INFO - DAG(s) dict_keys(['example_complex']) retrieved from /home/airflow/.local/lib/python3.7/site-packages/airflow/example_dags/example_complex.py
[2022-02-25 00:11:49,670] {logging_mixin.py:109} INFO - [2022-02-25 00:11:49,670] {dag.py:2396} INFO - Sync 1 DAGs
[2022-02-25 00:11:49,686] {logging_mixin.py:109} INFO - [2022-02-25 00:11:49,686] {dag.py:2935} INFO - Setting next_dagrun for example_complex to None
[2022-02-25 00:11:49,695] {processor.py:171} INFO - Processing /home/airflow/.local/lib/python3.7/site-packages/airflow/example_dags/example_complex.py took 0.081 seconds
[2022-02-25 00:12:20,061] {processor.py:163} INFO - Started process (PID=17276) to work on /home/airflow/.local/lib/python3.7/site-packages/airflow/example_dags/example_complex.py
[2022-02-25 00:12:20,062] {processor.py:642} INFO - Processing file /home/airflow/.local/lib/python3.7/site-packages/airflow/example_dags/example_complex.py for tasks to queue
[2022-02-25 00:12:20,063] {logging_mixin.py:109} INFO - [2022-02-25 00:12:20,063] {dagbag.py:500} INFO - Filling up the DagBag from /home/airflow/.local/lib/python3.7/site-packages/airflow/example_dags/example_complex.py
[2022-02-25 00:12:20,099] {processor.py:654} INFO - DAG(s) dict_keys(['example_complex']) retrieved from /home/airflow/.local/lib/python3.7/site-packages/airflow/example_dags/example_complex.py
[2022-02-25 00:12:20,116] {logging_mixin.py:109} INFO - [2022-02-25 00:12:20,115] {dag.py:2396} INFO - Sync 1 DAGs
[2022-02-25 00:12:20,132] {logging_mixin.py:109} INFO - [2022-02-25 00:12:20,132] {dag.py:2935} INFO - Setting next_dagrun for example_complex to None
[2022-02-25 00:12:20,147] {processor.py:171} INFO - Processing /home/airflow/.local/lib/python3.7/site-packages/airflow/example_dags/example_complex.py took 0.091 seconds
[2022-02-25 00:12:50,316] {processor.py:163} INFO - Started process (PID=17339) to work on /home/airflow/.local/lib/python3.7/site-packages/airflow/example_dags/example_complex.py
[2022-02-25 00:12:50,318] {processor.py:642} INFO - Processing file /home/airflow/.local/lib/python3.7/site-packages/airflow/example_dags/example_complex.py for tasks to queue
[2022-02-25 00:12:50,320] {logging_mixin.py:109} INFO - [2022-02-25 00:12:50,319] {dagbag.py:500} INFO - Filling up the DagBag from /home/airflow/.local/lib/python3.7/site-packages/airflow/example_dags/example_complex.py
[2022-02-25 00:12:50,359] {processor.py:654} INFO - DAG(s) dict_keys(['example_complex']) retrieved from /home/airflow/.local/lib/python3.7/site-packages/airflow/example_dags/example_complex.py
[2022-02-25 00:12:50,375] {logging_mixin.py:109} INFO - [2022-02-25 00:12:50,375] {dag.py:2396} INFO - Sync 1 DAGs
[2022-02-25 00:12:50,391] {logging_mixin.py:109} INFO - [2022-02-25 00:12:50,391] {dag.py:2935} INFO - Setting next_dagrun for example_complex to None
[2022-02-25 00:12:50,400] {processor.py:171} INFO - Processing /home/airflow/.local/lib/python3.7/site-packages/airflow/example_dags/example_complex.py took 0.088 seconds
[2022-02-25 00:13:20,816] {processor.py:163} INFO - Started process (PID=17390) to work on /home/airflow/.local/lib/python3.7/site-packages/airflow/example_dags/example_complex.py
[2022-02-25 00:13:20,818] {processor.py:642} INFO - Processing file /home/airflow/.local/lib/python3.7/site-packages/airflow/example_dags/example_complex.py for tasks to queue
[2022-02-25 00:13:20,819] {logging_mixin.py:109} INFO - [2022-02-25 00:13:20,819] {dagbag.py:500} INFO - Filling up the DagBag from /home/airflow/.local/lib/python3.7/site-packages/airflow/example_dags/example_complex.py
[2022-02-25 00:13:20,864] {processor.py:654} INFO - DAG(s) dict_keys(['example_complex']) retrieved from /home/airflow/.local/lib/python3.7/site-packages/airflow/example_dags/example_complex.py
[2022-02-25 00:13:20,883] {logging_mixin.py:109} INFO - [2022-02-25 00:13:20,882] {dag.py:2396} INFO - Sync 1 DAGs
[2022-02-25 00:13:20,901] {logging_mixin.py:109} INFO - [2022-02-25 00:13:20,901] {dag.py:2935} INFO - Setting next_dagrun for example_complex to None
[2022-02-25 00:13:20,910] {processor.py:171} INFO - Processing /home/airflow/.local/lib/python3.7/site-packages/airflow/example_dags/example_complex.py took 0.098 seconds
[2022-02-25 00:13:51,144] {processor.py:163} INFO - Started process (PID=17450) to work on /home/airflow/.local/lib/python3.7/site-packages/airflow/example_dags/example_complex.py
[2022-02-25 00:13:51,146] {processor.py:642} INFO - Processing file /home/airflow/.local/lib/python3.7/site-packages/airflow/example_dags/example_complex.py for tasks to queue
[2022-02-25 00:13:51,148] {logging_mixin.py:109} INFO - [2022-02-25 00:13:51,147] {dagbag.py:500} INFO - Filling up the DagBag from /home/airflow/.local/lib/python3.7/site-packages/airflow/example_dags/example_complex.py
[2022-02-25 00:13:51,184] {processor.py:654} INFO - DAG(s) dict_keys(['example_complex']) retrieved from /home/airflow/.local/lib/python3.7/site-packages/airflow/example_dags/example_complex.py
[2022-02-25 00:13:51,200] {logging_mixin.py:109} INFO - [2022-02-25 00:13:51,200] {dag.py:2396} INFO - Sync 1 DAGs
[2022-02-25 00:13:51,216] {logging_mixin.py:109} INFO - [2022-02-25 00:13:51,216] {dag.py:2935} INFO - Setting next_dagrun for example_complex to None
[2022-02-25 00:13:51,226] {processor.py:171} INFO - Processing /home/airflow/.local/lib/python3.7/site-packages/airflow/example_dags/example_complex.py took 0.086 seconds
[2022-02-25 00:14:21,600] {processor.py:163} INFO - Started process (PID=17501) to work on /home/airflow/.local/lib/python3.7/site-packages/airflow/example_dags/example_complex.py
[2022-02-25 00:14:21,602] {processor.py:642} INFO - Processing file /home/airflow/.local/lib/python3.7/site-packages/airflow/example_dags/example_complex.py for tasks to queue
[2022-02-25 00:14:21,603] {logging_mixin.py:109} INFO - [2022-02-25 00:14:21,603] {dagbag.py:500} INFO - Filling up the DagBag from /home/airflow/.local/lib/python3.7/site-packages/airflow/example_dags/example_complex.py
[2022-02-25 00:14:21,639] {processor.py:654} INFO - DAG(s) dict_keys(['example_complex']) retrieved from /home/airflow/.local/lib/python3.7/site-packages/airflow/example_dags/example_complex.py
[2022-02-25 00:14:21,655] {logging_mixin.py:109} INFO - [2022-02-25 00:14:21,654] {dag.py:2396} INFO - Sync 1 DAGs
[2022-02-25 00:14:21,671] {logging_mixin.py:109} INFO - [2022-02-25 00:14:21,671] {dag.py:2935} INFO - Setting next_dagrun for example_complex to None
[2022-02-25 00:14:21,680] {processor.py:171} INFO - Processing /home/airflow/.local/lib/python3.7/site-packages/airflow/example_dags/example_complex.py took 0.083 seconds
[2022-02-25 00:14:51,761] {processor.py:163} INFO - Started process (PID=17561) to work on /home/airflow/.local/lib/python3.7/site-packages/airflow/example_dags/example_complex.py
[2022-02-25 00:14:51,763] {processor.py:642} INFO - Processing file /home/airflow/.local/lib/python3.7/site-packages/airflow/example_dags/example_complex.py for tasks to queue
[2022-02-25 00:14:51,763] {logging_mixin.py:109} INFO - [2022-02-25 00:14:51,763] {dagbag.py:500} INFO - Filling up the DagBag from /home/airflow/.local/lib/python3.7/site-packages/airflow/example_dags/example_complex.py
[2022-02-25 00:14:51,802] {processor.py:654} INFO - DAG(s) dict_keys(['example_complex']) retrieved from /home/airflow/.local/lib/python3.7/site-packages/airflow/example_dags/example_complex.py
[2022-02-25 00:14:51,818] {logging_mixin.py:109} INFO - [2022-02-25 00:14:51,818] {dag.py:2396} INFO - Sync 1 DAGs
[2022-02-25 00:14:51,836] {logging_mixin.py:109} INFO - [2022-02-25 00:14:51,836] {dag.py:2935} INFO - Setting next_dagrun for example_complex to None
[2022-02-25 00:14:51,846] {processor.py:171} INFO - Processing /home/airflow/.local/lib/python3.7/site-packages/airflow/example_dags/example_complex.py took 0.088 seconds
[2022-02-25 00:15:21,972] {processor.py:163} INFO - Started process (PID=17613) to work on /home/airflow/.local/lib/python3.7/site-packages/airflow/example_dags/example_complex.py
[2022-02-25 00:15:21,974] {processor.py:642} INFO - Processing file /home/airflow/.local/lib/python3.7/site-packages/airflow/example_dags/example_complex.py for tasks to queue
[2022-02-25 00:15:21,975] {logging_mixin.py:109} INFO - [2022-02-25 00:15:21,975] {dagbag.py:500} INFO - Filling up the DagBag from /home/airflow/.local/lib/python3.7/site-packages/airflow/example_dags/example_complex.py
[2022-02-25 00:15:22,011] {processor.py:654} INFO - DAG(s) dict_keys(['example_complex']) retrieved from /home/airflow/.local/lib/python3.7/site-packages/airflow/example_dags/example_complex.py
[2022-02-25 00:15:22,027] {logging_mixin.py:109} INFO - [2022-02-25 00:15:22,027] {dag.py:2396} INFO - Sync 1 DAGs
[2022-02-25 00:15:22,044] {logging_mixin.py:109} INFO - [2022-02-25 00:15:22,043] {dag.py:2935} INFO - Setting next_dagrun for example_complex to None
[2022-02-25 00:15:22,053] {processor.py:171} INFO - Processing /home/airflow/.local/lib/python3.7/site-packages/airflow/example_dags/example_complex.py took 0.084 seconds
[2022-02-25 00:15:52,350] {processor.py:163} INFO - Started process (PID=17675) to work on /home/airflow/.local/lib/python3.7/site-packages/airflow/example_dags/example_complex.py
[2022-02-25 00:15:52,352] {processor.py:642} INFO - Processing file /home/airflow/.local/lib/python3.7/site-packages/airflow/example_dags/example_complex.py for tasks to queue
[2022-02-25 00:15:52,353] {logging_mixin.py:109} INFO - [2022-02-25 00:15:52,353] {dagbag.py:500} INFO - Filling up the DagBag from /home/airflow/.local/lib/python3.7/site-packages/airflow/example_dags/example_complex.py
[2022-02-25 00:15:52,388] {processor.py:654} INFO - DAG(s) dict_keys(['example_complex']) retrieved from /home/airflow/.local/lib/python3.7/site-packages/airflow/example_dags/example_complex.py
[2022-02-25 00:15:52,404] {logging_mixin.py:109} INFO - [2022-02-25 00:15:52,404] {dag.py:2396} INFO - Sync 1 DAGs
[2022-02-25 00:15:52,420] {logging_mixin.py:109} INFO - [2022-02-25 00:15:52,420] {dag.py:2935} INFO - Setting next_dagrun for example_complex to None
[2022-02-25 00:15:52,430] {processor.py:171} INFO - Processing /home/airflow/.local/lib/python3.7/site-packages/airflow/example_dags/example_complex.py took 0.084 seconds
[2022-02-25 00:16:22,497] {processor.py:163} INFO - Started process (PID=17726) to work on /home/airflow/.local/lib/python3.7/site-packages/airflow/example_dags/example_complex.py
[2022-02-25 00:16:22,498] {processor.py:642} INFO - Processing file /home/airflow/.local/lib/python3.7/site-packages/airflow/example_dags/example_complex.py for tasks to queue
[2022-02-25 00:16:22,499] {logging_mixin.py:109} INFO - [2022-02-25 00:16:22,499] {dagbag.py:500} INFO - Filling up the DagBag from /home/airflow/.local/lib/python3.7/site-packages/airflow/example_dags/example_complex.py
[2022-02-25 00:16:22,536] {processor.py:654} INFO - DAG(s) dict_keys(['example_complex']) retrieved from /home/airflow/.local/lib/python3.7/site-packages/airflow/example_dags/example_complex.py
[2022-02-25 00:16:22,554] {logging_mixin.py:109} INFO - [2022-02-25 00:16:22,553] {dag.py:2396} INFO - Sync 1 DAGs
[2022-02-25 00:16:22,571] {logging_mixin.py:109} INFO - [2022-02-25 00:16:22,571] {dag.py:2935} INFO - Setting next_dagrun for example_complex to None
[2022-02-25 00:16:22,583] {processor.py:171} INFO - Processing /home/airflow/.local/lib/python3.7/site-packages/airflow/example_dags/example_complex.py took 0.090 seconds
[2022-02-25 00:16:52,669] {processor.py:163} INFO - Started process (PID=17788) to work on /home/airflow/.local/lib/python3.7/site-packages/airflow/example_dags/example_complex.py
[2022-02-25 00:16:52,671] {processor.py:642} INFO - Processing file /home/airflow/.local/lib/python3.7/site-packages/airflow/example_dags/example_complex.py for tasks to queue
[2022-02-25 00:16:52,672] {logging_mixin.py:109} INFO - [2022-02-25 00:16:52,672] {dagbag.py:500} INFO - Filling up the DagBag from /home/airflow/.local/lib/python3.7/site-packages/airflow/example_dags/example_complex.py
[2022-02-25 00:16:52,707] {processor.py:654} INFO - DAG(s) dict_keys(['example_complex']) retrieved from /home/airflow/.local/lib/python3.7/site-packages/airflow/example_dags/example_complex.py
[2022-02-25 00:16:52,722] {logging_mixin.py:109} INFO - [2022-02-25 00:16:52,722] {dag.py:2396} INFO - Sync 1 DAGs
[2022-02-25 00:16:52,739] {logging_mixin.py:109} INFO - [2022-02-25 00:16:52,739] {dag.py:2935} INFO - Setting next_dagrun for example_complex to None
[2022-02-25 00:16:52,747] {processor.py:171} INFO - Processing /home/airflow/.local/lib/python3.7/site-packages/airflow/example_dags/example_complex.py took 0.082 seconds
[2022-02-25 00:17:23,086] {processor.py:163} INFO - Started process (PID=17840) to work on /home/airflow/.local/lib/python3.7/site-packages/airflow/example_dags/example_complex.py
[2022-02-25 00:17:23,088] {processor.py:642} INFO - Processing file /home/airflow/.local/lib/python3.7/site-packages/airflow/example_dags/example_complex.py for tasks to queue
[2022-02-25 00:17:23,089] {logging_mixin.py:109} INFO - [2022-02-25 00:17:23,089] {dagbag.py:500} INFO - Filling up the DagBag from /home/airflow/.local/lib/python3.7/site-packages/airflow/example_dags/example_complex.py
[2022-02-25 00:17:23,124] {processor.py:654} INFO - DAG(s) dict_keys(['example_complex']) retrieved from /home/airflow/.local/lib/python3.7/site-packages/airflow/example_dags/example_complex.py
[2022-02-25 00:17:23,140] {logging_mixin.py:109} INFO - [2022-02-25 00:17:23,140] {dag.py:2396} INFO - Sync 1 DAGs
[2022-02-25 00:17:23,156] {logging_mixin.py:109} INFO - [2022-02-25 00:17:23,156] {dag.py:2935} INFO - Setting next_dagrun for example_complex to None
[2022-02-25 00:17:23,165] {processor.py:171} INFO - Processing /home/airflow/.local/lib/python3.7/site-packages/airflow/example_dags/example_complex.py took 0.083 seconds
[2022-02-25 00:17:53,244] {processor.py:163} INFO - Started process (PID=17902) to work on /home/airflow/.local/lib/python3.7/site-packages/airflow/example_dags/example_complex.py
[2022-02-25 00:17:53,246] {processor.py:642} INFO - Processing file /home/airflow/.local/lib/python3.7/site-packages/airflow/example_dags/example_complex.py for tasks to queue
[2022-02-25 00:17:53,247] {logging_mixin.py:109} INFO - [2022-02-25 00:17:53,247] {dagbag.py:500} INFO - Filling up the DagBag from /home/airflow/.local/lib/python3.7/site-packages/airflow/example_dags/example_complex.py
[2022-02-25 00:17:53,287] {processor.py:654} INFO - DAG(s) dict_keys(['example_complex']) retrieved from /home/airflow/.local/lib/python3.7/site-packages/airflow/example_dags/example_complex.py
[2022-02-25 00:17:53,304] {logging_mixin.py:109} INFO - [2022-02-25 00:17:53,304] {dag.py:2396} INFO - Sync 1 DAGs
[2022-02-25 00:17:53,321] {logging_mixin.py:109} INFO - [2022-02-25 00:17:53,321] {dag.py:2935} INFO - Setting next_dagrun for example_complex to None
[2022-02-25 00:17:53,333] {processor.py:171} INFO - Processing /home/airflow/.local/lib/python3.7/site-packages/airflow/example_dags/example_complex.py took 0.093 seconds
[2022-02-25 00:18:23,661] {processor.py:163} INFO - Started process (PID=17954) to work on /home/airflow/.local/lib/python3.7/site-packages/airflow/example_dags/example_complex.py
[2022-02-25 00:18:23,663] {processor.py:642} INFO - Processing file /home/airflow/.local/lib/python3.7/site-packages/airflow/example_dags/example_complex.py for tasks to queue
[2022-02-25 00:18:23,664] {logging_mixin.py:109} INFO - [2022-02-25 00:18:23,664] {dagbag.py:500} INFO - Filling up the DagBag from /home/airflow/.local/lib/python3.7/site-packages/airflow/example_dags/example_complex.py
[2022-02-25 00:18:23,699] {processor.py:654} INFO - DAG(s) dict_keys(['example_complex']) retrieved from /home/airflow/.local/lib/python3.7/site-packages/airflow/example_dags/example_complex.py
[2022-02-25 00:18:23,715] {logging_mixin.py:109} INFO - [2022-02-25 00:18:23,715] {dag.py:2396} INFO - Sync 1 DAGs
[2022-02-25 00:18:23,730] {logging_mixin.py:109} INFO - [2022-02-25 00:18:23,730] {dag.py:2935} INFO - Setting next_dagrun for example_complex to None
[2022-02-25 00:18:23,739] {processor.py:171} INFO - Processing /home/airflow/.local/lib/python3.7/site-packages/airflow/example_dags/example_complex.py took 0.082 seconds
[2022-02-25 00:18:53,838] {processor.py:163} INFO - Started process (PID=18013) to work on /home/airflow/.local/lib/python3.7/site-packages/airflow/example_dags/example_complex.py
[2022-02-25 00:18:53,840] {processor.py:642} INFO - Processing file /home/airflow/.local/lib/python3.7/site-packages/airflow/example_dags/example_complex.py for tasks to queue
[2022-02-25 00:18:53,841] {logging_mixin.py:109} INFO - [2022-02-25 00:18:53,841] {dagbag.py:500} INFO - Filling up the DagBag from /home/airflow/.local/lib/python3.7/site-packages/airflow/example_dags/example_complex.py
[2022-02-25 00:18:53,879] {processor.py:654} INFO - DAG(s) dict_keys(['example_complex']) retrieved from /home/airflow/.local/lib/python3.7/site-packages/airflow/example_dags/example_complex.py
[2022-02-25 00:18:53,897] {logging_mixin.py:109} INFO - [2022-02-25 00:18:53,897] {dag.py:2396} INFO - Sync 1 DAGs
[2022-02-25 00:18:53,915] {logging_mixin.py:109} INFO - [2022-02-25 00:18:53,914] {dag.py:2935} INFO - Setting next_dagrun for example_complex to None
[2022-02-25 00:18:53,926] {processor.py:171} INFO - Processing /home/airflow/.local/lib/python3.7/site-packages/airflow/example_dags/example_complex.py took 0.092 seconds
[2022-02-25 00:19:24,969] {processor.py:163} INFO - Started process (PID=18065) to work on /home/airflow/.local/lib/python3.7/site-packages/airflow/example_dags/example_complex.py
[2022-02-25 00:19:24,971] {processor.py:642} INFO - Processing file /home/airflow/.local/lib/python3.7/site-packages/airflow/example_dags/example_complex.py for tasks to queue
[2022-02-25 00:19:24,972] {logging_mixin.py:109} INFO - [2022-02-25 00:19:24,972] {dagbag.py:500} INFO - Filling up the DagBag from /home/airflow/.local/lib/python3.7/site-packages/airflow/example_dags/example_complex.py
[2022-02-25 00:19:25,008] {processor.py:654} INFO - DAG(s) dict_keys(['example_complex']) retrieved from /home/airflow/.local/lib/python3.7/site-packages/airflow/example_dags/example_complex.py
[2022-02-25 00:19:25,025] {logging_mixin.py:109} INFO - [2022-02-25 00:19:25,025] {dag.py:2396} INFO - Sync 1 DAGs
[2022-02-25 00:19:25,042] {logging_mixin.py:109} INFO - [2022-02-25 00:19:25,042] {dag.py:2935} INFO - Setting next_dagrun for example_complex to None
[2022-02-25 00:19:25,052] {processor.py:171} INFO - Processing /home/airflow/.local/lib/python3.7/site-packages/airflow/example_dags/example_complex.py took 0.086 seconds
[2022-02-25 00:19:55,204] {processor.py:163} INFO - Started process (PID=18127) to work on /home/airflow/.local/lib/python3.7/site-packages/airflow/example_dags/example_complex.py
[2022-02-25 00:19:55,206] {processor.py:642} INFO - Processing file /home/airflow/.local/lib/python3.7/site-packages/airflow/example_dags/example_complex.py for tasks to queue
[2022-02-25 00:19:55,207] {logging_mixin.py:109} INFO - [2022-02-25 00:19:55,207] {dagbag.py:500} INFO - Filling up the DagBag from /home/airflow/.local/lib/python3.7/site-packages/airflow/example_dags/example_complex.py
[2022-02-25 00:19:55,244] {processor.py:654} INFO - DAG(s) dict_keys(['example_complex']) retrieved from /home/airflow/.local/lib/python3.7/site-packages/airflow/example_dags/example_complex.py
[2022-02-25 00:19:55,262] {logging_mixin.py:109} INFO - [2022-02-25 00:19:55,262] {dag.py:2396} INFO - Sync 1 DAGs
[2022-02-25 00:19:55,282] {logging_mixin.py:109} INFO - [2022-02-25 00:19:55,282] {dag.py:2935} INFO - Setting next_dagrun for example_complex to None
[2022-02-25 00:19:55,292] {processor.py:171} INFO - Processing /home/airflow/.local/lib/python3.7/site-packages/airflow/example_dags/example_complex.py took 0.093 seconds
[2022-02-25 00:20:25,449] {processor.py:163} INFO - Started process (PID=18178) to work on /home/airflow/.local/lib/python3.7/site-packages/airflow/example_dags/example_complex.py
[2022-02-25 00:20:25,451] {processor.py:642} INFO - Processing file /home/airflow/.local/lib/python3.7/site-packages/airflow/example_dags/example_complex.py for tasks to queue
[2022-02-25 00:20:25,452] {logging_mixin.py:109} INFO - [2022-02-25 00:20:25,452] {dagbag.py:500} INFO - Filling up the DagBag from /home/airflow/.local/lib/python3.7/site-packages/airflow/example_dags/example_complex.py
[2022-02-25 00:20:25,502] {processor.py:654} INFO - DAG(s) dict_keys(['example_complex']) retrieved from /home/airflow/.local/lib/python3.7/site-packages/airflow/example_dags/example_complex.py
[2022-02-25 00:20:25,519] {logging_mixin.py:109} INFO - [2022-02-25 00:20:25,519] {dag.py:2396} INFO - Sync 1 DAGs
[2022-02-25 00:20:25,538] {logging_mixin.py:109} INFO - [2022-02-25 00:20:25,538] {dag.py:2935} INFO - Setting next_dagrun for example_complex to None
[2022-02-25 00:20:25,550] {processor.py:171} INFO - Processing /home/airflow/.local/lib/python3.7/site-packages/airflow/example_dags/example_complex.py took 0.105 seconds
[2022-02-25 00:20:55,807] {processor.py:163} INFO - Started process (PID=18239) to work on /home/airflow/.local/lib/python3.7/site-packages/airflow/example_dags/example_complex.py
[2022-02-25 00:20:55,809] {processor.py:642} INFO - Processing file /home/airflow/.local/lib/python3.7/site-packages/airflow/example_dags/example_complex.py for tasks to queue
[2022-02-25 00:20:55,811] {logging_mixin.py:109} INFO - [2022-02-25 00:20:55,810] {dagbag.py:500} INFO - Filling up the DagBag from /home/airflow/.local/lib/python3.7/site-packages/airflow/example_dags/example_complex.py
[2022-02-25 00:20:55,850] {processor.py:654} INFO - DAG(s) dict_keys(['example_complex']) retrieved from /home/airflow/.local/lib/python3.7/site-packages/airflow/example_dags/example_complex.py
[2022-02-25 00:20:55,865] {logging_mixin.py:109} INFO - [2022-02-25 00:20:55,865] {dag.py:2396} INFO - Sync 1 DAGs
[2022-02-25 00:20:55,882] {logging_mixin.py:109} INFO - [2022-02-25 00:20:55,882] {dag.py:2935} INFO - Setting next_dagrun for example_complex to None
[2022-02-25 00:20:55,892] {processor.py:171} INFO - Processing /home/airflow/.local/lib/python3.7/site-packages/airflow/example_dags/example_complex.py took 0.089 seconds
[2022-02-25 00:21:26,296] {processor.py:163} INFO - Started process (PID=18292) to work on /home/airflow/.local/lib/python3.7/site-packages/airflow/example_dags/example_complex.py
[2022-02-25 00:21:26,298] {processor.py:642} INFO - Processing file /home/airflow/.local/lib/python3.7/site-packages/airflow/example_dags/example_complex.py for tasks to queue
[2022-02-25 00:21:26,299] {logging_mixin.py:109} INFO - [2022-02-25 00:21:26,299] {dagbag.py:500} INFO - Filling up the DagBag from /home/airflow/.local/lib/python3.7/site-packages/airflow/example_dags/example_complex.py
[2022-02-25 00:21:26,338] {processor.py:654} INFO - DAG(s) dict_keys(['example_complex']) retrieved from /home/airflow/.local/lib/python3.7/site-packages/airflow/example_dags/example_complex.py
[2022-02-25 00:21:26,365] {logging_mixin.py:109} INFO - [2022-02-25 00:21:26,365] {dag.py:2396} INFO - Sync 1 DAGs
[2022-02-25 00:21:26,384] {logging_mixin.py:109} INFO - [2022-02-25 00:21:26,384] {dag.py:2935} INFO - Setting next_dagrun for example_complex to None
[2022-02-25 00:21:26,395] {processor.py:171} INFO - Processing /home/airflow/.local/lib/python3.7/site-packages/airflow/example_dags/example_complex.py took 0.103 seconds
[2022-02-25 00:21:56,457] {processor.py:163} INFO - Started process (PID=18343) to work on /home/airflow/.local/lib/python3.7/site-packages/airflow/example_dags/example_complex.py
[2022-02-25 00:21:56,458] {processor.py:642} INFO - Processing file /home/airflow/.local/lib/python3.7/site-packages/airflow/example_dags/example_complex.py for tasks to queue
[2022-02-25 00:21:56,460] {logging_mixin.py:109} INFO - [2022-02-25 00:21:56,459] {dagbag.py:500} INFO - Filling up the DagBag from /home/airflow/.local/lib/python3.7/site-packages/airflow/example_dags/example_complex.py
[2022-02-25 00:21:56,495] {processor.py:654} INFO - DAG(s) dict_keys(['example_complex']) retrieved from /home/airflow/.local/lib/python3.7/site-packages/airflow/example_dags/example_complex.py
[2022-02-25 00:21:56,510] {logging_mixin.py:109} INFO - [2022-02-25 00:21:56,510] {dag.py:2396} INFO - Sync 1 DAGs
[2022-02-25 00:21:56,526] {logging_mixin.py:109} INFO - [2022-02-25 00:21:56,526] {dag.py:2935} INFO - Setting next_dagrun for example_complex to None
[2022-02-25 00:21:56,535] {processor.py:171} INFO - Processing /home/airflow/.local/lib/python3.7/site-packages/airflow/example_dags/example_complex.py took 0.082 seconds
[2022-02-25 00:22:26,951] {processor.py:163} INFO - Started process (PID=18405) to work on /home/airflow/.local/lib/python3.7/site-packages/airflow/example_dags/example_complex.py
[2022-02-25 00:22:26,953] {processor.py:642} INFO - Processing file /home/airflow/.local/lib/python3.7/site-packages/airflow/example_dags/example_complex.py for tasks to queue
[2022-02-25 00:22:26,955] {logging_mixin.py:109} INFO - [2022-02-25 00:22:26,954] {dagbag.py:500} INFO - Filling up the DagBag from /home/airflow/.local/lib/python3.7/site-packages/airflow/example_dags/example_complex.py
[2022-02-25 00:22:27,003] {processor.py:654} INFO - DAG(s) dict_keys(['example_complex']) retrieved from /home/airflow/.local/lib/python3.7/site-packages/airflow/example_dags/example_complex.py
[2022-02-25 00:22:27,021] {logging_mixin.py:109} INFO - [2022-02-25 00:22:27,021] {dag.py:2396} INFO - Sync 1 DAGs
[2022-02-25 00:22:27,038] {logging_mixin.py:109} INFO - [2022-02-25 00:22:27,038] {dag.py:2935} INFO - Setting next_dagrun for example_complex to None
[2022-02-25 00:22:27,050] {processor.py:171} INFO - Processing /home/airflow/.local/lib/python3.7/site-packages/airflow/example_dags/example_complex.py took 0.102 seconds
[2022-02-25 00:22:57,579] {processor.py:163} INFO - Started process (PID=18457) to work on /home/airflow/.local/lib/python3.7/site-packages/airflow/example_dags/example_complex.py
[2022-02-25 00:22:57,581] {processor.py:642} INFO - Processing file /home/airflow/.local/lib/python3.7/site-packages/airflow/example_dags/example_complex.py for tasks to queue
[2022-02-25 00:22:57,582] {logging_mixin.py:109} INFO - [2022-02-25 00:22:57,582] {dagbag.py:500} INFO - Filling up the DagBag from /home/airflow/.local/lib/python3.7/site-packages/airflow/example_dags/example_complex.py
[2022-02-25 00:22:57,619] {processor.py:654} INFO - DAG(s) dict_keys(['example_complex']) retrieved from /home/airflow/.local/lib/python3.7/site-packages/airflow/example_dags/example_complex.py
[2022-02-25 00:22:57,636] {logging_mixin.py:109} INFO - [2022-02-25 00:22:57,636] {dag.py:2396} INFO - Sync 1 DAGs
[2022-02-25 00:22:57,652] {logging_mixin.py:109} INFO - [2022-02-25 00:22:57,652] {dag.py:2935} INFO - Setting next_dagrun for example_complex to None
[2022-02-25 00:22:57,662] {processor.py:171} INFO - Processing /home/airflow/.local/lib/python3.7/site-packages/airflow/example_dags/example_complex.py took 0.086 seconds
[2022-02-25 00:23:27,788] {processor.py:163} INFO - Started process (PID=18521) to work on /home/airflow/.local/lib/python3.7/site-packages/airflow/example_dags/example_complex.py
[2022-02-25 00:23:27,790] {processor.py:642} INFO - Processing file /home/airflow/.local/lib/python3.7/site-packages/airflow/example_dags/example_complex.py for tasks to queue
[2022-02-25 00:23:27,791] {logging_mixin.py:109} INFO - [2022-02-25 00:23:27,791] {dagbag.py:500} INFO - Filling up the DagBag from /home/airflow/.local/lib/python3.7/site-packages/airflow/example_dags/example_complex.py
[2022-02-25 00:23:27,829] {processor.py:654} INFO - DAG(s) dict_keys(['example_complex']) retrieved from /home/airflow/.local/lib/python3.7/site-packages/airflow/example_dags/example_complex.py
[2022-02-25 00:23:27,850] {logging_mixin.py:109} INFO - [2022-02-25 00:23:27,849] {dag.py:2396} INFO - Sync 1 DAGs
[2022-02-25 00:23:27,881] {logging_mixin.py:109} INFO - [2022-02-25 00:23:27,880] {dag.py:2935} INFO - Setting next_dagrun for example_complex to None
[2022-02-25 00:23:27,893] {processor.py:171} INFO - Processing /home/airflow/.local/lib/python3.7/site-packages/airflow/example_dags/example_complex.py took 0.111 seconds
[2022-02-25 00:23:57,976] {processor.py:163} INFO - Started process (PID=18572) to work on /home/airflow/.local/lib/python3.7/site-packages/airflow/example_dags/example_complex.py
[2022-02-25 00:23:57,977] {processor.py:642} INFO - Processing file /home/airflow/.local/lib/python3.7/site-packages/airflow/example_dags/example_complex.py for tasks to queue
[2022-02-25 00:23:57,978] {logging_mixin.py:109} INFO - [2022-02-25 00:23:57,978] {dagbag.py:500} INFO - Filling up the DagBag from /home/airflow/.local/lib/python3.7/site-packages/airflow/example_dags/example_complex.py
[2022-02-25 00:23:58,018] {processor.py:654} INFO - DAG(s) dict_keys(['example_complex']) retrieved from /home/airflow/.local/lib/python3.7/site-packages/airflow/example_dags/example_complex.py
[2022-02-25 00:23:58,038] {logging_mixin.py:109} INFO - [2022-02-25 00:23:58,038] {dag.py:2396} INFO - Sync 1 DAGs
[2022-02-25 00:23:58,058] {logging_mixin.py:109} INFO - [2022-02-25 00:23:58,058] {dag.py:2935} INFO - Setting next_dagrun for example_complex to None
[2022-02-25 00:23:58,067] {processor.py:171} INFO - Processing /home/airflow/.local/lib/python3.7/site-packages/airflow/example_dags/example_complex.py took 0.095 seconds
[2022-02-25 00:24:28,217] {processor.py:163} INFO - Started process (PID=18633) to work on /home/airflow/.local/lib/python3.7/site-packages/airflow/example_dags/example_complex.py
[2022-02-25 00:24:28,219] {processor.py:642} INFO - Processing file /home/airflow/.local/lib/python3.7/site-packages/airflow/example_dags/example_complex.py for tasks to queue
[2022-02-25 00:24:28,221] {logging_mixin.py:109} INFO - [2022-02-25 00:24:28,220] {dagbag.py:500} INFO - Filling up the DagBag from /home/airflow/.local/lib/python3.7/site-packages/airflow/example_dags/example_complex.py
[2022-02-25 00:24:28,262] {processor.py:654} INFO - DAG(s) dict_keys(['example_complex']) retrieved from /home/airflow/.local/lib/python3.7/site-packages/airflow/example_dags/example_complex.py
[2022-02-25 00:24:28,291] {logging_mixin.py:109} INFO - [2022-02-25 00:24:28,290] {dag.py:2396} INFO - Sync 1 DAGs
[2022-02-25 00:24:28,308] {logging_mixin.py:109} INFO - [2022-02-25 00:24:28,308] {dag.py:2935} INFO - Setting next_dagrun for example_complex to None
[2022-02-25 00:24:28,318] {processor.py:171} INFO - Processing /home/airflow/.local/lib/python3.7/site-packages/airflow/example_dags/example_complex.py took 0.104 seconds
[2022-02-25 00:24:58,850] {processor.py:163} INFO - Started process (PID=18686) to work on /home/airflow/.local/lib/python3.7/site-packages/airflow/example_dags/example_complex.py
[2022-02-25 00:24:58,852] {processor.py:642} INFO - Processing file /home/airflow/.local/lib/python3.7/site-packages/airflow/example_dags/example_complex.py for tasks to queue
[2022-02-25 00:24:58,853] {logging_mixin.py:109} INFO - [2022-02-25 00:24:58,853] {dagbag.py:500} INFO - Filling up the DagBag from /home/airflow/.local/lib/python3.7/site-packages/airflow/example_dags/example_complex.py
[2022-02-25 00:24:58,889] {processor.py:654} INFO - DAG(s) dict_keys(['example_complex']) retrieved from /home/airflow/.local/lib/python3.7/site-packages/airflow/example_dags/example_complex.py
[2022-02-25 00:24:58,905] {logging_mixin.py:109} INFO - [2022-02-25 00:24:58,905] {dag.py:2396} INFO - Sync 1 DAGs
[2022-02-25 00:24:58,920] {logging_mixin.py:109} INFO - [2022-02-25 00:24:58,920] {dag.py:2935} INFO - Setting next_dagrun for example_complex to None
[2022-02-25 00:24:58,928] {processor.py:171} INFO - Processing /home/airflow/.local/lib/python3.7/site-packages/airflow/example_dags/example_complex.py took 0.083 seconds
[2022-02-25 00:25:29,227] {processor.py:163} INFO - Started process (PID=18747) to work on /home/airflow/.local/lib/python3.7/site-packages/airflow/example_dags/example_complex.py
[2022-02-25 00:25:29,229] {processor.py:642} INFO - Processing file /home/airflow/.local/lib/python3.7/site-packages/airflow/example_dags/example_complex.py for tasks to queue
[2022-02-25 00:25:29,231] {logging_mixin.py:109} INFO - [2022-02-25 00:25:29,230] {dagbag.py:500} INFO - Filling up the DagBag from /home/airflow/.local/lib/python3.7/site-packages/airflow/example_dags/example_complex.py
[2022-02-25 00:25:29,267] {processor.py:654} INFO - DAG(s) dict_keys(['example_complex']) retrieved from /home/airflow/.local/lib/python3.7/site-packages/airflow/example_dags/example_complex.py
[2022-02-25 00:25:29,286] {logging_mixin.py:109} INFO - [2022-02-25 00:25:29,285] {dag.py:2396} INFO - Sync 1 DAGs
[2022-02-25 00:25:29,302] {logging_mixin.py:109} INFO - [2022-02-25 00:25:29,302] {dag.py:2935} INFO - Setting next_dagrun for example_complex to None
[2022-02-25 00:25:29,311] {processor.py:171} INFO - Processing /home/airflow/.local/lib/python3.7/site-packages/airflow/example_dags/example_complex.py took 0.088 seconds
[2022-02-25 00:25:59,771] {processor.py:163} INFO - Started process (PID=18802) to work on /home/airflow/.local/lib/python3.7/site-packages/airflow/example_dags/example_complex.py
[2022-02-25 00:25:59,773] {processor.py:642} INFO - Processing file /home/airflow/.local/lib/python3.7/site-packages/airflow/example_dags/example_complex.py for tasks to queue
[2022-02-25 00:25:59,774] {logging_mixin.py:109} INFO - [2022-02-25 00:25:59,774] {dagbag.py:500} INFO - Filling up the DagBag from /home/airflow/.local/lib/python3.7/site-packages/airflow/example_dags/example_complex.py
[2022-02-25 00:25:59,809] {processor.py:654} INFO - DAG(s) dict_keys(['example_complex']) retrieved from /home/airflow/.local/lib/python3.7/site-packages/airflow/example_dags/example_complex.py
[2022-02-25 00:25:59,831] {logging_mixin.py:109} INFO - [2022-02-25 00:25:59,831] {dag.py:2396} INFO - Sync 1 DAGs
[2022-02-25 00:25:59,847] {logging_mixin.py:109} INFO - [2022-02-25 00:25:59,847] {dag.py:2935} INFO - Setting next_dagrun for example_complex to None
[2022-02-25 00:25:59,857] {processor.py:171} INFO - Processing /home/airflow/.local/lib/python3.7/site-packages/airflow/example_dags/example_complex.py took 0.090 seconds
[2022-02-25 00:26:29,970] {processor.py:163} INFO - Started process (PID=18862) to work on /home/airflow/.local/lib/python3.7/site-packages/airflow/example_dags/example_complex.py
[2022-02-25 00:26:29,972] {processor.py:642} INFO - Processing file /home/airflow/.local/lib/python3.7/site-packages/airflow/example_dags/example_complex.py for tasks to queue
[2022-02-25 00:26:29,973] {logging_mixin.py:109} INFO - [2022-02-25 00:26:29,973] {dagbag.py:500} INFO - Filling up the DagBag from /home/airflow/.local/lib/python3.7/site-packages/airflow/example_dags/example_complex.py
[2022-02-25 00:26:30,011] {processor.py:654} INFO - DAG(s) dict_keys(['example_complex']) retrieved from /home/airflow/.local/lib/python3.7/site-packages/airflow/example_dags/example_complex.py
[2022-02-25 00:26:30,027] {logging_mixin.py:109} INFO - [2022-02-25 00:26:30,027] {dag.py:2396} INFO - Sync 1 DAGs
[2022-02-25 00:26:30,046] {logging_mixin.py:109} INFO - [2022-02-25 00:26:30,046] {dag.py:2935} INFO - Setting next_dagrun for example_complex to None
[2022-02-25 00:26:30,057] {processor.py:171} INFO - Processing /home/airflow/.local/lib/python3.7/site-packages/airflow/example_dags/example_complex.py took 0.091 seconds
[2022-02-25 00:27:00,384] {processor.py:163} INFO - Started process (PID=18913) to work on /home/airflow/.local/lib/python3.7/site-packages/airflow/example_dags/example_complex.py
[2022-02-25 00:27:00,386] {processor.py:642} INFO - Processing file /home/airflow/.local/lib/python3.7/site-packages/airflow/example_dags/example_complex.py for tasks to queue
[2022-02-25 00:27:00,387] {logging_mixin.py:109} INFO - [2022-02-25 00:27:00,387] {dagbag.py:500} INFO - Filling up the DagBag from /home/airflow/.local/lib/python3.7/site-packages/airflow/example_dags/example_complex.py
[2022-02-25 00:27:00,423] {processor.py:654} INFO - DAG(s) dict_keys(['example_complex']) retrieved from /home/airflow/.local/lib/python3.7/site-packages/airflow/example_dags/example_complex.py
[2022-02-25 00:27:00,439] {logging_mixin.py:109} INFO - [2022-02-25 00:27:00,439] {dag.py:2396} INFO - Sync 1 DAGs
[2022-02-25 00:27:00,457] {logging_mixin.py:109} INFO - [2022-02-25 00:27:00,457] {dag.py:2935} INFO - Setting next_dagrun for example_complex to None
[2022-02-25 00:27:00,466] {processor.py:171} INFO - Processing /home/airflow/.local/lib/python3.7/site-packages/airflow/example_dags/example_complex.py took 0.085 seconds
[2022-02-25 00:27:30,878] {processor.py:163} INFO - Started process (PID=18973) to work on /home/airflow/.local/lib/python3.7/site-packages/airflow/example_dags/example_complex.py
[2022-02-25 00:27:30,880] {processor.py:642} INFO - Processing file /home/airflow/.local/lib/python3.7/site-packages/airflow/example_dags/example_complex.py for tasks to queue
[2022-02-25 00:27:30,883] {logging_mixin.py:109} INFO - [2022-02-25 00:27:30,882] {dagbag.py:500} INFO - Filling up the DagBag from /home/airflow/.local/lib/python3.7/site-packages/airflow/example_dags/example_complex.py
[2022-02-25 00:27:30,944] {processor.py:654} INFO - DAG(s) dict_keys(['example_complex']) retrieved from /home/airflow/.local/lib/python3.7/site-packages/airflow/example_dags/example_complex.py
[2022-02-25 00:27:30,981] {logging_mixin.py:109} INFO - [2022-02-25 00:27:30,981] {dag.py:2396} INFO - Sync 1 DAGs
[2022-02-25 00:27:31,019] {logging_mixin.py:109} INFO - [2022-02-25 00:27:31,018] {dag.py:2935} INFO - Setting next_dagrun for example_complex to None
[2022-02-25 00:27:31,043] {processor.py:171} INFO - Processing /home/airflow/.local/lib/python3.7/site-packages/airflow/example_dags/example_complex.py took 0.169 seconds
[2022-02-25 00:28:01,296] {processor.py:163} INFO - Started process (PID=19026) to work on /home/airflow/.local/lib/python3.7/site-packages/airflow/example_dags/example_complex.py
[2022-02-25 00:28:01,298] {processor.py:642} INFO - Processing file /home/airflow/.local/lib/python3.7/site-packages/airflow/example_dags/example_complex.py for tasks to queue
[2022-02-25 00:28:01,299] {logging_mixin.py:109} INFO - [2022-02-25 00:28:01,299] {dagbag.py:500} INFO - Filling up the DagBag from /home/airflow/.local/lib/python3.7/site-packages/airflow/example_dags/example_complex.py
[2022-02-25 00:28:01,336] {processor.py:654} INFO - DAG(s) dict_keys(['example_complex']) retrieved from /home/airflow/.local/lib/python3.7/site-packages/airflow/example_dags/example_complex.py
[2022-02-25 00:28:01,352] {logging_mixin.py:109} INFO - [2022-02-25 00:28:01,352] {dag.py:2396} INFO - Sync 1 DAGs
[2022-02-25 00:28:01,370] {logging_mixin.py:109} INFO - [2022-02-25 00:28:01,369] {dag.py:2935} INFO - Setting next_dagrun for example_complex to None
[2022-02-25 00:28:01,380] {processor.py:171} INFO - Processing /home/airflow/.local/lib/python3.7/site-packages/airflow/example_dags/example_complex.py took 0.088 seconds
[2022-02-25 00:28:31,567] {processor.py:163} INFO - Started process (PID=19077) to work on /home/airflow/.local/lib/python3.7/site-packages/airflow/example_dags/example_complex.py
[2022-02-25 00:28:31,568] {processor.py:642} INFO - Processing file /home/airflow/.local/lib/python3.7/site-packages/airflow/example_dags/example_complex.py for tasks to queue
[2022-02-25 00:28:31,570] {logging_mixin.py:109} INFO - [2022-02-25 00:28:31,569] {dagbag.py:500} INFO - Filling up the DagBag from /home/airflow/.local/lib/python3.7/site-packages/airflow/example_dags/example_complex.py
[2022-02-25 00:28:31,604] {processor.py:654} INFO - DAG(s) dict_keys(['example_complex']) retrieved from /home/airflow/.local/lib/python3.7/site-packages/airflow/example_dags/example_complex.py
[2022-02-25 00:28:31,621] {logging_mixin.py:109} INFO - [2022-02-25 00:28:31,621] {dag.py:2396} INFO - Sync 1 DAGs
[2022-02-25 00:28:31,638] {logging_mixin.py:109} INFO - [2022-02-25 00:28:31,638] {dag.py:2935} INFO - Setting next_dagrun for example_complex to None
[2022-02-25 00:28:31,648] {processor.py:171} INFO - Processing /home/airflow/.local/lib/python3.7/site-packages/airflow/example_dags/example_complex.py took 0.085 seconds
