[2022-02-25 00:00:04,770] {processor.py:163} INFO - Started process (PID=15912) to work on /home/airflow/.local/lib/python3.7/site-packages/airflow/example_dags/example_python_operator.py
[2022-02-25 00:00:04,772] {processor.py:642} INFO - Processing file /home/airflow/.local/lib/python3.7/site-packages/airflow/example_dags/example_python_operator.py for tasks to queue
[2022-02-25 00:00:04,773] {logging_mixin.py:109} INFO - [2022-02-25 00:00:04,773] {dagbag.py:500} INFO - Filling up the DagBag from /home/airflow/.local/lib/python3.7/site-packages/airflow/example_dags/example_python_operator.py
[2022-02-25 00:00:04,803] {processor.py:654} INFO - DAG(s) dict_keys(['example_python_operator']) retrieved from /home/airflow/.local/lib/python3.7/site-packages/airflow/example_dags/example_python_operator.py
[2022-02-25 00:00:04,814] {logging_mixin.py:109} INFO - [2022-02-25 00:00:04,814] {dag.py:2396} INFO - Sync 1 DAGs
[2022-02-25 00:00:04,829] {logging_mixin.py:109} INFO - [2022-02-25 00:00:04,829] {dag.py:2935} INFO - Setting next_dagrun for example_python_operator to None
[2022-02-25 00:00:04,839] {processor.py:171} INFO - Processing /home/airflow/.local/lib/python3.7/site-packages/airflow/example_dags/example_python_operator.py took 0.072 seconds
[2022-02-25 00:00:35,230] {processor.py:163} INFO - Started process (PID=15973) to work on /home/airflow/.local/lib/python3.7/site-packages/airflow/example_dags/example_python_operator.py
[2022-02-25 00:00:35,231] {processor.py:642} INFO - Processing file /home/airflow/.local/lib/python3.7/site-packages/airflow/example_dags/example_python_operator.py for tasks to queue
[2022-02-25 00:00:35,234] {logging_mixin.py:109} INFO - [2022-02-25 00:00:35,234] {dagbag.py:500} INFO - Filling up the DagBag from /home/airflow/.local/lib/python3.7/site-packages/airflow/example_dags/example_python_operator.py
[2022-02-25 00:00:35,281] {processor.py:654} INFO - DAG(s) dict_keys(['example_python_operator']) retrieved from /home/airflow/.local/lib/python3.7/site-packages/airflow/example_dags/example_python_operator.py
[2022-02-25 00:00:35,292] {logging_mixin.py:109} INFO - [2022-02-25 00:00:35,292] {dag.py:2396} INFO - Sync 1 DAGs
[2022-02-25 00:00:35,315] {logging_mixin.py:109} INFO - [2022-02-25 00:00:35,315] {dag.py:2935} INFO - Setting next_dagrun for example_python_operator to None
[2022-02-25 00:00:35,328] {processor.py:171} INFO - Processing /home/airflow/.local/lib/python3.7/site-packages/airflow/example_dags/example_python_operator.py took 0.102 seconds
[2022-02-25 00:01:05,755] {processor.py:163} INFO - Started process (PID=16024) to work on /home/airflow/.local/lib/python3.7/site-packages/airflow/example_dags/example_python_operator.py
[2022-02-25 00:01:05,757] {processor.py:642} INFO - Processing file /home/airflow/.local/lib/python3.7/site-packages/airflow/example_dags/example_python_operator.py for tasks to queue
[2022-02-25 00:01:05,758] {logging_mixin.py:109} INFO - [2022-02-25 00:01:05,758] {dagbag.py:500} INFO - Filling up the DagBag from /home/airflow/.local/lib/python3.7/site-packages/airflow/example_dags/example_python_operator.py
[2022-02-25 00:01:05,793] {processor.py:654} INFO - DAG(s) dict_keys(['example_python_operator']) retrieved from /home/airflow/.local/lib/python3.7/site-packages/airflow/example_dags/example_python_operator.py
[2022-02-25 00:01:05,805] {logging_mixin.py:109} INFO - [2022-02-25 00:01:05,805] {dag.py:2396} INFO - Sync 1 DAGs
[2022-02-25 00:01:05,820] {logging_mixin.py:109} INFO - [2022-02-25 00:01:05,820] {dag.py:2935} INFO - Setting next_dagrun for example_python_operator to None
[2022-02-25 00:01:05,830] {processor.py:171} INFO - Processing /home/airflow/.local/lib/python3.7/site-packages/airflow/example_dags/example_python_operator.py took 0.078 seconds
[2022-02-25 00:01:36,120] {processor.py:163} INFO - Started process (PID=16085) to work on /home/airflow/.local/lib/python3.7/site-packages/airflow/example_dags/example_python_operator.py
[2022-02-25 00:01:36,121] {processor.py:642} INFO - Processing file /home/airflow/.local/lib/python3.7/site-packages/airflow/example_dags/example_python_operator.py for tasks to queue
[2022-02-25 00:01:36,123] {logging_mixin.py:109} INFO - [2022-02-25 00:01:36,123] {dagbag.py:500} INFO - Filling up the DagBag from /home/airflow/.local/lib/python3.7/site-packages/airflow/example_dags/example_python_operator.py
[2022-02-25 00:01:36,153] {processor.py:654} INFO - DAG(s) dict_keys(['example_python_operator']) retrieved from /home/airflow/.local/lib/python3.7/site-packages/airflow/example_dags/example_python_operator.py
[2022-02-25 00:01:36,164] {logging_mixin.py:109} INFO - [2022-02-25 00:01:36,164] {dag.py:2396} INFO - Sync 1 DAGs
[2022-02-25 00:01:36,179] {logging_mixin.py:109} INFO - [2022-02-25 00:01:36,179] {dag.py:2935} INFO - Setting next_dagrun for example_python_operator to None
[2022-02-25 00:01:36,188] {processor.py:171} INFO - Processing /home/airflow/.local/lib/python3.7/site-packages/airflow/example_dags/example_python_operator.py took 0.072 seconds
[2022-02-25 00:02:06,512] {processor.py:163} INFO - Started process (PID=16136) to work on /home/airflow/.local/lib/python3.7/site-packages/airflow/example_dags/example_python_operator.py
[2022-02-25 00:02:06,513] {processor.py:642} INFO - Processing file /home/airflow/.local/lib/python3.7/site-packages/airflow/example_dags/example_python_operator.py for tasks to queue
[2022-02-25 00:02:06,515] {logging_mixin.py:109} INFO - [2022-02-25 00:02:06,514] {dagbag.py:500} INFO - Filling up the DagBag from /home/airflow/.local/lib/python3.7/site-packages/airflow/example_dags/example_python_operator.py
[2022-02-25 00:02:06,547] {processor.py:654} INFO - DAG(s) dict_keys(['example_python_operator']) retrieved from /home/airflow/.local/lib/python3.7/site-packages/airflow/example_dags/example_python_operator.py
[2022-02-25 00:02:06,559] {logging_mixin.py:109} INFO - [2022-02-25 00:02:06,558] {dag.py:2396} INFO - Sync 1 DAGs
[2022-02-25 00:02:06,574] {logging_mixin.py:109} INFO - [2022-02-25 00:02:06,574] {dag.py:2935} INFO - Setting next_dagrun for example_python_operator to None
[2022-02-25 00:02:06,584] {processor.py:171} INFO - Processing /home/airflow/.local/lib/python3.7/site-packages/airflow/example_dags/example_python_operator.py took 0.076 seconds
[2022-02-25 00:02:36,875] {processor.py:163} INFO - Started process (PID=16198) to work on /home/airflow/.local/lib/python3.7/site-packages/airflow/example_dags/example_python_operator.py
[2022-02-25 00:02:36,877] {processor.py:642} INFO - Processing file /home/airflow/.local/lib/python3.7/site-packages/airflow/example_dags/example_python_operator.py for tasks to queue
[2022-02-25 00:02:36,878] {logging_mixin.py:109} INFO - [2022-02-25 00:02:36,878] {dagbag.py:500} INFO - Filling up the DagBag from /home/airflow/.local/lib/python3.7/site-packages/airflow/example_dags/example_python_operator.py
[2022-02-25 00:02:36,924] {processor.py:654} INFO - DAG(s) dict_keys(['example_python_operator']) retrieved from /home/airflow/.local/lib/python3.7/site-packages/airflow/example_dags/example_python_operator.py
[2022-02-25 00:02:36,936] {logging_mixin.py:109} INFO - [2022-02-25 00:02:36,936] {dag.py:2396} INFO - Sync 1 DAGs
[2022-02-25 00:02:36,953] {logging_mixin.py:109} INFO - [2022-02-25 00:02:36,952] {dag.py:2935} INFO - Setting next_dagrun for example_python_operator to None
[2022-02-25 00:02:36,962] {processor.py:171} INFO - Processing /home/airflow/.local/lib/python3.7/site-packages/airflow/example_dags/example_python_operator.py took 0.092 seconds
[2022-02-25 00:03:07,424] {processor.py:163} INFO - Started process (PID=16249) to work on /home/airflow/.local/lib/python3.7/site-packages/airflow/example_dags/example_python_operator.py
[2022-02-25 00:03:07,427] {processor.py:642} INFO - Processing file /home/airflow/.local/lib/python3.7/site-packages/airflow/example_dags/example_python_operator.py for tasks to queue
[2022-02-25 00:03:07,428] {logging_mixin.py:109} INFO - [2022-02-25 00:03:07,428] {dagbag.py:500} INFO - Filling up the DagBag from /home/airflow/.local/lib/python3.7/site-packages/airflow/example_dags/example_python_operator.py
[2022-02-25 00:03:07,467] {processor.py:654} INFO - DAG(s) dict_keys(['example_python_operator']) retrieved from /home/airflow/.local/lib/python3.7/site-packages/airflow/example_dags/example_python_operator.py
[2022-02-25 00:03:07,485] {logging_mixin.py:109} INFO - [2022-02-25 00:03:07,485] {dag.py:2396} INFO - Sync 1 DAGs
[2022-02-25 00:03:07,511] {logging_mixin.py:109} INFO - [2022-02-25 00:03:07,511] {dag.py:2935} INFO - Setting next_dagrun for example_python_operator to None
[2022-02-25 00:03:07,533] {processor.py:171} INFO - Processing /home/airflow/.local/lib/python3.7/site-packages/airflow/example_dags/example_python_operator.py took 0.112 seconds
[2022-02-25 00:03:37,620] {processor.py:163} INFO - Started process (PID=16309) to work on /home/airflow/.local/lib/python3.7/site-packages/airflow/example_dags/example_python_operator.py
[2022-02-25 00:03:37,623] {processor.py:642} INFO - Processing file /home/airflow/.local/lib/python3.7/site-packages/airflow/example_dags/example_python_operator.py for tasks to queue
[2022-02-25 00:03:37,624] {logging_mixin.py:109} INFO - [2022-02-25 00:03:37,624] {dagbag.py:500} INFO - Filling up the DagBag from /home/airflow/.local/lib/python3.7/site-packages/airflow/example_dags/example_python_operator.py
[2022-02-25 00:03:37,663] {processor.py:654} INFO - DAG(s) dict_keys(['example_python_operator']) retrieved from /home/airflow/.local/lib/python3.7/site-packages/airflow/example_dags/example_python_operator.py
[2022-02-25 00:03:37,676] {logging_mixin.py:109} INFO - [2022-02-25 00:03:37,676] {dag.py:2396} INFO - Sync 1 DAGs
[2022-02-25 00:03:37,695] {logging_mixin.py:109} INFO - [2022-02-25 00:03:37,695] {dag.py:2935} INFO - Setting next_dagrun for example_python_operator to None
[2022-02-25 00:03:37,711] {processor.py:171} INFO - Processing /home/airflow/.local/lib/python3.7/site-packages/airflow/example_dags/example_python_operator.py took 0.094 seconds
[2022-02-25 00:04:08,134] {processor.py:163} INFO - Started process (PID=16361) to work on /home/airflow/.local/lib/python3.7/site-packages/airflow/example_dags/example_python_operator.py
[2022-02-25 00:04:08,137] {processor.py:642} INFO - Processing file /home/airflow/.local/lib/python3.7/site-packages/airflow/example_dags/example_python_operator.py for tasks to queue
[2022-02-25 00:04:08,138] {logging_mixin.py:109} INFO - [2022-02-25 00:04:08,138] {dagbag.py:500} INFO - Filling up the DagBag from /home/airflow/.local/lib/python3.7/site-packages/airflow/example_dags/example_python_operator.py
[2022-02-25 00:04:08,170] {processor.py:654} INFO - DAG(s) dict_keys(['example_python_operator']) retrieved from /home/airflow/.local/lib/python3.7/site-packages/airflow/example_dags/example_python_operator.py
[2022-02-25 00:04:08,181] {logging_mixin.py:109} INFO - [2022-02-25 00:04:08,181] {dag.py:2396} INFO - Sync 1 DAGs
[2022-02-25 00:04:08,198] {logging_mixin.py:109} INFO - [2022-02-25 00:04:08,198] {dag.py:2935} INFO - Setting next_dagrun for example_python_operator to None
[2022-02-25 00:04:08,208] {processor.py:171} INFO - Processing /home/airflow/.local/lib/python3.7/site-packages/airflow/example_dags/example_python_operator.py took 0.081 seconds
[2022-02-25 00:04:38,538] {processor.py:163} INFO - Started process (PID=16421) to work on /home/airflow/.local/lib/python3.7/site-packages/airflow/example_dags/example_python_operator.py
[2022-02-25 00:04:38,540] {processor.py:642} INFO - Processing file /home/airflow/.local/lib/python3.7/site-packages/airflow/example_dags/example_python_operator.py for tasks to queue
[2022-02-25 00:04:38,541] {logging_mixin.py:109} INFO - [2022-02-25 00:04:38,541] {dagbag.py:500} INFO - Filling up the DagBag from /home/airflow/.local/lib/python3.7/site-packages/airflow/example_dags/example_python_operator.py
[2022-02-25 00:04:38,577] {processor.py:654} INFO - DAG(s) dict_keys(['example_python_operator']) retrieved from /home/airflow/.local/lib/python3.7/site-packages/airflow/example_dags/example_python_operator.py
[2022-02-25 00:04:38,589] {logging_mixin.py:109} INFO - [2022-02-25 00:04:38,589] {dag.py:2396} INFO - Sync 1 DAGs
[2022-02-25 00:04:38,605] {logging_mixin.py:109} INFO - [2022-02-25 00:04:38,605] {dag.py:2935} INFO - Setting next_dagrun for example_python_operator to None
[2022-02-25 00:04:38,615] {processor.py:171} INFO - Processing /home/airflow/.local/lib/python3.7/site-packages/airflow/example_dags/example_python_operator.py took 0.081 seconds
[2022-02-25 00:05:09,601] {processor.py:163} INFO - Started process (PID=16473) to work on /home/airflow/.local/lib/python3.7/site-packages/airflow/example_dags/example_python_operator.py
[2022-02-25 00:05:09,603] {processor.py:642} INFO - Processing file /home/airflow/.local/lib/python3.7/site-packages/airflow/example_dags/example_python_operator.py for tasks to queue
[2022-02-25 00:05:09,604] {logging_mixin.py:109} INFO - [2022-02-25 00:05:09,604] {dagbag.py:500} INFO - Filling up the DagBag from /home/airflow/.local/lib/python3.7/site-packages/airflow/example_dags/example_python_operator.py
[2022-02-25 00:05:09,637] {processor.py:654} INFO - DAG(s) dict_keys(['example_python_operator']) retrieved from /home/airflow/.local/lib/python3.7/site-packages/airflow/example_dags/example_python_operator.py
[2022-02-25 00:05:09,651] {logging_mixin.py:109} INFO - [2022-02-25 00:05:09,651] {dag.py:2396} INFO - Sync 1 DAGs
[2022-02-25 00:05:09,669] {logging_mixin.py:109} INFO - [2022-02-25 00:05:09,669] {dag.py:2935} INFO - Setting next_dagrun for example_python_operator to None
[2022-02-25 00:05:09,678] {processor.py:171} INFO - Processing /home/airflow/.local/lib/python3.7/site-packages/airflow/example_dags/example_python_operator.py took 0.081 seconds
[2022-02-25 00:05:39,957] {processor.py:163} INFO - Started process (PID=16535) to work on /home/airflow/.local/lib/python3.7/site-packages/airflow/example_dags/example_python_operator.py
[2022-02-25 00:05:39,960] {processor.py:642} INFO - Processing file /home/airflow/.local/lib/python3.7/site-packages/airflow/example_dags/example_python_operator.py for tasks to queue
[2022-02-25 00:05:39,961] {logging_mixin.py:109} INFO - [2022-02-25 00:05:39,961] {dagbag.py:500} INFO - Filling up the DagBag from /home/airflow/.local/lib/python3.7/site-packages/airflow/example_dags/example_python_operator.py
[2022-02-25 00:05:40,013] {processor.py:654} INFO - DAG(s) dict_keys(['example_python_operator']) retrieved from /home/airflow/.local/lib/python3.7/site-packages/airflow/example_dags/example_python_operator.py
[2022-02-25 00:05:40,026] {logging_mixin.py:109} INFO - [2022-02-25 00:05:40,026] {dag.py:2396} INFO - Sync 1 DAGs
[2022-02-25 00:05:40,046] {logging_mixin.py:109} INFO - [2022-02-25 00:05:40,046] {dag.py:2935} INFO - Setting next_dagrun for example_python_operator to None
[2022-02-25 00:05:40,057] {processor.py:171} INFO - Processing /home/airflow/.local/lib/python3.7/site-packages/airflow/example_dags/example_python_operator.py took 0.103 seconds
[2022-02-25 00:06:10,172] {processor.py:163} INFO - Started process (PID=16586) to work on /home/airflow/.local/lib/python3.7/site-packages/airflow/example_dags/example_python_operator.py
[2022-02-25 00:06:10,174] {processor.py:642} INFO - Processing file /home/airflow/.local/lib/python3.7/site-packages/airflow/example_dags/example_python_operator.py for tasks to queue
[2022-02-25 00:06:10,175] {logging_mixin.py:109} INFO - [2022-02-25 00:06:10,175] {dagbag.py:500} INFO - Filling up the DagBag from /home/airflow/.local/lib/python3.7/site-packages/airflow/example_dags/example_python_operator.py
[2022-02-25 00:06:10,212] {processor.py:654} INFO - DAG(s) dict_keys(['example_python_operator']) retrieved from /home/airflow/.local/lib/python3.7/site-packages/airflow/example_dags/example_python_operator.py
[2022-02-25 00:06:10,222] {logging_mixin.py:109} INFO - [2022-02-25 00:06:10,222] {dag.py:2396} INFO - Sync 1 DAGs
[2022-02-25 00:06:10,239] {logging_mixin.py:109} INFO - [2022-02-25 00:06:10,239] {dag.py:2935} INFO - Setting next_dagrun for example_python_operator to None
[2022-02-25 00:06:10,251] {processor.py:171} INFO - Processing /home/airflow/.local/lib/python3.7/site-packages/airflow/example_dags/example_python_operator.py took 0.082 seconds
[2022-02-25 00:06:41,494] {processor.py:163} INFO - Started process (PID=16649) to work on /home/airflow/.local/lib/python3.7/site-packages/airflow/example_dags/example_python_operator.py
[2022-02-25 00:06:41,497] {processor.py:642} INFO - Processing file /home/airflow/.local/lib/python3.7/site-packages/airflow/example_dags/example_python_operator.py for tasks to queue
[2022-02-25 00:06:41,498] {logging_mixin.py:109} INFO - [2022-02-25 00:06:41,498] {dagbag.py:500} INFO - Filling up the DagBag from /home/airflow/.local/lib/python3.7/site-packages/airflow/example_dags/example_python_operator.py
[2022-02-25 00:06:41,542] {processor.py:654} INFO - DAG(s) dict_keys(['example_python_operator']) retrieved from /home/airflow/.local/lib/python3.7/site-packages/airflow/example_dags/example_python_operator.py
[2022-02-25 00:06:41,567] {logging_mixin.py:109} INFO - [2022-02-25 00:06:41,567] {dag.py:2396} INFO - Sync 1 DAGs
[2022-02-25 00:06:41,590] {logging_mixin.py:109} INFO - [2022-02-25 00:06:41,589] {dag.py:2935} INFO - Setting next_dagrun for example_python_operator to None
[2022-02-25 00:06:41,602] {processor.py:171} INFO - Processing /home/airflow/.local/lib/python3.7/site-packages/airflow/example_dags/example_python_operator.py took 0.112 seconds
[2022-02-25 00:07:12,856] {processor.py:163} INFO - Started process (PID=16701) to work on /home/airflow/.local/lib/python3.7/site-packages/airflow/example_dags/example_python_operator.py
[2022-02-25 00:07:12,858] {processor.py:642} INFO - Processing file /home/airflow/.local/lib/python3.7/site-packages/airflow/example_dags/example_python_operator.py for tasks to queue
[2022-02-25 00:07:12,859] {logging_mixin.py:109} INFO - [2022-02-25 00:07:12,859] {dagbag.py:500} INFO - Filling up the DagBag from /home/airflow/.local/lib/python3.7/site-packages/airflow/example_dags/example_python_operator.py
[2022-02-25 00:07:12,893] {processor.py:654} INFO - DAG(s) dict_keys(['example_python_operator']) retrieved from /home/airflow/.local/lib/python3.7/site-packages/airflow/example_dags/example_python_operator.py
[2022-02-25 00:07:12,905] {logging_mixin.py:109} INFO - [2022-02-25 00:07:12,905] {dag.py:2396} INFO - Sync 1 DAGs
[2022-02-25 00:07:12,922] {logging_mixin.py:109} INFO - [2022-02-25 00:07:12,922] {dag.py:2935} INFO - Setting next_dagrun for example_python_operator to None
[2022-02-25 00:07:12,931] {processor.py:171} INFO - Processing /home/airflow/.local/lib/python3.7/site-packages/airflow/example_dags/example_python_operator.py took 0.079 seconds
[2022-02-25 00:07:43,084] {processor.py:163} INFO - Started process (PID=16762) to work on /home/airflow/.local/lib/python3.7/site-packages/airflow/example_dags/example_python_operator.py
[2022-02-25 00:07:43,086] {processor.py:642} INFO - Processing file /home/airflow/.local/lib/python3.7/site-packages/airflow/example_dags/example_python_operator.py for tasks to queue
[2022-02-25 00:07:43,087] {logging_mixin.py:109} INFO - [2022-02-25 00:07:43,087] {dagbag.py:500} INFO - Filling up the DagBag from /home/airflow/.local/lib/python3.7/site-packages/airflow/example_dags/example_python_operator.py
[2022-02-25 00:07:43,118] {processor.py:654} INFO - DAG(s) dict_keys(['example_python_operator']) retrieved from /home/airflow/.local/lib/python3.7/site-packages/airflow/example_dags/example_python_operator.py
[2022-02-25 00:07:43,129] {logging_mixin.py:109} INFO - [2022-02-25 00:07:43,129] {dag.py:2396} INFO - Sync 1 DAGs
[2022-02-25 00:07:43,147] {logging_mixin.py:109} INFO - [2022-02-25 00:07:43,147] {dag.py:2935} INFO - Setting next_dagrun for example_python_operator to None
[2022-02-25 00:07:43,157] {processor.py:171} INFO - Processing /home/airflow/.local/lib/python3.7/site-packages/airflow/example_dags/example_python_operator.py took 0.076 seconds
[2022-02-25 00:08:14,194] {processor.py:163} INFO - Started process (PID=16813) to work on /home/airflow/.local/lib/python3.7/site-packages/airflow/example_dags/example_python_operator.py
[2022-02-25 00:08:14,197] {processor.py:642} INFO - Processing file /home/airflow/.local/lib/python3.7/site-packages/airflow/example_dags/example_python_operator.py for tasks to queue
[2022-02-25 00:08:14,198] {logging_mixin.py:109} INFO - [2022-02-25 00:08:14,198] {dagbag.py:500} INFO - Filling up the DagBag from /home/airflow/.local/lib/python3.7/site-packages/airflow/example_dags/example_python_operator.py
[2022-02-25 00:08:14,232] {processor.py:654} INFO - DAG(s) dict_keys(['example_python_operator']) retrieved from /home/airflow/.local/lib/python3.7/site-packages/airflow/example_dags/example_python_operator.py
[2022-02-25 00:08:14,244] {logging_mixin.py:109} INFO - [2022-02-25 00:08:14,244] {dag.py:2396} INFO - Sync 1 DAGs
[2022-02-25 00:08:14,262] {logging_mixin.py:109} INFO - [2022-02-25 00:08:14,262] {dag.py:2935} INFO - Setting next_dagrun for example_python_operator to None
[2022-02-25 00:08:14,272] {processor.py:171} INFO - Processing /home/airflow/.local/lib/python3.7/site-packages/airflow/example_dags/example_python_operator.py took 0.081 seconds
[2022-02-25 00:08:45,235] {processor.py:163} INFO - Started process (PID=16874) to work on /home/airflow/.local/lib/python3.7/site-packages/airflow/example_dags/example_python_operator.py
[2022-02-25 00:08:45,237] {processor.py:642} INFO - Processing file /home/airflow/.local/lib/python3.7/site-packages/airflow/example_dags/example_python_operator.py for tasks to queue
[2022-02-25 00:08:45,238] {logging_mixin.py:109} INFO - [2022-02-25 00:08:45,238] {dagbag.py:500} INFO - Filling up the DagBag from /home/airflow/.local/lib/python3.7/site-packages/airflow/example_dags/example_python_operator.py
[2022-02-25 00:08:45,273] {processor.py:654} INFO - DAG(s) dict_keys(['example_python_operator']) retrieved from /home/airflow/.local/lib/python3.7/site-packages/airflow/example_dags/example_python_operator.py
[2022-02-25 00:08:45,284] {logging_mixin.py:109} INFO - [2022-02-25 00:08:45,284] {dag.py:2396} INFO - Sync 1 DAGs
[2022-02-25 00:08:45,301] {logging_mixin.py:109} INFO - [2022-02-25 00:08:45,300] {dag.py:2935} INFO - Setting next_dagrun for example_python_operator to None
[2022-02-25 00:08:45,310] {processor.py:171} INFO - Processing /home/airflow/.local/lib/python3.7/site-packages/airflow/example_dags/example_python_operator.py took 0.079 seconds
[2022-02-25 00:09:16,483] {processor.py:163} INFO - Started process (PID=16926) to work on /home/airflow/.local/lib/python3.7/site-packages/airflow/example_dags/example_python_operator.py
[2022-02-25 00:09:16,485] {processor.py:642} INFO - Processing file /home/airflow/.local/lib/python3.7/site-packages/airflow/example_dags/example_python_operator.py for tasks to queue
[2022-02-25 00:09:16,486] {logging_mixin.py:109} INFO - [2022-02-25 00:09:16,486] {dagbag.py:500} INFO - Filling up the DagBag from /home/airflow/.local/lib/python3.7/site-packages/airflow/example_dags/example_python_operator.py
[2022-02-25 00:09:16,520] {processor.py:654} INFO - DAG(s) dict_keys(['example_python_operator']) retrieved from /home/airflow/.local/lib/python3.7/site-packages/airflow/example_dags/example_python_operator.py
[2022-02-25 00:09:16,532] {logging_mixin.py:109} INFO - [2022-02-25 00:09:16,532] {dag.py:2396} INFO - Sync 1 DAGs
[2022-02-25 00:09:16,551] {logging_mixin.py:109} INFO - [2022-02-25 00:09:16,551] {dag.py:2935} INFO - Setting next_dagrun for example_python_operator to None
[2022-02-25 00:09:16,561] {processor.py:171} INFO - Processing /home/airflow/.local/lib/python3.7/site-packages/airflow/example_dags/example_python_operator.py took 0.081 seconds
[2022-02-25 00:09:46,671] {processor.py:163} INFO - Started process (PID=16989) to work on /home/airflow/.local/lib/python3.7/site-packages/airflow/example_dags/example_python_operator.py
[2022-02-25 00:09:46,673] {processor.py:642} INFO - Processing file /home/airflow/.local/lib/python3.7/site-packages/airflow/example_dags/example_python_operator.py for tasks to queue
[2022-02-25 00:09:46,674] {logging_mixin.py:109} INFO - [2022-02-25 00:09:46,674] {dagbag.py:500} INFO - Filling up the DagBag from /home/airflow/.local/lib/python3.7/site-packages/airflow/example_dags/example_python_operator.py
[2022-02-25 00:09:46,707] {processor.py:654} INFO - DAG(s) dict_keys(['example_python_operator']) retrieved from /home/airflow/.local/lib/python3.7/site-packages/airflow/example_dags/example_python_operator.py
[2022-02-25 00:09:46,718] {logging_mixin.py:109} INFO - [2022-02-25 00:09:46,718] {dag.py:2396} INFO - Sync 1 DAGs
[2022-02-25 00:09:46,734] {logging_mixin.py:109} INFO - [2022-02-25 00:09:46,734] {dag.py:2935} INFO - Setting next_dagrun for example_python_operator to None
[2022-02-25 00:09:46,743] {processor.py:171} INFO - Processing /home/airflow/.local/lib/python3.7/site-packages/airflow/example_dags/example_python_operator.py took 0.075 seconds
[2022-02-25 00:10:18,171] {processor.py:163} INFO - Started process (PID=17042) to work on /home/airflow/.local/lib/python3.7/site-packages/airflow/example_dags/example_python_operator.py
[2022-02-25 00:10:18,174] {processor.py:642} INFO - Processing file /home/airflow/.local/lib/python3.7/site-packages/airflow/example_dags/example_python_operator.py for tasks to queue
[2022-02-25 00:10:18,182] {logging_mixin.py:109} INFO - [2022-02-25 00:10:18,182] {dagbag.py:500} INFO - Filling up the DagBag from /home/airflow/.local/lib/python3.7/site-packages/airflow/example_dags/example_python_operator.py
[2022-02-25 00:10:18,230] {processor.py:654} INFO - DAG(s) dict_keys(['example_python_operator']) retrieved from /home/airflow/.local/lib/python3.7/site-packages/airflow/example_dags/example_python_operator.py
[2022-02-25 00:10:18,242] {logging_mixin.py:109} INFO - [2022-02-25 00:10:18,242] {dag.py:2396} INFO - Sync 1 DAGs
[2022-02-25 00:10:18,261] {logging_mixin.py:109} INFO - [2022-02-25 00:10:18,261] {dag.py:2935} INFO - Setting next_dagrun for example_python_operator to None
[2022-02-25 00:10:18,271] {processor.py:171} INFO - Processing /home/airflow/.local/lib/python3.7/site-packages/airflow/example_dags/example_python_operator.py took 0.103 seconds
[2022-02-25 00:10:48,480] {processor.py:163} INFO - Started process (PID=17104) to work on /home/airflow/.local/lib/python3.7/site-packages/airflow/example_dags/example_python_operator.py
[2022-02-25 00:10:48,482] {processor.py:642} INFO - Processing file /home/airflow/.local/lib/python3.7/site-packages/airflow/example_dags/example_python_operator.py for tasks to queue
[2022-02-25 00:10:48,483] {logging_mixin.py:109} INFO - [2022-02-25 00:10:48,483] {dagbag.py:500} INFO - Filling up the DagBag from /home/airflow/.local/lib/python3.7/site-packages/airflow/example_dags/example_python_operator.py
[2022-02-25 00:10:48,516] {processor.py:654} INFO - DAG(s) dict_keys(['example_python_operator']) retrieved from /home/airflow/.local/lib/python3.7/site-packages/airflow/example_dags/example_python_operator.py
[2022-02-25 00:10:48,526] {logging_mixin.py:109} INFO - [2022-02-25 00:10:48,526] {dag.py:2396} INFO - Sync 1 DAGs
[2022-02-25 00:10:48,542] {logging_mixin.py:109} INFO - [2022-02-25 00:10:48,542] {dag.py:2935} INFO - Setting next_dagrun for example_python_operator to None
[2022-02-25 00:10:48,554] {processor.py:171} INFO - Processing /home/airflow/.local/lib/python3.7/site-packages/airflow/example_dags/example_python_operator.py took 0.077 seconds
[2022-02-25 00:11:18,843] {processor.py:163} INFO - Started process (PID=17156) to work on /home/airflow/.local/lib/python3.7/site-packages/airflow/example_dags/example_python_operator.py
[2022-02-25 00:11:18,845] {processor.py:642} INFO - Processing file /home/airflow/.local/lib/python3.7/site-packages/airflow/example_dags/example_python_operator.py for tasks to queue
[2022-02-25 00:11:18,846] {logging_mixin.py:109} INFO - [2022-02-25 00:11:18,846] {dagbag.py:500} INFO - Filling up the DagBag from /home/airflow/.local/lib/python3.7/site-packages/airflow/example_dags/example_python_operator.py
[2022-02-25 00:11:18,880] {processor.py:654} INFO - DAG(s) dict_keys(['example_python_operator']) retrieved from /home/airflow/.local/lib/python3.7/site-packages/airflow/example_dags/example_python_operator.py
[2022-02-25 00:11:18,891] {logging_mixin.py:109} INFO - [2022-02-25 00:11:18,891] {dag.py:2396} INFO - Sync 1 DAGs
[2022-02-25 00:11:18,906] {logging_mixin.py:109} INFO - [2022-02-25 00:11:18,905] {dag.py:2935} INFO - Setting next_dagrun for example_python_operator to None
[2022-02-25 00:11:18,914] {processor.py:171} INFO - Processing /home/airflow/.local/lib/python3.7/site-packages/airflow/example_dags/example_python_operator.py took 0.075 seconds
[2022-02-25 00:11:49,040] {processor.py:163} INFO - Started process (PID=17216) to work on /home/airflow/.local/lib/python3.7/site-packages/airflow/example_dags/example_python_operator.py
[2022-02-25 00:11:49,042] {processor.py:642} INFO - Processing file /home/airflow/.local/lib/python3.7/site-packages/airflow/example_dags/example_python_operator.py for tasks to queue
[2022-02-25 00:11:49,043] {logging_mixin.py:109} INFO - [2022-02-25 00:11:49,043] {dagbag.py:500} INFO - Filling up the DagBag from /home/airflow/.local/lib/python3.7/site-packages/airflow/example_dags/example_python_operator.py
[2022-02-25 00:11:49,077] {processor.py:654} INFO - DAG(s) dict_keys(['example_python_operator']) retrieved from /home/airflow/.local/lib/python3.7/site-packages/airflow/example_dags/example_python_operator.py
[2022-02-25 00:11:49,088] {logging_mixin.py:109} INFO - [2022-02-25 00:11:49,088] {dag.py:2396} INFO - Sync 1 DAGs
[2022-02-25 00:11:49,104] {logging_mixin.py:109} INFO - [2022-02-25 00:11:49,104] {dag.py:2935} INFO - Setting next_dagrun for example_python_operator to None
[2022-02-25 00:11:49,112] {processor.py:171} INFO - Processing /home/airflow/.local/lib/python3.7/site-packages/airflow/example_dags/example_python_operator.py took 0.076 seconds
[2022-02-25 00:12:19,402] {processor.py:163} INFO - Started process (PID=17268) to work on /home/airflow/.local/lib/python3.7/site-packages/airflow/example_dags/example_python_operator.py
[2022-02-25 00:12:19,404] {processor.py:642} INFO - Processing file /home/airflow/.local/lib/python3.7/site-packages/airflow/example_dags/example_python_operator.py for tasks to queue
[2022-02-25 00:12:19,405] {logging_mixin.py:109} INFO - [2022-02-25 00:12:19,405] {dagbag.py:500} INFO - Filling up the DagBag from /home/airflow/.local/lib/python3.7/site-packages/airflow/example_dags/example_python_operator.py
[2022-02-25 00:12:19,439] {processor.py:654} INFO - DAG(s) dict_keys(['example_python_operator']) retrieved from /home/airflow/.local/lib/python3.7/site-packages/airflow/example_dags/example_python_operator.py
[2022-02-25 00:12:19,451] {logging_mixin.py:109} INFO - [2022-02-25 00:12:19,451] {dag.py:2396} INFO - Sync 1 DAGs
[2022-02-25 00:12:19,468] {logging_mixin.py:109} INFO - [2022-02-25 00:12:19,468] {dag.py:2935} INFO - Setting next_dagrun for example_python_operator to None
[2022-02-25 00:12:19,477] {processor.py:171} INFO - Processing /home/airflow/.local/lib/python3.7/site-packages/airflow/example_dags/example_python_operator.py took 0.079 seconds
[2022-02-25 00:12:49,703] {processor.py:163} INFO - Started process (PID=17331) to work on /home/airflow/.local/lib/python3.7/site-packages/airflow/example_dags/example_python_operator.py
[2022-02-25 00:12:49,705] {processor.py:642} INFO - Processing file /home/airflow/.local/lib/python3.7/site-packages/airflow/example_dags/example_python_operator.py for tasks to queue
[2022-02-25 00:12:49,706] {logging_mixin.py:109} INFO - [2022-02-25 00:12:49,706] {dagbag.py:500} INFO - Filling up the DagBag from /home/airflow/.local/lib/python3.7/site-packages/airflow/example_dags/example_python_operator.py
[2022-02-25 00:12:49,739] {processor.py:654} INFO - DAG(s) dict_keys(['example_python_operator']) retrieved from /home/airflow/.local/lib/python3.7/site-packages/airflow/example_dags/example_python_operator.py
[2022-02-25 00:12:49,751] {logging_mixin.py:109} INFO - [2022-02-25 00:12:49,750] {dag.py:2396} INFO - Sync 1 DAGs
[2022-02-25 00:12:49,767] {logging_mixin.py:109} INFO - [2022-02-25 00:12:49,767] {dag.py:2935} INFO - Setting next_dagrun for example_python_operator to None
[2022-02-25 00:12:49,776] {processor.py:171} INFO - Processing /home/airflow/.local/lib/python3.7/site-packages/airflow/example_dags/example_python_operator.py took 0.077 seconds
[2022-02-25 00:13:20,065] {processor.py:163} INFO - Started process (PID=17381) to work on /home/airflow/.local/lib/python3.7/site-packages/airflow/example_dags/example_python_operator.py
[2022-02-25 00:13:20,067] {processor.py:642} INFO - Processing file /home/airflow/.local/lib/python3.7/site-packages/airflow/example_dags/example_python_operator.py for tasks to queue
[2022-02-25 00:13:20,068] {logging_mixin.py:109} INFO - [2022-02-25 00:13:20,068] {dagbag.py:500} INFO - Filling up the DagBag from /home/airflow/.local/lib/python3.7/site-packages/airflow/example_dags/example_python_operator.py
[2022-02-25 00:13:20,099] {processor.py:654} INFO - DAG(s) dict_keys(['example_python_operator']) retrieved from /home/airflow/.local/lib/python3.7/site-packages/airflow/example_dags/example_python_operator.py
[2022-02-25 00:13:20,110] {logging_mixin.py:109} INFO - [2022-02-25 00:13:20,110] {dag.py:2396} INFO - Sync 1 DAGs
[2022-02-25 00:13:20,126] {logging_mixin.py:109} INFO - [2022-02-25 00:13:20,126] {dag.py:2935} INFO - Setting next_dagrun for example_python_operator to None
[2022-02-25 00:13:20,136] {processor.py:171} INFO - Processing /home/airflow/.local/lib/python3.7/site-packages/airflow/example_dags/example_python_operator.py took 0.074 seconds
[2022-02-25 00:13:50,456] {processor.py:163} INFO - Started process (PID=17441) to work on /home/airflow/.local/lib/python3.7/site-packages/airflow/example_dags/example_python_operator.py
[2022-02-25 00:13:50,458] {processor.py:642} INFO - Processing file /home/airflow/.local/lib/python3.7/site-packages/airflow/example_dags/example_python_operator.py for tasks to queue
[2022-02-25 00:13:50,459] {logging_mixin.py:109} INFO - [2022-02-25 00:13:50,459] {dagbag.py:500} INFO - Filling up the DagBag from /home/airflow/.local/lib/python3.7/site-packages/airflow/example_dags/example_python_operator.py
[2022-02-25 00:13:50,491] {processor.py:654} INFO - DAG(s) dict_keys(['example_python_operator']) retrieved from /home/airflow/.local/lib/python3.7/site-packages/airflow/example_dags/example_python_operator.py
[2022-02-25 00:13:50,501] {logging_mixin.py:109} INFO - [2022-02-25 00:13:50,501] {dag.py:2396} INFO - Sync 1 DAGs
[2022-02-25 00:13:50,516] {logging_mixin.py:109} INFO - [2022-02-25 00:13:50,516] {dag.py:2935} INFO - Setting next_dagrun for example_python_operator to None
[2022-02-25 00:13:50,532] {processor.py:171} INFO - Processing /home/airflow/.local/lib/python3.7/site-packages/airflow/example_dags/example_python_operator.py took 0.079 seconds
[2022-02-25 00:14:20,782] {processor.py:163} INFO - Started process (PID=17492) to work on /home/airflow/.local/lib/python3.7/site-packages/airflow/example_dags/example_python_operator.py
[2022-02-25 00:14:20,783] {processor.py:642} INFO - Processing file /home/airflow/.local/lib/python3.7/site-packages/airflow/example_dags/example_python_operator.py for tasks to queue
[2022-02-25 00:14:20,784] {logging_mixin.py:109} INFO - [2022-02-25 00:14:20,784] {dagbag.py:500} INFO - Filling up the DagBag from /home/airflow/.local/lib/python3.7/site-packages/airflow/example_dags/example_python_operator.py
[2022-02-25 00:14:20,816] {processor.py:654} INFO - DAG(s) dict_keys(['example_python_operator']) retrieved from /home/airflow/.local/lib/python3.7/site-packages/airflow/example_dags/example_python_operator.py
[2022-02-25 00:14:20,827] {logging_mixin.py:109} INFO - [2022-02-25 00:14:20,827] {dag.py:2396} INFO - Sync 1 DAGs
[2022-02-25 00:14:20,842] {logging_mixin.py:109} INFO - [2022-02-25 00:14:20,842] {dag.py:2935} INFO - Setting next_dagrun for example_python_operator to None
[2022-02-25 00:14:20,852] {processor.py:171} INFO - Processing /home/airflow/.local/lib/python3.7/site-packages/airflow/example_dags/example_python_operator.py took 0.074 seconds
[2022-02-25 00:14:51,059] {processor.py:163} INFO - Started process (PID=17552) to work on /home/airflow/.local/lib/python3.7/site-packages/airflow/example_dags/example_python_operator.py
[2022-02-25 00:14:51,060] {processor.py:642} INFO - Processing file /home/airflow/.local/lib/python3.7/site-packages/airflow/example_dags/example_python_operator.py for tasks to queue
[2022-02-25 00:14:51,062] {logging_mixin.py:109} INFO - [2022-02-25 00:14:51,062] {dagbag.py:500} INFO - Filling up the DagBag from /home/airflow/.local/lib/python3.7/site-packages/airflow/example_dags/example_python_operator.py
[2022-02-25 00:14:51,094] {processor.py:654} INFO - DAG(s) dict_keys(['example_python_operator']) retrieved from /home/airflow/.local/lib/python3.7/site-packages/airflow/example_dags/example_python_operator.py
[2022-02-25 00:14:51,105] {logging_mixin.py:109} INFO - [2022-02-25 00:14:51,105] {dag.py:2396} INFO - Sync 1 DAGs
[2022-02-25 00:14:51,121] {logging_mixin.py:109} INFO - [2022-02-25 00:14:51,120] {dag.py:2935} INFO - Setting next_dagrun for example_python_operator to None
[2022-02-25 00:14:51,131] {processor.py:171} INFO - Processing /home/airflow/.local/lib/python3.7/site-packages/airflow/example_dags/example_python_operator.py took 0.076 seconds
[2022-02-25 00:15:21,355] {processor.py:163} INFO - Started process (PID=17604) to work on /home/airflow/.local/lib/python3.7/site-packages/airflow/example_dags/example_python_operator.py
[2022-02-25 00:15:21,356] {processor.py:642} INFO - Processing file /home/airflow/.local/lib/python3.7/site-packages/airflow/example_dags/example_python_operator.py for tasks to queue
[2022-02-25 00:15:21,358] {logging_mixin.py:109} INFO - [2022-02-25 00:15:21,357] {dagbag.py:500} INFO - Filling up the DagBag from /home/airflow/.local/lib/python3.7/site-packages/airflow/example_dags/example_python_operator.py
[2022-02-25 00:15:21,390] {processor.py:654} INFO - DAG(s) dict_keys(['example_python_operator']) retrieved from /home/airflow/.local/lib/python3.7/site-packages/airflow/example_dags/example_python_operator.py
[2022-02-25 00:15:21,401] {logging_mixin.py:109} INFO - [2022-02-25 00:15:21,401] {dag.py:2396} INFO - Sync 1 DAGs
[2022-02-25 00:15:21,417] {logging_mixin.py:109} INFO - [2022-02-25 00:15:21,417] {dag.py:2935} INFO - Setting next_dagrun for example_python_operator to None
[2022-02-25 00:15:21,427] {processor.py:171} INFO - Processing /home/airflow/.local/lib/python3.7/site-packages/airflow/example_dags/example_python_operator.py took 0.076 seconds
[2022-02-25 00:15:51,791] {processor.py:163} INFO - Started process (PID=17666) to work on /home/airflow/.local/lib/python3.7/site-packages/airflow/example_dags/example_python_operator.py
[2022-02-25 00:15:51,792] {processor.py:642} INFO - Processing file /home/airflow/.local/lib/python3.7/site-packages/airflow/example_dags/example_python_operator.py for tasks to queue
[2022-02-25 00:15:51,793] {logging_mixin.py:109} INFO - [2022-02-25 00:15:51,793] {dagbag.py:500} INFO - Filling up the DagBag from /home/airflow/.local/lib/python3.7/site-packages/airflow/example_dags/example_python_operator.py
[2022-02-25 00:15:51,826] {processor.py:654} INFO - DAG(s) dict_keys(['example_python_operator']) retrieved from /home/airflow/.local/lib/python3.7/site-packages/airflow/example_dags/example_python_operator.py
[2022-02-25 00:15:51,836] {logging_mixin.py:109} INFO - [2022-02-25 00:15:51,836] {dag.py:2396} INFO - Sync 1 DAGs
[2022-02-25 00:15:51,852] {logging_mixin.py:109} INFO - [2022-02-25 00:15:51,852] {dag.py:2935} INFO - Setting next_dagrun for example_python_operator to None
[2022-02-25 00:15:51,860] {processor.py:171} INFO - Processing /home/airflow/.local/lib/python3.7/site-packages/airflow/example_dags/example_python_operator.py took 0.073 seconds
[2022-02-25 00:16:21,908] {processor.py:163} INFO - Started process (PID=17717) to work on /home/airflow/.local/lib/python3.7/site-packages/airflow/example_dags/example_python_operator.py
[2022-02-25 00:16:21,910] {processor.py:642} INFO - Processing file /home/airflow/.local/lib/python3.7/site-packages/airflow/example_dags/example_python_operator.py for tasks to queue
[2022-02-25 00:16:21,911] {logging_mixin.py:109} INFO - [2022-02-25 00:16:21,911] {dagbag.py:500} INFO - Filling up the DagBag from /home/airflow/.local/lib/python3.7/site-packages/airflow/example_dags/example_python_operator.py
[2022-02-25 00:16:21,945] {processor.py:654} INFO - DAG(s) dict_keys(['example_python_operator']) retrieved from /home/airflow/.local/lib/python3.7/site-packages/airflow/example_dags/example_python_operator.py
[2022-02-25 00:16:21,956] {logging_mixin.py:109} INFO - [2022-02-25 00:16:21,956] {dag.py:2396} INFO - Sync 1 DAGs
[2022-02-25 00:16:21,972] {logging_mixin.py:109} INFO - [2022-02-25 00:16:21,972] {dag.py:2935} INFO - Setting next_dagrun for example_python_operator to None
[2022-02-25 00:16:21,981] {processor.py:171} INFO - Processing /home/airflow/.local/lib/python3.7/site-packages/airflow/example_dags/example_python_operator.py took 0.076 seconds
[2022-02-25 00:16:52,064] {processor.py:163} INFO - Started process (PID=17779) to work on /home/airflow/.local/lib/python3.7/site-packages/airflow/example_dags/example_python_operator.py
[2022-02-25 00:16:52,066] {processor.py:642} INFO - Processing file /home/airflow/.local/lib/python3.7/site-packages/airflow/example_dags/example_python_operator.py for tasks to queue
[2022-02-25 00:16:52,067] {logging_mixin.py:109} INFO - [2022-02-25 00:16:52,067] {dagbag.py:500} INFO - Filling up the DagBag from /home/airflow/.local/lib/python3.7/site-packages/airflow/example_dags/example_python_operator.py
[2022-02-25 00:16:52,100] {processor.py:654} INFO - DAG(s) dict_keys(['example_python_operator']) retrieved from /home/airflow/.local/lib/python3.7/site-packages/airflow/example_dags/example_python_operator.py
[2022-02-25 00:16:52,110] {logging_mixin.py:109} INFO - [2022-02-25 00:16:52,110] {dag.py:2396} INFO - Sync 1 DAGs
[2022-02-25 00:16:52,126] {logging_mixin.py:109} INFO - [2022-02-25 00:16:52,126] {dag.py:2935} INFO - Setting next_dagrun for example_python_operator to None
[2022-02-25 00:16:52,135] {processor.py:171} INFO - Processing /home/airflow/.local/lib/python3.7/site-packages/airflow/example_dags/example_python_operator.py took 0.075 seconds
[2022-02-25 00:17:22,536] {processor.py:163} INFO - Started process (PID=17831) to work on /home/airflow/.local/lib/python3.7/site-packages/airflow/example_dags/example_python_operator.py
[2022-02-25 00:17:22,538] {processor.py:642} INFO - Processing file /home/airflow/.local/lib/python3.7/site-packages/airflow/example_dags/example_python_operator.py for tasks to queue
[2022-02-25 00:17:22,539] {logging_mixin.py:109} INFO - [2022-02-25 00:17:22,539] {dagbag.py:500} INFO - Filling up the DagBag from /home/airflow/.local/lib/python3.7/site-packages/airflow/example_dags/example_python_operator.py
[2022-02-25 00:17:22,573] {processor.py:654} INFO - DAG(s) dict_keys(['example_python_operator']) retrieved from /home/airflow/.local/lib/python3.7/site-packages/airflow/example_dags/example_python_operator.py
[2022-02-25 00:17:22,584] {logging_mixin.py:109} INFO - [2022-02-25 00:17:22,584] {dag.py:2396} INFO - Sync 1 DAGs
[2022-02-25 00:17:22,599] {logging_mixin.py:109} INFO - [2022-02-25 00:17:22,599] {dag.py:2935} INFO - Setting next_dagrun for example_python_operator to None
[2022-02-25 00:17:22,609] {processor.py:171} INFO - Processing /home/airflow/.local/lib/python3.7/site-packages/airflow/example_dags/example_python_operator.py took 0.076 seconds
[2022-02-25 00:17:52,710] {processor.py:163} INFO - Started process (PID=17894) to work on /home/airflow/.local/lib/python3.7/site-packages/airflow/example_dags/example_python_operator.py
[2022-02-25 00:17:52,712] {processor.py:642} INFO - Processing file /home/airflow/.local/lib/python3.7/site-packages/airflow/example_dags/example_python_operator.py for tasks to queue
[2022-02-25 00:17:52,713] {logging_mixin.py:109} INFO - [2022-02-25 00:17:52,713] {dagbag.py:500} INFO - Filling up the DagBag from /home/airflow/.local/lib/python3.7/site-packages/airflow/example_dags/example_python_operator.py
[2022-02-25 00:17:52,747] {processor.py:654} INFO - DAG(s) dict_keys(['example_python_operator']) retrieved from /home/airflow/.local/lib/python3.7/site-packages/airflow/example_dags/example_python_operator.py
[2022-02-25 00:17:52,756] {logging_mixin.py:109} INFO - [2022-02-25 00:17:52,756] {dag.py:2396} INFO - Sync 1 DAGs
[2022-02-25 00:17:52,771] {logging_mixin.py:109} INFO - [2022-02-25 00:17:52,771] {dag.py:2935} INFO - Setting next_dagrun for example_python_operator to None
[2022-02-25 00:17:52,779] {processor.py:171} INFO - Processing /home/airflow/.local/lib/python3.7/site-packages/airflow/example_dags/example_python_operator.py took 0.073 seconds
[2022-02-25 00:18:23,272] {processor.py:163} INFO - Started process (PID=17946) to work on /home/airflow/.local/lib/python3.7/site-packages/airflow/example_dags/example_python_operator.py
[2022-02-25 00:18:23,274] {processor.py:642} INFO - Processing file /home/airflow/.local/lib/python3.7/site-packages/airflow/example_dags/example_python_operator.py for tasks to queue
[2022-02-25 00:18:23,275] {logging_mixin.py:109} INFO - [2022-02-25 00:18:23,275] {dagbag.py:500} INFO - Filling up the DagBag from /home/airflow/.local/lib/python3.7/site-packages/airflow/example_dags/example_python_operator.py
[2022-02-25 00:18:23,308] {processor.py:654} INFO - DAG(s) dict_keys(['example_python_operator']) retrieved from /home/airflow/.local/lib/python3.7/site-packages/airflow/example_dags/example_python_operator.py
[2022-02-25 00:18:23,319] {logging_mixin.py:109} INFO - [2022-02-25 00:18:23,319] {dag.py:2396} INFO - Sync 1 DAGs
[2022-02-25 00:18:23,336] {logging_mixin.py:109} INFO - [2022-02-25 00:18:23,336] {dag.py:2935} INFO - Setting next_dagrun for example_python_operator to None
[2022-02-25 00:18:23,346] {processor.py:171} INFO - Processing /home/airflow/.local/lib/python3.7/site-packages/airflow/example_dags/example_python_operator.py took 0.078 seconds
[2022-02-25 00:18:53,545] {processor.py:163} INFO - Started process (PID=18004) to work on /home/airflow/.local/lib/python3.7/site-packages/airflow/example_dags/example_python_operator.py
[2022-02-25 00:18:53,547] {processor.py:642} INFO - Processing file /home/airflow/.local/lib/python3.7/site-packages/airflow/example_dags/example_python_operator.py for tasks to queue
[2022-02-25 00:18:53,548] {logging_mixin.py:109} INFO - [2022-02-25 00:18:53,548] {dagbag.py:500} INFO - Filling up the DagBag from /home/airflow/.local/lib/python3.7/site-packages/airflow/example_dags/example_python_operator.py
[2022-02-25 00:18:53,583] {processor.py:654} INFO - DAG(s) dict_keys(['example_python_operator']) retrieved from /home/airflow/.local/lib/python3.7/site-packages/airflow/example_dags/example_python_operator.py
[2022-02-25 00:18:53,594] {logging_mixin.py:109} INFO - [2022-02-25 00:18:53,594] {dag.py:2396} INFO - Sync 1 DAGs
[2022-02-25 00:18:53,610] {logging_mixin.py:109} INFO - [2022-02-25 00:18:53,610] {dag.py:2935} INFO - Setting next_dagrun for example_python_operator to None
[2022-02-25 00:18:53,620] {processor.py:171} INFO - Processing /home/airflow/.local/lib/python3.7/site-packages/airflow/example_dags/example_python_operator.py took 0.078 seconds
[2022-02-25 00:19:24,589] {processor.py:163} INFO - Started process (PID=18058) to work on /home/airflow/.local/lib/python3.7/site-packages/airflow/example_dags/example_python_operator.py
[2022-02-25 00:19:24,590] {processor.py:642} INFO - Processing file /home/airflow/.local/lib/python3.7/site-packages/airflow/example_dags/example_python_operator.py for tasks to queue
[2022-02-25 00:19:24,591] {logging_mixin.py:109} INFO - [2022-02-25 00:19:24,591] {dagbag.py:500} INFO - Filling up the DagBag from /home/airflow/.local/lib/python3.7/site-packages/airflow/example_dags/example_python_operator.py
[2022-02-25 00:19:24,624] {processor.py:654} INFO - DAG(s) dict_keys(['example_python_operator']) retrieved from /home/airflow/.local/lib/python3.7/site-packages/airflow/example_dags/example_python_operator.py
[2022-02-25 00:19:24,635] {logging_mixin.py:109} INFO - [2022-02-25 00:19:24,635] {dag.py:2396} INFO - Sync 1 DAGs
[2022-02-25 00:19:24,651] {logging_mixin.py:109} INFO - [2022-02-25 00:19:24,651] {dag.py:2935} INFO - Setting next_dagrun for example_python_operator to None
[2022-02-25 00:19:24,663] {processor.py:171} INFO - Processing /home/airflow/.local/lib/python3.7/site-packages/airflow/example_dags/example_python_operator.py took 0.077 seconds
[2022-02-25 00:19:54,731] {processor.py:163} INFO - Started process (PID=18118) to work on /home/airflow/.local/lib/python3.7/site-packages/airflow/example_dags/example_python_operator.py
[2022-02-25 00:19:54,733] {processor.py:642} INFO - Processing file /home/airflow/.local/lib/python3.7/site-packages/airflow/example_dags/example_python_operator.py for tasks to queue
[2022-02-25 00:19:54,734] {logging_mixin.py:109} INFO - [2022-02-25 00:19:54,734] {dagbag.py:500} INFO - Filling up the DagBag from /home/airflow/.local/lib/python3.7/site-packages/airflow/example_dags/example_python_operator.py
[2022-02-25 00:19:54,768] {processor.py:654} INFO - DAG(s) dict_keys(['example_python_operator']) retrieved from /home/airflow/.local/lib/python3.7/site-packages/airflow/example_dags/example_python_operator.py
[2022-02-25 00:19:54,780] {logging_mixin.py:109} INFO - [2022-02-25 00:19:54,779] {dag.py:2396} INFO - Sync 1 DAGs
[2022-02-25 00:19:54,796] {logging_mixin.py:109} INFO - [2022-02-25 00:19:54,796] {dag.py:2935} INFO - Setting next_dagrun for example_python_operator to None
[2022-02-25 00:19:54,805] {processor.py:171} INFO - Processing /home/airflow/.local/lib/python3.7/site-packages/airflow/example_dags/example_python_operator.py took 0.078 seconds
[2022-02-25 00:20:24,967] {processor.py:163} INFO - Started process (PID=18170) to work on /home/airflow/.local/lib/python3.7/site-packages/airflow/example_dags/example_python_operator.py
[2022-02-25 00:20:24,969] {processor.py:642} INFO - Processing file /home/airflow/.local/lib/python3.7/site-packages/airflow/example_dags/example_python_operator.py for tasks to queue
[2022-02-25 00:20:24,970] {logging_mixin.py:109} INFO - [2022-02-25 00:20:24,970] {dagbag.py:500} INFO - Filling up the DagBag from /home/airflow/.local/lib/python3.7/site-packages/airflow/example_dags/example_python_operator.py
[2022-02-25 00:20:25,005] {processor.py:654} INFO - DAG(s) dict_keys(['example_python_operator']) retrieved from /home/airflow/.local/lib/python3.7/site-packages/airflow/example_dags/example_python_operator.py
[2022-02-25 00:20:25,016] {logging_mixin.py:109} INFO - [2022-02-25 00:20:25,016] {dag.py:2396} INFO - Sync 1 DAGs
[2022-02-25 00:20:25,032] {logging_mixin.py:109} INFO - [2022-02-25 00:20:25,032] {dag.py:2935} INFO - Setting next_dagrun for example_python_operator to None
[2022-02-25 00:20:25,042] {processor.py:171} INFO - Processing /home/airflow/.local/lib/python3.7/site-packages/airflow/example_dags/example_python_operator.py took 0.078 seconds
[2022-02-25 00:20:55,255] {processor.py:163} INFO - Started process (PID=18221) to work on /home/airflow/.local/lib/python3.7/site-packages/airflow/example_dags/example_python_operator.py
[2022-02-25 00:20:55,257] {processor.py:642} INFO - Processing file /home/airflow/.local/lib/python3.7/site-packages/airflow/example_dags/example_python_operator.py for tasks to queue
[2022-02-25 00:20:55,259] {logging_mixin.py:109} INFO - [2022-02-25 00:20:55,259] {dagbag.py:500} INFO - Filling up the DagBag from /home/airflow/.local/lib/python3.7/site-packages/airflow/example_dags/example_python_operator.py
[2022-02-25 00:20:55,292] {processor.py:654} INFO - DAG(s) dict_keys(['example_python_operator']) retrieved from /home/airflow/.local/lib/python3.7/site-packages/airflow/example_dags/example_python_operator.py
[2022-02-25 00:20:55,303] {logging_mixin.py:109} INFO - [2022-02-25 00:20:55,302] {dag.py:2396} INFO - Sync 1 DAGs
[2022-02-25 00:20:55,318] {logging_mixin.py:109} INFO - [2022-02-25 00:20:55,318] {dag.py:2935} INFO - Setting next_dagrun for example_python_operator to None
[2022-02-25 00:20:55,327] {processor.py:171} INFO - Processing /home/airflow/.local/lib/python3.7/site-packages/airflow/example_dags/example_python_operator.py took 0.075 seconds
[2022-02-25 00:21:25,731] {processor.py:163} INFO - Started process (PID=18284) to work on /home/airflow/.local/lib/python3.7/site-packages/airflow/example_dags/example_python_operator.py
[2022-02-25 00:21:25,734] {processor.py:642} INFO - Processing file /home/airflow/.local/lib/python3.7/site-packages/airflow/example_dags/example_python_operator.py for tasks to queue
[2022-02-25 00:21:25,735] {logging_mixin.py:109} INFO - [2022-02-25 00:21:25,735] {dagbag.py:500} INFO - Filling up the DagBag from /home/airflow/.local/lib/python3.7/site-packages/airflow/example_dags/example_python_operator.py
[2022-02-25 00:21:25,769] {processor.py:654} INFO - DAG(s) dict_keys(['example_python_operator']) retrieved from /home/airflow/.local/lib/python3.7/site-packages/airflow/example_dags/example_python_operator.py
[2022-02-25 00:21:25,780] {logging_mixin.py:109} INFO - [2022-02-25 00:21:25,779] {dag.py:2396} INFO - Sync 1 DAGs
[2022-02-25 00:21:25,795] {logging_mixin.py:109} INFO - [2022-02-25 00:21:25,795] {dag.py:2935} INFO - Setting next_dagrun for example_python_operator to None
[2022-02-25 00:21:25,804] {processor.py:171} INFO - Processing /home/airflow/.local/lib/python3.7/site-packages/airflow/example_dags/example_python_operator.py took 0.076 seconds
[2022-02-25 00:21:56,063] {processor.py:163} INFO - Started process (PID=18335) to work on /home/airflow/.local/lib/python3.7/site-packages/airflow/example_dags/example_python_operator.py
[2022-02-25 00:21:56,065] {processor.py:642} INFO - Processing file /home/airflow/.local/lib/python3.7/site-packages/airflow/example_dags/example_python_operator.py for tasks to queue
[2022-02-25 00:21:56,066] {logging_mixin.py:109} INFO - [2022-02-25 00:21:56,066] {dagbag.py:500} INFO - Filling up the DagBag from /home/airflow/.local/lib/python3.7/site-packages/airflow/example_dags/example_python_operator.py
[2022-02-25 00:21:56,100] {processor.py:654} INFO - DAG(s) dict_keys(['example_python_operator']) retrieved from /home/airflow/.local/lib/python3.7/site-packages/airflow/example_dags/example_python_operator.py
[2022-02-25 00:21:56,112] {logging_mixin.py:109} INFO - [2022-02-25 00:21:56,112] {dag.py:2396} INFO - Sync 1 DAGs
[2022-02-25 00:21:56,128] {logging_mixin.py:109} INFO - [2022-02-25 00:21:56,128] {dag.py:2935} INFO - Setting next_dagrun for example_python_operator to None
[2022-02-25 00:21:56,137] {processor.py:171} INFO - Processing /home/airflow/.local/lib/python3.7/site-packages/airflow/example_dags/example_python_operator.py took 0.077 seconds
[2022-02-25 00:22:26,474] {processor.py:163} INFO - Started process (PID=18397) to work on /home/airflow/.local/lib/python3.7/site-packages/airflow/example_dags/example_python_operator.py
[2022-02-25 00:22:26,476] {processor.py:642} INFO - Processing file /home/airflow/.local/lib/python3.7/site-packages/airflow/example_dags/example_python_operator.py for tasks to queue
[2022-02-25 00:22:26,477] {logging_mixin.py:109} INFO - [2022-02-25 00:22:26,477] {dagbag.py:500} INFO - Filling up the DagBag from /home/airflow/.local/lib/python3.7/site-packages/airflow/example_dags/example_python_operator.py
[2022-02-25 00:22:26,512] {processor.py:654} INFO - DAG(s) dict_keys(['example_python_operator']) retrieved from /home/airflow/.local/lib/python3.7/site-packages/airflow/example_dags/example_python_operator.py
[2022-02-25 00:22:26,523] {logging_mixin.py:109} INFO - [2022-02-25 00:22:26,523] {dag.py:2396} INFO - Sync 1 DAGs
[2022-02-25 00:22:26,538] {logging_mixin.py:109} INFO - [2022-02-25 00:22:26,538] {dag.py:2935} INFO - Setting next_dagrun for example_python_operator to None
[2022-02-25 00:22:26,547] {processor.py:171} INFO - Processing /home/airflow/.local/lib/python3.7/site-packages/airflow/example_dags/example_python_operator.py took 0.077 seconds
[2022-02-25 00:22:56,997] {processor.py:163} INFO - Started process (PID=18449) to work on /home/airflow/.local/lib/python3.7/site-packages/airflow/example_dags/example_python_operator.py
[2022-02-25 00:22:56,999] {processor.py:642} INFO - Processing file /home/airflow/.local/lib/python3.7/site-packages/airflow/example_dags/example_python_operator.py for tasks to queue
[2022-02-25 00:22:57,000] {logging_mixin.py:109} INFO - [2022-02-25 00:22:57,000] {dagbag.py:500} INFO - Filling up the DagBag from /home/airflow/.local/lib/python3.7/site-packages/airflow/example_dags/example_python_operator.py
[2022-02-25 00:22:57,039] {processor.py:654} INFO - DAG(s) dict_keys(['example_python_operator']) retrieved from /home/airflow/.local/lib/python3.7/site-packages/airflow/example_dags/example_python_operator.py
[2022-02-25 00:22:57,050] {logging_mixin.py:109} INFO - [2022-02-25 00:22:57,050] {dag.py:2396} INFO - Sync 1 DAGs
[2022-02-25 00:22:57,067] {logging_mixin.py:109} INFO - [2022-02-25 00:22:57,067] {dag.py:2935} INFO - Setting next_dagrun for example_python_operator to None
[2022-02-25 00:22:57,077] {processor.py:171} INFO - Processing /home/airflow/.local/lib/python3.7/site-packages/airflow/example_dags/example_python_operator.py took 0.084 seconds
[2022-02-25 00:23:27,299] {processor.py:163} INFO - Started process (PID=18513) to work on /home/airflow/.local/lib/python3.7/site-packages/airflow/example_dags/example_python_operator.py
[2022-02-25 00:23:27,300] {processor.py:642} INFO - Processing file /home/airflow/.local/lib/python3.7/site-packages/airflow/example_dags/example_python_operator.py for tasks to queue
[2022-02-25 00:23:27,302] {logging_mixin.py:109} INFO - [2022-02-25 00:23:27,301] {dagbag.py:500} INFO - Filling up the DagBag from /home/airflow/.local/lib/python3.7/site-packages/airflow/example_dags/example_python_operator.py
[2022-02-25 00:23:27,335] {processor.py:654} INFO - DAG(s) dict_keys(['example_python_operator']) retrieved from /home/airflow/.local/lib/python3.7/site-packages/airflow/example_dags/example_python_operator.py
[2022-02-25 00:23:27,346] {logging_mixin.py:109} INFO - [2022-02-25 00:23:27,346] {dag.py:2396} INFO - Sync 1 DAGs
[2022-02-25 00:23:27,366] {logging_mixin.py:109} INFO - [2022-02-25 00:23:27,366] {dag.py:2935} INFO - Setting next_dagrun for example_python_operator to None
[2022-02-25 00:23:27,375] {processor.py:171} INFO - Processing /home/airflow/.local/lib/python3.7/site-packages/airflow/example_dags/example_python_operator.py took 0.080 seconds
[2022-02-25 00:23:57,451] {processor.py:163} INFO - Started process (PID=18565) to work on /home/airflow/.local/lib/python3.7/site-packages/airflow/example_dags/example_python_operator.py
[2022-02-25 00:23:57,453] {processor.py:642} INFO - Processing file /home/airflow/.local/lib/python3.7/site-packages/airflow/example_dags/example_python_operator.py for tasks to queue
[2022-02-25 00:23:57,455] {logging_mixin.py:109} INFO - [2022-02-25 00:23:57,454] {dagbag.py:500} INFO - Filling up the DagBag from /home/airflow/.local/lib/python3.7/site-packages/airflow/example_dags/example_python_operator.py
[2022-02-25 00:23:57,488] {processor.py:654} INFO - DAG(s) dict_keys(['example_python_operator']) retrieved from /home/airflow/.local/lib/python3.7/site-packages/airflow/example_dags/example_python_operator.py
[2022-02-25 00:23:57,499] {logging_mixin.py:109} INFO - [2022-02-25 00:23:57,499] {dag.py:2396} INFO - Sync 1 DAGs
[2022-02-25 00:23:57,515] {logging_mixin.py:109} INFO - [2022-02-25 00:23:57,514] {dag.py:2935} INFO - Setting next_dagrun for example_python_operator to None
[2022-02-25 00:23:57,524] {processor.py:171} INFO - Processing /home/airflow/.local/lib/python3.7/site-packages/airflow/example_dags/example_python_operator.py took 0.076 seconds
[2022-02-25 00:24:27,925] {processor.py:163} INFO - Started process (PID=18626) to work on /home/airflow/.local/lib/python3.7/site-packages/airflow/example_dags/example_python_operator.py
[2022-02-25 00:24:27,928] {processor.py:642} INFO - Processing file /home/airflow/.local/lib/python3.7/site-packages/airflow/example_dags/example_python_operator.py for tasks to queue
[2022-02-25 00:24:27,929] {logging_mixin.py:109} INFO - [2022-02-25 00:24:27,929] {dagbag.py:500} INFO - Filling up the DagBag from /home/airflow/.local/lib/python3.7/site-packages/airflow/example_dags/example_python_operator.py
[2022-02-25 00:24:27,962] {processor.py:654} INFO - DAG(s) dict_keys(['example_python_operator']) retrieved from /home/airflow/.local/lib/python3.7/site-packages/airflow/example_dags/example_python_operator.py
[2022-02-25 00:24:27,974] {logging_mixin.py:109} INFO - [2022-02-25 00:24:27,973] {dag.py:2396} INFO - Sync 1 DAGs
[2022-02-25 00:24:27,989] {logging_mixin.py:109} INFO - [2022-02-25 00:24:27,989] {dag.py:2935} INFO - Setting next_dagrun for example_python_operator to None
[2022-02-25 00:24:27,998] {processor.py:171} INFO - Processing /home/airflow/.local/lib/python3.7/site-packages/airflow/example_dags/example_python_operator.py took 0.077 seconds
[2022-02-25 00:24:58,391] {processor.py:163} INFO - Started process (PID=18679) to work on /home/airflow/.local/lib/python3.7/site-packages/airflow/example_dags/example_python_operator.py
[2022-02-25 00:24:58,394] {processor.py:642} INFO - Processing file /home/airflow/.local/lib/python3.7/site-packages/airflow/example_dags/example_python_operator.py for tasks to queue
[2022-02-25 00:24:58,395] {logging_mixin.py:109} INFO - [2022-02-25 00:24:58,395] {dagbag.py:500} INFO - Filling up the DagBag from /home/airflow/.local/lib/python3.7/site-packages/airflow/example_dags/example_python_operator.py
[2022-02-25 00:24:58,430] {processor.py:654} INFO - DAG(s) dict_keys(['example_python_operator']) retrieved from /home/airflow/.local/lib/python3.7/site-packages/airflow/example_dags/example_python_operator.py
[2022-02-25 00:24:58,443] {logging_mixin.py:109} INFO - [2022-02-25 00:24:58,442] {dag.py:2396} INFO - Sync 1 DAGs
[2022-02-25 00:24:58,469] {logging_mixin.py:109} INFO - [2022-02-25 00:24:58,469] {dag.py:2935} INFO - Setting next_dagrun for example_python_operator to None
[2022-02-25 00:24:58,481] {processor.py:171} INFO - Processing /home/airflow/.local/lib/python3.7/site-packages/airflow/example_dags/example_python_operator.py took 0.094 seconds
[2022-02-25 00:25:28,871] {processor.py:163} INFO - Started process (PID=18740) to work on /home/airflow/.local/lib/python3.7/site-packages/airflow/example_dags/example_python_operator.py
[2022-02-25 00:25:28,874] {processor.py:642} INFO - Processing file /home/airflow/.local/lib/python3.7/site-packages/airflow/example_dags/example_python_operator.py for tasks to queue
[2022-02-25 00:25:28,875] {logging_mixin.py:109} INFO - [2022-02-25 00:25:28,875] {dagbag.py:500} INFO - Filling up the DagBag from /home/airflow/.local/lib/python3.7/site-packages/airflow/example_dags/example_python_operator.py
[2022-02-25 00:25:28,921] {processor.py:654} INFO - DAG(s) dict_keys(['example_python_operator']) retrieved from /home/airflow/.local/lib/python3.7/site-packages/airflow/example_dags/example_python_operator.py
[2022-02-25 00:25:28,943] {logging_mixin.py:109} INFO - [2022-02-25 00:25:28,943] {dag.py:2396} INFO - Sync 1 DAGs
[2022-02-25 00:25:28,964] {logging_mixin.py:109} INFO - [2022-02-25 00:25:28,964] {dag.py:2935} INFO - Setting next_dagrun for example_python_operator to None
[2022-02-25 00:25:28,974] {processor.py:171} INFO - Processing /home/airflow/.local/lib/python3.7/site-packages/airflow/example_dags/example_python_operator.py took 0.109 seconds
[2022-02-25 00:25:59,283] {processor.py:163} INFO - Started process (PID=18795) to work on /home/airflow/.local/lib/python3.7/site-packages/airflow/example_dags/example_python_operator.py
[2022-02-25 00:25:59,285] {processor.py:642} INFO - Processing file /home/airflow/.local/lib/python3.7/site-packages/airflow/example_dags/example_python_operator.py for tasks to queue
[2022-02-25 00:25:59,286] {logging_mixin.py:109} INFO - [2022-02-25 00:25:59,286] {dagbag.py:500} INFO - Filling up the DagBag from /home/airflow/.local/lib/python3.7/site-packages/airflow/example_dags/example_python_operator.py
[2022-02-25 00:25:59,320] {processor.py:654} INFO - DAG(s) dict_keys(['example_python_operator']) retrieved from /home/airflow/.local/lib/python3.7/site-packages/airflow/example_dags/example_python_operator.py
[2022-02-25 00:25:59,331] {logging_mixin.py:109} INFO - [2022-02-25 00:25:59,331] {dag.py:2396} INFO - Sync 1 DAGs
[2022-02-25 00:25:59,349] {logging_mixin.py:109} INFO - [2022-02-25 00:25:59,349] {dag.py:2935} INFO - Setting next_dagrun for example_python_operator to None
[2022-02-25 00:25:59,366] {processor.py:171} INFO - Processing /home/airflow/.local/lib/python3.7/site-packages/airflow/example_dags/example_python_operator.py took 0.087 seconds
[2022-02-25 00:26:29,554] {processor.py:163} INFO - Started process (PID=18855) to work on /home/airflow/.local/lib/python3.7/site-packages/airflow/example_dags/example_python_operator.py
[2022-02-25 00:26:29,556] {processor.py:642} INFO - Processing file /home/airflow/.local/lib/python3.7/site-packages/airflow/example_dags/example_python_operator.py for tasks to queue
[2022-02-25 00:26:29,558] {logging_mixin.py:109} INFO - [2022-02-25 00:26:29,557] {dagbag.py:500} INFO - Filling up the DagBag from /home/airflow/.local/lib/python3.7/site-packages/airflow/example_dags/example_python_operator.py
[2022-02-25 00:26:29,597] {processor.py:654} INFO - DAG(s) dict_keys(['example_python_operator']) retrieved from /home/airflow/.local/lib/python3.7/site-packages/airflow/example_dags/example_python_operator.py
[2022-02-25 00:26:29,609] {logging_mixin.py:109} INFO - [2022-02-25 00:26:29,609] {dag.py:2396} INFO - Sync 1 DAGs
[2022-02-25 00:26:29,628] {logging_mixin.py:109} INFO - [2022-02-25 00:26:29,628] {dag.py:2935} INFO - Setting next_dagrun for example_python_operator to None
[2022-02-25 00:26:29,638] {processor.py:171} INFO - Processing /home/airflow/.local/lib/python3.7/site-packages/airflow/example_dags/example_python_operator.py took 0.088 seconds
[2022-02-25 00:27:00,064] {processor.py:163} INFO - Started process (PID=18906) to work on /home/airflow/.local/lib/python3.7/site-packages/airflow/example_dags/example_python_operator.py
[2022-02-25 00:27:00,067] {processor.py:642} INFO - Processing file /home/airflow/.local/lib/python3.7/site-packages/airflow/example_dags/example_python_operator.py for tasks to queue
[2022-02-25 00:27:00,069] {logging_mixin.py:109} INFO - [2022-02-25 00:27:00,069] {dagbag.py:500} INFO - Filling up the DagBag from /home/airflow/.local/lib/python3.7/site-packages/airflow/example_dags/example_python_operator.py
[2022-02-25 00:27:00,116] {processor.py:654} INFO - DAG(s) dict_keys(['example_python_operator']) retrieved from /home/airflow/.local/lib/python3.7/site-packages/airflow/example_dags/example_python_operator.py
[2022-02-25 00:27:00,129] {logging_mixin.py:109} INFO - [2022-02-25 00:27:00,129] {dag.py:2396} INFO - Sync 1 DAGs
[2022-02-25 00:27:00,147] {logging_mixin.py:109} INFO - [2022-02-25 00:27:00,147] {dag.py:2935} INFO - Setting next_dagrun for example_python_operator to None
[2022-02-25 00:27:00,157] {processor.py:171} INFO - Processing /home/airflow/.local/lib/python3.7/site-packages/airflow/example_dags/example_python_operator.py took 0.097 seconds
[2022-02-25 00:27:30,354] {processor.py:163} INFO - Started process (PID=18958) to work on /home/airflow/.local/lib/python3.7/site-packages/airflow/example_dags/example_python_operator.py
[2022-02-25 00:27:30,358] {processor.py:642} INFO - Processing file /home/airflow/.local/lib/python3.7/site-packages/airflow/example_dags/example_python_operator.py for tasks to queue
[2022-02-25 00:27:30,361] {logging_mixin.py:109} INFO - [2022-02-25 00:27:30,360] {dagbag.py:500} INFO - Filling up the DagBag from /home/airflow/.local/lib/python3.7/site-packages/airflow/example_dags/example_python_operator.py
[2022-02-25 00:27:30,429] {processor.py:654} INFO - DAG(s) dict_keys(['example_python_operator']) retrieved from /home/airflow/.local/lib/python3.7/site-packages/airflow/example_dags/example_python_operator.py
[2022-02-25 00:27:30,465] {logging_mixin.py:109} INFO - [2022-02-25 00:27:30,465] {dag.py:2396} INFO - Sync 1 DAGs
[2022-02-25 00:27:30,489] {logging_mixin.py:109} INFO - [2022-02-25 00:27:30,489] {dag.py:2935} INFO - Setting next_dagrun for example_python_operator to None
[2022-02-25 00:27:30,508] {processor.py:171} INFO - Processing /home/airflow/.local/lib/python3.7/site-packages/airflow/example_dags/example_python_operator.py took 0.160 seconds
[2022-02-25 00:28:00,885] {processor.py:163} INFO - Started process (PID=19019) to work on /home/airflow/.local/lib/python3.7/site-packages/airflow/example_dags/example_python_operator.py
[2022-02-25 00:28:00,888] {processor.py:642} INFO - Processing file /home/airflow/.local/lib/python3.7/site-packages/airflow/example_dags/example_python_operator.py for tasks to queue
[2022-02-25 00:28:00,889] {logging_mixin.py:109} INFO - [2022-02-25 00:28:00,889] {dagbag.py:500} INFO - Filling up the DagBag from /home/airflow/.local/lib/python3.7/site-packages/airflow/example_dags/example_python_operator.py
[2022-02-25 00:28:00,922] {processor.py:654} INFO - DAG(s) dict_keys(['example_python_operator']) retrieved from /home/airflow/.local/lib/python3.7/site-packages/airflow/example_dags/example_python_operator.py
[2022-02-25 00:28:00,933] {logging_mixin.py:109} INFO - [2022-02-25 00:28:00,932] {dag.py:2396} INFO - Sync 1 DAGs
[2022-02-25 00:28:00,949] {logging_mixin.py:109} INFO - [2022-02-25 00:28:00,948] {dag.py:2935} INFO - Setting next_dagrun for example_python_operator to None
[2022-02-25 00:28:00,957] {processor.py:171} INFO - Processing /home/airflow/.local/lib/python3.7/site-packages/airflow/example_dags/example_python_operator.py took 0.075 seconds
[2022-02-25 00:28:31,205] {processor.py:163} INFO - Started process (PID=19070) to work on /home/airflow/.local/lib/python3.7/site-packages/airflow/example_dags/example_python_operator.py
[2022-02-25 00:28:31,208] {processor.py:642} INFO - Processing file /home/airflow/.local/lib/python3.7/site-packages/airflow/example_dags/example_python_operator.py for tasks to queue
[2022-02-25 00:28:31,209] {logging_mixin.py:109} INFO - [2022-02-25 00:28:31,209] {dagbag.py:500} INFO - Filling up the DagBag from /home/airflow/.local/lib/python3.7/site-packages/airflow/example_dags/example_python_operator.py
[2022-02-25 00:28:31,241] {processor.py:654} INFO - DAG(s) dict_keys(['example_python_operator']) retrieved from /home/airflow/.local/lib/python3.7/site-packages/airflow/example_dags/example_python_operator.py
[2022-02-25 00:28:31,252] {logging_mixin.py:109} INFO - [2022-02-25 00:28:31,252] {dag.py:2396} INFO - Sync 1 DAGs
[2022-02-25 00:28:31,267] {logging_mixin.py:109} INFO - [2022-02-25 00:28:31,267] {dag.py:2935} INFO - Setting next_dagrun for example_python_operator to None
[2022-02-25 00:28:31,276] {processor.py:171} INFO - Processing /home/airflow/.local/lib/python3.7/site-packages/airflow/example_dags/example_python_operator.py took 0.074 seconds
[2022-02-25 00:29:02,159] {processor.py:163} INFO - Started process (PID=19132) to work on /home/airflow/.local/lib/python3.7/site-packages/airflow/example_dags/example_python_operator.py
[2022-02-25 00:29:02,162] {processor.py:642} INFO - Processing file /home/airflow/.local/lib/python3.7/site-packages/airflow/example_dags/example_python_operator.py for tasks to queue
[2022-02-25 00:29:02,164] {logging_mixin.py:109} INFO - [2022-02-25 00:29:02,164] {dagbag.py:500} INFO - Filling up the DagBag from /home/airflow/.local/lib/python3.7/site-packages/airflow/example_dags/example_python_operator.py
[2022-02-25 00:29:02,197] {processor.py:654} INFO - DAG(s) dict_keys(['example_python_operator']) retrieved from /home/airflow/.local/lib/python3.7/site-packages/airflow/example_dags/example_python_operator.py
[2022-02-25 00:29:02,208] {logging_mixin.py:109} INFO - [2022-02-25 00:29:02,207] {dag.py:2396} INFO - Sync 1 DAGs
[2022-02-25 00:29:02,223] {logging_mixin.py:109} INFO - [2022-02-25 00:29:02,223] {dag.py:2935} INFO - Setting next_dagrun for example_python_operator to None
[2022-02-25 00:29:02,232] {processor.py:171} INFO - Processing /home/airflow/.local/lib/python3.7/site-packages/airflow/example_dags/example_python_operator.py took 0.076 seconds
[2022-02-25 00:29:32,539] {processor.py:163} INFO - Started process (PID=19183) to work on /home/airflow/.local/lib/python3.7/site-packages/airflow/example_dags/example_python_operator.py
[2022-02-25 00:29:32,541] {processor.py:642} INFO - Processing file /home/airflow/.local/lib/python3.7/site-packages/airflow/example_dags/example_python_operator.py for tasks to queue
[2022-02-25 00:29:32,542] {logging_mixin.py:109} INFO - [2022-02-25 00:29:32,542] {dagbag.py:500} INFO - Filling up the DagBag from /home/airflow/.local/lib/python3.7/site-packages/airflow/example_dags/example_python_operator.py
[2022-02-25 00:29:32,577] {processor.py:654} INFO - DAG(s) dict_keys(['example_python_operator']) retrieved from /home/airflow/.local/lib/python3.7/site-packages/airflow/example_dags/example_python_operator.py
[2022-02-25 00:29:32,588] {logging_mixin.py:109} INFO - [2022-02-25 00:29:32,587] {dag.py:2396} INFO - Sync 1 DAGs
[2022-02-25 00:29:32,604] {logging_mixin.py:109} INFO - [2022-02-25 00:29:32,604] {dag.py:2935} INFO - Setting next_dagrun for example_python_operator to None
[2022-02-25 00:29:32,614] {processor.py:171} INFO - Processing /home/airflow/.local/lib/python3.7/site-packages/airflow/example_dags/example_python_operator.py took 0.079 seconds
[2022-02-25 00:30:03,591] {processor.py:163} INFO - Started process (PID=19243) to work on /home/airflow/.local/lib/python3.7/site-packages/airflow/example_dags/example_python_operator.py
[2022-02-25 00:30:03,593] {processor.py:642} INFO - Processing file /home/airflow/.local/lib/python3.7/site-packages/airflow/example_dags/example_python_operator.py for tasks to queue
[2022-02-25 00:30:03,594] {logging_mixin.py:109} INFO - [2022-02-25 00:30:03,594] {dagbag.py:500} INFO - Filling up the DagBag from /home/airflow/.local/lib/python3.7/site-packages/airflow/example_dags/example_python_operator.py
[2022-02-25 00:30:03,627] {processor.py:654} INFO - DAG(s) dict_keys(['example_python_operator']) retrieved from /home/airflow/.local/lib/python3.7/site-packages/airflow/example_dags/example_python_operator.py
[2022-02-25 00:30:03,637] {logging_mixin.py:109} INFO - [2022-02-25 00:30:03,637] {dag.py:2396} INFO - Sync 1 DAGs
[2022-02-25 00:30:03,653] {logging_mixin.py:109} INFO - [2022-02-25 00:30:03,652] {dag.py:2935} INFO - Setting next_dagrun for example_python_operator to None
[2022-02-25 00:30:03,661] {processor.py:171} INFO - Processing /home/airflow/.local/lib/python3.7/site-packages/airflow/example_dags/example_python_operator.py took 0.074 seconds
[2022-02-25 00:30:34,129] {processor.py:163} INFO - Started process (PID=19294) to work on /home/airflow/.local/lib/python3.7/site-packages/airflow/example_dags/example_python_operator.py
[2022-02-25 00:30:34,132] {processor.py:642} INFO - Processing file /home/airflow/.local/lib/python3.7/site-packages/airflow/example_dags/example_python_operator.py for tasks to queue
[2022-02-25 00:30:34,133] {logging_mixin.py:109} INFO - [2022-02-25 00:30:34,133] {dagbag.py:500} INFO - Filling up the DagBag from /home/airflow/.local/lib/python3.7/site-packages/airflow/example_dags/example_python_operator.py
[2022-02-25 00:30:34,170] {processor.py:654} INFO - DAG(s) dict_keys(['example_python_operator']) retrieved from /home/airflow/.local/lib/python3.7/site-packages/airflow/example_dags/example_python_operator.py
[2022-02-25 00:30:34,189] {logging_mixin.py:109} INFO - [2022-02-25 00:30:34,189] {dag.py:2396} INFO - Sync 1 DAGs
[2022-02-25 00:30:34,216] {logging_mixin.py:109} INFO - [2022-02-25 00:30:34,216] {dag.py:2935} INFO - Setting next_dagrun for example_python_operator to None
[2022-02-25 00:30:34,233] {processor.py:171} INFO - Processing /home/airflow/.local/lib/python3.7/site-packages/airflow/example_dags/example_python_operator.py took 0.109 seconds
[2022-02-25 00:31:04,555] {processor.py:163} INFO - Started process (PID=19355) to work on /home/airflow/.local/lib/python3.7/site-packages/airflow/example_dags/example_python_operator.py
[2022-02-25 00:31:04,557] {processor.py:642} INFO - Processing file /home/airflow/.local/lib/python3.7/site-packages/airflow/example_dags/example_python_operator.py for tasks to queue
[2022-02-25 00:31:04,558] {logging_mixin.py:109} INFO - [2022-02-25 00:31:04,558] {dagbag.py:500} INFO - Filling up the DagBag from /home/airflow/.local/lib/python3.7/site-packages/airflow/example_dags/example_python_operator.py
[2022-02-25 00:31:04,593] {processor.py:654} INFO - DAG(s) dict_keys(['example_python_operator']) retrieved from /home/airflow/.local/lib/python3.7/site-packages/airflow/example_dags/example_python_operator.py
[2022-02-25 00:31:04,605] {logging_mixin.py:109} INFO - [2022-02-25 00:31:04,604] {dag.py:2396} INFO - Sync 1 DAGs
[2022-02-25 00:31:04,621] {logging_mixin.py:109} INFO - [2022-02-25 00:31:04,621] {dag.py:2935} INFO - Setting next_dagrun for example_python_operator to None
[2022-02-25 00:31:04,631] {processor.py:171} INFO - Processing /home/airflow/.local/lib/python3.7/site-packages/airflow/example_dags/example_python_operator.py took 0.080 seconds
[2022-02-25 00:31:35,605] {processor.py:163} INFO - Started process (PID=19408) to work on /home/airflow/.local/lib/python3.7/site-packages/airflow/example_dags/example_python_operator.py
[2022-02-25 00:31:35,607] {processor.py:642} INFO - Processing file /home/airflow/.local/lib/python3.7/site-packages/airflow/example_dags/example_python_operator.py for tasks to queue
[2022-02-25 00:31:35,608] {logging_mixin.py:109} INFO - [2022-02-25 00:31:35,608] {dagbag.py:500} INFO - Filling up the DagBag from /home/airflow/.local/lib/python3.7/site-packages/airflow/example_dags/example_python_operator.py
[2022-02-25 00:31:35,641] {processor.py:654} INFO - DAG(s) dict_keys(['example_python_operator']) retrieved from /home/airflow/.local/lib/python3.7/site-packages/airflow/example_dags/example_python_operator.py
[2022-02-25 00:31:35,652] {logging_mixin.py:109} INFO - [2022-02-25 00:31:35,652] {dag.py:2396} INFO - Sync 1 DAGs
[2022-02-25 00:31:35,667] {logging_mixin.py:109} INFO - [2022-02-25 00:31:35,667] {dag.py:2935} INFO - Setting next_dagrun for example_python_operator to None
[2022-02-25 00:31:35,676] {processor.py:171} INFO - Processing /home/airflow/.local/lib/python3.7/site-packages/airflow/example_dags/example_python_operator.py took 0.075 seconds
[2022-02-25 00:32:06,025] {processor.py:163} INFO - Started process (PID=19468) to work on /home/airflow/.local/lib/python3.7/site-packages/airflow/example_dags/example_python_operator.py
[2022-02-25 00:32:06,027] {processor.py:642} INFO - Processing file /home/airflow/.local/lib/python3.7/site-packages/airflow/example_dags/example_python_operator.py for tasks to queue
[2022-02-25 00:32:06,028] {logging_mixin.py:109} INFO - [2022-02-25 00:32:06,028] {dagbag.py:500} INFO - Filling up the DagBag from /home/airflow/.local/lib/python3.7/site-packages/airflow/example_dags/example_python_operator.py
[2022-02-25 00:32:06,062] {processor.py:654} INFO - DAG(s) dict_keys(['example_python_operator']) retrieved from /home/airflow/.local/lib/python3.7/site-packages/airflow/example_dags/example_python_operator.py
[2022-02-25 00:32:06,075] {logging_mixin.py:109} INFO - [2022-02-25 00:32:06,075] {dag.py:2396} INFO - Sync 1 DAGs
[2022-02-25 00:32:06,094] {logging_mixin.py:109} INFO - [2022-02-25 00:32:06,094] {dag.py:2935} INFO - Setting next_dagrun for example_python_operator to None
[2022-02-25 00:32:06,103] {processor.py:171} INFO - Processing /home/airflow/.local/lib/python3.7/site-packages/airflow/example_dags/example_python_operator.py took 0.082 seconds
[2022-02-25 00:32:36,371] {processor.py:163} INFO - Started process (PID=19520) to work on /home/airflow/.local/lib/python3.7/site-packages/airflow/example_dags/example_python_operator.py
[2022-02-25 00:32:36,376] {processor.py:642} INFO - Processing file /home/airflow/.local/lib/python3.7/site-packages/airflow/example_dags/example_python_operator.py for tasks to queue
[2022-02-25 00:32:36,378] {logging_mixin.py:109} INFO - [2022-02-25 00:32:36,378] {dagbag.py:500} INFO - Filling up the DagBag from /home/airflow/.local/lib/python3.7/site-packages/airflow/example_dags/example_python_operator.py
[2022-02-25 00:32:36,415] {processor.py:654} INFO - DAG(s) dict_keys(['example_python_operator']) retrieved from /home/airflow/.local/lib/python3.7/site-packages/airflow/example_dags/example_python_operator.py
[2022-02-25 00:32:36,426] {logging_mixin.py:109} INFO - [2022-02-25 00:32:36,426] {dag.py:2396} INFO - Sync 1 DAGs
[2022-02-25 00:32:36,443] {logging_mixin.py:109} INFO - [2022-02-25 00:32:36,443] {dag.py:2935} INFO - Setting next_dagrun for example_python_operator to None
[2022-02-25 00:32:36,452] {processor.py:171} INFO - Processing /home/airflow/.local/lib/python3.7/site-packages/airflow/example_dags/example_python_operator.py took 0.090 seconds
