[2022-02-25 00:00:05,269] {processor.py:163} INFO - Started process (PID=15918) to work on /home/airflow/.local/lib/python3.7/site-packages/airflow/example_dags/tutorial_taskflow_api_etl.py
[2022-02-25 00:00:05,270] {processor.py:642} INFO - Processing file /home/airflow/.local/lib/python3.7/site-packages/airflow/example_dags/tutorial_taskflow_api_etl.py for tasks to queue
[2022-02-25 00:00:05,271] {logging_mixin.py:109} INFO - [2022-02-25 00:00:05,271] {dagbag.py:500} INFO - Filling up the DagBag from /home/airflow/.local/lib/python3.7/site-packages/airflow/example_dags/tutorial_taskflow_api_etl.py
[2022-02-25 00:00:05,303] {processor.py:654} INFO - DAG(s) dict_keys(['tutorial_taskflow_api_etl']) retrieved from /home/airflow/.local/lib/python3.7/site-packages/airflow/example_dags/tutorial_taskflow_api_etl.py
[2022-02-25 00:00:05,504] {logging_mixin.py:109} INFO - [2022-02-25 00:00:05,504] {dag.py:2396} INFO - Sync 1 DAGs
[2022-02-25 00:00:05,521] {logging_mixin.py:109} INFO - [2022-02-25 00:00:05,521] {dag.py:2935} INFO - Setting next_dagrun for tutorial_taskflow_api_etl to None
[2022-02-25 00:00:05,532] {processor.py:171} INFO - Processing /home/airflow/.local/lib/python3.7/site-packages/airflow/example_dags/tutorial_taskflow_api_etl.py took 0.266 seconds
[2022-02-25 00:00:35,683] {processor.py:163} INFO - Started process (PID=15981) to work on /home/airflow/.local/lib/python3.7/site-packages/airflow/example_dags/tutorial_taskflow_api_etl.py
[2022-02-25 00:00:35,685] {processor.py:642} INFO - Processing file /home/airflow/.local/lib/python3.7/site-packages/airflow/example_dags/tutorial_taskflow_api_etl.py for tasks to queue
[2022-02-25 00:00:35,687] {logging_mixin.py:109} INFO - [2022-02-25 00:00:35,686] {dagbag.py:500} INFO - Filling up the DagBag from /home/airflow/.local/lib/python3.7/site-packages/airflow/example_dags/tutorial_taskflow_api_etl.py
[2022-02-25 00:00:35,725] {processor.py:654} INFO - DAG(s) dict_keys(['tutorial_taskflow_api_etl']) retrieved from /home/airflow/.local/lib/python3.7/site-packages/airflow/example_dags/tutorial_taskflow_api_etl.py
[2022-02-25 00:00:35,927] {logging_mixin.py:109} INFO - [2022-02-25 00:00:35,927] {dag.py:2396} INFO - Sync 1 DAGs
[2022-02-25 00:00:35,943] {logging_mixin.py:109} INFO - [2022-02-25 00:00:35,943] {dag.py:2935} INFO - Setting next_dagrun for tutorial_taskflow_api_etl to None
[2022-02-25 00:00:35,958] {processor.py:171} INFO - Processing /home/airflow/.local/lib/python3.7/site-packages/airflow/example_dags/tutorial_taskflow_api_etl.py took 0.278 seconds
[2022-02-25 00:01:06,134] {processor.py:163} INFO - Started process (PID=16032) to work on /home/airflow/.local/lib/python3.7/site-packages/airflow/example_dags/tutorial_taskflow_api_etl.py
[2022-02-25 00:01:06,136] {processor.py:642} INFO - Processing file /home/airflow/.local/lib/python3.7/site-packages/airflow/example_dags/tutorial_taskflow_api_etl.py for tasks to queue
[2022-02-25 00:01:06,137] {logging_mixin.py:109} INFO - [2022-02-25 00:01:06,137] {dagbag.py:500} INFO - Filling up the DagBag from /home/airflow/.local/lib/python3.7/site-packages/airflow/example_dags/tutorial_taskflow_api_etl.py
[2022-02-25 00:01:06,171] {processor.py:654} INFO - DAG(s) dict_keys(['tutorial_taskflow_api_etl']) retrieved from /home/airflow/.local/lib/python3.7/site-packages/airflow/example_dags/tutorial_taskflow_api_etl.py
[2022-02-25 00:01:06,368] {logging_mixin.py:109} INFO - [2022-02-25 00:01:06,367] {dag.py:2396} INFO - Sync 1 DAGs
[2022-02-25 00:01:06,382] {logging_mixin.py:109} INFO - [2022-02-25 00:01:06,382] {dag.py:2935} INFO - Setting next_dagrun for tutorial_taskflow_api_etl to None
[2022-02-25 00:01:06,392] {processor.py:171} INFO - Processing /home/airflow/.local/lib/python3.7/site-packages/airflow/example_dags/tutorial_taskflow_api_etl.py took 0.262 seconds
[2022-02-25 00:01:36,672] {processor.py:163} INFO - Started process (PID=16095) to work on /home/airflow/.local/lib/python3.7/site-packages/airflow/example_dags/tutorial_taskflow_api_etl.py
[2022-02-25 00:01:36,673] {processor.py:642} INFO - Processing file /home/airflow/.local/lib/python3.7/site-packages/airflow/example_dags/tutorial_taskflow_api_etl.py for tasks to queue
[2022-02-25 00:01:36,675] {logging_mixin.py:109} INFO - [2022-02-25 00:01:36,675] {dagbag.py:500} INFO - Filling up the DagBag from /home/airflow/.local/lib/python3.7/site-packages/airflow/example_dags/tutorial_taskflow_api_etl.py
[2022-02-25 00:01:36,707] {processor.py:654} INFO - DAG(s) dict_keys(['tutorial_taskflow_api_etl']) retrieved from /home/airflow/.local/lib/python3.7/site-packages/airflow/example_dags/tutorial_taskflow_api_etl.py
[2022-02-25 00:01:36,894] {logging_mixin.py:109} INFO - [2022-02-25 00:01:36,893] {dag.py:2396} INFO - Sync 1 DAGs
[2022-02-25 00:01:36,913] {logging_mixin.py:109} INFO - [2022-02-25 00:01:36,913] {dag.py:2935} INFO - Setting next_dagrun for tutorial_taskflow_api_etl to None
[2022-02-25 00:01:36,924] {processor.py:171} INFO - Processing /home/airflow/.local/lib/python3.7/site-packages/airflow/example_dags/tutorial_taskflow_api_etl.py took 0.277 seconds
[2022-02-25 00:02:06,982] {processor.py:163} INFO - Started process (PID=16146) to work on /home/airflow/.local/lib/python3.7/site-packages/airflow/example_dags/tutorial_taskflow_api_etl.py
[2022-02-25 00:02:06,984] {processor.py:642} INFO - Processing file /home/airflow/.local/lib/python3.7/site-packages/airflow/example_dags/tutorial_taskflow_api_etl.py for tasks to queue
[2022-02-25 00:02:06,985] {logging_mixin.py:109} INFO - [2022-02-25 00:02:06,985] {dagbag.py:500} INFO - Filling up the DagBag from /home/airflow/.local/lib/python3.7/site-packages/airflow/example_dags/tutorial_taskflow_api_etl.py
[2022-02-25 00:02:07,022] {processor.py:654} INFO - DAG(s) dict_keys(['tutorial_taskflow_api_etl']) retrieved from /home/airflow/.local/lib/python3.7/site-packages/airflow/example_dags/tutorial_taskflow_api_etl.py
[2022-02-25 00:02:07,234] {logging_mixin.py:109} INFO - [2022-02-25 00:02:07,234] {dag.py:2396} INFO - Sync 1 DAGs
[2022-02-25 00:02:07,253] {logging_mixin.py:109} INFO - [2022-02-25 00:02:07,253] {dag.py:2935} INFO - Setting next_dagrun for tutorial_taskflow_api_etl to None
[2022-02-25 00:02:07,264] {processor.py:171} INFO - Processing /home/airflow/.local/lib/python3.7/site-packages/airflow/example_dags/tutorial_taskflow_api_etl.py took 0.285 seconds
[2022-02-25 00:02:37,297] {processor.py:163} INFO - Started process (PID=16207) to work on /home/airflow/.local/lib/python3.7/site-packages/airflow/example_dags/tutorial_taskflow_api_etl.py
[2022-02-25 00:02:37,300] {processor.py:642} INFO - Processing file /home/airflow/.local/lib/python3.7/site-packages/airflow/example_dags/tutorial_taskflow_api_etl.py for tasks to queue
[2022-02-25 00:02:37,301] {logging_mixin.py:109} INFO - [2022-02-25 00:02:37,301] {dagbag.py:500} INFO - Filling up the DagBag from /home/airflow/.local/lib/python3.7/site-packages/airflow/example_dags/tutorial_taskflow_api_etl.py
[2022-02-25 00:02:37,344] {processor.py:654} INFO - DAG(s) dict_keys(['tutorial_taskflow_api_etl']) retrieved from /home/airflow/.local/lib/python3.7/site-packages/airflow/example_dags/tutorial_taskflow_api_etl.py
[2022-02-25 00:02:37,540] {logging_mixin.py:109} INFO - [2022-02-25 00:02:37,540] {dag.py:2396} INFO - Sync 1 DAGs
[2022-02-25 00:02:37,555] {logging_mixin.py:109} INFO - [2022-02-25 00:02:37,555] {dag.py:2935} INFO - Setting next_dagrun for tutorial_taskflow_api_etl to None
[2022-02-25 00:02:37,566] {processor.py:171} INFO - Processing /home/airflow/.local/lib/python3.7/site-packages/airflow/example_dags/tutorial_taskflow_api_etl.py took 0.274 seconds
[2022-02-25 00:03:07,900] {processor.py:163} INFO - Started process (PID=16258) to work on /home/airflow/.local/lib/python3.7/site-packages/airflow/example_dags/tutorial_taskflow_api_etl.py
[2022-02-25 00:03:07,902] {processor.py:642} INFO - Processing file /home/airflow/.local/lib/python3.7/site-packages/airflow/example_dags/tutorial_taskflow_api_etl.py for tasks to queue
[2022-02-25 00:03:07,903] {logging_mixin.py:109} INFO - [2022-02-25 00:03:07,903] {dagbag.py:500} INFO - Filling up the DagBag from /home/airflow/.local/lib/python3.7/site-packages/airflow/example_dags/tutorial_taskflow_api_etl.py
[2022-02-25 00:03:07,935] {processor.py:654} INFO - DAG(s) dict_keys(['tutorial_taskflow_api_etl']) retrieved from /home/airflow/.local/lib/python3.7/site-packages/airflow/example_dags/tutorial_taskflow_api_etl.py
[2022-02-25 00:03:08,131] {logging_mixin.py:109} INFO - [2022-02-25 00:03:08,131] {dag.py:2396} INFO - Sync 1 DAGs
[2022-02-25 00:03:08,146] {logging_mixin.py:109} INFO - [2022-02-25 00:03:08,146] {dag.py:2935} INFO - Setting next_dagrun for tutorial_taskflow_api_etl to None
[2022-02-25 00:03:08,164] {processor.py:171} INFO - Processing /home/airflow/.local/lib/python3.7/site-packages/airflow/example_dags/tutorial_taskflow_api_etl.py took 0.267 seconds
[2022-02-25 00:03:38,211] {processor.py:163} INFO - Started process (PID=16320) to work on /home/airflow/.local/lib/python3.7/site-packages/airflow/example_dags/tutorial_taskflow_api_etl.py
[2022-02-25 00:03:38,214] {processor.py:642} INFO - Processing file /home/airflow/.local/lib/python3.7/site-packages/airflow/example_dags/tutorial_taskflow_api_etl.py for tasks to queue
[2022-02-25 00:03:38,215] {logging_mixin.py:109} INFO - [2022-02-25 00:03:38,215] {dagbag.py:500} INFO - Filling up the DagBag from /home/airflow/.local/lib/python3.7/site-packages/airflow/example_dags/tutorial_taskflow_api_etl.py
[2022-02-25 00:03:38,254] {processor.py:654} INFO - DAG(s) dict_keys(['tutorial_taskflow_api_etl']) retrieved from /home/airflow/.local/lib/python3.7/site-packages/airflow/example_dags/tutorial_taskflow_api_etl.py
[2022-02-25 00:03:38,448] {logging_mixin.py:109} INFO - [2022-02-25 00:03:38,448] {dag.py:2396} INFO - Sync 1 DAGs
[2022-02-25 00:03:38,462] {logging_mixin.py:109} INFO - [2022-02-25 00:03:38,462] {dag.py:2935} INFO - Setting next_dagrun for tutorial_taskflow_api_etl to None
[2022-02-25 00:03:38,471] {processor.py:171} INFO - Processing /home/airflow/.local/lib/python3.7/site-packages/airflow/example_dags/tutorial_taskflow_api_etl.py took 0.264 seconds
[2022-02-25 00:04:08,533] {processor.py:163} INFO - Started process (PID=16369) to work on /home/airflow/.local/lib/python3.7/site-packages/airflow/example_dags/tutorial_taskflow_api_etl.py
[2022-02-25 00:04:08,536] {processor.py:642} INFO - Processing file /home/airflow/.local/lib/python3.7/site-packages/airflow/example_dags/tutorial_taskflow_api_etl.py for tasks to queue
[2022-02-25 00:04:08,537] {logging_mixin.py:109} INFO - [2022-02-25 00:04:08,537] {dagbag.py:500} INFO - Filling up the DagBag from /home/airflow/.local/lib/python3.7/site-packages/airflow/example_dags/tutorial_taskflow_api_etl.py
[2022-02-25 00:04:08,573] {processor.py:654} INFO - DAG(s) dict_keys(['tutorial_taskflow_api_etl']) retrieved from /home/airflow/.local/lib/python3.7/site-packages/airflow/example_dags/tutorial_taskflow_api_etl.py
[2022-02-25 00:04:08,776] {logging_mixin.py:109} INFO - [2022-02-25 00:04:08,775] {dag.py:2396} INFO - Sync 1 DAGs
[2022-02-25 00:04:08,790] {logging_mixin.py:109} INFO - [2022-02-25 00:04:08,790] {dag.py:2935} INFO - Setting next_dagrun for tutorial_taskflow_api_etl to None
[2022-02-25 00:04:08,802] {processor.py:171} INFO - Processing /home/airflow/.local/lib/python3.7/site-packages/airflow/example_dags/tutorial_taskflow_api_etl.py took 0.273 seconds
[2022-02-25 00:04:38,890] {processor.py:163} INFO - Started process (PID=16428) to work on /home/airflow/.local/lib/python3.7/site-packages/airflow/example_dags/tutorial_taskflow_api_etl.py
[2022-02-25 00:04:38,892] {processor.py:642} INFO - Processing file /home/airflow/.local/lib/python3.7/site-packages/airflow/example_dags/tutorial_taskflow_api_etl.py for tasks to queue
[2022-02-25 00:04:38,894] {logging_mixin.py:109} INFO - [2022-02-25 00:04:38,894] {dagbag.py:500} INFO - Filling up the DagBag from /home/airflow/.local/lib/python3.7/site-packages/airflow/example_dags/tutorial_taskflow_api_etl.py
[2022-02-25 00:04:38,928] {processor.py:654} INFO - DAG(s) dict_keys(['tutorial_taskflow_api_etl']) retrieved from /home/airflow/.local/lib/python3.7/site-packages/airflow/example_dags/tutorial_taskflow_api_etl.py
[2022-02-25 00:04:39,143] {logging_mixin.py:109} INFO - [2022-02-25 00:04:39,143] {dag.py:2396} INFO - Sync 1 DAGs
[2022-02-25 00:04:39,160] {logging_mixin.py:109} INFO - [2022-02-25 00:04:39,160] {dag.py:2935} INFO - Setting next_dagrun for tutorial_taskflow_api_etl to None
[2022-02-25 00:04:39,170] {processor.py:171} INFO - Processing /home/airflow/.local/lib/python3.7/site-packages/airflow/example_dags/tutorial_taskflow_api_etl.py took 0.284 seconds
[2022-02-25 00:05:10,077] {processor.py:163} INFO - Started process (PID=16481) to work on /home/airflow/.local/lib/python3.7/site-packages/airflow/example_dags/tutorial_taskflow_api_etl.py
[2022-02-25 00:05:10,079] {processor.py:642} INFO - Processing file /home/airflow/.local/lib/python3.7/site-packages/airflow/example_dags/tutorial_taskflow_api_etl.py for tasks to queue
[2022-02-25 00:05:10,080] {logging_mixin.py:109} INFO - [2022-02-25 00:05:10,080] {dagbag.py:500} INFO - Filling up the DagBag from /home/airflow/.local/lib/python3.7/site-packages/airflow/example_dags/tutorial_taskflow_api_etl.py
[2022-02-25 00:05:10,114] {processor.py:654} INFO - DAG(s) dict_keys(['tutorial_taskflow_api_etl']) retrieved from /home/airflow/.local/lib/python3.7/site-packages/airflow/example_dags/tutorial_taskflow_api_etl.py
[2022-02-25 00:05:10,303] {logging_mixin.py:109} INFO - [2022-02-25 00:05:10,302] {dag.py:2396} INFO - Sync 1 DAGs
[2022-02-25 00:05:10,318] {logging_mixin.py:109} INFO - [2022-02-25 00:05:10,318] {dag.py:2935} INFO - Setting next_dagrun for tutorial_taskflow_api_etl to None
[2022-02-25 00:05:10,328] {processor.py:171} INFO - Processing /home/airflow/.local/lib/python3.7/site-packages/airflow/example_dags/tutorial_taskflow_api_etl.py took 0.255 seconds
[2022-02-25 00:05:40,536] {processor.py:163} INFO - Started process (PID=16545) to work on /home/airflow/.local/lib/python3.7/site-packages/airflow/example_dags/tutorial_taskflow_api_etl.py
[2022-02-25 00:05:40,538] {processor.py:642} INFO - Processing file /home/airflow/.local/lib/python3.7/site-packages/airflow/example_dags/tutorial_taskflow_api_etl.py for tasks to queue
[2022-02-25 00:05:40,539] {logging_mixin.py:109} INFO - [2022-02-25 00:05:40,539] {dagbag.py:500} INFO - Filling up the DagBag from /home/airflow/.local/lib/python3.7/site-packages/airflow/example_dags/tutorial_taskflow_api_etl.py
[2022-02-25 00:05:40,570] {processor.py:654} INFO - DAG(s) dict_keys(['tutorial_taskflow_api_etl']) retrieved from /home/airflow/.local/lib/python3.7/site-packages/airflow/example_dags/tutorial_taskflow_api_etl.py
[2022-02-25 00:05:40,767] {logging_mixin.py:109} INFO - [2022-02-25 00:05:40,767] {dag.py:2396} INFO - Sync 1 DAGs
[2022-02-25 00:05:40,783] {logging_mixin.py:109} INFO - [2022-02-25 00:05:40,783] {dag.py:2935} INFO - Setting next_dagrun for tutorial_taskflow_api_etl to None
[2022-02-25 00:05:40,793] {processor.py:171} INFO - Processing /home/airflow/.local/lib/python3.7/site-packages/airflow/example_dags/tutorial_taskflow_api_etl.py took 0.261 seconds
[2022-02-25 00:06:10,866] {processor.py:163} INFO - Started process (PID=16598) to work on /home/airflow/.local/lib/python3.7/site-packages/airflow/example_dags/tutorial_taskflow_api_etl.py
[2022-02-25 00:06:10,868] {processor.py:642} INFO - Processing file /home/airflow/.local/lib/python3.7/site-packages/airflow/example_dags/tutorial_taskflow_api_etl.py for tasks to queue
[2022-02-25 00:06:10,869] {logging_mixin.py:109} INFO - [2022-02-25 00:06:10,869] {dagbag.py:500} INFO - Filling up the DagBag from /home/airflow/.local/lib/python3.7/site-packages/airflow/example_dags/tutorial_taskflow_api_etl.py
[2022-02-25 00:06:10,902] {processor.py:654} INFO - DAG(s) dict_keys(['tutorial_taskflow_api_etl']) retrieved from /home/airflow/.local/lib/python3.7/site-packages/airflow/example_dags/tutorial_taskflow_api_etl.py
[2022-02-25 00:06:11,132] {logging_mixin.py:109} INFO - [2022-02-25 00:06:11,132] {dag.py:2396} INFO - Sync 1 DAGs
[2022-02-25 00:06:11,145] {logging_mixin.py:109} INFO - [2022-02-25 00:06:11,145] {dag.py:2935} INFO - Setting next_dagrun for tutorial_taskflow_api_etl to None
[2022-02-25 00:06:11,154] {processor.py:171} INFO - Processing /home/airflow/.local/lib/python3.7/site-packages/airflow/example_dags/tutorial_taskflow_api_etl.py took 0.292 seconds
[2022-02-25 00:06:42,249] {processor.py:163} INFO - Started process (PID=16662) to work on /home/airflow/.local/lib/python3.7/site-packages/airflow/example_dags/tutorial_taskflow_api_etl.py
[2022-02-25 00:06:42,251] {processor.py:642} INFO - Processing file /home/airflow/.local/lib/python3.7/site-packages/airflow/example_dags/tutorial_taskflow_api_etl.py for tasks to queue
[2022-02-25 00:06:42,252] {logging_mixin.py:109} INFO - [2022-02-25 00:06:42,252] {dagbag.py:500} INFO - Filling up the DagBag from /home/airflow/.local/lib/python3.7/site-packages/airflow/example_dags/tutorial_taskflow_api_etl.py
[2022-02-25 00:06:42,285] {processor.py:654} INFO - DAG(s) dict_keys(['tutorial_taskflow_api_etl']) retrieved from /home/airflow/.local/lib/python3.7/site-packages/airflow/example_dags/tutorial_taskflow_api_etl.py
[2022-02-25 00:06:42,469] {logging_mixin.py:109} INFO - [2022-02-25 00:06:42,469] {dag.py:2396} INFO - Sync 1 DAGs
[2022-02-25 00:06:42,482] {logging_mixin.py:109} INFO - [2022-02-25 00:06:42,482] {dag.py:2935} INFO - Setting next_dagrun for tutorial_taskflow_api_etl to None
[2022-02-25 00:06:42,491] {processor.py:171} INFO - Processing /home/airflow/.local/lib/python3.7/site-packages/airflow/example_dags/tutorial_taskflow_api_etl.py took 0.246 seconds
[2022-02-25 00:07:13,345] {processor.py:163} INFO - Started process (PID=16711) to work on /home/airflow/.local/lib/python3.7/site-packages/airflow/example_dags/tutorial_taskflow_api_etl.py
[2022-02-25 00:07:13,347] {processor.py:642} INFO - Processing file /home/airflow/.local/lib/python3.7/site-packages/airflow/example_dags/tutorial_taskflow_api_etl.py for tasks to queue
[2022-02-25 00:07:13,348] {logging_mixin.py:109} INFO - [2022-02-25 00:07:13,348] {dagbag.py:500} INFO - Filling up the DagBag from /home/airflow/.local/lib/python3.7/site-packages/airflow/example_dags/tutorial_taskflow_api_etl.py
[2022-02-25 00:07:13,385] {processor.py:654} INFO - DAG(s) dict_keys(['tutorial_taskflow_api_etl']) retrieved from /home/airflow/.local/lib/python3.7/site-packages/airflow/example_dags/tutorial_taskflow_api_etl.py
[2022-02-25 00:07:13,593] {logging_mixin.py:109} INFO - [2022-02-25 00:07:13,593] {dag.py:2396} INFO - Sync 1 DAGs
[2022-02-25 00:07:13,610] {logging_mixin.py:109} INFO - [2022-02-25 00:07:13,610] {dag.py:2935} INFO - Setting next_dagrun for tutorial_taskflow_api_etl to None
[2022-02-25 00:07:13,621] {processor.py:171} INFO - Processing /home/airflow/.local/lib/python3.7/site-packages/airflow/example_dags/tutorial_taskflow_api_etl.py took 0.280 seconds
[2022-02-25 00:07:43,713] {processor.py:163} INFO - Started process (PID=16775) to work on /home/airflow/.local/lib/python3.7/site-packages/airflow/example_dags/tutorial_taskflow_api_etl.py
[2022-02-25 00:07:43,716] {processor.py:642} INFO - Processing file /home/airflow/.local/lib/python3.7/site-packages/airflow/example_dags/tutorial_taskflow_api_etl.py for tasks to queue
[2022-02-25 00:07:43,717] {logging_mixin.py:109} INFO - [2022-02-25 00:07:43,717] {dagbag.py:500} INFO - Filling up the DagBag from /home/airflow/.local/lib/python3.7/site-packages/airflow/example_dags/tutorial_taskflow_api_etl.py
[2022-02-25 00:07:43,761] {processor.py:654} INFO - DAG(s) dict_keys(['tutorial_taskflow_api_etl']) retrieved from /home/airflow/.local/lib/python3.7/site-packages/airflow/example_dags/tutorial_taskflow_api_etl.py
[2022-02-25 00:07:43,936] {logging_mixin.py:109} INFO - [2022-02-25 00:07:43,936] {dag.py:2396} INFO - Sync 1 DAGs
[2022-02-25 00:07:43,948] {logging_mixin.py:109} INFO - [2022-02-25 00:07:43,948] {dag.py:2935} INFO - Setting next_dagrun for tutorial_taskflow_api_etl to None
[2022-02-25 00:07:43,958] {processor.py:171} INFO - Processing /home/airflow/.local/lib/python3.7/site-packages/airflow/example_dags/tutorial_taskflow_api_etl.py took 0.250 seconds
[2022-02-25 00:08:14,787] {processor.py:163} INFO - Started process (PID=16825) to work on /home/airflow/.local/lib/python3.7/site-packages/airflow/example_dags/tutorial_taskflow_api_etl.py
[2022-02-25 00:08:14,789] {processor.py:642} INFO - Processing file /home/airflow/.local/lib/python3.7/site-packages/airflow/example_dags/tutorial_taskflow_api_etl.py for tasks to queue
[2022-02-25 00:08:14,790] {logging_mixin.py:109} INFO - [2022-02-25 00:08:14,790] {dagbag.py:500} INFO - Filling up the DagBag from /home/airflow/.local/lib/python3.7/site-packages/airflow/example_dags/tutorial_taskflow_api_etl.py
[2022-02-25 00:08:14,825] {processor.py:654} INFO - DAG(s) dict_keys(['tutorial_taskflow_api_etl']) retrieved from /home/airflow/.local/lib/python3.7/site-packages/airflow/example_dags/tutorial_taskflow_api_etl.py
[2022-02-25 00:08:15,003] {logging_mixin.py:109} INFO - [2022-02-25 00:08:15,003] {dag.py:2396} INFO - Sync 1 DAGs
[2022-02-25 00:08:15,015] {logging_mixin.py:109} INFO - [2022-02-25 00:08:15,015] {dag.py:2935} INFO - Setting next_dagrun for tutorial_taskflow_api_etl to None
[2022-02-25 00:08:15,024] {processor.py:171} INFO - Processing /home/airflow/.local/lib/python3.7/site-packages/airflow/example_dags/tutorial_taskflow_api_etl.py took 0.241 seconds
[2022-02-25 00:08:45,816] {processor.py:163} INFO - Started process (PID=16886) to work on /home/airflow/.local/lib/python3.7/site-packages/airflow/example_dags/tutorial_taskflow_api_etl.py
[2022-02-25 00:08:45,818] {processor.py:642} INFO - Processing file /home/airflow/.local/lib/python3.7/site-packages/airflow/example_dags/tutorial_taskflow_api_etl.py for tasks to queue
[2022-02-25 00:08:45,819] {logging_mixin.py:109} INFO - [2022-02-25 00:08:45,819] {dagbag.py:500} INFO - Filling up the DagBag from /home/airflow/.local/lib/python3.7/site-packages/airflow/example_dags/tutorial_taskflow_api_etl.py
[2022-02-25 00:08:45,852] {processor.py:654} INFO - DAG(s) dict_keys(['tutorial_taskflow_api_etl']) retrieved from /home/airflow/.local/lib/python3.7/site-packages/airflow/example_dags/tutorial_taskflow_api_etl.py
[2022-02-25 00:08:46,037] {logging_mixin.py:109} INFO - [2022-02-25 00:08:46,037] {dag.py:2396} INFO - Sync 1 DAGs
[2022-02-25 00:08:46,049] {logging_mixin.py:109} INFO - [2022-02-25 00:08:46,049] {dag.py:2935} INFO - Setting next_dagrun for tutorial_taskflow_api_etl to None
[2022-02-25 00:08:46,058] {processor.py:171} INFO - Processing /home/airflow/.local/lib/python3.7/site-packages/airflow/example_dags/tutorial_taskflow_api_etl.py took 0.246 seconds
[2022-02-25 00:09:17,264] {processor.py:163} INFO - Started process (PID=16940) to work on /home/airflow/.local/lib/python3.7/site-packages/airflow/example_dags/tutorial_taskflow_api_etl.py
[2022-02-25 00:09:17,266] {processor.py:642} INFO - Processing file /home/airflow/.local/lib/python3.7/site-packages/airflow/example_dags/tutorial_taskflow_api_etl.py for tasks to queue
[2022-02-25 00:09:17,268] {logging_mixin.py:109} INFO - [2022-02-25 00:09:17,268] {dagbag.py:500} INFO - Filling up the DagBag from /home/airflow/.local/lib/python3.7/site-packages/airflow/example_dags/tutorial_taskflow_api_etl.py
[2022-02-25 00:09:17,307] {processor.py:654} INFO - DAG(s) dict_keys(['tutorial_taskflow_api_etl']) retrieved from /home/airflow/.local/lib/python3.7/site-packages/airflow/example_dags/tutorial_taskflow_api_etl.py
[2022-02-25 00:09:17,470] {logging_mixin.py:109} INFO - [2022-02-25 00:09:17,470] {dag.py:2396} INFO - Sync 1 DAGs
[2022-02-25 00:09:17,482] {logging_mixin.py:109} INFO - [2022-02-25 00:09:17,482] {dag.py:2935} INFO - Setting next_dagrun for tutorial_taskflow_api_etl to None
[2022-02-25 00:09:17,491] {processor.py:171} INFO - Processing /home/airflow/.local/lib/python3.7/site-packages/airflow/example_dags/tutorial_taskflow_api_etl.py took 0.230 seconds
[2022-02-25 00:09:47,544] {processor.py:163} INFO - Started process (PID=17003) to work on /home/airflow/.local/lib/python3.7/site-packages/airflow/example_dags/tutorial_taskflow_api_etl.py
[2022-02-25 00:09:47,546] {processor.py:642} INFO - Processing file /home/airflow/.local/lib/python3.7/site-packages/airflow/example_dags/tutorial_taskflow_api_etl.py for tasks to queue
[2022-02-25 00:09:47,547] {logging_mixin.py:109} INFO - [2022-02-25 00:09:47,547] {dagbag.py:500} INFO - Filling up the DagBag from /home/airflow/.local/lib/python3.7/site-packages/airflow/example_dags/tutorial_taskflow_api_etl.py
[2022-02-25 00:09:47,580] {processor.py:654} INFO - DAG(s) dict_keys(['tutorial_taskflow_api_etl']) retrieved from /home/airflow/.local/lib/python3.7/site-packages/airflow/example_dags/tutorial_taskflow_api_etl.py
[2022-02-25 00:09:47,750] {logging_mixin.py:109} INFO - [2022-02-25 00:09:47,750] {dag.py:2396} INFO - Sync 1 DAGs
[2022-02-25 00:09:47,768] {logging_mixin.py:109} INFO - [2022-02-25 00:09:47,768] {dag.py:2935} INFO - Setting next_dagrun for tutorial_taskflow_api_etl to None
[2022-02-25 00:09:47,777] {processor.py:171} INFO - Processing /home/airflow/.local/lib/python3.7/site-packages/airflow/example_dags/tutorial_taskflow_api_etl.py took 0.236 seconds
[2022-02-25 00:10:18,916] {processor.py:163} INFO - Started process (PID=17062) to work on /home/airflow/.local/lib/python3.7/site-packages/airflow/example_dags/tutorial_taskflow_api_etl.py
[2022-02-25 00:10:18,918] {processor.py:642} INFO - Processing file /home/airflow/.local/lib/python3.7/site-packages/airflow/example_dags/tutorial_taskflow_api_etl.py for tasks to queue
[2022-02-25 00:10:18,919] {logging_mixin.py:109} INFO - [2022-02-25 00:10:18,918] {dagbag.py:500} INFO - Filling up the DagBag from /home/airflow/.local/lib/python3.7/site-packages/airflow/example_dags/tutorial_taskflow_api_etl.py
[2022-02-25 00:10:18,950] {processor.py:654} INFO - DAG(s) dict_keys(['tutorial_taskflow_api_etl']) retrieved from /home/airflow/.local/lib/python3.7/site-packages/airflow/example_dags/tutorial_taskflow_api_etl.py
[2022-02-25 00:10:19,128] {logging_mixin.py:109} INFO - [2022-02-25 00:10:19,128] {dag.py:2396} INFO - Sync 1 DAGs
[2022-02-25 00:10:19,140] {logging_mixin.py:109} INFO - [2022-02-25 00:10:19,140] {dag.py:2935} INFO - Setting next_dagrun for tutorial_taskflow_api_etl to None
[2022-02-25 00:10:19,150] {processor.py:171} INFO - Processing /home/airflow/.local/lib/python3.7/site-packages/airflow/example_dags/tutorial_taskflow_api_etl.py took 0.238 seconds
[2022-02-25 00:10:50,165] {processor.py:163} INFO - Started process (PID=17118) to work on /home/airflow/.local/lib/python3.7/site-packages/airflow/example_dags/tutorial_taskflow_api_etl.py
[2022-02-25 00:10:50,168] {processor.py:642} INFO - Processing file /home/airflow/.local/lib/python3.7/site-packages/airflow/example_dags/tutorial_taskflow_api_etl.py for tasks to queue
[2022-02-25 00:10:50,169] {logging_mixin.py:109} INFO - [2022-02-25 00:10:50,169] {dagbag.py:500} INFO - Filling up the DagBag from /home/airflow/.local/lib/python3.7/site-packages/airflow/example_dags/tutorial_taskflow_api_etl.py
[2022-02-25 00:10:50,203] {processor.py:654} INFO - DAG(s) dict_keys(['tutorial_taskflow_api_etl']) retrieved from /home/airflow/.local/lib/python3.7/site-packages/airflow/example_dags/tutorial_taskflow_api_etl.py
[2022-02-25 00:10:50,369] {logging_mixin.py:109} INFO - [2022-02-25 00:10:50,369] {dag.py:2396} INFO - Sync 1 DAGs
[2022-02-25 00:10:50,381] {logging_mixin.py:109} INFO - [2022-02-25 00:10:50,381] {dag.py:2935} INFO - Setting next_dagrun for tutorial_taskflow_api_etl to None
[2022-02-25 00:10:50,390] {processor.py:171} INFO - Processing /home/airflow/.local/lib/python3.7/site-packages/airflow/example_dags/tutorial_taskflow_api_etl.py took 0.228 seconds
[2022-02-25 00:11:20,594] {processor.py:163} INFO - Started process (PID=17179) to work on /home/airflow/.local/lib/python3.7/site-packages/airflow/example_dags/tutorial_taskflow_api_etl.py
[2022-02-25 00:11:20,597] {processor.py:642} INFO - Processing file /home/airflow/.local/lib/python3.7/site-packages/airflow/example_dags/tutorial_taskflow_api_etl.py for tasks to queue
[2022-02-25 00:11:20,598] {logging_mixin.py:109} INFO - [2022-02-25 00:11:20,598] {dagbag.py:500} INFO - Filling up the DagBag from /home/airflow/.local/lib/python3.7/site-packages/airflow/example_dags/tutorial_taskflow_api_etl.py
[2022-02-25 00:11:20,629] {processor.py:654} INFO - DAG(s) dict_keys(['tutorial_taskflow_api_etl']) retrieved from /home/airflow/.local/lib/python3.7/site-packages/airflow/example_dags/tutorial_taskflow_api_etl.py
[2022-02-25 00:11:20,816] {logging_mixin.py:109} INFO - [2022-02-25 00:11:20,816] {dag.py:2396} INFO - Sync 1 DAGs
[2022-02-25 00:11:20,841] {logging_mixin.py:109} INFO - [2022-02-25 00:11:20,841] {dag.py:2935} INFO - Setting next_dagrun for tutorial_taskflow_api_etl to None
[2022-02-25 00:11:20,859] {processor.py:171} INFO - Processing /home/airflow/.local/lib/python3.7/site-packages/airflow/example_dags/tutorial_taskflow_api_etl.py took 0.268 seconds
[2022-02-25 00:11:51,000] {processor.py:163} INFO - Started process (PID=17231) to work on /home/airflow/.local/lib/python3.7/site-packages/airflow/example_dags/tutorial_taskflow_api_etl.py
[2022-02-25 00:11:51,002] {processor.py:642} INFO - Processing file /home/airflow/.local/lib/python3.7/site-packages/airflow/example_dags/tutorial_taskflow_api_etl.py for tasks to queue
[2022-02-25 00:11:51,004] {logging_mixin.py:109} INFO - [2022-02-25 00:11:51,004] {dagbag.py:500} INFO - Filling up the DagBag from /home/airflow/.local/lib/python3.7/site-packages/airflow/example_dags/tutorial_taskflow_api_etl.py
[2022-02-25 00:11:51,038] {processor.py:654} INFO - DAG(s) dict_keys(['tutorial_taskflow_api_etl']) retrieved from /home/airflow/.local/lib/python3.7/site-packages/airflow/example_dags/tutorial_taskflow_api_etl.py
[2022-02-25 00:11:51,222] {logging_mixin.py:109} INFO - [2022-02-25 00:11:51,222] {dag.py:2396} INFO - Sync 1 DAGs
[2022-02-25 00:11:51,240] {logging_mixin.py:109} INFO - [2022-02-25 00:11:51,240] {dag.py:2935} INFO - Setting next_dagrun for tutorial_taskflow_api_etl to None
[2022-02-25 00:11:51,252] {processor.py:171} INFO - Processing /home/airflow/.local/lib/python3.7/site-packages/airflow/example_dags/tutorial_taskflow_api_etl.py took 0.255 seconds
[2022-02-25 00:12:21,410] {processor.py:163} INFO - Started process (PID=17283) to work on /home/airflow/.local/lib/python3.7/site-packages/airflow/example_dags/tutorial_taskflow_api_etl.py
[2022-02-25 00:12:21,412] {processor.py:642} INFO - Processing file /home/airflow/.local/lib/python3.7/site-packages/airflow/example_dags/tutorial_taskflow_api_etl.py for tasks to queue
[2022-02-25 00:12:21,414] {logging_mixin.py:109} INFO - [2022-02-25 00:12:21,414] {dagbag.py:500} INFO - Filling up the DagBag from /home/airflow/.local/lib/python3.7/site-packages/airflow/example_dags/tutorial_taskflow_api_etl.py
[2022-02-25 00:12:21,455] {processor.py:654} INFO - DAG(s) dict_keys(['tutorial_taskflow_api_etl']) retrieved from /home/airflow/.local/lib/python3.7/site-packages/airflow/example_dags/tutorial_taskflow_api_etl.py
[2022-02-25 00:12:21,709] {logging_mixin.py:109} INFO - [2022-02-25 00:12:21,709] {dag.py:2396} INFO - Sync 1 DAGs
[2022-02-25 00:12:21,723] {logging_mixin.py:109} INFO - [2022-02-25 00:12:21,723] {dag.py:2935} INFO - Setting next_dagrun for tutorial_taskflow_api_etl to None
[2022-02-25 00:12:21,733] {processor.py:171} INFO - Processing /home/airflow/.local/lib/python3.7/site-packages/airflow/example_dags/tutorial_taskflow_api_etl.py took 0.330 seconds
[2022-02-25 00:12:52,660] {processor.py:163} INFO - Started process (PID=17346) to work on /home/airflow/.local/lib/python3.7/site-packages/airflow/example_dags/tutorial_taskflow_api_etl.py
[2022-02-25 00:12:52,663] {processor.py:642} INFO - Processing file /home/airflow/.local/lib/python3.7/site-packages/airflow/example_dags/tutorial_taskflow_api_etl.py for tasks to queue
[2022-02-25 00:12:52,664] {logging_mixin.py:109} INFO - [2022-02-25 00:12:52,664] {dagbag.py:500} INFO - Filling up the DagBag from /home/airflow/.local/lib/python3.7/site-packages/airflow/example_dags/tutorial_taskflow_api_etl.py
[2022-02-25 00:12:52,698] {processor.py:654} INFO - DAG(s) dict_keys(['tutorial_taskflow_api_etl']) retrieved from /home/airflow/.local/lib/python3.7/site-packages/airflow/example_dags/tutorial_taskflow_api_etl.py
[2022-02-25 00:12:52,868] {logging_mixin.py:109} INFO - [2022-02-25 00:12:52,868] {dag.py:2396} INFO - Sync 1 DAGs
[2022-02-25 00:12:52,890] {logging_mixin.py:109} INFO - [2022-02-25 00:12:52,890] {dag.py:2935} INFO - Setting next_dagrun for tutorial_taskflow_api_etl to None
[2022-02-25 00:12:52,901] {processor.py:171} INFO - Processing /home/airflow/.local/lib/python3.7/site-packages/airflow/example_dags/tutorial_taskflow_api_etl.py took 0.244 seconds
[2022-02-25 00:13:23,185] {processor.py:163} INFO - Started process (PID=17404) to work on /home/airflow/.local/lib/python3.7/site-packages/airflow/example_dags/tutorial_taskflow_api_etl.py
[2022-02-25 00:13:23,186] {processor.py:642} INFO - Processing file /home/airflow/.local/lib/python3.7/site-packages/airflow/example_dags/tutorial_taskflow_api_etl.py for tasks to queue
[2022-02-25 00:13:23,187] {logging_mixin.py:109} INFO - [2022-02-25 00:13:23,187] {dagbag.py:500} INFO - Filling up the DagBag from /home/airflow/.local/lib/python3.7/site-packages/airflow/example_dags/tutorial_taskflow_api_etl.py
[2022-02-25 00:13:23,214] {processor.py:654} INFO - DAG(s) dict_keys(['tutorial_taskflow_api_etl']) retrieved from /home/airflow/.local/lib/python3.7/site-packages/airflow/example_dags/tutorial_taskflow_api_etl.py
[2022-02-25 00:13:23,375] {logging_mixin.py:109} INFO - [2022-02-25 00:13:23,375] {dag.py:2396} INFO - Sync 1 DAGs
[2022-02-25 00:13:23,387] {logging_mixin.py:109} INFO - [2022-02-25 00:13:23,387] {dag.py:2935} INFO - Setting next_dagrun for tutorial_taskflow_api_etl to None
[2022-02-25 00:13:23,396] {processor.py:171} INFO - Processing /home/airflow/.local/lib/python3.7/site-packages/airflow/example_dags/tutorial_taskflow_api_etl.py took 0.214 seconds
[2022-02-25 00:13:53,480] {processor.py:163} INFO - Started process (PID=17457) to work on /home/airflow/.local/lib/python3.7/site-packages/airflow/example_dags/tutorial_taskflow_api_etl.py
[2022-02-25 00:13:53,481] {processor.py:642} INFO - Processing file /home/airflow/.local/lib/python3.7/site-packages/airflow/example_dags/tutorial_taskflow_api_etl.py for tasks to queue
[2022-02-25 00:13:53,482] {logging_mixin.py:109} INFO - [2022-02-25 00:13:53,482] {dagbag.py:500} INFO - Filling up the DagBag from /home/airflow/.local/lib/python3.7/site-packages/airflow/example_dags/tutorial_taskflow_api_etl.py
[2022-02-25 00:13:53,513] {processor.py:654} INFO - DAG(s) dict_keys(['tutorial_taskflow_api_etl']) retrieved from /home/airflow/.local/lib/python3.7/site-packages/airflow/example_dags/tutorial_taskflow_api_etl.py
[2022-02-25 00:13:53,674] {logging_mixin.py:109} INFO - [2022-02-25 00:13:53,674] {dag.py:2396} INFO - Sync 1 DAGs
[2022-02-25 00:13:53,686] {logging_mixin.py:109} INFO - [2022-02-25 00:13:53,686] {dag.py:2935} INFO - Setting next_dagrun for tutorial_taskflow_api_etl to None
[2022-02-25 00:13:53,695] {processor.py:171} INFO - Processing /home/airflow/.local/lib/python3.7/site-packages/airflow/example_dags/tutorial_taskflow_api_etl.py took 0.218 seconds
[2022-02-25 00:14:23,941] {processor.py:163} INFO - Started process (PID=17515) to work on /home/airflow/.local/lib/python3.7/site-packages/airflow/example_dags/tutorial_taskflow_api_etl.py
[2022-02-25 00:14:23,942] {processor.py:642} INFO - Processing file /home/airflow/.local/lib/python3.7/site-packages/airflow/example_dags/tutorial_taskflow_api_etl.py for tasks to queue
[2022-02-25 00:14:23,943] {logging_mixin.py:109} INFO - [2022-02-25 00:14:23,943] {dagbag.py:500} INFO - Filling up the DagBag from /home/airflow/.local/lib/python3.7/site-packages/airflow/example_dags/tutorial_taskflow_api_etl.py
[2022-02-25 00:14:23,970] {processor.py:654} INFO - DAG(s) dict_keys(['tutorial_taskflow_api_etl']) retrieved from /home/airflow/.local/lib/python3.7/site-packages/airflow/example_dags/tutorial_taskflow_api_etl.py
[2022-02-25 00:14:24,135] {logging_mixin.py:109} INFO - [2022-02-25 00:14:24,135] {dag.py:2396} INFO - Sync 1 DAGs
[2022-02-25 00:14:24,148] {logging_mixin.py:109} INFO - [2022-02-25 00:14:24,148] {dag.py:2935} INFO - Setting next_dagrun for tutorial_taskflow_api_etl to None
[2022-02-25 00:14:24,158] {processor.py:171} INFO - Processing /home/airflow/.local/lib/python3.7/site-packages/airflow/example_dags/tutorial_taskflow_api_etl.py took 0.221 seconds
[2022-02-25 00:14:55,167] {processor.py:163} INFO - Started process (PID=17568) to work on /home/airflow/.local/lib/python3.7/site-packages/airflow/example_dags/tutorial_taskflow_api_etl.py
[2022-02-25 00:14:55,169] {processor.py:642} INFO - Processing file /home/airflow/.local/lib/python3.7/site-packages/airflow/example_dags/tutorial_taskflow_api_etl.py for tasks to queue
[2022-02-25 00:14:55,170] {logging_mixin.py:109} INFO - [2022-02-25 00:14:55,170] {dagbag.py:500} INFO - Filling up the DagBag from /home/airflow/.local/lib/python3.7/site-packages/airflow/example_dags/tutorial_taskflow_api_etl.py
[2022-02-25 00:14:55,198] {processor.py:654} INFO - DAG(s) dict_keys(['tutorial_taskflow_api_etl']) retrieved from /home/airflow/.local/lib/python3.7/site-packages/airflow/example_dags/tutorial_taskflow_api_etl.py
[2022-02-25 00:14:55,362] {logging_mixin.py:109} INFO - [2022-02-25 00:14:55,362] {dag.py:2396} INFO - Sync 1 DAGs
[2022-02-25 00:14:55,377] {logging_mixin.py:109} INFO - [2022-02-25 00:14:55,377] {dag.py:2935} INFO - Setting next_dagrun for tutorial_taskflow_api_etl to None
[2022-02-25 00:14:55,388] {processor.py:171} INFO - Processing /home/airflow/.local/lib/python3.7/site-packages/airflow/example_dags/tutorial_taskflow_api_etl.py took 0.225 seconds
[2022-02-25 00:15:26,372] {processor.py:163} INFO - Started process (PID=17629) to work on /home/airflow/.local/lib/python3.7/site-packages/airflow/example_dags/tutorial_taskflow_api_etl.py
[2022-02-25 00:15:26,373] {processor.py:642} INFO - Processing file /home/airflow/.local/lib/python3.7/site-packages/airflow/example_dags/tutorial_taskflow_api_etl.py for tasks to queue
[2022-02-25 00:15:26,374] {logging_mixin.py:109} INFO - [2022-02-25 00:15:26,374] {dagbag.py:500} INFO - Filling up the DagBag from /home/airflow/.local/lib/python3.7/site-packages/airflow/example_dags/tutorial_taskflow_api_etl.py
[2022-02-25 00:15:26,408] {processor.py:654} INFO - DAG(s) dict_keys(['tutorial_taskflow_api_etl']) retrieved from /home/airflow/.local/lib/python3.7/site-packages/airflow/example_dags/tutorial_taskflow_api_etl.py
[2022-02-25 00:15:26,582] {logging_mixin.py:109} INFO - [2022-02-25 00:15:26,582] {dag.py:2396} INFO - Sync 1 DAGs
[2022-02-25 00:15:26,595] {logging_mixin.py:109} INFO - [2022-02-25 00:15:26,595] {dag.py:2935} INFO - Setting next_dagrun for tutorial_taskflow_api_etl to None
[2022-02-25 00:15:26,604] {processor.py:171} INFO - Processing /home/airflow/.local/lib/python3.7/site-packages/airflow/example_dags/tutorial_taskflow_api_etl.py took 0.235 seconds
[2022-02-25 00:15:56,799] {processor.py:163} INFO - Started process (PID=17682) to work on /home/airflow/.local/lib/python3.7/site-packages/airflow/example_dags/tutorial_taskflow_api_etl.py
[2022-02-25 00:15:56,800] {processor.py:642} INFO - Processing file /home/airflow/.local/lib/python3.7/site-packages/airflow/example_dags/tutorial_taskflow_api_etl.py for tasks to queue
[2022-02-25 00:15:56,801] {logging_mixin.py:109} INFO - [2022-02-25 00:15:56,801] {dagbag.py:500} INFO - Filling up the DagBag from /home/airflow/.local/lib/python3.7/site-packages/airflow/example_dags/tutorial_taskflow_api_etl.py
[2022-02-25 00:15:56,835] {processor.py:654} INFO - DAG(s) dict_keys(['tutorial_taskflow_api_etl']) retrieved from /home/airflow/.local/lib/python3.7/site-packages/airflow/example_dags/tutorial_taskflow_api_etl.py
[2022-02-25 00:15:57,009] {logging_mixin.py:109} INFO - [2022-02-25 00:15:57,009] {dag.py:2396} INFO - Sync 1 DAGs
[2022-02-25 00:15:57,021] {logging_mixin.py:109} INFO - [2022-02-25 00:15:57,021] {dag.py:2935} INFO - Setting next_dagrun for tutorial_taskflow_api_etl to None
[2022-02-25 00:15:57,031] {processor.py:171} INFO - Processing /home/airflow/.local/lib/python3.7/site-packages/airflow/example_dags/tutorial_taskflow_api_etl.py took 0.236 seconds
[2022-02-25 00:16:27,997] {processor.py:163} INFO - Started process (PID=17743) to work on /home/airflow/.local/lib/python3.7/site-packages/airflow/example_dags/tutorial_taskflow_api_etl.py
[2022-02-25 00:16:28,000] {processor.py:642} INFO - Processing file /home/airflow/.local/lib/python3.7/site-packages/airflow/example_dags/tutorial_taskflow_api_etl.py for tasks to queue
[2022-02-25 00:16:28,001] {logging_mixin.py:109} INFO - [2022-02-25 00:16:28,001] {dagbag.py:500} INFO - Filling up the DagBag from /home/airflow/.local/lib/python3.7/site-packages/airflow/example_dags/tutorial_taskflow_api_etl.py
[2022-02-25 00:16:28,034] {processor.py:654} INFO - DAG(s) dict_keys(['tutorial_taskflow_api_etl']) retrieved from /home/airflow/.local/lib/python3.7/site-packages/airflow/example_dags/tutorial_taskflow_api_etl.py
[2022-02-25 00:16:28,044] {logging_mixin.py:109} INFO - [2022-02-25 00:16:28,044] {dag.py:2396} INFO - Sync 1 DAGs
[2022-02-25 00:16:28,059] {logging_mixin.py:109} INFO - [2022-02-25 00:16:28,059] {dag.py:2935} INFO - Setting next_dagrun for tutorial_taskflow_api_etl to None
[2022-02-25 00:16:28,068] {processor.py:171} INFO - Processing /home/airflow/.local/lib/python3.7/site-packages/airflow/example_dags/tutorial_taskflow_api_etl.py took 0.074 seconds
[2022-02-25 00:16:58,246] {processor.py:163} INFO - Started process (PID=17796) to work on /home/airflow/.local/lib/python3.7/site-packages/airflow/example_dags/tutorial_taskflow_api_etl.py
[2022-02-25 00:16:58,249] {processor.py:642} INFO - Processing file /home/airflow/.local/lib/python3.7/site-packages/airflow/example_dags/tutorial_taskflow_api_etl.py for tasks to queue
[2022-02-25 00:16:58,250] {logging_mixin.py:109} INFO - [2022-02-25 00:16:58,250] {dagbag.py:500} INFO - Filling up the DagBag from /home/airflow/.local/lib/python3.7/site-packages/airflow/example_dags/tutorial_taskflow_api_etl.py
[2022-02-25 00:16:58,285] {processor.py:654} INFO - DAG(s) dict_keys(['tutorial_taskflow_api_etl']) retrieved from /home/airflow/.local/lib/python3.7/site-packages/airflow/example_dags/tutorial_taskflow_api_etl.py
[2022-02-25 00:16:58,448] {logging_mixin.py:109} INFO - [2022-02-25 00:16:58,448] {dag.py:2396} INFO - Sync 1 DAGs
[2022-02-25 00:16:58,461] {logging_mixin.py:109} INFO - [2022-02-25 00:16:58,460] {dag.py:2935} INFO - Setting next_dagrun for tutorial_taskflow_api_etl to None
[2022-02-25 00:16:58,470] {processor.py:171} INFO - Processing /home/airflow/.local/lib/python3.7/site-packages/airflow/example_dags/tutorial_taskflow_api_etl.py took 0.228 seconds
[2022-02-25 00:17:28,661] {processor.py:163} INFO - Started process (PID=17857) to work on /home/airflow/.local/lib/python3.7/site-packages/airflow/example_dags/tutorial_taskflow_api_etl.py
[2022-02-25 00:17:28,663] {processor.py:642} INFO - Processing file /home/airflow/.local/lib/python3.7/site-packages/airflow/example_dags/tutorial_taskflow_api_etl.py for tasks to queue
[2022-02-25 00:17:28,665] {logging_mixin.py:109} INFO - [2022-02-25 00:17:28,665] {dagbag.py:500} INFO - Filling up the DagBag from /home/airflow/.local/lib/python3.7/site-packages/airflow/example_dags/tutorial_taskflow_api_etl.py
[2022-02-25 00:17:28,696] {processor.py:654} INFO - DAG(s) dict_keys(['tutorial_taskflow_api_etl']) retrieved from /home/airflow/.local/lib/python3.7/site-packages/airflow/example_dags/tutorial_taskflow_api_etl.py
[2022-02-25 00:17:28,863] {logging_mixin.py:109} INFO - [2022-02-25 00:17:28,863] {dag.py:2396} INFO - Sync 1 DAGs
[2022-02-25 00:17:28,877] {logging_mixin.py:109} INFO - [2022-02-25 00:17:28,877] {dag.py:2935} INFO - Setting next_dagrun for tutorial_taskflow_api_etl to None
[2022-02-25 00:17:28,887] {processor.py:171} INFO - Processing /home/airflow/.local/lib/python3.7/site-packages/airflow/example_dags/tutorial_taskflow_api_etl.py took 0.229 seconds
[2022-02-25 00:17:58,965] {processor.py:163} INFO - Started process (PID=17911) to work on /home/airflow/.local/lib/python3.7/site-packages/airflow/example_dags/tutorial_taskflow_api_etl.py
[2022-02-25 00:17:58,967] {processor.py:642} INFO - Processing file /home/airflow/.local/lib/python3.7/site-packages/airflow/example_dags/tutorial_taskflow_api_etl.py for tasks to queue
[2022-02-25 00:17:58,969] {logging_mixin.py:109} INFO - [2022-02-25 00:17:58,969] {dagbag.py:500} INFO - Filling up the DagBag from /home/airflow/.local/lib/python3.7/site-packages/airflow/example_dags/tutorial_taskflow_api_etl.py
[2022-02-25 00:17:59,005] {processor.py:654} INFO - DAG(s) dict_keys(['tutorial_taskflow_api_etl']) retrieved from /home/airflow/.local/lib/python3.7/site-packages/airflow/example_dags/tutorial_taskflow_api_etl.py
[2022-02-25 00:17:59,167] {logging_mixin.py:109} INFO - [2022-02-25 00:17:59,167] {dag.py:2396} INFO - Sync 1 DAGs
[2022-02-25 00:17:59,179] {logging_mixin.py:109} INFO - [2022-02-25 00:17:59,179] {dag.py:2935} INFO - Setting next_dagrun for tutorial_taskflow_api_etl to None
[2022-02-25 00:17:59,189] {processor.py:171} INFO - Processing /home/airflow/.local/lib/python3.7/site-packages/airflow/example_dags/tutorial_taskflow_api_etl.py took 0.228 seconds
[2022-02-25 00:18:29,246] {processor.py:163} INFO - Started process (PID=17972) to work on /home/airflow/.local/lib/python3.7/site-packages/airflow/example_dags/tutorial_taskflow_api_etl.py
[2022-02-25 00:18:29,248] {processor.py:642} INFO - Processing file /home/airflow/.local/lib/python3.7/site-packages/airflow/example_dags/tutorial_taskflow_api_etl.py for tasks to queue
[2022-02-25 00:18:29,249] {logging_mixin.py:109} INFO - [2022-02-25 00:18:29,249] {dagbag.py:500} INFO - Filling up the DagBag from /home/airflow/.local/lib/python3.7/site-packages/airflow/example_dags/tutorial_taskflow_api_etl.py
[2022-02-25 00:18:29,281] {processor.py:654} INFO - DAG(s) dict_keys(['tutorial_taskflow_api_etl']) retrieved from /home/airflow/.local/lib/python3.7/site-packages/airflow/example_dags/tutorial_taskflow_api_etl.py
[2022-02-25 00:18:29,446] {logging_mixin.py:109} INFO - [2022-02-25 00:18:29,446] {dag.py:2396} INFO - Sync 1 DAGs
[2022-02-25 00:18:29,458] {logging_mixin.py:109} INFO - [2022-02-25 00:18:29,458] {dag.py:2935} INFO - Setting next_dagrun for tutorial_taskflow_api_etl to None
[2022-02-25 00:18:29,467] {processor.py:171} INFO - Processing /home/airflow/.local/lib/python3.7/site-packages/airflow/example_dags/tutorial_taskflow_api_etl.py took 0.225 seconds
[2022-02-25 00:18:59,535] {processor.py:163} INFO - Started process (PID=18023) to work on /home/airflow/.local/lib/python3.7/site-packages/airflow/example_dags/tutorial_taskflow_api_etl.py
[2022-02-25 00:18:59,537] {processor.py:642} INFO - Processing file /home/airflow/.local/lib/python3.7/site-packages/airflow/example_dags/tutorial_taskflow_api_etl.py for tasks to queue
[2022-02-25 00:18:59,539] {logging_mixin.py:109} INFO - [2022-02-25 00:18:59,539] {dagbag.py:500} INFO - Filling up the DagBag from /home/airflow/.local/lib/python3.7/site-packages/airflow/example_dags/tutorial_taskflow_api_etl.py
[2022-02-25 00:18:59,573] {processor.py:654} INFO - DAG(s) dict_keys(['tutorial_taskflow_api_etl']) retrieved from /home/airflow/.local/lib/python3.7/site-packages/airflow/example_dags/tutorial_taskflow_api_etl.py
[2022-02-25 00:18:59,583] {logging_mixin.py:109} INFO - [2022-02-25 00:18:59,583] {dag.py:2396} INFO - Sync 1 DAGs
[2022-02-25 00:18:59,599] {logging_mixin.py:109} INFO - [2022-02-25 00:18:59,599] {dag.py:2935} INFO - Setting next_dagrun for tutorial_taskflow_api_etl to None
[2022-02-25 00:18:59,607] {processor.py:171} INFO - Processing /home/airflow/.local/lib/python3.7/site-packages/airflow/example_dags/tutorial_taskflow_api_etl.py took 0.076 seconds
[2022-02-25 00:19:29,658] {processor.py:163} INFO - Started process (PID=18074) to work on /home/airflow/.local/lib/python3.7/site-packages/airflow/example_dags/tutorial_taskflow_api_etl.py
[2022-02-25 00:19:29,660] {processor.py:642} INFO - Processing file /home/airflow/.local/lib/python3.7/site-packages/airflow/example_dags/tutorial_taskflow_api_etl.py for tasks to queue
[2022-02-25 00:19:29,662] {logging_mixin.py:109} INFO - [2022-02-25 00:19:29,662] {dagbag.py:500} INFO - Filling up the DagBag from /home/airflow/.local/lib/python3.7/site-packages/airflow/example_dags/tutorial_taskflow_api_etl.py
[2022-02-25 00:19:29,698] {processor.py:654} INFO - DAG(s) dict_keys(['tutorial_taskflow_api_etl']) retrieved from /home/airflow/.local/lib/python3.7/site-packages/airflow/example_dags/tutorial_taskflow_api_etl.py
[2022-02-25 00:19:29,865] {logging_mixin.py:109} INFO - [2022-02-25 00:19:29,865] {dag.py:2396} INFO - Sync 1 DAGs
[2022-02-25 00:19:29,880] {logging_mixin.py:109} INFO - [2022-02-25 00:19:29,880] {dag.py:2935} INFO - Setting next_dagrun for tutorial_taskflow_api_etl to None
[2022-02-25 00:19:29,892] {processor.py:171} INFO - Processing /home/airflow/.local/lib/python3.7/site-packages/airflow/example_dags/tutorial_taskflow_api_etl.py took 0.241 seconds
[2022-02-25 00:20:00,837] {processor.py:163} INFO - Started process (PID=18136) to work on /home/airflow/.local/lib/python3.7/site-packages/airflow/example_dags/tutorial_taskflow_api_etl.py
[2022-02-25 00:20:00,839] {processor.py:642} INFO - Processing file /home/airflow/.local/lib/python3.7/site-packages/airflow/example_dags/tutorial_taskflow_api_etl.py for tasks to queue
[2022-02-25 00:20:00,841] {logging_mixin.py:109} INFO - [2022-02-25 00:20:00,840] {dagbag.py:500} INFO - Filling up the DagBag from /home/airflow/.local/lib/python3.7/site-packages/airflow/example_dags/tutorial_taskflow_api_etl.py
[2022-02-25 00:20:00,872] {processor.py:654} INFO - DAG(s) dict_keys(['tutorial_taskflow_api_etl']) retrieved from /home/airflow/.local/lib/python3.7/site-packages/airflow/example_dags/tutorial_taskflow_api_etl.py
[2022-02-25 00:20:01,030] {logging_mixin.py:109} INFO - [2022-02-25 00:20:01,030] {dag.py:2396} INFO - Sync 1 DAGs
[2022-02-25 00:20:01,044] {logging_mixin.py:109} INFO - [2022-02-25 00:20:01,044] {dag.py:2935} INFO - Setting next_dagrun for tutorial_taskflow_api_etl to None
[2022-02-25 00:20:01,053] {processor.py:171} INFO - Processing /home/airflow/.local/lib/python3.7/site-packages/airflow/example_dags/tutorial_taskflow_api_etl.py took 0.219 seconds
[2022-02-25 00:20:31,201] {processor.py:163} INFO - Started process (PID=18187) to work on /home/airflow/.local/lib/python3.7/site-packages/airflow/example_dags/tutorial_taskflow_api_etl.py
[2022-02-25 00:20:31,203] {processor.py:642} INFO - Processing file /home/airflow/.local/lib/python3.7/site-packages/airflow/example_dags/tutorial_taskflow_api_etl.py for tasks to queue
[2022-02-25 00:20:31,204] {logging_mixin.py:109} INFO - [2022-02-25 00:20:31,204] {dagbag.py:500} INFO - Filling up the DagBag from /home/airflow/.local/lib/python3.7/site-packages/airflow/example_dags/tutorial_taskflow_api_etl.py
[2022-02-25 00:20:31,238] {processor.py:654} INFO - DAG(s) dict_keys(['tutorial_taskflow_api_etl']) retrieved from /home/airflow/.local/lib/python3.7/site-packages/airflow/example_dags/tutorial_taskflow_api_etl.py
[2022-02-25 00:20:31,407] {logging_mixin.py:109} INFO - [2022-02-25 00:20:31,407] {dag.py:2396} INFO - Sync 1 DAGs
[2022-02-25 00:20:31,421] {logging_mixin.py:109} INFO - [2022-02-25 00:20:31,420] {dag.py:2935} INFO - Setting next_dagrun for tutorial_taskflow_api_etl to None
[2022-02-25 00:20:31,430] {processor.py:171} INFO - Processing /home/airflow/.local/lib/python3.7/site-packages/airflow/example_dags/tutorial_taskflow_api_etl.py took 0.232 seconds
[2022-02-25 00:21:01,458] {processor.py:163} INFO - Started process (PID=18250) to work on /home/airflow/.local/lib/python3.7/site-packages/airflow/example_dags/tutorial_taskflow_api_etl.py
[2022-02-25 00:21:01,460] {processor.py:642} INFO - Processing file /home/airflow/.local/lib/python3.7/site-packages/airflow/example_dags/tutorial_taskflow_api_etl.py for tasks to queue
[2022-02-25 00:21:01,461] {logging_mixin.py:109} INFO - [2022-02-25 00:21:01,461] {dagbag.py:500} INFO - Filling up the DagBag from /home/airflow/.local/lib/python3.7/site-packages/airflow/example_dags/tutorial_taskflow_api_etl.py
[2022-02-25 00:21:01,489] {processor.py:654} INFO - DAG(s) dict_keys(['tutorial_taskflow_api_etl']) retrieved from /home/airflow/.local/lib/python3.7/site-packages/airflow/example_dags/tutorial_taskflow_api_etl.py
[2022-02-25 00:21:01,650] {logging_mixin.py:109} INFO - [2022-02-25 00:21:01,650] {dag.py:2396} INFO - Sync 1 DAGs
[2022-02-25 00:21:01,666] {logging_mixin.py:109} INFO - [2022-02-25 00:21:01,666] {dag.py:2935} INFO - Setting next_dagrun for tutorial_taskflow_api_etl to None
[2022-02-25 00:21:01,677] {processor.py:171} INFO - Processing /home/airflow/.local/lib/python3.7/site-packages/airflow/example_dags/tutorial_taskflow_api_etl.py took 0.222 seconds
[2022-02-25 00:21:32,065] {processor.py:163} INFO - Started process (PID=18301) to work on /home/airflow/.local/lib/python3.7/site-packages/airflow/example_dags/tutorial_taskflow_api_etl.py
[2022-02-25 00:21:32,067] {processor.py:642} INFO - Processing file /home/airflow/.local/lib/python3.7/site-packages/airflow/example_dags/tutorial_taskflow_api_etl.py for tasks to queue
[2022-02-25 00:21:32,068] {logging_mixin.py:109} INFO - [2022-02-25 00:21:32,068] {dagbag.py:500} INFO - Filling up the DagBag from /home/airflow/.local/lib/python3.7/site-packages/airflow/example_dags/tutorial_taskflow_api_etl.py
[2022-02-25 00:21:32,102] {processor.py:654} INFO - DAG(s) dict_keys(['tutorial_taskflow_api_etl']) retrieved from /home/airflow/.local/lib/python3.7/site-packages/airflow/example_dags/tutorial_taskflow_api_etl.py
[2022-02-25 00:21:32,278] {logging_mixin.py:109} INFO - [2022-02-25 00:21:32,278] {dag.py:2396} INFO - Sync 1 DAGs
[2022-02-25 00:21:32,297] {logging_mixin.py:109} INFO - [2022-02-25 00:21:32,297] {dag.py:2935} INFO - Setting next_dagrun for tutorial_taskflow_api_etl to None
[2022-02-25 00:21:32,308] {processor.py:171} INFO - Processing /home/airflow/.local/lib/python3.7/site-packages/airflow/example_dags/tutorial_taskflow_api_etl.py took 0.247 seconds
[2022-02-25 00:22:03,194] {processor.py:163} INFO - Started process (PID=18363) to work on /home/airflow/.local/lib/python3.7/site-packages/airflow/example_dags/tutorial_taskflow_api_etl.py
[2022-02-25 00:22:03,195] {processor.py:642} INFO - Processing file /home/airflow/.local/lib/python3.7/site-packages/airflow/example_dags/tutorial_taskflow_api_etl.py for tasks to queue
[2022-02-25 00:22:03,196] {logging_mixin.py:109} INFO - [2022-02-25 00:22:03,196] {dagbag.py:500} INFO - Filling up the DagBag from /home/airflow/.local/lib/python3.7/site-packages/airflow/example_dags/tutorial_taskflow_api_etl.py
[2022-02-25 00:22:03,232] {processor.py:654} INFO - DAG(s) dict_keys(['tutorial_taskflow_api_etl']) retrieved from /home/airflow/.local/lib/python3.7/site-packages/airflow/example_dags/tutorial_taskflow_api_etl.py
[2022-02-25 00:22:03,400] {logging_mixin.py:109} INFO - [2022-02-25 00:22:03,400] {dag.py:2396} INFO - Sync 1 DAGs
[2022-02-25 00:22:03,412] {logging_mixin.py:109} INFO - [2022-02-25 00:22:03,412] {dag.py:2935} INFO - Setting next_dagrun for tutorial_taskflow_api_etl to None
[2022-02-25 00:22:03,420] {processor.py:171} INFO - Processing /home/airflow/.local/lib/python3.7/site-packages/airflow/example_dags/tutorial_taskflow_api_etl.py took 0.230 seconds
[2022-02-25 00:22:33,659] {processor.py:163} INFO - Started process (PID=18423) to work on /home/airflow/.local/lib/python3.7/site-packages/airflow/example_dags/tutorial_taskflow_api_etl.py
[2022-02-25 00:22:33,661] {processor.py:642} INFO - Processing file /home/airflow/.local/lib/python3.7/site-packages/airflow/example_dags/tutorial_taskflow_api_etl.py for tasks to queue
[2022-02-25 00:22:33,662] {logging_mixin.py:109} INFO - [2022-02-25 00:22:33,662] {dagbag.py:500} INFO - Filling up the DagBag from /home/airflow/.local/lib/python3.7/site-packages/airflow/example_dags/tutorial_taskflow_api_etl.py
[2022-02-25 00:22:33,695] {processor.py:654} INFO - DAG(s) dict_keys(['tutorial_taskflow_api_etl']) retrieved from /home/airflow/.local/lib/python3.7/site-packages/airflow/example_dags/tutorial_taskflow_api_etl.py
[2022-02-25 00:22:33,873] {logging_mixin.py:109} INFO - [2022-02-25 00:22:33,873] {dag.py:2396} INFO - Sync 1 DAGs
[2022-02-25 00:22:33,885] {logging_mixin.py:109} INFO - [2022-02-25 00:22:33,885] {dag.py:2935} INFO - Setting next_dagrun for tutorial_taskflow_api_etl to None
[2022-02-25 00:22:33,894] {processor.py:171} INFO - Processing /home/airflow/.local/lib/python3.7/site-packages/airflow/example_dags/tutorial_taskflow_api_etl.py took 0.238 seconds
[2022-02-25 00:23:04,298] {processor.py:163} INFO - Started process (PID=18477) to work on /home/airflow/.local/lib/python3.7/site-packages/airflow/example_dags/tutorial_taskflow_api_etl.py
[2022-02-25 00:23:04,300] {processor.py:642} INFO - Processing file /home/airflow/.local/lib/python3.7/site-packages/airflow/example_dags/tutorial_taskflow_api_etl.py for tasks to queue
[2022-02-25 00:23:04,301] {logging_mixin.py:109} INFO - [2022-02-25 00:23:04,301] {dagbag.py:500} INFO - Filling up the DagBag from /home/airflow/.local/lib/python3.7/site-packages/airflow/example_dags/tutorial_taskflow_api_etl.py
[2022-02-25 00:23:04,337] {processor.py:654} INFO - DAG(s) dict_keys(['tutorial_taskflow_api_etl']) retrieved from /home/airflow/.local/lib/python3.7/site-packages/airflow/example_dags/tutorial_taskflow_api_etl.py
[2022-02-25 00:23:04,498] {logging_mixin.py:109} INFO - [2022-02-25 00:23:04,497] {dag.py:2396} INFO - Sync 1 DAGs
[2022-02-25 00:23:04,511] {logging_mixin.py:109} INFO - [2022-02-25 00:23:04,511] {dag.py:2935} INFO - Setting next_dagrun for tutorial_taskflow_api_etl to None
[2022-02-25 00:23:04,521] {processor.py:171} INFO - Processing /home/airflow/.local/lib/python3.7/site-packages/airflow/example_dags/tutorial_taskflow_api_etl.py took 0.227 seconds
[2022-02-25 00:23:35,513] {processor.py:163} INFO - Started process (PID=18530) to work on /home/airflow/.local/lib/python3.7/site-packages/airflow/example_dags/tutorial_taskflow_api_etl.py
[2022-02-25 00:23:35,515] {processor.py:642} INFO - Processing file /home/airflow/.local/lib/python3.7/site-packages/airflow/example_dags/tutorial_taskflow_api_etl.py for tasks to queue
[2022-02-25 00:23:35,516] {logging_mixin.py:109} INFO - [2022-02-25 00:23:35,516] {dagbag.py:500} INFO - Filling up the DagBag from /home/airflow/.local/lib/python3.7/site-packages/airflow/example_dags/tutorial_taskflow_api_etl.py
[2022-02-25 00:23:35,548] {processor.py:654} INFO - DAG(s) dict_keys(['tutorial_taskflow_api_etl']) retrieved from /home/airflow/.local/lib/python3.7/site-packages/airflow/example_dags/tutorial_taskflow_api_etl.py
[2022-02-25 00:23:35,558] {logging_mixin.py:109} INFO - [2022-02-25 00:23:35,558] {dag.py:2396} INFO - Sync 1 DAGs
[2022-02-25 00:23:35,573] {logging_mixin.py:109} INFO - [2022-02-25 00:23:35,573] {dag.py:2935} INFO - Setting next_dagrun for tutorial_taskflow_api_etl to None
[2022-02-25 00:23:35,582] {processor.py:171} INFO - Processing /home/airflow/.local/lib/python3.7/site-packages/airflow/example_dags/tutorial_taskflow_api_etl.py took 0.073 seconds
[2022-02-25 00:24:05,809] {processor.py:163} INFO - Started process (PID=18591) to work on /home/airflow/.local/lib/python3.7/site-packages/airflow/example_dags/tutorial_taskflow_api_etl.py
[2022-02-25 00:24:05,811] {processor.py:642} INFO - Processing file /home/airflow/.local/lib/python3.7/site-packages/airflow/example_dags/tutorial_taskflow_api_etl.py for tasks to queue
[2022-02-25 00:24:05,812] {logging_mixin.py:109} INFO - [2022-02-25 00:24:05,812] {dagbag.py:500} INFO - Filling up the DagBag from /home/airflow/.local/lib/python3.7/site-packages/airflow/example_dags/tutorial_taskflow_api_etl.py
[2022-02-25 00:24:05,847] {processor.py:654} INFO - DAG(s) dict_keys(['tutorial_taskflow_api_etl']) retrieved from /home/airflow/.local/lib/python3.7/site-packages/airflow/example_dags/tutorial_taskflow_api_etl.py
[2022-02-25 00:24:06,012] {logging_mixin.py:109} INFO - [2022-02-25 00:24:06,012] {dag.py:2396} INFO - Sync 1 DAGs
[2022-02-25 00:24:06,024] {logging_mixin.py:109} INFO - [2022-02-25 00:24:06,024] {dag.py:2935} INFO - Setting next_dagrun for tutorial_taskflow_api_etl to None
[2022-02-25 00:24:06,014] {processor.py:171} INFO - Processing /home/airflow/.local/lib/python3.7/site-packages/airflow/example_dags/tutorial_taskflow_api_etl.py took 0.230 seconds
[2022-02-25 00:24:36,317] {processor.py:163} INFO - Started process (PID=18643) to work on /home/airflow/.local/lib/python3.7/site-packages/airflow/example_dags/tutorial_taskflow_api_etl.py
[2022-02-25 00:24:36,319] {processor.py:642} INFO - Processing file /home/airflow/.local/lib/python3.7/site-packages/airflow/example_dags/tutorial_taskflow_api_etl.py for tasks to queue
[2022-02-25 00:24:36,321] {logging_mixin.py:109} INFO - [2022-02-25 00:24:36,321] {dagbag.py:500} INFO - Filling up the DagBag from /home/airflow/.local/lib/python3.7/site-packages/airflow/example_dags/tutorial_taskflow_api_etl.py
[2022-02-25 00:24:36,354] {processor.py:654} INFO - DAG(s) dict_keys(['tutorial_taskflow_api_etl']) retrieved from /home/airflow/.local/lib/python3.7/site-packages/airflow/example_dags/tutorial_taskflow_api_etl.py
[2022-02-25 00:24:36,555] {logging_mixin.py:109} INFO - [2022-02-25 00:24:36,555] {dag.py:2396} INFO - Sync 1 DAGs
[2022-02-25 00:24:36,571] {logging_mixin.py:109} INFO - [2022-02-25 00:24:36,571] {dag.py:2935} INFO - Setting next_dagrun for tutorial_taskflow_api_etl to None
[2022-02-25 00:24:36,582] {processor.py:171} INFO - Processing /home/airflow/.local/lib/python3.7/site-packages/airflow/example_dags/tutorial_taskflow_api_etl.py took 0.269 seconds
[2022-02-25 00:25:06,718] {processor.py:163} INFO - Started process (PID=18705) to work on /home/airflow/.local/lib/python3.7/site-packages/airflow/example_dags/tutorial_taskflow_api_etl.py
[2022-02-25 00:25:06,721] {processor.py:642} INFO - Processing file /home/airflow/.local/lib/python3.7/site-packages/airflow/example_dags/tutorial_taskflow_api_etl.py for tasks to queue
[2022-02-25 00:25:06,722] {logging_mixin.py:109} INFO - [2022-02-25 00:25:06,722] {dagbag.py:500} INFO - Filling up the DagBag from /home/airflow/.local/lib/python3.7/site-packages/airflow/example_dags/tutorial_taskflow_api_etl.py
[2022-02-25 00:25:06,758] {processor.py:654} INFO - DAG(s) dict_keys(['tutorial_taskflow_api_etl']) retrieved from /home/airflow/.local/lib/python3.7/site-packages/airflow/example_dags/tutorial_taskflow_api_etl.py
[2022-02-25 00:25:06,924] {logging_mixin.py:109} INFO - [2022-02-25 00:25:06,924] {dag.py:2396} INFO - Sync 1 DAGs
[2022-02-25 00:25:06,937] {logging_mixin.py:109} INFO - [2022-02-25 00:25:06,937] {dag.py:2935} INFO - Setting next_dagrun for tutorial_taskflow_api_etl to None
[2022-02-25 00:25:06,947] {processor.py:171} INFO - Processing /home/airflow/.local/lib/python3.7/site-packages/airflow/example_dags/tutorial_taskflow_api_etl.py took 0.233 seconds
[2022-02-25 00:25:37,079] {processor.py:163} INFO - Started process (PID=18757) to work on /home/airflow/.local/lib/python3.7/site-packages/airflow/example_dags/tutorial_taskflow_api_etl.py
[2022-02-25 00:25:37,082] {processor.py:642} INFO - Processing file /home/airflow/.local/lib/python3.7/site-packages/airflow/example_dags/tutorial_taskflow_api_etl.py for tasks to queue
[2022-02-25 00:25:37,083] {logging_mixin.py:109} INFO - [2022-02-25 00:25:37,083] {dagbag.py:500} INFO - Filling up the DagBag from /home/airflow/.local/lib/python3.7/site-packages/airflow/example_dags/tutorial_taskflow_api_etl.py
[2022-02-25 00:25:37,128] {processor.py:654} INFO - DAG(s) dict_keys(['tutorial_taskflow_api_etl']) retrieved from /home/airflow/.local/lib/python3.7/site-packages/airflow/example_dags/tutorial_taskflow_api_etl.py
[2022-02-25 00:25:37,297] {logging_mixin.py:109} INFO - [2022-02-25 00:25:37,297] {dag.py:2396} INFO - Sync 1 DAGs
[2022-02-25 00:25:37,309] {logging_mixin.py:109} INFO - [2022-02-25 00:25:37,309] {dag.py:2935} INFO - Setting next_dagrun for tutorial_taskflow_api_etl to None
[2022-02-25 00:25:37,318] {processor.py:171} INFO - Processing /home/airflow/.local/lib/python3.7/site-packages/airflow/example_dags/tutorial_taskflow_api_etl.py took 0.243 seconds
[2022-02-25 00:26:07,421] {processor.py:163} INFO - Started process (PID=18821) to work on /home/airflow/.local/lib/python3.7/site-packages/airflow/example_dags/tutorial_taskflow_api_etl.py
[2022-02-25 00:26:07,423] {processor.py:642} INFO - Processing file /home/airflow/.local/lib/python3.7/site-packages/airflow/example_dags/tutorial_taskflow_api_etl.py for tasks to queue
[2022-02-25 00:26:07,425] {logging_mixin.py:109} INFO - [2022-02-25 00:26:07,425] {dagbag.py:500} INFO - Filling up the DagBag from /home/airflow/.local/lib/python3.7/site-packages/airflow/example_dags/tutorial_taskflow_api_etl.py
[2022-02-25 00:26:07,459] {processor.py:654} INFO - DAG(s) dict_keys(['tutorial_taskflow_api_etl']) retrieved from /home/airflow/.local/lib/python3.7/site-packages/airflow/example_dags/tutorial_taskflow_api_etl.py
[2022-02-25 00:26:07,698] {logging_mixin.py:109} INFO - [2022-02-25 00:26:07,698] {dag.py:2396} INFO - Sync 1 DAGs
[2022-02-25 00:26:07,713] {logging_mixin.py:109} INFO - [2022-02-25 00:26:07,713] {dag.py:2935} INFO - Setting next_dagrun for tutorial_taskflow_api_etl to None
[2022-02-25 00:26:07,723] {processor.py:171} INFO - Processing /home/airflow/.local/lib/python3.7/site-packages/airflow/example_dags/tutorial_taskflow_api_etl.py took 0.306 seconds
[2022-02-25 00:26:37,976] {processor.py:163} INFO - Started process (PID=18872) to work on /home/airflow/.local/lib/python3.7/site-packages/airflow/example_dags/tutorial_taskflow_api_etl.py
[2022-02-25 00:26:37,978] {processor.py:642} INFO - Processing file /home/airflow/.local/lib/python3.7/site-packages/airflow/example_dags/tutorial_taskflow_api_etl.py for tasks to queue
[2022-02-25 00:26:37,979] {logging_mixin.py:109} INFO - [2022-02-25 00:26:37,979] {dagbag.py:500} INFO - Filling up the DagBag from /home/airflow/.local/lib/python3.7/site-packages/airflow/example_dags/tutorial_taskflow_api_etl.py
[2022-02-25 00:26:38,011] {processor.py:654} INFO - DAG(s) dict_keys(['tutorial_taskflow_api_etl']) retrieved from /home/airflow/.local/lib/python3.7/site-packages/airflow/example_dags/tutorial_taskflow_api_etl.py
[2022-02-25 00:26:38,184] {logging_mixin.py:109} INFO - [2022-02-25 00:26:38,184] {dag.py:2396} INFO - Sync 1 DAGs
[2022-02-25 00:26:38,196] {logging_mixin.py:109} INFO - [2022-02-25 00:26:38,196] {dag.py:2935} INFO - Setting next_dagrun for tutorial_taskflow_api_etl to None
[2022-02-25 00:26:38,205] {processor.py:171} INFO - Processing /home/airflow/.local/lib/python3.7/site-packages/airflow/example_dags/tutorial_taskflow_api_etl.py took 0.233 seconds
[2022-02-25 00:27:08,296] {processor.py:163} INFO - Started process (PID=18932) to work on /home/airflow/.local/lib/python3.7/site-packages/airflow/example_dags/tutorial_taskflow_api_etl.py
[2022-02-25 00:27:08,299] {processor.py:642} INFO - Processing file /home/airflow/.local/lib/python3.7/site-packages/airflow/example_dags/tutorial_taskflow_api_etl.py for tasks to queue
[2022-02-25 00:27:08,300] {logging_mixin.py:109} INFO - [2022-02-25 00:27:08,300] {dagbag.py:500} INFO - Filling up the DagBag from /home/airflow/.local/lib/python3.7/site-packages/airflow/example_dags/tutorial_taskflow_api_etl.py
[2022-02-25 00:27:08,334] {processor.py:654} INFO - DAG(s) dict_keys(['tutorial_taskflow_api_etl']) retrieved from /home/airflow/.local/lib/python3.7/site-packages/airflow/example_dags/tutorial_taskflow_api_etl.py
[2022-02-25 00:27:08,496] {logging_mixin.py:109} INFO - [2022-02-25 00:27:08,495] {dag.py:2396} INFO - Sync 1 DAGs
[2022-02-25 00:27:08,508] {logging_mixin.py:109} INFO - [2022-02-25 00:27:08,508] {dag.py:2935} INFO - Setting next_dagrun for tutorial_taskflow_api_etl to None
[2022-02-25 00:27:08,518] {processor.py:171} INFO - Processing /home/airflow/.local/lib/python3.7/site-packages/airflow/example_dags/tutorial_taskflow_api_etl.py took 0.225 seconds
[2022-02-25 00:27:38,723] {processor.py:163} INFO - Started process (PID=18985) to work on /home/airflow/.local/lib/python3.7/site-packages/airflow/example_dags/tutorial_taskflow_api_etl.py
[2022-02-25 00:27:38,726] {processor.py:642} INFO - Processing file /home/airflow/.local/lib/python3.7/site-packages/airflow/example_dags/tutorial_taskflow_api_etl.py for tasks to queue
[2022-02-25 00:27:38,727] {logging_mixin.py:109} INFO - [2022-02-25 00:27:38,727] {dagbag.py:500} INFO - Filling up the DagBag from /home/airflow/.local/lib/python3.7/site-packages/airflow/example_dags/tutorial_taskflow_api_etl.py
[2022-02-25 00:27:38,769] {processor.py:654} INFO - DAG(s) dict_keys(['tutorial_taskflow_api_etl']) retrieved from /home/airflow/.local/lib/python3.7/site-packages/airflow/example_dags/tutorial_taskflow_api_etl.py
[2022-02-25 00:27:38,952] {logging_mixin.py:109} INFO - [2022-02-25 00:27:38,951] {dag.py:2396} INFO - Sync 1 DAGs
[2022-02-25 00:27:38,966] {logging_mixin.py:109} INFO - [2022-02-25 00:27:38,966] {dag.py:2935} INFO - Setting next_dagrun for tutorial_taskflow_api_etl to None
[2022-02-25 00:27:38,976] {processor.py:171} INFO - Processing /home/airflow/.local/lib/python3.7/site-packages/airflow/example_dags/tutorial_taskflow_api_etl.py took 0.257 seconds
[2022-02-25 00:28:09,204] {processor.py:163} INFO - Started process (PID=19045) to work on /home/airflow/.local/lib/python3.7/site-packages/airflow/example_dags/tutorial_taskflow_api_etl.py
[2022-02-25 00:28:09,206] {processor.py:642} INFO - Processing file /home/airflow/.local/lib/python3.7/site-packages/airflow/example_dags/tutorial_taskflow_api_etl.py for tasks to queue
[2022-02-25 00:28:09,207] {logging_mixin.py:109} INFO - [2022-02-25 00:28:09,207] {dagbag.py:500} INFO - Filling up the DagBag from /home/airflow/.local/lib/python3.7/site-packages/airflow/example_dags/tutorial_taskflow_api_etl.py
[2022-02-25 00:28:09,235] {processor.py:654} INFO - DAG(s) dict_keys(['tutorial_taskflow_api_etl']) retrieved from /home/airflow/.local/lib/python3.7/site-packages/airflow/example_dags/tutorial_taskflow_api_etl.py
[2022-02-25 00:28:09,418] {logging_mixin.py:109} INFO - [2022-02-25 00:28:09,418] {dag.py:2396} INFO - Sync 1 DAGs
[2022-02-25 00:28:09,435] {logging_mixin.py:109} INFO - [2022-02-25 00:28:09,435] {dag.py:2935} INFO - Setting next_dagrun for tutorial_taskflow_api_etl to None
[2022-02-25 00:28:09,446] {processor.py:171} INFO - Processing /home/airflow/.local/lib/python3.7/site-packages/airflow/example_dags/tutorial_taskflow_api_etl.py took 0.245 seconds
[2022-02-25 00:28:40,200] {processor.py:163} INFO - Started process (PID=19097) to work on /home/airflow/.local/lib/python3.7/site-packages/airflow/example_dags/tutorial_taskflow_api_etl.py
[2022-02-25 00:28:40,202] {processor.py:642} INFO - Processing file /home/airflow/.local/lib/python3.7/site-packages/airflow/example_dags/tutorial_taskflow_api_etl.py for tasks to queue
[2022-02-25 00:28:40,203] {logging_mixin.py:109} INFO - [2022-02-25 00:28:40,203] {dagbag.py:500} INFO - Filling up the DagBag from /home/airflow/.local/lib/python3.7/site-packages/airflow/example_dags/tutorial_taskflow_api_etl.py
[2022-02-25 00:28:40,233] {processor.py:654} INFO - DAG(s) dict_keys(['tutorial_taskflow_api_etl']) retrieved from /home/airflow/.local/lib/python3.7/site-packages/airflow/example_dags/tutorial_taskflow_api_etl.py
[2022-02-25 00:28:40,408] {logging_mixin.py:109} INFO - [2022-02-25 00:28:40,408] {dag.py:2396} INFO - Sync 1 DAGs
[2022-02-25 00:28:40,421] {logging_mixin.py:109} INFO - [2022-02-25 00:28:40,421] {dag.py:2935} INFO - Setting next_dagrun for tutorial_taskflow_api_etl to None
[2022-02-25 00:28:40,429] {processor.py:171} INFO - Processing /home/airflow/.local/lib/python3.7/site-packages/airflow/example_dags/tutorial_taskflow_api_etl.py took 0.233 seconds
[2022-02-25 00:29:11,188] {processor.py:163} INFO - Started process (PID=19158) to work on /home/airflow/.local/lib/python3.7/site-packages/airflow/example_dags/tutorial_taskflow_api_etl.py
[2022-02-25 00:29:11,190] {processor.py:642} INFO - Processing file /home/airflow/.local/lib/python3.7/site-packages/airflow/example_dags/tutorial_taskflow_api_etl.py for tasks to queue
[2022-02-25 00:29:11,191] {logging_mixin.py:109} INFO - [2022-02-25 00:29:11,191] {dagbag.py:500} INFO - Filling up the DagBag from /home/airflow/.local/lib/python3.7/site-packages/airflow/example_dags/tutorial_taskflow_api_etl.py
[2022-02-25 00:29:11,226] {processor.py:654} INFO - DAG(s) dict_keys(['tutorial_taskflow_api_etl']) retrieved from /home/airflow/.local/lib/python3.7/site-packages/airflow/example_dags/tutorial_taskflow_api_etl.py
[2022-02-25 00:29:11,453] {logging_mixin.py:109} INFO - [2022-02-25 00:29:11,453] {dag.py:2396} INFO - Sync 1 DAGs
[2022-02-25 00:29:11,466] {logging_mixin.py:109} INFO - [2022-02-25 00:29:11,466] {dag.py:2935} INFO - Setting next_dagrun for tutorial_taskflow_api_etl to None
[2022-02-25 00:29:11,475] {processor.py:171} INFO - Processing /home/airflow/.local/lib/python3.7/site-packages/airflow/example_dags/tutorial_taskflow_api_etl.py took 0.290 seconds
[2022-02-25 00:29:41,509] {processor.py:163} INFO - Started process (PID=19209) to work on /home/airflow/.local/lib/python3.7/site-packages/airflow/example_dags/tutorial_taskflow_api_etl.py
[2022-02-25 00:29:41,511] {processor.py:642} INFO - Processing file /home/airflow/.local/lib/python3.7/site-packages/airflow/example_dags/tutorial_taskflow_api_etl.py for tasks to queue
[2022-02-25 00:29:41,513] {logging_mixin.py:109} INFO - [2022-02-25 00:29:41,513] {dagbag.py:500} INFO - Filling up the DagBag from /home/airflow/.local/lib/python3.7/site-packages/airflow/example_dags/tutorial_taskflow_api_etl.py
[2022-02-25 00:29:41,549] {processor.py:654} INFO - DAG(s) dict_keys(['tutorial_taskflow_api_etl']) retrieved from /home/airflow/.local/lib/python3.7/site-packages/airflow/example_dags/tutorial_taskflow_api_etl.py
[2022-02-25 00:29:41,712] {logging_mixin.py:109} INFO - [2022-02-25 00:29:41,712] {dag.py:2396} INFO - Sync 1 DAGs
[2022-02-25 00:29:41,725] {logging_mixin.py:109} INFO - [2022-02-25 00:29:41,725] {dag.py:2935} INFO - Setting next_dagrun for tutorial_taskflow_api_etl to None
[2022-02-25 00:29:41,735] {processor.py:171} INFO - Processing /home/airflow/.local/lib/python3.7/site-packages/airflow/example_dags/tutorial_taskflow_api_etl.py took 0.230 seconds
[2022-02-25 00:30:11,839] {processor.py:163} INFO - Started process (PID=19269) to work on /home/airflow/.local/lib/python3.7/site-packages/airflow/example_dags/tutorial_taskflow_api_etl.py
[2022-02-25 00:30:11,842] {processor.py:642} INFO - Processing file /home/airflow/.local/lib/python3.7/site-packages/airflow/example_dags/tutorial_taskflow_api_etl.py for tasks to queue
[2022-02-25 00:30:11,843] {logging_mixin.py:109} INFO - [2022-02-25 00:30:11,843] {dagbag.py:500} INFO - Filling up the DagBag from /home/airflow/.local/lib/python3.7/site-packages/airflow/example_dags/tutorial_taskflow_api_etl.py
[2022-02-25 00:30:11,882] {processor.py:654} INFO - DAG(s) dict_keys(['tutorial_taskflow_api_etl']) retrieved from /home/airflow/.local/lib/python3.7/site-packages/airflow/example_dags/tutorial_taskflow_api_etl.py
[2022-02-25 00:30:12,113] {logging_mixin.py:109} INFO - [2022-02-25 00:30:12,113] {dag.py:2396} INFO - Sync 1 DAGs
[2022-02-25 00:30:12,127] {logging_mixin.py:109} INFO - [2022-02-25 00:30:12,127] {dag.py:2935} INFO - Setting next_dagrun for tutorial_taskflow_api_etl to None
[2022-02-25 00:30:12,136] {processor.py:171} INFO - Processing /home/airflow/.local/lib/python3.7/site-packages/airflow/example_dags/tutorial_taskflow_api_etl.py took 0.300 seconds
[2022-02-25 00:30:42,171] {processor.py:163} INFO - Started process (PID=19320) to work on /home/airflow/.local/lib/python3.7/site-packages/airflow/example_dags/tutorial_taskflow_api_etl.py
[2022-02-25 00:30:42,173] {processor.py:642} INFO - Processing file /home/airflow/.local/lib/python3.7/site-packages/airflow/example_dags/tutorial_taskflow_api_etl.py for tasks to queue
[2022-02-25 00:30:42,174] {logging_mixin.py:109} INFO - [2022-02-25 00:30:42,174] {dagbag.py:500} INFO - Filling up the DagBag from /home/airflow/.local/lib/python3.7/site-packages/airflow/example_dags/tutorial_taskflow_api_etl.py
[2022-02-25 00:30:42,208] {processor.py:654} INFO - DAG(s) dict_keys(['tutorial_taskflow_api_etl']) retrieved from /home/airflow/.local/lib/python3.7/site-packages/airflow/example_dags/tutorial_taskflow_api_etl.py
[2022-02-25 00:30:42,404] {logging_mixin.py:109} INFO - [2022-02-25 00:30:42,404] {dag.py:2396} INFO - Sync 1 DAGs
[2022-02-25 00:30:42,418] {logging_mixin.py:109} INFO - [2022-02-25 00:30:42,418] {dag.py:2935} INFO - Setting next_dagrun for tutorial_taskflow_api_etl to None
[2022-02-25 00:30:42,427] {processor.py:171} INFO - Processing /home/airflow/.local/lib/python3.7/site-packages/airflow/example_dags/tutorial_taskflow_api_etl.py took 0.260 seconds
[2022-02-25 00:31:12,491] {processor.py:163} INFO - Started process (PID=19372) to work on /home/airflow/.local/lib/python3.7/site-packages/airflow/example_dags/tutorial_taskflow_api_etl.py
[2022-02-25 00:31:12,493] {processor.py:642} INFO - Processing file /home/airflow/.local/lib/python3.7/site-packages/airflow/example_dags/tutorial_taskflow_api_etl.py for tasks to queue
[2022-02-25 00:31:12,494] {logging_mixin.py:109} INFO - [2022-02-25 00:31:12,494] {dagbag.py:500} INFO - Filling up the DagBag from /home/airflow/.local/lib/python3.7/site-packages/airflow/example_dags/tutorial_taskflow_api_etl.py
[2022-02-25 00:31:12,528] {processor.py:654} INFO - DAG(s) dict_keys(['tutorial_taskflow_api_etl']) retrieved from /home/airflow/.local/lib/python3.7/site-packages/airflow/example_dags/tutorial_taskflow_api_etl.py
[2022-02-25 00:31:12,693] {logging_mixin.py:109} INFO - [2022-02-25 00:31:12,693] {dag.py:2396} INFO - Sync 1 DAGs
[2022-02-25 00:31:12,707] {logging_mixin.py:109} INFO - [2022-02-25 00:31:12,706] {dag.py:2935} INFO - Setting next_dagrun for tutorial_taskflow_api_etl to None
[2022-02-25 00:31:12,716] {processor.py:171} INFO - Processing /home/airflow/.local/lib/python3.7/site-packages/airflow/example_dags/tutorial_taskflow_api_etl.py took 0.228 seconds
[2022-02-25 00:31:42,747] {processor.py:163} INFO - Started process (PID=19434) to work on /home/airflow/.local/lib/python3.7/site-packages/airflow/example_dags/tutorial_taskflow_api_etl.py
[2022-02-25 00:31:42,750] {processor.py:642} INFO - Processing file /home/airflow/.local/lib/python3.7/site-packages/airflow/example_dags/tutorial_taskflow_api_etl.py for tasks to queue
[2022-02-25 00:31:42,751] {logging_mixin.py:109} INFO - [2022-02-25 00:31:42,751] {dagbag.py:500} INFO - Filling up the DagBag from /home/airflow/.local/lib/python3.7/site-packages/airflow/example_dags/tutorial_taskflow_api_etl.py
[2022-02-25 00:31:42,786] {processor.py:654} INFO - DAG(s) dict_keys(['tutorial_taskflow_api_etl']) retrieved from /home/airflow/.local/lib/python3.7/site-packages/airflow/example_dags/tutorial_taskflow_api_etl.py
[2022-02-25 00:31:42,976] {logging_mixin.py:109} INFO - [2022-02-25 00:31:42,976] {dag.py:2396} INFO - Sync 1 DAGs
[2022-02-25 00:31:42,989] {logging_mixin.py:109} INFO - [2022-02-25 00:31:42,989] {dag.py:2935} INFO - Setting next_dagrun for tutorial_taskflow_api_etl to None
[2022-02-25 00:31:42,999] {processor.py:171} INFO - Processing /home/airflow/.local/lib/python3.7/site-packages/airflow/example_dags/tutorial_taskflow_api_etl.py took 0.256 seconds
[2022-02-25 00:32:13,047] {processor.py:163} INFO - Started process (PID=19485) to work on /home/airflow/.local/lib/python3.7/site-packages/airflow/example_dags/tutorial_taskflow_api_etl.py
[2022-02-25 00:32:13,050] {processor.py:642} INFO - Processing file /home/airflow/.local/lib/python3.7/site-packages/airflow/example_dags/tutorial_taskflow_api_etl.py for tasks to queue
[2022-02-25 00:32:13,052] {logging_mixin.py:109} INFO - [2022-02-25 00:32:13,051] {dagbag.py:500} INFO - Filling up the DagBag from /home/airflow/.local/lib/python3.7/site-packages/airflow/example_dags/tutorial_taskflow_api_etl.py
[2022-02-25 00:32:13,088] {processor.py:654} INFO - DAG(s) dict_keys(['tutorial_taskflow_api_etl']) retrieved from /home/airflow/.local/lib/python3.7/site-packages/airflow/example_dags/tutorial_taskflow_api_etl.py
[2022-02-25 00:32:13,326] {logging_mixin.py:109} INFO - [2022-02-25 00:32:13,326] {dag.py:2396} INFO - Sync 1 DAGs
[2022-02-25 00:32:13,344] {logging_mixin.py:109} INFO - [2022-02-25 00:32:13,344] {dag.py:2935} INFO - Setting next_dagrun for tutorial_taskflow_api_etl to None
[2022-02-25 00:32:13,363] {processor.py:171} INFO - Processing /home/airflow/.local/lib/python3.7/site-packages/airflow/example_dags/tutorial_taskflow_api_etl.py took 0.320 seconds
[2022-02-25 00:32:44,335] {processor.py:163} INFO - Started process (PID=19546) to work on /home/airflow/.local/lib/python3.7/site-packages/airflow/example_dags/tutorial_taskflow_api_etl.py
[2022-02-25 00:32:44,338] {processor.py:642} INFO - Processing file /home/airflow/.local/lib/python3.7/site-packages/airflow/example_dags/tutorial_taskflow_api_etl.py for tasks to queue
[2022-02-25 00:32:44,339] {logging_mixin.py:109} INFO - [2022-02-25 00:32:44,339] {dagbag.py:500} INFO - Filling up the DagBag from /home/airflow/.local/lib/python3.7/site-packages/airflow/example_dags/tutorial_taskflow_api_etl.py
[2022-02-25 00:32:44,366] {processor.py:654} INFO - DAG(s) dict_keys(['tutorial_taskflow_api_etl']) retrieved from /home/airflow/.local/lib/python3.7/site-packages/airflow/example_dags/tutorial_taskflow_api_etl.py
[2022-02-25 00:32:44,527] {logging_mixin.py:109} INFO - [2022-02-25 00:32:44,527] {dag.py:2396} INFO - Sync 1 DAGs
[2022-02-25 00:32:44,539] {logging_mixin.py:109} INFO - [2022-02-25 00:32:44,539] {dag.py:2935} INFO - Setting next_dagrun for tutorial_taskflow_api_etl to None
[2022-02-25 00:32:44,549] {processor.py:171} INFO - Processing /home/airflow/.local/lib/python3.7/site-packages/airflow/example_dags/tutorial_taskflow_api_etl.py took 0.217 seconds
[2022-02-25 00:33:15,378] {processor.py:163} INFO - Started process (PID=19597) to work on /home/airflow/.local/lib/python3.7/site-packages/airflow/example_dags/tutorial_taskflow_api_etl.py
[2022-02-25 00:33:15,380] {processor.py:642} INFO - Processing file /home/airflow/.local/lib/python3.7/site-packages/airflow/example_dags/tutorial_taskflow_api_etl.py for tasks to queue
[2022-02-25 00:33:15,381] {logging_mixin.py:109} INFO - [2022-02-25 00:33:15,381] {dagbag.py:500} INFO - Filling up the DagBag from /home/airflow/.local/lib/python3.7/site-packages/airflow/example_dags/tutorial_taskflow_api_etl.py
[2022-02-25 00:33:15,416] {processor.py:654} INFO - DAG(s) dict_keys(['tutorial_taskflow_api_etl']) retrieved from /home/airflow/.local/lib/python3.7/site-packages/airflow/example_dags/tutorial_taskflow_api_etl.py
[2022-02-25 00:33:15,597] {logging_mixin.py:109} INFO - [2022-02-25 00:33:15,597] {dag.py:2396} INFO - Sync 1 DAGs
[2022-02-25 00:33:15,609] {logging_mixin.py:109} INFO - [2022-02-25 00:33:15,609] {dag.py:2935} INFO - Setting next_dagrun for tutorial_taskflow_api_etl to None
[2022-02-25 00:33:15,617] {processor.py:171} INFO - Processing /home/airflow/.local/lib/python3.7/site-packages/airflow/example_dags/tutorial_taskflow_api_etl.py took 0.243 seconds
[2022-02-25 00:33:45,883] {processor.py:163} INFO - Started process (PID=19660) to work on /home/airflow/.local/lib/python3.7/site-packages/airflow/example_dags/tutorial_taskflow_api_etl.py
[2022-02-25 00:33:45,886] {processor.py:642} INFO - Processing file /home/airflow/.local/lib/python3.7/site-packages/airflow/example_dags/tutorial_taskflow_api_etl.py for tasks to queue
[2022-02-25 00:33:45,887] {logging_mixin.py:109} INFO - [2022-02-25 00:33:45,887] {dagbag.py:500} INFO - Filling up the DagBag from /home/airflow/.local/lib/python3.7/site-packages/airflow/example_dags/tutorial_taskflow_api_etl.py
[2022-02-25 00:33:45,924] {processor.py:654} INFO - DAG(s) dict_keys(['tutorial_taskflow_api_etl']) retrieved from /home/airflow/.local/lib/python3.7/site-packages/airflow/example_dags/tutorial_taskflow_api_etl.py
[2022-02-25 00:33:46,112] {logging_mixin.py:109} INFO - [2022-02-25 00:33:46,112] {dag.py:2396} INFO - Sync 1 DAGs
[2022-02-25 00:33:46,124] {logging_mixin.py:109} INFO - [2022-02-25 00:33:46,124] {dag.py:2935} INFO - Setting next_dagrun for tutorial_taskflow_api_etl to None
[2022-02-25 00:33:46,133] {processor.py:171} INFO - Processing /home/airflow/.local/lib/python3.7/site-packages/airflow/example_dags/tutorial_taskflow_api_etl.py took 0.254 seconds
[2022-02-25 00:34:16,945] {processor.py:163} INFO - Started process (PID=19711) to work on /home/airflow/.local/lib/python3.7/site-packages/airflow/example_dags/tutorial_taskflow_api_etl.py
[2022-02-25 00:34:16,947] {processor.py:642} INFO - Processing file /home/airflow/.local/lib/python3.7/site-packages/airflow/example_dags/tutorial_taskflow_api_etl.py for tasks to queue
[2022-02-25 00:34:16,948] {logging_mixin.py:109} INFO - [2022-02-25 00:34:16,948] {dagbag.py:500} INFO - Filling up the DagBag from /home/airflow/.local/lib/python3.7/site-packages/airflow/example_dags/tutorial_taskflow_api_etl.py
[2022-02-25 00:34:16,980] {processor.py:654} INFO - DAG(s) dict_keys(['tutorial_taskflow_api_etl']) retrieved from /home/airflow/.local/lib/python3.7/site-packages/airflow/example_dags/tutorial_taskflow_api_etl.py
[2022-02-25 00:34:17,180] {logging_mixin.py:109} INFO - [2022-02-25 00:34:17,180] {dag.py:2396} INFO - Sync 1 DAGs
[2022-02-25 00:34:17,193] {logging_mixin.py:109} INFO - [2022-02-25 00:34:17,193] {dag.py:2935} INFO - Setting next_dagrun for tutorial_taskflow_api_etl to None
[2022-02-25 00:34:17,202] {processor.py:171} INFO - Processing /home/airflow/.local/lib/python3.7/site-packages/airflow/example_dags/tutorial_taskflow_api_etl.py took 0.259 seconds
[2022-02-25 00:34:47,489] {processor.py:163} INFO - Started process (PID=19771) to work on /home/airflow/.local/lib/python3.7/site-packages/airflow/example_dags/tutorial_taskflow_api_etl.py
[2022-02-25 00:34:47,491] {processor.py:642} INFO - Processing file /home/airflow/.local/lib/python3.7/site-packages/airflow/example_dags/tutorial_taskflow_api_etl.py for tasks to queue
[2022-02-25 00:34:47,492] {logging_mixin.py:109} INFO - [2022-02-25 00:34:47,492] {dagbag.py:500} INFO - Filling up the DagBag from /home/airflow/.local/lib/python3.7/site-packages/airflow/example_dags/tutorial_taskflow_api_etl.py
[2022-02-25 00:34:47,524] {processor.py:654} INFO - DAG(s) dict_keys(['tutorial_taskflow_api_etl']) retrieved from /home/airflow/.local/lib/python3.7/site-packages/airflow/example_dags/tutorial_taskflow_api_etl.py
[2022-02-25 00:34:47,728] {logging_mixin.py:109} INFO - [2022-02-25 00:34:47,728] {dag.py:2396} INFO - Sync 1 DAGs
[2022-02-25 00:34:47,744] {logging_mixin.py:109} INFO - [2022-02-25 00:34:47,744] {dag.py:2935} INFO - Setting next_dagrun for tutorial_taskflow_api_etl to None
[2022-02-25 00:34:47,756] {processor.py:171} INFO - Processing /home/airflow/.local/lib/python3.7/site-packages/airflow/example_dags/tutorial_taskflow_api_etl.py took 0.271 seconds
[2022-02-25 00:35:17,862] {processor.py:163} INFO - Started process (PID=19824) to work on /home/airflow/.local/lib/python3.7/site-packages/airflow/example_dags/tutorial_taskflow_api_etl.py
[2022-02-25 00:35:17,864] {processor.py:642} INFO - Processing file /home/airflow/.local/lib/python3.7/site-packages/airflow/example_dags/tutorial_taskflow_api_etl.py for tasks to queue
[2022-02-25 00:35:17,865] {logging_mixin.py:109} INFO - [2022-02-25 00:35:17,865] {dagbag.py:500} INFO - Filling up the DagBag from /home/airflow/.local/lib/python3.7/site-packages/airflow/example_dags/tutorial_taskflow_api_etl.py
[2022-02-25 00:35:17,900] {processor.py:654} INFO - DAG(s) dict_keys(['tutorial_taskflow_api_etl']) retrieved from /home/airflow/.local/lib/python3.7/site-packages/airflow/example_dags/tutorial_taskflow_api_etl.py
[2022-02-25 00:35:18,129] {logging_mixin.py:109} INFO - [2022-02-25 00:35:18,129] {dag.py:2396} INFO - Sync 1 DAGs
[2022-02-25 00:35:18,149] {logging_mixin.py:109} INFO - [2022-02-25 00:35:18,149] {dag.py:2935} INFO - Setting next_dagrun for tutorial_taskflow_api_etl to None
[2022-02-25 00:35:18,168] {processor.py:171} INFO - Processing /home/airflow/.local/lib/python3.7/site-packages/airflow/example_dags/tutorial_taskflow_api_etl.py took 0.309 seconds
[2022-02-25 00:35:48,303] {processor.py:163} INFO - Started process (PID=19885) to work on /home/airflow/.local/lib/python3.7/site-packages/airflow/example_dags/tutorial_taskflow_api_etl.py
[2022-02-25 00:35:48,305] {processor.py:642} INFO - Processing file /home/airflow/.local/lib/python3.7/site-packages/airflow/example_dags/tutorial_taskflow_api_etl.py for tasks to queue
[2022-02-25 00:35:48,306] {logging_mixin.py:109} INFO - [2022-02-25 00:35:48,306] {dagbag.py:500} INFO - Filling up the DagBag from /home/airflow/.local/lib/python3.7/site-packages/airflow/example_dags/tutorial_taskflow_api_etl.py
[2022-02-25 00:35:48,340] {processor.py:654} INFO - DAG(s) dict_keys(['tutorial_taskflow_api_etl']) retrieved from /home/airflow/.local/lib/python3.7/site-packages/airflow/example_dags/tutorial_taskflow_api_etl.py
[2022-02-25 00:35:48,511] {logging_mixin.py:109} INFO - [2022-02-25 00:35:48,511] {dag.py:2396} INFO - Sync 1 DAGs
[2022-02-25 00:35:48,526] {logging_mixin.py:109} INFO - [2022-02-25 00:35:48,526] {dag.py:2935} INFO - Setting next_dagrun for tutorial_taskflow_api_etl to None
[2022-02-25 00:35:48,535] {processor.py:171} INFO - Processing /home/airflow/.local/lib/python3.7/site-packages/airflow/example_dags/tutorial_taskflow_api_etl.py took 0.238 seconds
[2022-02-25 00:36:18,885] {processor.py:163} INFO - Started process (PID=19936) to work on /home/airflow/.local/lib/python3.7/site-packages/airflow/example_dags/tutorial_taskflow_api_etl.py
[2022-02-25 00:36:18,889] {processor.py:642} INFO - Processing file /home/airflow/.local/lib/python3.7/site-packages/airflow/example_dags/tutorial_taskflow_api_etl.py for tasks to queue
[2022-02-25 00:36:18,891] {logging_mixin.py:109} INFO - [2022-02-25 00:36:18,890] {dagbag.py:500} INFO - Filling up the DagBag from /home/airflow/.local/lib/python3.7/site-packages/airflow/example_dags/tutorial_taskflow_api_etl.py
[2022-02-25 00:36:18,951] {processor.py:654} INFO - DAG(s) dict_keys(['tutorial_taskflow_api_etl']) retrieved from /home/airflow/.local/lib/python3.7/site-packages/airflow/example_dags/tutorial_taskflow_api_etl.py
[2022-02-25 00:36:19,223] {logging_mixin.py:109} INFO - [2022-02-25 00:36:19,223] {dag.py:2396} INFO - Sync 1 DAGs
[2022-02-25 00:36:19,250] {logging_mixin.py:109} INFO - [2022-02-25 00:36:19,250] {dag.py:2935} INFO - Setting next_dagrun for tutorial_taskflow_api_etl to None
[2022-02-25 00:36:19,266] {processor.py:171} INFO - Processing /home/airflow/.local/lib/python3.7/site-packages/airflow/example_dags/tutorial_taskflow_api_etl.py took 0.387 seconds
[2022-02-25 00:36:49,346] {processor.py:163} INFO - Started process (PID=19997) to work on /home/airflow/.local/lib/python3.7/site-packages/airflow/example_dags/tutorial_taskflow_api_etl.py
[2022-02-25 00:36:49,348] {processor.py:642} INFO - Processing file /home/airflow/.local/lib/python3.7/site-packages/airflow/example_dags/tutorial_taskflow_api_etl.py for tasks to queue
[2022-02-25 00:36:49,349] {logging_mixin.py:109} INFO - [2022-02-25 00:36:49,349] {dagbag.py:500} INFO - Filling up the DagBag from /home/airflow/.local/lib/python3.7/site-packages/airflow/example_dags/tutorial_taskflow_api_etl.py
[2022-02-25 00:36:49,391] {processor.py:654} INFO - DAG(s) dict_keys(['tutorial_taskflow_api_etl']) retrieved from /home/airflow/.local/lib/python3.7/site-packages/airflow/example_dags/tutorial_taskflow_api_etl.py
[2022-02-25 00:36:49,610] {logging_mixin.py:109} INFO - [2022-02-25 00:36:49,610] {dag.py:2396} INFO - Sync 1 DAGs
[2022-02-25 00:36:49,625] {logging_mixin.py:109} INFO - [2022-02-25 00:36:49,625] {dag.py:2935} INFO - Setting next_dagrun for tutorial_taskflow_api_etl to None
[2022-02-25 00:36:49,633] {processor.py:171} INFO - Processing /home/airflow/.local/lib/python3.7/site-packages/airflow/example_dags/tutorial_taskflow_api_etl.py took 0.293 seconds
[2022-02-25 00:37:19,821] {processor.py:163} INFO - Started process (PID=20049) to work on /home/airflow/.local/lib/python3.7/site-packages/airflow/example_dags/tutorial_taskflow_api_etl.py
[2022-02-25 00:37:19,823] {processor.py:642} INFO - Processing file /home/airflow/.local/lib/python3.7/site-packages/airflow/example_dags/tutorial_taskflow_api_etl.py for tasks to queue
[2022-02-25 00:37:19,824] {logging_mixin.py:109} INFO - [2022-02-25 00:37:19,823] {dagbag.py:500} INFO - Filling up the DagBag from /home/airflow/.local/lib/python3.7/site-packages/airflow/example_dags/tutorial_taskflow_api_etl.py
[2022-02-25 00:37:19,851] {processor.py:654} INFO - DAG(s) dict_keys(['tutorial_taskflow_api_etl']) retrieved from /home/airflow/.local/lib/python3.7/site-packages/airflow/example_dags/tutorial_taskflow_api_etl.py
[2022-02-25 00:37:20,028] {logging_mixin.py:109} INFO - [2022-02-25 00:37:20,028] {dag.py:2396} INFO - Sync 1 DAGs
[2022-02-25 00:37:20,041] {logging_mixin.py:109} INFO - [2022-02-25 00:37:20,041] {dag.py:2935} INFO - Setting next_dagrun for tutorial_taskflow_api_etl to None
[2022-02-25 00:37:20,050] {processor.py:171} INFO - Processing /home/airflow/.local/lib/python3.7/site-packages/airflow/example_dags/tutorial_taskflow_api_etl.py took 0.232 seconds
[2022-02-25 00:37:50,815] {processor.py:163} INFO - Started process (PID=20111) to work on /home/airflow/.local/lib/python3.7/site-packages/airflow/example_dags/tutorial_taskflow_api_etl.py
[2022-02-25 00:37:50,817] {processor.py:642} INFO - Processing file /home/airflow/.local/lib/python3.7/site-packages/airflow/example_dags/tutorial_taskflow_api_etl.py for tasks to queue
[2022-02-25 00:37:50,819] {logging_mixin.py:109} INFO - [2022-02-25 00:37:50,818] {dagbag.py:500} INFO - Filling up the DagBag from /home/airflow/.local/lib/python3.7/site-packages/airflow/example_dags/tutorial_taskflow_api_etl.py
[2022-02-25 00:37:50,856] {processor.py:654} INFO - DAG(s) dict_keys(['tutorial_taskflow_api_etl']) retrieved from /home/airflow/.local/lib/python3.7/site-packages/airflow/example_dags/tutorial_taskflow_api_etl.py
[2022-02-25 00:37:51,073] {logging_mixin.py:109} INFO - [2022-02-25 00:37:51,073] {dag.py:2396} INFO - Sync 1 DAGs
[2022-02-25 00:37:51,089] {logging_mixin.py:109} INFO - [2022-02-25 00:37:51,089] {dag.py:2935} INFO - Setting next_dagrun for tutorial_taskflow_api_etl to None
[2022-02-25 00:37:51,098] {processor.py:171} INFO - Processing /home/airflow/.local/lib/python3.7/site-packages/airflow/example_dags/tutorial_taskflow_api_etl.py took 0.289 seconds
