[2022-01-13 17:04:36,104] {taskinstance.py:1032} INFO - Dependencies all met for <TaskInstance: example_dag_doug.t2 manual__2022-01-13T17:04:29+00:00 [queued]>
[2022-01-13 17:04:36,117] {taskinstance.py:1032} INFO - Dependencies all met for <TaskInstance: example_dag_doug.t2 manual__2022-01-13T17:04:29+00:00 [queued]>
[2022-01-13 17:04:36,118] {taskinstance.py:1238} INFO - 
--------------------------------------------------------------------------------
[2022-01-13 17:04:36,119] {taskinstance.py:1239} INFO - Starting attempt 1 of 1
[2022-01-13 17:04:36,120] {taskinstance.py:1240} INFO - 
--------------------------------------------------------------------------------
[2022-01-13 17:04:36,132] {taskinstance.py:1259} INFO - Executing <Task(PythonOperator): t2> on 2022-01-13 17:04:29+00:00
[2022-01-13 17:04:36,136] {standard_task_runner.py:52} INFO - Started process 2657 to run task
[2022-01-13 17:04:36,140] {standard_task_runner.py:76} INFO - Running: ['***', 'tasks', 'run', 'example_dag_doug', 't2', 'manual__2022-01-13T17:04:29+00:00', '--job-id', '22', '--raw', '--subdir', 'DAGS_FOLDER/dag_xcom_test.py', '--cfg-path', '/tmp/tmpaq1b9vie', '--error-file', '/tmp/tmpi6lyzo_1']
[2022-01-13 17:04:36,142] {standard_task_runner.py:77} INFO - Job 22: Subtask t2
[2022-01-13 17:04:36,211] {logging_mixin.py:109} INFO - Running <TaskInstance: example_dag_doug.t2 manual__2022-01-13T17:04:29+00:00 [running]> on host 9b2878ec4585
[2022-01-13 17:04:36,272] {taskinstance.py:1426} INFO - Exporting the following env vars:
AIRFLOW_CTX_DAG_OWNER=***
AIRFLOW_CTX_DAG_ID=example_dag_doug
AIRFLOW_CTX_TASK_ID=t2
AIRFLOW_CTX_EXECUTION_DATE=2022-01-13T17:04:29+00:00
AIRFLOW_CTX_DAG_RUN_ID=manual__2022-01-13T17:04:29+00:00
[2022-01-13 17:04:36,274] {warnings.py:110} WARNING - /home/***/.local/lib/python3.7/site-packages/***/utils/context.py:152: AirflowContextDeprecationWarning: Accessing 'execution_date' from the template is deprecated and will be removed in a future version. Please use 'data_interval_start' or 'logical_date' instead.
  warnings.warn(_create_deprecation_warning(key, self._deprecation_replacements[key]))

[2022-01-13 17:04:36,275] {warnings.py:110} WARNING - /home/***/.local/lib/python3.7/site-packages/***/utils/context.py:152: AirflowContextDeprecationWarning: Accessing 'next_ds' from the template is deprecated and will be removed in a future version. Please use '{{ data_interval_end | ds }}' instead.
  warnings.warn(_create_deprecation_warning(key, self._deprecation_replacements[key]))

[2022-01-13 17:04:36,275] {warnings.py:110} WARNING - /home/***/.local/lib/python3.7/site-packages/***/utils/context.py:152: AirflowContextDeprecationWarning: Accessing 'next_ds_nodash' from the template is deprecated and will be removed in a future version. Please use '{{ data_interval_end | ds_nodash }}' instead.
  warnings.warn(_create_deprecation_warning(key, self._deprecation_replacements[key]))

[2022-01-13 17:04:36,276] {warnings.py:110} WARNING - /home/***/.local/lib/python3.7/site-packages/***/utils/context.py:152: AirflowContextDeprecationWarning: Accessing 'next_execution_date' from the template is deprecated and will be removed in a future version. Please use 'data_interval_end' instead.
  warnings.warn(_create_deprecation_warning(key, self._deprecation_replacements[key]))

[2022-01-13 17:04:36,277] {warnings.py:110} WARNING - /home/***/.local/lib/python3.7/site-packages/***/utils/context.py:152: AirflowContextDeprecationWarning: Accessing 'prev_ds' from the template is deprecated and will be removed in a future version.
  warnings.warn(_create_deprecation_warning(key, self._deprecation_replacements[key]))

[2022-01-13 17:04:36,278] {warnings.py:110} WARNING - /home/***/.local/lib/python3.7/site-packages/***/utils/context.py:152: AirflowContextDeprecationWarning: Accessing 'prev_ds_nodash' from the template is deprecated and will be removed in a future version.
  warnings.warn(_create_deprecation_warning(key, self._deprecation_replacements[key]))

[2022-01-13 17:04:36,279] {warnings.py:110} WARNING - /home/***/.local/lib/python3.7/site-packages/***/utils/context.py:152: AirflowContextDeprecationWarning: Accessing 'prev_execution_date' from the template is deprecated and will be removed in a future version.
  warnings.warn(_create_deprecation_warning(key, self._deprecation_replacements[key]))

[2022-01-13 17:04:36,280] {warnings.py:110} WARNING - /home/***/.local/lib/python3.7/site-packages/***/utils/context.py:152: AirflowContextDeprecationWarning: Accessing 'prev_execution_date_success' from the template is deprecated and will be removed in a future version. Please use 'prev_data_interval_start_success' instead.
  warnings.warn(_create_deprecation_warning(key, self._deprecation_replacements[key]))

[2022-01-13 17:04:36,281] {warnings.py:110} WARNING - /home/***/.local/lib/python3.7/site-packages/***/utils/context.py:152: AirflowContextDeprecationWarning: Accessing 'tomorrow_ds' from the template is deprecated and will be removed in a future version.
  warnings.warn(_create_deprecation_warning(key, self._deprecation_replacements[key]))

[2022-01-13 17:04:36,282] {warnings.py:110} WARNING - /home/***/.local/lib/python3.7/site-packages/***/utils/context.py:152: AirflowContextDeprecationWarning: Accessing 'tomorrow_ds_nodash' from the template is deprecated and will be removed in a future version.
  warnings.warn(_create_deprecation_warning(key, self._deprecation_replacements[key]))

[2022-01-13 17:04:36,282] {warnings.py:110} WARNING - /home/***/.local/lib/python3.7/site-packages/***/utils/context.py:152: AirflowContextDeprecationWarning: Accessing 'yesterday_ds' from the template is deprecated and will be removed in a future version.
  warnings.warn(_create_deprecation_warning(key, self._deprecation_replacements[key]))

[2022-01-13 17:04:36,283] {warnings.py:110} WARNING - /home/***/.local/lib/python3.7/site-packages/***/utils/context.py:152: AirflowContextDeprecationWarning: Accessing 'yesterday_ds_nodash' from the template is deprecated and will be removed in a future version.
  warnings.warn(_create_deprecation_warning(key, self._deprecation_replacements[key]))

[2022-01-13 17:04:36,298] {logging_mixin.py:109} INFO - None
[2022-01-13 17:04:36,299] {logging_mixin.py:109} INFO - None
[2022-01-13 17:04:36,300] {python.py:175} INFO - Done. Returned value was: None
[2022-01-13 17:04:36,312] {taskinstance.py:1277} INFO - Marking task as SUCCESS. dag_id=example_dag_doug, task_id=t2, execution_date=20220113T170429, start_date=20220113T170436, end_date=20220113T170436
[2022-01-13 17:04:36,355] {local_task_job.py:154} INFO - Task exited with return code 0
[2022-01-13 17:04:36,383] {local_task_job.py:264} INFO - 0 downstream tasks scheduled from follow-on schedule check
