[2022-02-24 21:20:57,709] {taskinstance.py:1032} INFO - Dependencies all met for <TaskInstance: example_bash_operator.this_will_skip scheduled__2022-02-23T00:00:00+00:00 [queued]>
[2022-02-24 21:20:57,720] {taskinstance.py:1032} INFO - Dependencies all met for <TaskInstance: example_bash_operator.this_will_skip scheduled__2022-02-23T00:00:00+00:00 [queued]>
[2022-02-24 21:20:57,720] {taskinstance.py:1238} INFO - 
--------------------------------------------------------------------------------
[2022-02-24 21:20:57,721] {taskinstance.py:1239} INFO - Starting attempt 1 of 1
[2022-02-24 21:20:57,722] {taskinstance.py:1240} INFO - 
--------------------------------------------------------------------------------
[2022-02-24 21:20:57,732] {taskinstance.py:1259} INFO - Executing <Task(BashOperator): this_will_skip> on 2022-02-23 00:00:00+00:00
[2022-02-24 21:20:57,737] {standard_task_runner.py:52} INFO - Started process 516 to run task
[2022-02-24 21:20:57,741] {standard_task_runner.py:76} INFO - Running: ['***', 'tasks', 'run', 'example_bash_operator', 'this_will_skip', 'scheduled__2022-02-23T00:00:00+00:00', '--job-id', '5', '--raw', '--subdir', '/home/***/.local/lib/python3.7/site-packages/***/example_dags/example_bash_operator.py', '--cfg-path', '/tmp/tmpeqv65f6o', '--error-file', '/tmp/tmpi7lcbhri']
[2022-02-24 21:20:57,742] {standard_task_runner.py:77} INFO - Job 5: Subtask this_will_skip
[2022-02-24 21:20:57,823] {logging_mixin.py:109} INFO - Running <TaskInstance: example_bash_operator.this_will_skip scheduled__2022-02-23T00:00:00+00:00 [running]> on host 550eb08c6c00
[2022-02-24 21:20:57,901] {taskinstance.py:1426} INFO - Exporting the following env vars:
AIRFLOW_CTX_DAG_OWNER=***
AIRFLOW_CTX_DAG_ID=example_bash_operator
AIRFLOW_CTX_TASK_ID=this_will_skip
AIRFLOW_CTX_EXECUTION_DATE=2022-02-23T00:00:00+00:00
AIRFLOW_CTX_DAG_RUN_ID=scheduled__2022-02-23T00:00:00+00:00
[2022-02-24 21:20:57,902] {subprocess.py:62} INFO - Tmp dir root location: 
 /tmp
[2022-02-24 21:20:57,904] {subprocess.py:74} INFO - Running command: ['bash', '-c', 'echo "hello world"; exit 99;']
[2022-02-24 21:20:57,920] {subprocess.py:85} INFO - Output:
[2022-02-24 21:20:57,924] {subprocess.py:89} INFO - hello world
[2022-02-24 21:20:57,925] {subprocess.py:93} INFO - Command exited with return code 99
[2022-02-24 21:20:57,927] {taskinstance.py:1356} INFO - Bash command returned exit code 99. Skipping.
[2022-02-24 21:20:57,945] {taskinstance.py:1277} INFO - Marking task as SKIPPED. dag_id=example_bash_operator, task_id=this_will_skip, execution_date=20220223T000000, start_date=20220224T212057, end_date=20220224T212057
[2022-02-24 21:20:57,995] {local_task_job.py:154} INFO - Task exited with return code 0
[2022-02-24 21:20:58,043] {local_task_job.py:264} INFO - 0 downstream tasks scheduled from follow-on schedule check
