[2022-02-24 21:20:57,740] {taskinstance.py:1032} INFO - Dependencies all met for <TaskInstance: example_bash_operator.runme_1 scheduled__2022-02-23T00:00:00+00:00 [queued]>
[2022-02-24 21:20:57,750] {taskinstance.py:1032} INFO - Dependencies all met for <TaskInstance: example_bash_operator.runme_1 scheduled__2022-02-23T00:00:00+00:00 [queued]>
[2022-02-24 21:20:57,751] {taskinstance.py:1238} INFO - 
--------------------------------------------------------------------------------
[2022-02-24 21:20:57,752] {taskinstance.py:1239} INFO - Starting attempt 1 of 1
[2022-02-24 21:20:57,753] {taskinstance.py:1240} INFO - 
--------------------------------------------------------------------------------
[2022-02-24 21:20:57,764] {taskinstance.py:1259} INFO - Executing <Task(BashOperator): runme_1> on 2022-02-23 00:00:00+00:00
[2022-02-24 21:20:57,769] {standard_task_runner.py:52} INFO - Started process 517 to run task
[2022-02-24 21:20:57,777] {standard_task_runner.py:76} INFO - Running: ['***', 'tasks', 'run', 'example_bash_operator', 'runme_1', 'scheduled__2022-02-23T00:00:00+00:00', '--job-id', '6', '--raw', '--subdir', '/home/***/.local/lib/python3.7/site-packages/***/example_dags/example_bash_operator.py', '--cfg-path', '/tmp/tmp4clihw7z', '--error-file', '/tmp/tmpyc859rwm']
[2022-02-24 21:20:57,779] {standard_task_runner.py:77} INFO - Job 6: Subtask runme_1
[2022-02-24 21:20:57,866] {logging_mixin.py:109} INFO - Running <TaskInstance: example_bash_operator.runme_1 scheduled__2022-02-23T00:00:00+00:00 [running]> on host 550eb08c6c00
[2022-02-24 21:20:57,957] {taskinstance.py:1426} INFO - Exporting the following env vars:
AIRFLOW_CTX_DAG_OWNER=***
AIRFLOW_CTX_DAG_ID=example_bash_operator
AIRFLOW_CTX_TASK_ID=runme_1
AIRFLOW_CTX_EXECUTION_DATE=2022-02-23T00:00:00+00:00
AIRFLOW_CTX_DAG_RUN_ID=scheduled__2022-02-23T00:00:00+00:00
[2022-02-24 21:20:57,960] {subprocess.py:62} INFO - Tmp dir root location: 
 /tmp
[2022-02-24 21:20:57,961] {subprocess.py:74} INFO - Running command: ['bash', '-c', 'echo "example_bash_operator__runme_1__20220223" && sleep 1']
[2022-02-24 21:20:57,982] {subprocess.py:85} INFO - Output:
[2022-02-24 21:20:57,983] {subprocess.py:89} INFO - example_bash_operator__runme_1__20220223
[2022-02-24 21:20:58,991] {subprocess.py:93} INFO - Command exited with return code 0
[2022-02-24 21:20:59,021] {taskinstance.py:1277} INFO - Marking task as SUCCESS. dag_id=example_bash_operator, task_id=runme_1, execution_date=20220223T000000, start_date=20220224T212057, end_date=20220224T212059
[2022-02-24 21:20:59,051] {local_task_job.py:154} INFO - Task exited with return code 0
[2022-02-24 21:20:59,091] {local_task_job.py:264} INFO - 0 downstream tasks scheduled from follow-on schedule check
