[2022-02-24 21:53:39,949] {taskinstance.py:1032} INFO - Dependencies all met for <TaskInstance: meu_dag.mudar_nome_do_arquivo manual__2022-02-24T21:53:36.824844+00:00 [queued]>
[2022-02-24 21:53:39,966] {taskinstance.py:1032} INFO - Dependencies all met for <TaskInstance: meu_dag.mudar_nome_do_arquivo manual__2022-02-24T21:53:36.824844+00:00 [queued]>
[2022-02-24 21:53:39,966] {taskinstance.py:1238} INFO - 
--------------------------------------------------------------------------------
[2022-02-24 21:53:39,967] {taskinstance.py:1239} INFO - Starting attempt 1 of 2
[2022-02-24 21:53:39,970] {taskinstance.py:1240} INFO - 
--------------------------------------------------------------------------------
[2022-02-24 21:53:39,985] {taskinstance.py:1259} INFO - Executing <Task(BashOperator): mudar_nome_do_arquivo> on 2022-02-24 21:53:36.824844+00:00
[2022-02-24 21:53:39,991] {standard_task_runner.py:52} INFO - Started process 711 to run task
[2022-02-24 21:53:39,998] {standard_task_runner.py:76} INFO - Running: ['***', 'tasks', 'run', 'meu_dag', 'mudar_nome_do_arquivo', 'manual__2022-02-24T21:53:36.824844+00:00', '--job-id', '4', '--raw', '--subdir', 'DAGS_FOLDER/dag_xcom_test.py', '--cfg-path', '/tmp/tmpsxs9mpnu', '--error-file', '/tmp/tmp1lpg0609']
[2022-02-24 21:53:40,001] {standard_task_runner.py:77} INFO - Job 4: Subtask mudar_nome_do_arquivo
[2022-02-24 21:53:40,080] {logging_mixin.py:109} INFO - Running <TaskInstance: meu_dag.mudar_nome_do_arquivo manual__2022-02-24T21:53:36.824844+00:00 [running]> on host d86b6291a432
[2022-02-24 21:53:40,144] {taskinstance.py:1426} INFO - Exporting the following env vars:
AIRFLOW_CTX_DAG_EMAIL=***@example.com
AIRFLOW_CTX_DAG_OWNER=***
AIRFLOW_CTX_DAG_ID=meu_dag
AIRFLOW_CTX_TASK_ID=mudar_nome_do_arquivo
AIRFLOW_CTX_EXECUTION_DATE=2022-02-24T21:53:36.824844+00:00
AIRFLOW_CTX_DAG_RUN_ID=manual__2022-02-24T21:53:36.824844+00:00
[2022-02-24 21:53:40,146] {subprocess.py:62} INFO - Tmp dir root location: 
 /tmp
[2022-02-24 21:53:40,148] {subprocess.py:74} INFO - Running command: ['bash', '-c', 'mv ~/meu_arquivo_01.txt ~/meu_arquivo_01_MUDOU.txt']
[2022-02-24 21:53:40,164] {subprocess.py:85} INFO - Output:
[2022-02-24 21:53:40,174] {subprocess.py:93} INFO - Command exited with return code 0
[2022-02-24 21:53:40,212] {taskinstance.py:1277} INFO - Marking task as SUCCESS. dag_id=meu_dag, task_id=mudar_nome_do_arquivo, execution_date=20220224T215336, start_date=20220224T215339, end_date=20220224T215340
[2022-02-24 21:53:40,253] {local_task_job.py:154} INFO - Task exited with return code 0
[2022-02-24 21:53:40,327] {local_task_job.py:264} INFO - 0 downstream tasks scheduled from follow-on schedule check
