[2022-01-13 22:35:19,863] {taskinstance.py:1032} INFO - Dependencies all met for <TaskInstance: example_dag_doug.t2 manual__2022-01-13T22:35:14+00:00 [queued]>
[2022-01-13 22:35:19,872] {taskinstance.py:1032} INFO - Dependencies all met for <TaskInstance: example_dag_doug.t2 manual__2022-01-13T22:35:14+00:00 [queued]>
[2022-01-13 22:35:19,873] {taskinstance.py:1238} INFO - 
--------------------------------------------------------------------------------
[2022-01-13 22:35:19,837] {taskinstance.py:1239} INFO - Starting attempt 1 of 1
[2022-01-13 22:35:19,838] {taskinstance.py:1240} INFO - 
--------------------------------------------------------------------------------
[2022-01-13 22:35:19,849] {taskinstance.py:1259} INFO - Executing <Task(PythonOperator): t2> on 2022-01-13 22:35:14+00:00
[2022-01-13 22:35:19,853] {standard_task_runner.py:52} INFO - Started process 277 to run task
[2022-01-13 22:35:19,857] {standard_task_runner.py:76} INFO - Running: ['***', 'tasks', 'run', 'example_dag_doug', 't2', 'manual__2022-01-13T22:35:14+00:00', '--job-id', '41', '--raw', '--subdir', 'DAGS_FOLDER/dag_xcom_test.py', '--cfg-path', '/tmp/tmp4fh0z6ny', '--error-file', '/tmp/tmp3ahrae_o']
[2022-01-13 22:35:19,857] {standard_task_runner.py:77} INFO - Job 41: Subtask t2
[2022-01-13 22:35:19,957] {logging_mixin.py:109} INFO - Running <TaskInstance: example_dag_doug.t2 manual__2022-01-13T22:35:14+00:00 [running]> on host 24b7823460f3
[2022-01-13 22:35:20,011] {taskinstance.py:1426} INFO - Exporting the following env vars:
AIRFLOW_CTX_DAG_OWNER=***
AIRFLOW_CTX_DAG_ID=example_dag_doug
AIRFLOW_CTX_TASK_ID=t2
AIRFLOW_CTX_EXECUTION_DATE=2022-01-13T22:35:14+00:00
AIRFLOW_CTX_DAG_RUN_ID=manual__2022-01-13T22:35:14+00:00
[2022-01-13 22:35:20,013] {warnings.py:110} WARNING - /home/***/.local/lib/python3.7/site-packages/***/utils/context.py:152: AirflowContextDeprecationWarning: Accessing 'execution_date' from the template is deprecated and will be removed in a future version. Please use 'data_interval_start' or 'logical_date' instead.
  warnings.warn(_create_deprecation_warning(key, self._deprecation_replacements[key]))

[2022-01-13 22:35:20,014] {warnings.py:110} WARNING - /home/***/.local/lib/python3.7/site-packages/***/utils/context.py:152: AirflowContextDeprecationWarning: Accessing 'next_ds' from the template is deprecated and will be removed in a future version. Please use '{{ data_interval_end | ds }}' instead.
  warnings.warn(_create_deprecation_warning(key, self._deprecation_replacements[key]))

[2022-01-13 22:35:20,014] {warnings.py:110} WARNING - /home/***/.local/lib/python3.7/site-packages/***/utils/context.py:152: AirflowContextDeprecationWarning: Accessing 'next_ds_nodash' from the template is deprecated and will be removed in a future version. Please use '{{ data_interval_end | ds_nodash }}' instead.
  warnings.warn(_create_deprecation_warning(key, self._deprecation_replacements[key]))

[2022-01-13 22:35:20,015] {warnings.py:110} WARNING - /home/***/.local/lib/python3.7/site-packages/***/utils/context.py:152: AirflowContextDeprecationWarning: Accessing 'next_execution_date' from the template is deprecated and will be removed in a future version. Please use 'data_interval_end' instead.
  warnings.warn(_create_deprecation_warning(key, self._deprecation_replacements[key]))

[2022-01-13 22:35:20,016] {warnings.py:110} WARNING - /home/***/.local/lib/python3.7/site-packages/***/utils/context.py:152: AirflowContextDeprecationWarning: Accessing 'prev_ds' from the template is deprecated and will be removed in a future version.
  warnings.warn(_create_deprecation_warning(key, self._deprecation_replacements[key]))

[2022-01-13 22:35:20,016] {warnings.py:110} WARNING - /home/***/.local/lib/python3.7/site-packages/***/utils/context.py:152: AirflowContextDeprecationWarning: Accessing 'prev_ds_nodash' from the template is deprecated and will be removed in a future version.
  warnings.warn(_create_deprecation_warning(key, self._deprecation_replacements[key]))

[2022-01-13 22:35:20,017] {warnings.py:110} WARNING - /home/***/.local/lib/python3.7/site-packages/***/utils/context.py:152: AirflowContextDeprecationWarning: Accessing 'prev_execution_date' from the template is deprecated and will be removed in a future version.
  warnings.warn(_create_deprecation_warning(key, self._deprecation_replacements[key]))

[2022-01-13 22:35:20,018] {warnings.py:110} WARNING - /home/***/.local/lib/python3.7/site-packages/***/utils/context.py:152: AirflowContextDeprecationWarning: Accessing 'prev_execution_date_success' from the template is deprecated and will be removed in a future version. Please use 'prev_data_interval_start_success' instead.
  warnings.warn(_create_deprecation_warning(key, self._deprecation_replacements[key]))

[2022-01-13 22:35:20,019] {warnings.py:110} WARNING - /home/***/.local/lib/python3.7/site-packages/***/utils/context.py:152: AirflowContextDeprecationWarning: Accessing 'tomorrow_ds' from the template is deprecated and will be removed in a future version.
  warnings.warn(_create_deprecation_warning(key, self._deprecation_replacements[key]))

[2022-01-13 22:35:20,019] {warnings.py:110} WARNING - /home/***/.local/lib/python3.7/site-packages/***/utils/context.py:152: AirflowContextDeprecationWarning: Accessing 'tomorrow_ds_nodash' from the template is deprecated and will be removed in a future version.
  warnings.warn(_create_deprecation_warning(key, self._deprecation_replacements[key]))

[2022-01-13 22:35:20,020] {warnings.py:110} WARNING - /home/***/.local/lib/python3.7/site-packages/***/utils/context.py:152: AirflowContextDeprecationWarning: Accessing 'yesterday_ds' from the template is deprecated and will be removed in a future version.
  warnings.warn(_create_deprecation_warning(key, self._deprecation_replacements[key]))

[2022-01-13 22:35:20,021] {warnings.py:110} WARNING - /home/***/.local/lib/python3.7/site-packages/***/utils/context.py:152: AirflowContextDeprecationWarning: Accessing 'yesterday_ds_nodash' from the template is deprecated and will be removed in a future version.
  warnings.warn(_create_deprecation_warning(key, self._deprecation_replacements[key]))

[2022-01-13 22:35:20,028] {logging_mixin.py:109} INFO - table_join
[2022-01-13 22:35:20,029] {python.py:175} INFO - Done. Returned value was: None
[2022-01-13 22:35:20,039] {taskinstance.py:1277} INFO - Marking task as SUCCESS. dag_id=example_dag_doug, task_id=t2, execution_date=20220113T223514, start_date=20220113T223519, end_date=20220113T223520
[2022-01-13 22:35:20,074] {local_task_job.py:154} INFO - Task exited with return code 0
[2022-01-13 22:35:20,107] {local_task_job.py:264} INFO - 0 downstream tasks scheduled from follow-on schedule check
