[2022-02-24 21:21:00,301] {taskinstance.py:1032} INFO - Dependencies all met for <TaskInstance: example_bash_operator.run_after_loop scheduled__2022-02-23T00:00:00+00:00 [queued]>
[2022-02-24 21:21:00,314] {taskinstance.py:1032} INFO - Dependencies all met for <TaskInstance: example_bash_operator.run_after_loop scheduled__2022-02-23T00:00:00+00:00 [queued]>
[2022-02-24 21:21:00,315] {taskinstance.py:1238} INFO - 
--------------------------------------------------------------------------------
[2022-02-24 21:21:00,316] {taskinstance.py:1239} INFO - Starting attempt 1 of 1
[2022-02-24 21:21:00,316] {taskinstance.py:1240} INFO - 
--------------------------------------------------------------------------------
[2022-02-24 21:21:00,330] {taskinstance.py:1259} INFO - Executing <Task(BashOperator): run_after_loop> on 2022-02-23 00:00:00+00:00
[2022-02-24 21:21:00,335] {standard_task_runner.py:52} INFO - Started process 535 to run task
[2022-02-24 21:21:00,340] {standard_task_runner.py:76} INFO - Running: ['***', 'tasks', 'run', 'example_bash_operator', 'run_after_loop', 'scheduled__2022-02-23T00:00:00+00:00', '--job-id', '10', '--raw', '--subdir', '/home/***/.local/lib/python3.7/site-packages/***/example_dags/example_bash_operator.py', '--cfg-path', '/tmp/tmpglcinev2', '--error-file', '/tmp/tmpw7rhrpg2']
[2022-02-24 21:21:00,342] {standard_task_runner.py:77} INFO - Job 10: Subtask run_after_loop
[2022-02-24 21:21:00,409] {logging_mixin.py:109} INFO - Running <TaskInstance: example_bash_operator.run_after_loop scheduled__2022-02-23T00:00:00+00:00 [running]> on host 550eb08c6c00
[2022-02-24 21:21:00,484] {taskinstance.py:1426} INFO - Exporting the following env vars:
AIRFLOW_CTX_DAG_OWNER=***
AIRFLOW_CTX_DAG_ID=example_bash_operator
AIRFLOW_CTX_TASK_ID=run_after_loop
AIRFLOW_CTX_EXECUTION_DATE=2022-02-23T00:00:00+00:00
AIRFLOW_CTX_DAG_RUN_ID=scheduled__2022-02-23T00:00:00+00:00
[2022-02-24 21:21:00,487] {subprocess.py:62} INFO - Tmp dir root location: 
 /tmp
[2022-02-24 21:21:00,488] {subprocess.py:74} INFO - Running command: ['bash', '-c', 'echo 1']
[2022-02-24 21:21:00,503] {subprocess.py:85} INFO - Output:
[2022-02-24 21:21:00,506] {subprocess.py:89} INFO - 1
[2022-02-24 21:21:00,508] {subprocess.py:93} INFO - Command exited with return code 0
[2022-02-24 21:21:00,546] {taskinstance.py:1277} INFO - Marking task as SUCCESS. dag_id=example_bash_operator, task_id=run_after_loop, execution_date=20220223T000000, start_date=20220224T212100, end_date=20220224T212100
[2022-02-24 21:21:00,598] {local_task_job.py:154} INFO - Task exited with return code 0
[2022-02-24 21:21:00,684] {local_task_job.py:264} INFO - 0 downstream tasks scheduled from follow-on schedule check
