[2022-01-13 19:57:17,815] {taskinstance.py:1032} INFO - Dependencies all met for <TaskInstance: example_dag_doug.t1 manual__2022-01-13T19:57:13+00:00 [queued]>
[2022-01-13 19:57:17,833] {taskinstance.py:1032} INFO - Dependencies all met for <TaskInstance: example_dag_doug.t1 manual__2022-01-13T19:57:13+00:00 [queued]>
[2022-01-13 19:57:17,834] {taskinstance.py:1238} INFO - 
--------------------------------------------------------------------------------
[2022-01-13 19:57:17,835] {taskinstance.py:1239} INFO - Starting attempt 1 of 1
[2022-01-13 19:57:17,837] {taskinstance.py:1240} INFO - 
--------------------------------------------------------------------------------
[2022-01-13 19:57:17,857] {taskinstance.py:1259} INFO - Executing <Task(PythonOperator): t1> on 2022-01-13 19:57:13+00:00
[2022-01-13 19:57:17,863] {standard_task_runner.py:52} INFO - Started process 488 to run task
[2022-01-13 19:57:17,870] {standard_task_runner.py:76} INFO - Running: ['***', 'tasks', 'run', 'example_dag_doug', 't1', 'manual__2022-01-13T19:57:13+00:00', '--job-id', '30', '--raw', '--subdir', 'DAGS_FOLDER/dag_xcom_test.py', '--cfg-path', '/tmp/tmp3but3fxi', '--error-file', '/tmp/tmp0uxwoc02']
[2022-01-13 19:57:17,872] {standard_task_runner.py:77} INFO - Job 30: Subtask t1
[2022-01-13 19:57:17,987] {logging_mixin.py:109} INFO - Running <TaskInstance: example_dag_doug.t1 manual__2022-01-13T19:57:13+00:00 [running]> on host ef044cf63da0
[2022-01-13 19:57:18,117] {taskinstance.py:1426} INFO - Exporting the following env vars:
AIRFLOW_CTX_DAG_OWNER=***
AIRFLOW_CTX_DAG_ID=example_dag_doug
AIRFLOW_CTX_TASK_ID=t1
AIRFLOW_CTX_EXECUTION_DATE=2022-01-13T19:57:13+00:00
AIRFLOW_CTX_DAG_RUN_ID=manual__2022-01-13T19:57:13+00:00
[2022-01-13 19:57:18,122] {warnings.py:110} WARNING - /home/***/.local/lib/python3.7/site-packages/***/utils/context.py:152: AirflowContextDeprecationWarning: Accessing 'execution_date' from the template is deprecated and will be removed in a future version. Please use 'data_interval_start' or 'logical_date' instead.
  warnings.warn(_create_deprecation_warning(key, self._deprecation_replacements[key]))

[2022-01-13 19:57:18,125] {warnings.py:110} WARNING - /home/***/.local/lib/python3.7/site-packages/***/utils/context.py:152: AirflowContextDeprecationWarning: Accessing 'next_ds' from the template is deprecated and will be removed in a future version. Please use '{{ data_interval_end | ds }}' instead.
  warnings.warn(_create_deprecation_warning(key, self._deprecation_replacements[key]))

[2022-01-13 19:57:18,126] {warnings.py:110} WARNING - /home/***/.local/lib/python3.7/site-packages/***/utils/context.py:152: AirflowContextDeprecationWarning: Accessing 'next_ds_nodash' from the template is deprecated and will be removed in a future version. Please use '{{ data_interval_end | ds_nodash }}' instead.
  warnings.warn(_create_deprecation_warning(key, self._deprecation_replacements[key]))

[2022-01-13 19:57:18,128] {warnings.py:110} WARNING - /home/***/.local/lib/python3.7/site-packages/***/utils/context.py:152: AirflowContextDeprecationWarning: Accessing 'next_execution_date' from the template is deprecated and will be removed in a future version. Please use 'data_interval_end' instead.
  warnings.warn(_create_deprecation_warning(key, self._deprecation_replacements[key]))

[2022-01-13 19:57:18,130] {warnings.py:110} WARNING - /home/***/.local/lib/python3.7/site-packages/***/utils/context.py:152: AirflowContextDeprecationWarning: Accessing 'prev_ds' from the template is deprecated and will be removed in a future version.
  warnings.warn(_create_deprecation_warning(key, self._deprecation_replacements[key]))

[2022-01-13 19:57:18,132] {warnings.py:110} WARNING - /home/***/.local/lib/python3.7/site-packages/***/utils/context.py:152: AirflowContextDeprecationWarning: Accessing 'prev_ds_nodash' from the template is deprecated and will be removed in a future version.
  warnings.warn(_create_deprecation_warning(key, self._deprecation_replacements[key]))

[2022-01-13 19:57:18,133] {warnings.py:110} WARNING - /home/***/.local/lib/python3.7/site-packages/***/utils/context.py:152: AirflowContextDeprecationWarning: Accessing 'prev_execution_date' from the template is deprecated and will be removed in a future version.
  warnings.warn(_create_deprecation_warning(key, self._deprecation_replacements[key]))

[2022-01-13 19:57:18,135] {warnings.py:110} WARNING - /home/***/.local/lib/python3.7/site-packages/***/utils/context.py:152: AirflowContextDeprecationWarning: Accessing 'prev_execution_date_success' from the template is deprecated and will be removed in a future version. Please use 'prev_data_interval_start_success' instead.
  warnings.warn(_create_deprecation_warning(key, self._deprecation_replacements[key]))

[2022-01-13 19:57:18,136] {warnings.py:110} WARNING - /home/***/.local/lib/python3.7/site-packages/***/utils/context.py:152: AirflowContextDeprecationWarning: Accessing 'tomorrow_ds' from the template is deprecated and will be removed in a future version.
  warnings.warn(_create_deprecation_warning(key, self._deprecation_replacements[key]))

[2022-01-13 19:57:18,138] {warnings.py:110} WARNING - /home/***/.local/lib/python3.7/site-packages/***/utils/context.py:152: AirflowContextDeprecationWarning: Accessing 'tomorrow_ds_nodash' from the template is deprecated and will be removed in a future version.
  warnings.warn(_create_deprecation_warning(key, self._deprecation_replacements[key]))

[2022-01-13 19:57:18,140] {warnings.py:110} WARNING - /home/***/.local/lib/python3.7/site-packages/***/utils/context.py:152: AirflowContextDeprecationWarning: Accessing 'yesterday_ds' from the template is deprecated and will be removed in a future version.
  warnings.warn(_create_deprecation_warning(key, self._deprecation_replacements[key]))

[2022-01-13 19:57:18,141] {warnings.py:110} WARNING - /home/***/.local/lib/python3.7/site-packages/***/utils/context.py:152: AirflowContextDeprecationWarning: Accessing 'yesterday_ds_nodash' from the template is deprecated and will be removed in a future version.
  warnings.warn(_create_deprecation_warning(key, self._deprecation_replacements[key]))

[2022-01-13 19:57:18,171] {python.py:175} INFO - Done. Returned value was: None
[2022-01-13 19:57:18,200] {taskinstance.py:1277} INFO - Marking task as SUCCESS. dag_id=example_dag_doug, task_id=t1, execution_date=20220113T195713, start_date=20220113T195717, end_date=20220113T195718
[2022-01-13 19:57:18,248] {local_task_job.py:154} INFO - Task exited with return code 0
[2022-01-13 19:57:18,302] {local_task_job.py:264} INFO - 1 downstream tasks scheduled from follow-on schedule check
