[2022-01-13 20:31:07,403] {taskinstance.py:1032} INFO - Dependencies all met for <TaskInstance: example_dag_doug.t1 manual__2022-01-13T17:30:56-03:00 [queued]>
[2022-01-13 20:31:07,419] {taskinstance.py:1032} INFO - Dependencies all met for <TaskInstance: example_dag_doug.t1 manual__2022-01-13T17:30:56-03:00 [queued]>
[2022-01-13 20:31:07,421] {taskinstance.py:1238} INFO - 
--------------------------------------------------------------------------------
[2022-01-13 20:31:07,422] {taskinstance.py:1239} INFO - Starting attempt 1 of 1
[2022-01-13 20:31:07,423] {taskinstance.py:1240} INFO - 
--------------------------------------------------------------------------------
[2022-01-13 20:31:07,440] {taskinstance.py:1259} INFO - Executing <Task(PythonOperator): t1> on 2022-01-13 20:30:56+00:00
[2022-01-13 20:31:07,447] {standard_task_runner.py:52} INFO - Started process 2095 to run task
[2022-01-13 20:31:07,453] {standard_task_runner.py:76} INFO - Running: ['***', 'tasks', 'run', 'example_dag_doug', 't1', 'manual__2022-01-13T17:30:56-03:00', '--job-id', '33', '--raw', '--subdir', 'DAGS_FOLDER/dag_xcom_test.py', '--cfg-path', '/tmp/tmp7y_uh8u_', '--error-file', '/tmp/tmpi2g1v377']
[2022-01-13 20:31:07,454] {standard_task_runner.py:77} INFO - Job 33: Subtask t1
[2022-01-13 20:31:07,542] {logging_mixin.py:109} INFO - Running <TaskInstance: example_dag_doug.t1 manual__2022-01-13T17:30:56-03:00 [running]> on host ef044cf63da0
[2022-01-13 20:31:07,621] {taskinstance.py:1426} INFO - Exporting the following env vars:
AIRFLOW_CTX_DAG_OWNER=***
AIRFLOW_CTX_DAG_ID=example_dag_doug
AIRFLOW_CTX_TASK_ID=t1
AIRFLOW_CTX_EXECUTION_DATE=2022-01-13T20:30:56+00:00
AIRFLOW_CTX_DAG_RUN_ID=manual__2022-01-13T17:30:56-03:00
[2022-01-13 20:31:07,624] {warnings.py:110} WARNING - /home/***/.local/lib/python3.7/site-packages/***/utils/context.py:152: AirflowContextDeprecationWarning: Accessing 'execution_date' from the template is deprecated and will be removed in a future version. Please use 'data_interval_start' or 'logical_date' instead.
  warnings.warn(_create_deprecation_warning(key, self._deprecation_replacements[key]))

[2022-01-13 20:31:07,626] {warnings.py:110} WARNING - /home/***/.local/lib/python3.7/site-packages/***/utils/context.py:152: AirflowContextDeprecationWarning: Accessing 'next_ds' from the template is deprecated and will be removed in a future version. Please use '{{ data_interval_end | ds }}' instead.
  warnings.warn(_create_deprecation_warning(key, self._deprecation_replacements[key]))

[2022-01-13 20:31:07,627] {warnings.py:110} WARNING - /home/***/.local/lib/python3.7/site-packages/***/utils/context.py:152: AirflowContextDeprecationWarning: Accessing 'next_ds_nodash' from the template is deprecated and will be removed in a future version. Please use '{{ data_interval_end | ds_nodash }}' instead.
  warnings.warn(_create_deprecation_warning(key, self._deprecation_replacements[key]))

[2022-01-13 20:31:07,628] {warnings.py:110} WARNING - /home/***/.local/lib/python3.7/site-packages/***/utils/context.py:152: AirflowContextDeprecationWarning: Accessing 'next_execution_date' from the template is deprecated and will be removed in a future version. Please use 'data_interval_end' instead.
  warnings.warn(_create_deprecation_warning(key, self._deprecation_replacements[key]))

[2022-01-13 20:31:07,629] {warnings.py:110} WARNING - /home/***/.local/lib/python3.7/site-packages/***/utils/context.py:152: AirflowContextDeprecationWarning: Accessing 'prev_ds' from the template is deprecated and will be removed in a future version.
  warnings.warn(_create_deprecation_warning(key, self._deprecation_replacements[key]))

[2022-01-13 20:31:07,631] {warnings.py:110} WARNING - /home/***/.local/lib/python3.7/site-packages/***/utils/context.py:152: AirflowContextDeprecationWarning: Accessing 'prev_ds_nodash' from the template is deprecated and will be removed in a future version.
  warnings.warn(_create_deprecation_warning(key, self._deprecation_replacements[key]))

[2022-01-13 20:31:07,632] {warnings.py:110} WARNING - /home/***/.local/lib/python3.7/site-packages/***/utils/context.py:152: AirflowContextDeprecationWarning: Accessing 'prev_execution_date' from the template is deprecated and will be removed in a future version.
  warnings.warn(_create_deprecation_warning(key, self._deprecation_replacements[key]))

[2022-01-13 20:31:07,634] {warnings.py:110} WARNING - /home/***/.local/lib/python3.7/site-packages/***/utils/context.py:152: AirflowContextDeprecationWarning: Accessing 'prev_execution_date_success' from the template is deprecated and will be removed in a future version. Please use 'prev_data_interval_start_success' instead.
  warnings.warn(_create_deprecation_warning(key, self._deprecation_replacements[key]))

[2022-01-13 20:31:07,635] {warnings.py:110} WARNING - /home/***/.local/lib/python3.7/site-packages/***/utils/context.py:152: AirflowContextDeprecationWarning: Accessing 'tomorrow_ds' from the template is deprecated and will be removed in a future version.
  warnings.warn(_create_deprecation_warning(key, self._deprecation_replacements[key]))

[2022-01-13 20:31:07,636] {warnings.py:110} WARNING - /home/***/.local/lib/python3.7/site-packages/***/utils/context.py:152: AirflowContextDeprecationWarning: Accessing 'tomorrow_ds_nodash' from the template is deprecated and will be removed in a future version.
  warnings.warn(_create_deprecation_warning(key, self._deprecation_replacements[key]))

[2022-01-13 20:31:07,637] {warnings.py:110} WARNING - /home/***/.local/lib/python3.7/site-packages/***/utils/context.py:152: AirflowContextDeprecationWarning: Accessing 'yesterday_ds' from the template is deprecated and will be removed in a future version.
  warnings.warn(_create_deprecation_warning(key, self._deprecation_replacements[key]))

[2022-01-13 20:31:07,638] {warnings.py:110} WARNING - /home/***/.local/lib/python3.7/site-packages/***/utils/context.py:152: AirflowContextDeprecationWarning: Accessing 'yesterday_ds_nodash' from the template is deprecated and will be removed in a future version.
  warnings.warn(_create_deprecation_warning(key, self._deprecation_replacements[key]))

[2022-01-13 20:31:07,652] {python.py:175} INFO - Done. Returned value was: None
[2022-01-13 20:31:07,668] {taskinstance.py:1277} INFO - Marking task as SUCCESS. dag_id=example_dag_doug, task_id=t1, execution_date=20220113T203056, start_date=20220113T203107, end_date=20220113T203107
[2022-01-13 20:31:07,709] {local_task_job.py:154} INFO - Task exited with return code 0
[2022-01-13 20:31:07,760] {local_task_job.py:264} INFO - 1 downstream tasks scheduled from follow-on schedule check
