[2022-01-13 17:04:34,194] {taskinstance.py:1032} INFO - Dependencies all met for <TaskInstance: example_dag_doug.t1 manual__2022-01-13T17:04:29+00:00 [queued]>
[2022-01-13 17:04:34,217] {taskinstance.py:1032} INFO - Dependencies all met for <TaskInstance: example_dag_doug.t1 manual__2022-01-13T17:04:29+00:00 [queued]>
[2022-01-13 17:04:34,218] {taskinstance.py:1238} INFO - 
--------------------------------------------------------------------------------
[2022-01-13 17:04:34,220] {taskinstance.py:1239} INFO - Starting attempt 1 of 1
[2022-01-13 17:04:34,221] {taskinstance.py:1240} INFO - 
--------------------------------------------------------------------------------
[2022-01-13 17:04:34,241] {taskinstance.py:1259} INFO - Executing <Task(PythonOperator): t1> on 2022-01-13 17:04:29+00:00
[2022-01-13 17:04:34,251] {standard_task_runner.py:52} INFO - Started process 2655 to run task
[2022-01-13 17:04:34,259] {standard_task_runner.py:76} INFO - Running: ['***', 'tasks', 'run', 'example_dag_doug', 't1', 'manual__2022-01-13T17:04:29+00:00', '--job-id', '21', '--raw', '--subdir', 'DAGS_FOLDER/dag_xcom_test.py', '--cfg-path', '/tmp/tmp6b9bvq26', '--error-file', '/tmp/tmp1k3c9kbu']
[2022-01-13 17:04:34,260] {standard_task_runner.py:77} INFO - Job 21: Subtask t1
[2022-01-13 17:04:34,355] {logging_mixin.py:109} INFO - Running <TaskInstance: example_dag_doug.t1 manual__2022-01-13T17:04:29+00:00 [running]> on host 9b2878ec4585
[2022-01-13 17:04:34,453] {taskinstance.py:1426} INFO - Exporting the following env vars:
AIRFLOW_CTX_DAG_OWNER=***
AIRFLOW_CTX_DAG_ID=example_dag_doug
AIRFLOW_CTX_TASK_ID=t1
AIRFLOW_CTX_EXECUTION_DATE=2022-01-13T17:04:29+00:00
AIRFLOW_CTX_DAG_RUN_ID=manual__2022-01-13T17:04:29+00:00
[2022-01-13 17:04:34,456] {warnings.py:110} WARNING - /home/***/.local/lib/python3.7/site-packages/***/utils/context.py:152: AirflowContextDeprecationWarning: Accessing 'execution_date' from the template is deprecated and will be removed in a future version. Please use 'data_interval_start' or 'logical_date' instead.
  warnings.warn(_create_deprecation_warning(key, self._deprecation_replacements[key]))

[2022-01-13 17:04:34,458] {warnings.py:110} WARNING - /home/***/.local/lib/python3.7/site-packages/***/utils/context.py:152: AirflowContextDeprecationWarning: Accessing 'next_ds' from the template is deprecated and will be removed in a future version. Please use '{{ data_interval_end | ds }}' instead.
  warnings.warn(_create_deprecation_warning(key, self._deprecation_replacements[key]))

[2022-01-13 17:04:34,459] {warnings.py:110} WARNING - /home/***/.local/lib/python3.7/site-packages/***/utils/context.py:152: AirflowContextDeprecationWarning: Accessing 'next_ds_nodash' from the template is deprecated and will be removed in a future version. Please use '{{ data_interval_end | ds_nodash }}' instead.
  warnings.warn(_create_deprecation_warning(key, self._deprecation_replacements[key]))

[2022-01-13 17:04:34,461] {warnings.py:110} WARNING - /home/***/.local/lib/python3.7/site-packages/***/utils/context.py:152: AirflowContextDeprecationWarning: Accessing 'next_execution_date' from the template is deprecated and will be removed in a future version. Please use 'data_interval_end' instead.
  warnings.warn(_create_deprecation_warning(key, self._deprecation_replacements[key]))

[2022-01-13 17:04:34,462] {warnings.py:110} WARNING - /home/***/.local/lib/python3.7/site-packages/***/utils/context.py:152: AirflowContextDeprecationWarning: Accessing 'prev_ds' from the template is deprecated and will be removed in a future version.
  warnings.warn(_create_deprecation_warning(key, self._deprecation_replacements[key]))

[2022-01-13 17:04:34,464] {warnings.py:110} WARNING - /home/***/.local/lib/python3.7/site-packages/***/utils/context.py:152: AirflowContextDeprecationWarning: Accessing 'prev_ds_nodash' from the template is deprecated and will be removed in a future version.
  warnings.warn(_create_deprecation_warning(key, self._deprecation_replacements[key]))

[2022-01-13 17:04:34,465] {warnings.py:110} WARNING - /home/***/.local/lib/python3.7/site-packages/***/utils/context.py:152: AirflowContextDeprecationWarning: Accessing 'prev_execution_date' from the template is deprecated and will be removed in a future version.
  warnings.warn(_create_deprecation_warning(key, self._deprecation_replacements[key]))

[2022-01-13 17:04:34,469] {warnings.py:110} WARNING - /home/***/.local/lib/python3.7/site-packages/***/utils/context.py:152: AirflowContextDeprecationWarning: Accessing 'prev_execution_date_success' from the template is deprecated and will be removed in a future version. Please use 'prev_data_interval_start_success' instead.
  warnings.warn(_create_deprecation_warning(key, self._deprecation_replacements[key]))

[2022-01-13 17:04:34,471] {warnings.py:110} WARNING - /home/***/.local/lib/python3.7/site-packages/***/utils/context.py:152: AirflowContextDeprecationWarning: Accessing 'tomorrow_ds' from the template is deprecated and will be removed in a future version.
  warnings.warn(_create_deprecation_warning(key, self._deprecation_replacements[key]))

[2022-01-13 17:04:34,472] {warnings.py:110} WARNING - /home/***/.local/lib/python3.7/site-packages/***/utils/context.py:152: AirflowContextDeprecationWarning: Accessing 'tomorrow_ds_nodash' from the template is deprecated and will be removed in a future version.
  warnings.warn(_create_deprecation_warning(key, self._deprecation_replacements[key]))

[2022-01-13 17:04:34,473] {warnings.py:110} WARNING - /home/***/.local/lib/python3.7/site-packages/***/utils/context.py:152: AirflowContextDeprecationWarning: Accessing 'yesterday_ds' from the template is deprecated and will be removed in a future version.
  warnings.warn(_create_deprecation_warning(key, self._deprecation_replacements[key]))

[2022-01-13 17:04:34,474] {warnings.py:110} WARNING - /home/***/.local/lib/python3.7/site-packages/***/utils/context.py:152: AirflowContextDeprecationWarning: Accessing 'yesterday_ds_nodash' from the template is deprecated and will be removed in a future version.
  warnings.warn(_create_deprecation_warning(key, self._deprecation_replacements[key]))

[2022-01-13 17:04:34,508] {python.py:175} INFO - Done. Returned value was: None
[2022-01-13 17:04:34,537] {taskinstance.py:1277} INFO - Marking task as SUCCESS. dag_id=example_dag_doug, task_id=t1, execution_date=20220113T170429, start_date=20220113T170434, end_date=20220113T170434
[2022-01-13 17:04:34,598] {local_task_job.py:154} INFO - Task exited with return code 0
[2022-01-13 17:04:34,673] {local_task_job.py:264} INFO - 1 downstream tasks scheduled from follow-on schedule check
