[2022-01-13 19:49:14,294] {taskinstance.py:1032} INFO - Dependencies all met for <TaskInstance: example_dag_doug.t2 manual__2022-01-13T19:49:09+00:00 [queued]>
[2022-01-13 19:49:14,305] {taskinstance.py:1032} INFO - Dependencies all met for <TaskInstance: example_dag_doug.t2 manual__2022-01-13T19:49:09+00:00 [queued]>
[2022-01-13 19:49:14,306] {taskinstance.py:1238} INFO - 
--------------------------------------------------------------------------------
[2022-01-13 19:49:14,307] {taskinstance.py:1239} INFO - Starting attempt 1 of 1
[2022-01-13 19:49:14,307] {taskinstance.py:1240} INFO - 
--------------------------------------------------------------------------------
[2022-01-13 19:49:14,319] {taskinstance.py:1259} INFO - Executing <Task(PythonOperator): t2> on 2022-01-13 19:49:09+00:00
[2022-01-13 19:49:14,324] {standard_task_runner.py:52} INFO - Started process 105 to run task
[2022-01-13 19:49:14,328] {standard_task_runner.py:76} INFO - Running: ['***', 'tasks', 'run', 'example_dag_doug', 't2', 'manual__2022-01-13T19:49:09+00:00', '--job-id', '28', '--raw', '--subdir', 'DAGS_FOLDER/dag_xcom_test.py', '--cfg-path', '/tmp/tmpk88o8zjt', '--error-file', '/tmp/tmp1270o2sw']
[2022-01-13 19:49:14,329] {standard_task_runner.py:77} INFO - Job 28: Subtask t2
[2022-01-13 19:49:14,400] {logging_mixin.py:109} INFO - Running <TaskInstance: example_dag_doug.t2 manual__2022-01-13T19:49:09+00:00 [running]> on host ef044cf63da0
[2022-01-13 19:49:14,482] {taskinstance.py:1426} INFO - Exporting the following env vars:
AIRFLOW_CTX_DAG_OWNER=***
AIRFLOW_CTX_DAG_ID=example_dag_doug
AIRFLOW_CTX_TASK_ID=t2
AIRFLOW_CTX_EXECUTION_DATE=2022-01-13T19:49:09+00:00
AIRFLOW_CTX_DAG_RUN_ID=manual__2022-01-13T19:49:09+00:00
[2022-01-13 19:49:14,487] {warnings.py:110} WARNING - /home/***/.local/lib/python3.7/site-packages/***/utils/context.py:152: AirflowContextDeprecationWarning: Accessing 'execution_date' from the template is deprecated and will be removed in a future version. Please use 'data_interval_start' or 'logical_date' instead.
  warnings.warn(_create_deprecation_warning(key, self._deprecation_replacements[key]))

[2022-01-13 19:49:14,490] {warnings.py:110} WARNING - /home/***/.local/lib/python3.7/site-packages/***/utils/context.py:152: AirflowContextDeprecationWarning: Accessing 'next_ds' from the template is deprecated and will be removed in a future version. Please use '{{ data_interval_end | ds }}' instead.
  warnings.warn(_create_deprecation_warning(key, self._deprecation_replacements[key]))

[2022-01-13 19:49:14,493] {warnings.py:110} WARNING - /home/***/.local/lib/python3.7/site-packages/***/utils/context.py:152: AirflowContextDeprecationWarning: Accessing 'next_ds_nodash' from the template is deprecated and will be removed in a future version. Please use '{{ data_interval_end | ds_nodash }}' instead.
  warnings.warn(_create_deprecation_warning(key, self._deprecation_replacements[key]))

[2022-01-13 19:49:14,496] {warnings.py:110} WARNING - /home/***/.local/lib/python3.7/site-packages/***/utils/context.py:152: AirflowContextDeprecationWarning: Accessing 'next_execution_date' from the template is deprecated and will be removed in a future version. Please use 'data_interval_end' instead.
  warnings.warn(_create_deprecation_warning(key, self._deprecation_replacements[key]))

[2022-01-13 19:49:14,499] {warnings.py:110} WARNING - /home/***/.local/lib/python3.7/site-packages/***/utils/context.py:152: AirflowContextDeprecationWarning: Accessing 'prev_ds' from the template is deprecated and will be removed in a future version.
  warnings.warn(_create_deprecation_warning(key, self._deprecation_replacements[key]))

[2022-01-13 19:49:14,503] {warnings.py:110} WARNING - /home/***/.local/lib/python3.7/site-packages/***/utils/context.py:152: AirflowContextDeprecationWarning: Accessing 'prev_ds_nodash' from the template is deprecated and will be removed in a future version.
  warnings.warn(_create_deprecation_warning(key, self._deprecation_replacements[key]))

[2022-01-13 19:49:14,511] {warnings.py:110} WARNING - /home/***/.local/lib/python3.7/site-packages/***/utils/context.py:152: AirflowContextDeprecationWarning: Accessing 'prev_execution_date' from the template is deprecated and will be removed in a future version.
  warnings.warn(_create_deprecation_warning(key, self._deprecation_replacements[key]))

[2022-01-13 19:49:14,518] {warnings.py:110} WARNING - /home/***/.local/lib/python3.7/site-packages/***/utils/context.py:152: AirflowContextDeprecationWarning: Accessing 'prev_execution_date_success' from the template is deprecated and will be removed in a future version. Please use 'prev_data_interval_start_success' instead.
  warnings.warn(_create_deprecation_warning(key, self._deprecation_replacements[key]))

[2022-01-13 19:49:14,522] {warnings.py:110} WARNING - /home/***/.local/lib/python3.7/site-packages/***/utils/context.py:152: AirflowContextDeprecationWarning: Accessing 'tomorrow_ds' from the template is deprecated and will be removed in a future version.
  warnings.warn(_create_deprecation_warning(key, self._deprecation_replacements[key]))

[2022-01-13 19:49:14,532] {warnings.py:110} WARNING - /home/***/.local/lib/python3.7/site-packages/***/utils/context.py:152: AirflowContextDeprecationWarning: Accessing 'tomorrow_ds_nodash' from the template is deprecated and will be removed in a future version.
  warnings.warn(_create_deprecation_warning(key, self._deprecation_replacements[key]))

[2022-01-13 19:49:14,534] {warnings.py:110} WARNING - /home/***/.local/lib/python3.7/site-packages/***/utils/context.py:152: AirflowContextDeprecationWarning: Accessing 'yesterday_ds' from the template is deprecated and will be removed in a future version.
  warnings.warn(_create_deprecation_warning(key, self._deprecation_replacements[key]))

[2022-01-13 19:49:14,536] {warnings.py:110} WARNING - /home/***/.local/lib/python3.7/site-packages/***/utils/context.py:152: AirflowContextDeprecationWarning: Accessing 'yesterday_ds_nodash' from the template is deprecated and will be removed in a future version.
  warnings.warn(_create_deprecation_warning(key, self._deprecation_replacements[key]))

[2022-01-13 19:49:14,571] {logging_mixin.py:109} INFO - 2021-01-01
[2022-01-13 19:49:14,573] {logging_mixin.py:109} INFO - 2022-01-01
[2022-01-13 19:49:14,574] {python.py:175} INFO - Done. Returned value was: None
[2022-01-13 19:49:14,596] {taskinstance.py:1277} INFO - Marking task as SUCCESS. dag_id=example_dag_doug, task_id=t2, execution_date=20220113T194909, start_date=20220113T194914, end_date=20220113T194914
[2022-01-13 19:49:14,705] {local_task_job.py:154} INFO - Task exited with return code 0
[2022-01-13 19:49:14,747] {local_task_job.py:264} INFO - 1 downstream tasks scheduled from follow-on schedule check
